<?xml version="1.0" encoding="UTF-8"?>
<!-- Generated by org.testng.reporters.JUnitReportReporter -->
<testsuite hostname="ER2301053" failures="0" tests="1" name="com.qa.dummytest.Dummytest" time="0.018" errors="0" timestamp="2023-02-10T15:30:25 IST" skipped="0">
  <testcase classname="com.qa.dummytest.Dummytest" name="givenUsingJava8_whenGeneratingRandomAlphanumericString_thenCorrect" time="0.018"/>
  <system-out/>
</testsuite> <!-- com.qa.dummytest.Dummytest -->
