<?xml version="1.0" encoding="UTF-8"?>
<!-- Generated by org.testng.reporters.JUnitReportReporter -->
<testsuite hostname="ER2301053" failures="0" tests="12" name="com.qa.testcases.inwardlist.JobWorkRoughListPageTest" time="58.885" errors="9" timestamp="2023-02-09T16:56:27 IST" skipped="0">
  <testcase classname="com.qa.testcases.inwardlist.JobWorkRoughListPageTest" name="Verify_Navigation" time="6.317"/>
  <system-out/>
  <testcase classname="com.qa.testcases.inwardlist.JobWorkRoughListPageTest" name="Verify_inwardbutton_click" time="0.146"/>
  <system-out/>
  <testcase classname="com.qa.testcases.inwardlist.JobWorkRoughListPageTest" name="Verify_filldata_DocumentDeatils" time="32.475"/>
  <system-out/>
  <testcase classname="com.qa.testcases.inwardlist.JobWorkRoughListPageTest" name="Verify_fill_data_KPCertificateDetails" time="7.205">
    <error type="java.lang.StackOverflowError">
      <![CDATA[java.lang.StackOverflowError
at java.base/java.io.BufferedWriter.write(BufferedWriter.java:229)
at java.base/java.io.Writer.write(Writer.java:249)
at java.base/java.io.PrintStream.writeln(PrintStream.java:720)
at java.base/java.io.PrintStream.println(PrintStream.java:1028)
at com.qa.utils.WebEventListener.onException(WebEventListener.java:57)
at jdk.internal.reflect.GeneratedMethodAccessor7.invoke(Unknown Source)
at java.base/jdk.internal.reflect.DelegatingMethodAccessorImpl.invoke(DelegatingMethodAccessorImpl.java:43)
at java.base/java.lang.reflect.Method.invoke(Method.java:568)
at org.openqa.selenium.support.events.EventFiringWebDriver.lambda$new$0(EventFiringWebDriver.java:85)
at jdk.proxy2/jdk.proxy2.$Proxy13.onException(Unknown Source)
at org.openqa.selenium.support.events.EventFiringWebDriver.lambda$new$1(EventFiringWebDriver.java:108)
at jdk.proxy2/jdk.proxy2.$Proxy14.getScreenshotAs(Unknown Source)
at org.openqa.selenium.support.events.EventFiringWebDriver.getScreenshotAs(EventFiringWebDriver.java:303)
at com.qa.utils.TestUtil.takeScreenshotAtEndOfTest(TestUtil.java:179)
at com.qa.utils.WebEventListener.onException(WebEventListener.java:59)
at jdk.internal.reflect.GeneratedMethodAccessor7.invoke(Unknown Source)
at java.base/jdk.internal.reflect.DelegatingMethodAccessorImpl.invoke(DelegatingMethodAccessorImpl.java:43)
at java.base/java.lang.reflect.Method.invoke(Method.java:568)
at org.openqa.selenium.support.events.EventFiringWebDriver.lambda$new$0(EventFiringWebDriver.java:85)
at jdk.proxy2/jdk.proxy2.$Proxy13.onException(Unknown Source)
at org.openqa.selenium.support.events.EventFiringWebDriver.lambda$new$1(EventFiringWebDriver.java:108)
at jdk.proxy2/jdk.proxy2.$Proxy14.getScreenshotAs(Unknown Source)
at org.openqa.selenium.support.events.EventFiringWebDriver.getScreenshotAs(EventFiringWebDriver.java:303)
at com.qa.utils.TestUtil.takeScreenshotAtEndOfTest(TestUtil.java:179)
at com.qa.utils.WebEventListener.onException(WebEventListener.java:59)
at jdk.internal.reflect.GeneratedMethodAccessor7.invoke(Unknown Source)
at java.base/jdk.internal.reflect.DelegatingMethodAccessorImpl.invoke(DelegatingMethodAccessorImpl.java:43)
at java.base/java.lang.reflect.Method.invoke(Method.java:568)
at org.openqa.selenium.support.events.EventFiringWebDriver.lambda$new$0(EventFiringWebDriver.java:85)
at jdk.proxy2/jdk.proxy2.$Proxy13.onException(Unknown Source)
at org.openqa.selenium.support.events.EventFiringWebDriver.lambda$new$1(EventFiringWebDriver.java:108)
at jdk.proxy2/jdk.proxy2.$Proxy14.getScreenshotAs(Unknown Source)
at org.openqa.selenium.support.events.EventFiringWebDriver.getScreenshotAs(EventFiringWebDriver.java:303)
at com.qa.utils.TestUtil.takeScreenshotAtEndOfTest(TestUtil.java:179)
at com.qa.utils.WebEventListener.onException(WebEventListener.java:59)
at jdk.internal.reflect.GeneratedMethodAccessor7.invoke(Unknown Source)
at java.base/jdk.internal.reflect.DelegatingMethodAccessorImpl.invoke(DelegatingMethodAccessorImpl.java:43)
at java.base/java.lang.reflect.Method.invoke(Method.java:568)
at org.openqa.selenium.support.events.EventFiringWebDriver.lambda$new$0(EventFiringWebDriver.java:85)
at jdk.proxy2/jdk.proxy2.$Proxy13.onException(Unknown Source)
at org.openqa.selenium.support.events.EventFiringWebDriver.lambda$new$1(EventFiringWebDriver.java:108)
at jdk.proxy2/jdk.proxy2.$Proxy14.getScreenshotAs(Unknown Source)
at org.openqa.selenium.support.events.EventFiringWebDriver.getScreenshotAs(EventFiringWebDriver.java:303)
at com.qa.utils.TestUtil.takeScreenshotAtEndOfTest(TestUtil.java:179)
at com.qa.utils.WebEventListener.onException(WebEventListener.java:59)
at jdk.internal.reflect.GeneratedMethodAccessor7.invoke(Unknown Source)
at java.base/jdk.internal.reflect.DelegatingMethodAccessorImpl.invoke(DelegatingMethodAccessorImpl.java:43)
at java.base/java.lang.reflect.Method.invoke(Method.java:568)
at org.openqa.selenium.support.events.EventFiringWebDriver.lambda$new$0(EventFiringWebDriver.java:85)
at jdk.proxy2/jdk.proxy2.$Proxy13.onException(Unknown Source)
at org.openqa.selenium.support.events.EventFiringWebDriver.lambda$new$1(EventFiringWebDriver.java:108)
at jdk.proxy2/jdk.proxy2.$Proxy14.getScreenshotAs(Unknown Source)
at org.openqa.selenium.support.events.EventFiringWebDriver.getScreenshotAs(EventFiringWebDriver.java:303)
at com.qa.utils.TestUtil.takeScreenshotAtEndOfTest(TestUtil.java:179)
at com.qa.utils.WebEventListener.onException(WebEventListener.java:59)
at jdk.internal.reflect.GeneratedMethodAccessor7.invoke(Unknown Source)
at java.base/jdk.internal.reflect.DelegatingMethodAccessorImpl.invoke(DelegatingMethodAccessorImpl.java:43)
at java.base/java.lang.reflect.Method.invoke(Method.java:568)
at org.openqa.selenium.support.events.EventFiringWebDriver.lambda$new$0(EventFiringWebDriver.java:85)
at jdk.proxy2/jdk.proxy2.$Proxy13.onException(Unknown Source)
at org.openqa.selenium.support.events.EventFiringWebDriver.lambda$new$1(EventFiringWebDriver.java:108)
at jdk.proxy2/jdk.proxy2.$Proxy14.getScreenshotAs(Unknown Source)
at org.openqa.selenium.support.events.EventFiringWebDriver.getScreenshotAs(EventFiringWebDriver.java:303)
at com.qa.utils.TestUtil.takeScreenshotAtEndOfTest(TestUtil.java:179)
at com.qa.utils.WebEventListener.onException(WebEventListener.java:59)
at jdk.internal.reflect.GeneratedMethodAccessor7.invoke(Unknown Source)
at java.base/jdk.internal.reflect.DelegatingMethodAccessorImpl.invoke(DelegatingMethodAccessorImpl.java:43)
at java.base/java.lang.reflect.Method.invoke(Method.java:568)
at org.openqa.selenium.support.events.EventFiringWebDriver.lambda$new$0(EventFiringWebDriver.java:85)
at jdk.proxy2/jdk.proxy2.$Proxy13.onException(Unknown Source)
at org.openqa.selenium.support.events.EventFiringWebDriver.lambda$new$1(EventFiringWebDriver.java:108)
at jdk.proxy2/jdk.proxy2.$Proxy14.getScreenshotAs(Unknown Source)
at org.openqa.selenium.support.events.EventFiringWebDriver.getScreenshotAs(EventFiringWebDriver.java:303)
at com.qa.utils.TestUtil.takeScreenshotAtEndOfTest(TestUtil.java:179)
at com.qa.utils.WebEventListener.onException(WebEventListener.java:59)
at jdk.internal.reflect.GeneratedMethodAccessor7.invoke(Unknown Source)
at java.base/jdk.internal.reflect.DelegatingMethodAccessorImpl.invoke(DelegatingMethodAccessorImpl.java:43)
at java.base/java.lang.reflect.Method.invoke(Method.java:568)
at org.openqa.selenium.support.events.EventFiringWebDriver.lambda$new$0(EventFiringWebDriver.java:85)
at jdk.proxy2/jdk.proxy2.$Proxy13.onException(Unknown Source)
at org.openqa.selenium.support.events.EventFiringWebDriver.lambda$new$1(EventFiringWebDriver.java:108)
at jdk.proxy2/jdk.proxy2.$Proxy14.getScreenshotAs(Unknown Source)
at org.openqa.selenium.support.events.EventFiringWebDriver.getScreenshotAs(EventFiringWebDriver.java:303)
at com.qa.utils.TestUtil.takeScreenshotAtEndOfTest(TestUtil.java:179)
at com.qa.utils.WebEventListener.onException(WebEventListener.java:59)
at jdk.internal.reflect.GeneratedMethodAccessor7.invoke(Unknown Source)
at java.base/jdk.internal.reflect.DelegatingMethodAccessorImpl.invoke(DelegatingMethodAccessorImpl.java:43)
at java.base/java.lang.reflect.Method.invoke(Method.java:568)
at org.openqa.selenium.support.events.EventFiringWebDriver.lambda$new$0(EventFiringWebDriver.java:85)
at jdk.proxy2/jdk.proxy2.$Proxy13.onException(Unknown Source)
at org.openqa.selenium.support.events.EventFiringWebDriver.lambda$new$1(EventFiringWebDriver.java:108)
at jdk.proxy2/jdk.proxy2.$Proxy14.getScreenshotAs(Unknown Source)
at org.openqa.selenium.support.events.EventFiringWebDriver.getScreenshotAs(EventFiringWebDriver.java:303)
at com.qa.utils.TestUtil.takeScreenshotAtEndOfTest(TestUtil.java:179)
at com.qa.utils.WebEventListener.onException(WebEventListener.java:59)
at jdk.internal.reflect.GeneratedMethodAccessor7.invoke(Unknown Source)
at java.base/jdk.internal.reflect.DelegatingMethodAccessorImpl.invoke(DelegatingMethodAccessorImpl.java:43)
at java.base/java.lang.reflect.Method.invoke(Method.java:568)
at org.openqa.selenium.support.events.EventFiringWebDriver.lambda$new$0(EventFiringWebDriver.java:85)
at jdk.proxy2/jdk.proxy2.$Proxy13.onException(Unknown Source)
at org.openqa.selenium.support.events.EventFiringWebDriver.lambda$new$1(EventFiringWebDriver.java:108)
at jdk.proxy2/jdk.proxy2.$Proxy14.getScreenshotAs(Unknown Source)
at org.openqa.selenium.support.events.EventFiringWebDriver.getScreenshotAs(EventFiringWebDriver.java:303)
at com.qa.utils.TestUtil.takeScreenshotAtEndOfTest(TestUtil.java:179)
at com.qa.utils.WebEventListener.onException(WebEventListener.java:59)
at jdk.internal.reflect.GeneratedMethodAccessor7.invoke(Unknown Source)
at java.base/jdk.internal.reflect.DelegatingMethodAccessorImpl.invoke(DelegatingMethodAccessorImpl.java:43)
at java.base/java.lang.reflect.Method.invoke(Method.java:568)
at org.openqa.selenium.support.events.EventFiringWebDriver.lambda$new$0(EventFiringWebDriver.java:85)
at jdk.proxy2/jdk.proxy2.$Proxy13.onException(Unknown Source)
at org.openqa.selenium.support.events.EventFiringWebDriver.lambda$new$1(EventFiringWebDriver.java:108)
at jdk.proxy2/jdk.proxy2.$Proxy14.getScreenshotAs(Unknown Source)
at org.openqa.selenium.support.events.EventFiringWebDriver.getScreenshotAs(EventFiringWebDriver.java:303)
at com.qa.utils.TestUtil.takeScreenshotAtEndOfTest(TestUtil.java:179)
at com.qa.utils.WebEventListener.onException(WebEventListener.java:59)
at jdk.internal.reflect.GeneratedMethodAccessor7.invoke(Unknown Source)
at java.base/jdk.internal.reflect.DelegatingMethodAccessorImpl.invoke(DelegatingMethodAccessorImpl.java:43)
at java.base/java.lang.reflect.Method.invoke(Method.java:568)
at org.openqa.selenium.support.events.EventFiringWebDriver.lambda$new$0(EventFiringWebDriver.java:85)
at jdk.proxy2/jdk.proxy2.$Proxy13.onException(Unknown Source)
at org.openqa.selenium.support.events.EventFiringWebDriver.lambda$new$1(EventFiringWebDriver.java:108)
at jdk.proxy2/jdk.proxy2.$Proxy14.getScreenshotAs(Unknown Source)
at org.openqa.selenium.support.events.EventFiringWebDriver.getScreenshotAs(EventFiringWebDriver.java:303)
at com.qa.utils.TestUtil.takeScreenshotAtEndOfTest(TestUtil.java:179)
at com.qa.utils.WebEventListener.onException(WebEventListener.java:59)
at jdk.internal.reflect.GeneratedMethodAccessor7.invoke(Unknown Source)
at java.base/jdk.internal.reflect.DelegatingMethodAccessorImpl.invoke(DelegatingMethodAccessorImpl.java:43)
at java.base/java.lang.reflect.Method.invoke(Method.java:568)
at org.openqa.selenium.support.events.EventFiringWebDriver.lambda$new$0(EventFiringWebDriver.java:85)
at jdk.proxy2/jdk.proxy2.$Proxy13.onException(Unknown Source)
at org.openqa.selenium.support.events.EventFiringWebDriver.lambda$new$1(EventFiringWebDriver.java:108)
at jdk.proxy2/jdk.proxy2.$Proxy14.getScreenshotAs(Unknown Source)
at org.openqa.selenium.support.events.EventFiringWebDriver.getScreenshotAs(EventFiringWebDriver.java:303)
at com.qa.utils.TestUtil.takeScreenshotAtEndOfTest(TestUtil.java:179)
at com.qa.utils.WebEventListener.onException(WebEventListener.java:59)
at jdk.internal.reflect.GeneratedMethodAccessor7.invoke(Unknown Source)
at java.base/jdk.internal.reflect.DelegatingMethodAccessorImpl.invoke(DelegatingMethodAccessorImpl.java:43)
at java.base/java.lang.reflect.Method.invoke(Method.java:568)
at org.openqa.selenium.support.events.EventFiringWebDriver.lambda$new$0(EventFiringWebDriver.java:85)
at jdk.proxy2/jdk.proxy2.$Proxy13.onException(Unknown Source)
at org.openqa.selenium.support.events.EventFiringWebDriver.lambda$new$1(EventFiringWebDriver.java:108)
at jdk.proxy2/jdk.proxy2.$Proxy14.getScreenshotAs(Unknown Source)
at org.openqa.selenium.support.events.EventFiringWebDriver.getScreenshotAs(EventFiringWebDriver.java:303)
at com.qa.utils.TestUtil.takeScreenshotAtEndOfTest(TestUtil.java:179)
at com.qa.utils.WebEventListener.onException(WebEventListener.java:59)
at jdk.internal.reflect.GeneratedMethodAccessor7.invoke(Unknown Source)
at java.base/jdk.internal.reflect.DelegatingMethodAccessorImpl.invoke(DelegatingMethodAccessorImpl.java:43)
at java.base/java.lang.reflect.Method.invoke(Method.java:568)
at org.openqa.selenium.support.events.EventFiringWebDriver.lambda$new$0(EventFiringWebDriver.java:85)
at jdk.proxy2/jdk.proxy2.$Proxy13.onException(Unknown Source)
at org.openqa.selenium.support.events.EventFiringWebDriver.lambda$new$1(EventFiringWebDriver.java:108)
at jdk.proxy2/jdk.proxy2.$Proxy14.getScreenshotAs(Unknown Source)
at org.openqa.selenium.support.events.EventFiringWebDriver.getScreenshotAs(EventFiringWebDriver.java:303)
at com.qa.utils.TestUtil.takeScreenshotAtEndOfTest(TestUtil.java:179)
at com.qa.utils.WebEventListener.onException(WebEventListener.java:59)
at jdk.internal.reflect.GeneratedMethodAccessor7.invoke(Unknown Source)
at java.base/jdk.internal.reflect.DelegatingMethodAccessorImpl.invoke(DelegatingMethodAccessorImpl.java:43)
at java.base/java.lang.reflect.Method.invoke(Method.java:568)
at org.openqa.selenium.support.events.EventFiringWebDriver.lambda$new$0(EventFiringWebDriver.java:85)
at jdk.proxy2/jdk.proxy2.$Proxy13.onException(Unknown Source)
at org.openqa.selenium.support.events.EventFiringWebDriver.lambda$new$1(EventFiringWebDriver.java:108)
at jdk.proxy2/jdk.proxy2.$Proxy14.getScreenshotAs(Unknown Source)
at org.openqa.selenium.support.events.EventFiringWebDriver.getScreenshotAs(EventFiringWebDriver.java:303)
at com.qa.utils.TestUtil.takeScreenshotAtEndOfTest(TestUtil.java:179)
at com.qa.utils.WebEventListener.onException(WebEventListener.java:59)
at jdk.internal.reflect.GeneratedMethodAccessor7.invoke(Unknown Source)
at java.base/jdk.internal.reflect.DelegatingMethodAccessorImpl.invoke(DelegatingMethodAccessorImpl.java:43)
at java.base/java.lang.reflect.Method.invoke(Method.java:568)
at org.openqa.selenium.support.events.EventFiringWebDriver.lambda$new$0(EventFiringWebDriver.java:85)
at jdk.proxy2/jdk.proxy2.$Proxy13.onException(Unknown Source)
at org.openqa.selenium.support.events.EventFiringWebDriver.lambda$new$1(EventFiringWebDriver.java:108)
at jdk.proxy2/jdk.proxy2.$Proxy14.getScreenshotAs(Unknown Source)
at org.openqa.selenium.support.events.EventFiringWebDriver.getScreenshotAs(EventFiringWebDriver.java:303)
at com.qa.utils.TestUtil.takeScreenshotAtEndOfTest(TestUtil.java:179)
at com.qa.utils.WebEventListener.onException(WebEventListener.java:59)
at jdk.internal.reflect.GeneratedMethodAccessor7.invoke(Unknown Source)
at java.base/jdk.internal.reflect.DelegatingMethodAccessorImpl.invoke(DelegatingMethodAccessorImpl.java:43)
at java.base/java.lang.reflect.Method.invoke(Method.java:568)
at org.openqa.selenium.support.events.EventFiringWebDriver.lambda$new$0(EventFiringWebDriver.java:85)
at jdk.proxy2/jdk.proxy2.$Proxy13.onException(Unknown Source)
at org.openqa.selenium.support.events.EventFiringWebDriver.lambda$new$1(EventFiringWebDriver.java:108)
at jdk.proxy2/jdk.proxy2.$Proxy14.getScreenshotAs(Unknown Source)
at org.openqa.selenium.support.events.EventFiringWebDriver.getScreenshotAs(EventFiringWebDriver.java:303)
at com.qa.utils.TestUtil.takeScreenshotAtEndOfTest(TestUtil.java:179)
at com.qa.utils.WebEventListener.onException(WebEventListener.java:59)
at jdk.internal.reflect.GeneratedMethodAccessor7.invoke(Unknown Source)
at java.base/jdk.internal.reflect.DelegatingMethodAccessorImpl.invoke(DelegatingMethodAccessorImpl.java:43)
at java.base/java.lang.reflect.Method.invoke(Method.java:568)
at org.openqa.selenium.support.events.EventFiringWebDriver.lambda$new$0(EventFiringWebDriver.java:85)
at jdk.proxy2/jdk.proxy2.$Proxy13.onException(Unknown Source)
at org.openqa.selenium.support.events.EventFiringWebDriver.lambda$new$1(EventFiringWebDriver.java:108)
at jdk.proxy2/jdk.proxy2.$Proxy14.getScreenshotAs(Unknown Source)
at org.openqa.selenium.support.events.EventFiringWebDriver.getScreenshotAs(EventFiringWebDriver.java:303)
at com.qa.utils.TestUtil.takeScreenshotAtEndOfTest(TestUtil.java:179)
at com.qa.utils.WebEventListener.onException(WebEventListener.java:59)
at jdk.internal.reflect.GeneratedMethodAccessor7.invoke(Unknown Source)
at java.base/jdk.internal.reflect.DelegatingMethodAccessorImpl.invoke(DelegatingMethodAccessorImpl.java:43)
at java.base/java.lang.reflect.Method.invoke(Method.java:568)
at org.openqa.selenium.support.events.EventFiringWebDriver.lambda$new$0(EventFiringWebDriver.java:85)
at jdk.proxy2/jdk.proxy2.$Proxy13.onException(Unknown Source)
at org.openqa.selenium.support.events.EventFiringWebDriver.lambda$new$1(EventFiringWebDriver.java:108)
at jdk.proxy2/jdk.proxy2.$Proxy14.getScreenshotAs(Unknown Source)
at org.openqa.selenium.support.events.EventFiringWebDriver.getScreenshotAs(EventFiringWebDriver.java:303)
at com.qa.utils.TestUtil.takeScreenshotAtEndOfTest(TestUtil.java:179)
at com.qa.utils.WebEventListener.onException(WebEventListener.java:59)
at jdk.internal.reflect.GeneratedMethodAccessor7.invoke(Unknown Source)
at java.base/jdk.internal.reflect.DelegatingMethodAccessorImpl.invoke(DelegatingMethodAccessorImpl.java:43)
at java.base/java.lang.reflect.Method.invoke(Method.java:568)
at org.openqa.selenium.support.events.EventFiringWebDriver.lambda$new$0(EventFiringWebDriver.java:85)
at jdk.proxy2/jdk.proxy2.$Proxy13.onException(Unknown Source)
at org.openqa.selenium.support.events.EventFiringWebDriver.lambda$new$1(EventFiringWebDriver.java:108)
at jdk.proxy2/jdk.proxy2.$Proxy14.getScreenshotAs(Unknown Source)
at org.openqa.selenium.support.events.EventFiringWebDriver.getScreenshotAs(EventFiringWebDriver.java:303)
at com.qa.utils.TestUtil.takeScreenshotAtEndOfTest(TestUtil.java:179)
at com.qa.utils.WebEventListener.onException(WebEventListener.java:59)
at jdk.internal.reflect.GeneratedMethodAccessor7.invoke(Unknown Source)
at java.base/jdk.internal.reflect.DelegatingMethodAccessorImpl.invoke(DelegatingMethodAccessorImpl.java:43)
at java.base/java.lang.reflect.Method.invoke(Method.java:568)
at org.openqa.selenium.support.events.EventFiringWebDriver.lambda$new$0(EventFiringWebDriver.java:85)
at jdk.proxy2/jdk.proxy2.$Proxy13.onException(Unknown Source)
at org.openqa.selenium.support.events.EventFiringWebDriver.lambda$new$1(EventFiringWebDriver.java:108)
at jdk.proxy2/jdk.proxy2.$Proxy14.getScreenshotAs(Unknown Source)
at org.openqa.selenium.support.events.EventFiringWebDriver.getScreenshotAs(EventFiringWebDriver.java:303)
at com.qa.utils.TestUtil.takeScreenshotAtEndOfTest(TestUtil.java:179)
at com.qa.utils.WebEventListener.onException(WebEventListener.java:59)
at jdk.internal.reflect.GeneratedMethodAccessor7.invoke(Unknown Source)
at java.base/jdk.internal.reflect.DelegatingMethodAccessorImpl.invoke(DelegatingMethodAccessorImpl.java:43)
at java.base/java.lang.reflect.Method.invoke(Method.java:568)
at org.openqa.selenium.support.events.EventFiringWebDriver.lambda$new$0(EventFiringWebDriver.java:85)
at jdk.proxy2/jdk.proxy2.$Proxy13.onException(Unknown Source)
at org.openqa.selenium.support.events.EventFiringWebDriver.lambda$new$1(EventFiringWebDriver.java:108)
at jdk.proxy2/jdk.proxy2.$Proxy14.getScreenshotAs(Unknown Source)
at org.openqa.selenium.support.events.EventFiringWebDriver.getScreenshotAs(EventFiringWebDriver.java:303)
at com.qa.utils.TestUtil.takeScreenshotAtEndOfTest(TestUtil.java:179)
at com.qa.utils.WebEventListener.onException(WebEventListener.java:59)
at jdk.internal.reflect.GeneratedMethodAccessor7.invoke(Unknown Source)
at java.base/jdk.internal.reflect.DelegatingMethodAccessorImpl.invoke(DelegatingMethodAccessorImpl.java:43)
at java.base/java.lang.reflect.Method.invoke(Method.java:568)
at org.openqa.selenium.support.events.EventFiringWebDriver.lambda$new$0(EventFiringWebDriver.java:85)
at jdk.proxy2/jdk.proxy2.$Proxy13.onException(Unknown Source)
at org.openqa.selenium.support.events.EventFiringWebDriver.lambda$new$1(EventFiringWebDriver.java:108)
at jdk.proxy2/jdk.proxy2.$Proxy14.getScreenshotAs(Unknown Source)
at org.openqa.selenium.support.events.EventFiringWebDriver.getScreenshotAs(EventFiringWebDriver.java:303)
at com.qa.utils.TestUtil.takeScreenshotAtEndOfTest(TestUtil.java:179)
at com.qa.utils.WebEventListener.onException(WebEventListener.java:59)
at jdk.internal.reflect.GeneratedMethodAccessor7.invoke(Unknown Source)
at java.base/jdk.internal.reflect.DelegatingMethodAccessorImpl.invoke(DelegatingMethodAccessorImpl.java:43)
at java.base/java.lang.reflect.Method.invoke(Method.java:568)
at org.openqa.selenium.support.events.EventFiringWebDriver.lambda$new$0(EventFiringWebDriver.java:85)
at jdk.proxy2/jdk.proxy2.$Proxy13.onException(Unknown Source)
at org.openqa.selenium.support.events.EventFiringWebDriver.lambda$new$1(EventFiringWebDriver.java:108)
at jdk.proxy2/jdk.proxy2.$Proxy14.getScreenshotAs(Unknown Source)
at org.openqa.selenium.support.events.EventFiringWebDriver.getScreenshotAs(EventFiringWebDriver.java:303)
at com.qa.utils.TestUtil.takeScreenshotAtEndOfTest(TestUtil.java:179)
at com.qa.utils.WebEventListener.onException(WebEventListener.java:59)
at jdk.internal.reflect.GeneratedMethodAccessor7.invoke(Unknown Source)
at java.base/jdk.internal.reflect.DelegatingMethodAccessorImpl.invoke(DelegatingMethodAccessorImpl.java:43)
at java.base/java.lang.reflect.Method.invoke(Method.java:568)
at org.openqa.selenium.support.events.EventFiringWebDriver.lambda$new$0(EventFiringWebDriver.java:85)
at jdk.proxy2/jdk.proxy2.$Proxy13.onException(Unknown Source)
at org.openqa.selenium.support.events.EventFiringWebDriver.lambda$new$1(EventFiringWebDriver.java:108)
at jdk.proxy2/jdk.proxy2.$Proxy14.getScreenshotAs(Unknown Source)
at org.openqa.selenium.support.events.EventFiringWebDriver.getScreenshotAs(EventFiringWebDriver.java:303)
at com.qa.utils.TestUtil.takeScreenshotAtEndOfTest(TestUtil.java:179)
at com.qa.utils.WebEventListener.onException(WebEventListener.java:59)
at jdk.internal.reflect.GeneratedMethodAccessor7.invoke(Unknown Source)
at java.base/jdk.internal.reflect.DelegatingMethodAccessorImpl.invoke(DelegatingMethodAccessorImpl.java:43)
at java.base/java.lang.reflect.Method.invoke(Method.java:568)
at org.openqa.selenium.support.events.EventFiringWebDriver.lambda$new$0(EventFiringWebDriver.java:85)
at jdk.proxy2/jdk.proxy2.$Proxy13.onException(Unknown Source)
at org.openqa.selenium.support.events.EventFiringWebDriver.lambda$new$1(EventFiringWebDriver.java:108)
at jdk.proxy2/jdk.proxy2.$Proxy14.getScreenshotAs(Unknown Source)
at org.openqa.selenium.support.events.EventFiringWebDriver.getScreenshotAs(EventFiringWebDriver.java:303)
at com.qa.utils.TestUtil.takeScreenshotAtEndOfTest(TestUtil.java:179)
at com.qa.utils.WebEventListener.onException(WebEventListener.java:59)
at jdk.internal.reflect.GeneratedMethodAccessor7.invoke(Unknown Source)
at java.base/jdk.internal.reflect.DelegatingMethodAccessorImpl.invoke(DelegatingMethodAccessorImpl.java:43)
at java.base/java.lang.reflect.Method.invoke(Method.java:568)
at org.openqa.selenium.support.events.EventFiringWebDriver.lambda$new$0(EventFiringWebDriver.java:85)
at jdk.proxy2/jdk.proxy2.$Proxy13.onException(Unknown Source)
at org.openqa.selenium.support.events.EventFiringWebDriver.lambda$new$1(EventFiringWebDriver.java:108)
at jdk.proxy2/jdk.proxy2.$Proxy14.getScreenshotAs(Unknown Source)
at org.openqa.selenium.support.events.EventFiringWebDriver.getScreenshotAs(EventFiringWebDriver.java:303)
at com.qa.utils.TestUtil.takeScreenshotAtEndOfTest(TestUtil.java:179)
at com.qa.utils.WebEventListener.onException(WebEventListener.java:59)
at jdk.internal.reflect.GeneratedMethodAccessor7.invoke(Unknown Source)
at java.base/jdk.internal.reflect.DelegatingMethodAccessorImpl.invoke(DelegatingMethodAccessorImpl.java:43)
at java.base/java.lang.reflect.Method.invoke(Method.java:568)
at org.openqa.selenium.support.events.EventFiringWebDriver.lambda$new$0(EventFiringWebDriver.java:85)
at jdk.proxy2/jdk.proxy2.$Proxy13.onException(Unknown Source)
at org.openqa.selenium.support.events.EventFiringWebDriver.lambda$new$1(EventFiringWebDriver.java:108)
at jdk.proxy2/jdk.proxy2.$Proxy14.getScreenshotAs(Unknown Source)
at org.openqa.selenium.support.events.EventFiringWebDriver.getScreenshotAs(EventFiringWebDriver.java:303)
at com.qa.utils.TestUtil.takeScreenshotAtEndOfTest(TestUtil.java:179)
at com.qa.utils.WebEventListener.onException(WebEventListener.java:59)
at jdk.internal.reflect.GeneratedMethodAccessor7.invoke(Unknown Source)
at java.base/jdk.internal.reflect.DelegatingMethodAccessorImpl.invoke(DelegatingMethodAccessorImpl.java:43)
at java.base/java.lang.reflect.Method.invoke(Method.java:568)
at org.openqa.selenium.support.events.EventFiringWebDriver.lambda$new$0(EventFiringWebDriver.java:85)
at jdk.proxy2/jdk.proxy2.$Proxy13.onException(Unknown Source)
at org.openqa.selenium.support.events.EventFiringWebDriver.lambda$new$1(EventFiringWebDriver.java:108)
at jdk.proxy2/jdk.proxy2.$Proxy14.getScreenshotAs(Unknown Source)
at org.openqa.selenium.support.events.EventFiringWebDriver.getScreenshotAs(EventFiringWebDriver.java:303)
at com.qa.utils.TestUtil.takeScreenshotAtEndOfTest(TestUtil.java:179)
at com.qa.utils.WebEventListener.onException(WebEventListener.java:59)
at jdk.internal.reflect.GeneratedMethodAccessor7.invoke(Unknown Source)
at java.base/jdk.internal.reflect.DelegatingMethodAccessorImpl.invoke(DelegatingMethodAccessorImpl.java:43)
at java.base/java.lang.reflect.Method.invoke(Method.java:568)
at org.openqa.selenium.support.events.EventFiringWebDriver.lambda$new$0(EventFiringWebDriver.java:85)
at jdk.proxy2/jdk.proxy2.$Proxy13.onException(Unknown Source)
at org.openqa.selenium.support.events.EventFiringWebDriver.lambda$new$1(EventFiringWebDriver.java:108)
at jdk.proxy2/jdk.proxy2.$Proxy14.getScreenshotAs(Unknown Source)
at org.openqa.selenium.support.events.EventFiringWebDriver.getScreenshotAs(EventFiringWebDriver.java:303)
at com.qa.utils.TestUtil.takeScreenshotAtEndOfTest(TestUtil.java:179)
at com.qa.utils.WebEventListener.onException(WebEventListener.java:59)
at jdk.internal.reflect.GeneratedMethodAccessor7.invoke(Unknown Source)
at java.base/jdk.internal.reflect.DelegatingMethodAccessorImpl.invoke(DelegatingMethodAccessorImpl.java:43)
at java.base/java.lang.reflect.Method.invoke(Method.java:568)
at org.openqa.selenium.support.events.EventFiringWebDriver.lambda$new$0(EventFiringWebDriver.java:85)
at jdk.proxy2/jdk.proxy2.$Proxy13.onException(Unknown Source)
at org.openqa.selenium.support.events.EventFiringWebDriver.lambda$new$1(EventFiringWebDriver.java:108)
at jdk.proxy2/jdk.proxy2.$Proxy14.getScreenshotAs(Unknown Source)
at org.openqa.selenium.support.events.EventFiringWebDriver.getScreenshotAs(EventFiringWebDriver.java:303)
at com.qa.utils.TestUtil.takeScreenshotAtEndOfTest(TestUtil.java:179)
at com.qa.utils.WebEventListener.onException(WebEventListener.java:59)
at jdk.internal.reflect.GeneratedMethodAccessor7.invoke(Unknown Source)
at java.base/jdk.internal.reflect.DelegatingMethodAccessorImpl.invoke(DelegatingMethodAccessorImpl.java:43)
at java.base/java.lang.reflect.Method.invoke(Method.java:568)
at org.openqa.selenium.support.events.EventFiringWebDriver.lambda$new$0(EventFiringWebDriver.java:85)
at jdk.proxy2/jdk.proxy2.$Proxy13.onException(Unknown Source)
at org.openqa.selenium.support.events.EventFiringWebDriver.lambda$new$1(EventFiringWebDriver.java:108)
at jdk.proxy2/jdk.proxy2.$Proxy14.getScreenshotAs(Unknown Source)
at org.openqa.selenium.support.events.EventFiringWebDriver.getScreenshotAs(EventFiringWebDriver.java:303)
at com.qa.utils.TestUtil.takeScreenshotAtEndOfTest(TestUtil.java:179)
at com.qa.utils.WebEventListener.onException(WebEventListener.java:59)
at jdk.internal.reflect.GeneratedMethodAccessor7.invoke(Unknown Source)
at java.base/jdk.internal.reflect.DelegatingMethodAccessorImpl.invoke(DelegatingMethodAccessorImpl.java:43)
at java.base/java.lang.reflect.Method.invoke(Method.java:568)
at org.openqa.selenium.support.events.EventFiringWebDriver.lambda$new$0(EventFiringWebDriver.java:85)
at jdk.proxy2/jdk.proxy2.$Proxy13.onException(Unknown Source)
at org.openqa.selenium.support.events.EventFiringWebDriver.lambda$new$1(EventFiringWebDriver.java:108)
at jdk.proxy2/jdk.proxy2.$Proxy14.getScreenshotAs(Unknown Source)
at org.openqa.selenium.support.events.EventFiringWebDriver.getScreenshotAs(EventFiringWebDriver.java:303)
at com.qa.utils.TestUtil.takeScreenshotAtEndOfTest(TestUtil.java:179)
at com.qa.utils.WebEventListener.onException(WebEventListener.java:59)
at jdk.internal.reflect.GeneratedMethodAccessor7.invoke(Unknown Source)
at java.base/jdk.internal.reflect.DelegatingMethodAccessorImpl.invoke(DelegatingMethodAccessorImpl.java:43)
at java.base/java.lang.reflect.Method.invoke(Method.java:568)
at org.openqa.selenium.support.events.EventFiringWebDriver.lambda$new$0(EventFiringWebDriver.java:85)
at jdk.proxy2/jdk.proxy2.$Proxy13.onException(Unknown Source)
at org.openqa.selenium.support.events.EventFiringWebDriver.lambda$new$1(EventFiringWebDriver.java:108)
at jdk.proxy2/jdk.proxy2.$Proxy14.getScreenshotAs(Unknown Source)
at org.openqa.selenium.support.events.EventFiringWebDriver.getScreenshotAs(EventFiringWebDriver.java:303)
at com.qa.utils.TestUtil.takeScreenshotAtEndOfTest(TestUtil.java:179)
at com.qa.utils.WebEventListener.onException(WebEventListener.java:59)
at jdk.internal.reflect.GeneratedMethodAccessor7.invoke(Unknown Source)
at java.base/jdk.internal.reflect.DelegatingMethodAccessorImpl.invoke(DelegatingMethodAccessorImpl.java:43)
at java.base/java.lang.reflect.Method.invoke(Method.java:568)
at org.openqa.selenium.support.events.EventFiringWebDriver.lambda$new$0(EventFiringWebDriver.java:85)
at jdk.proxy2/jdk.proxy2.$Proxy13.onException(Unknown Source)
at org.openqa.selenium.support.events.EventFiringWebDriver.lambda$new$1(EventFiringWebDriver.java:108)
at jdk.proxy2/jdk.proxy2.$Proxy14.getScreenshotAs(Unknown Source)
at org.openqa.selenium.support.events.EventFiringWebDriver.getScreenshotAs(EventFiringWebDriver.java:303)
at com.qa.utils.TestUtil.takeScreenshotAtEndOfTest(TestUtil.java:179)
at com.qa.utils.WebEventListener.onException(WebEventListener.java:59)
at jdk.internal.reflect.GeneratedMethodAccessor7.invoke(Unknown Source)
at java.base/jdk.internal.reflect.DelegatingMethodAccessorImpl.invoke(DelegatingMethodAccessorImpl.java:43)
at java.base/java.lang.reflect.Method.invoke(Method.java:568)
at org.openqa.selenium.support.events.EventFiringWebDriver.lambda$new$0(EventFiringWebDriver.java:85)
at jdk.proxy2/jdk.proxy2.$Proxy13.onException(Unknown Source)
at org.openqa.selenium.support.events.EventFiringWebDriver.lambda$new$1(EventFiringWebDriver.java:108)
at jdk.proxy2/jdk.proxy2.$Proxy14.getScreenshotAs(Unknown Source)
at org.openqa.selenium.support.events.EventFiringWebDriver.getScreenshotAs(EventFiringWebDriver.java:303)
at com.qa.utils.TestUtil.takeScreenshotAtEndOfTest(TestUtil.java:179)
at com.qa.utils.WebEventListener.onException(WebEventListener.java:59)
at jdk.internal.reflect.GeneratedMethodAccessor7.invoke(Unknown Source)
at java.base/jdk.internal.reflect.DelegatingMethodAccessorImpl.invoke(DelegatingMethodAccessorImpl.java:43)
at java.base/java.lang.reflect.Method.invoke(Method.java:568)
at org.openqa.selenium.support.events.EventFiringWebDriver.lambda$new$0(EventFiringWebDriver.java:85)
at jdk.proxy2/jdk.proxy2.$Proxy13.onException(Unknown Source)
at org.openqa.selenium.support.events.EventFiringWebDriver.lambda$new$1(EventFiringWebDriver.java:108)
at jdk.proxy2/jdk.proxy2.$Proxy14.getScreenshotAs(Unknown Source)
at org.openqa.selenium.support.events.EventFiringWebDriver.getScreenshotAs(EventFiringWebDriver.java:303)
at com.qa.utils.TestUtil.takeScreenshotAtEndOfTest(TestUtil.java:179)
at com.qa.utils.WebEventListener.onException(WebEventListener.java:59)
at jdk.internal.reflect.GeneratedMethodAccessor7.invoke(Unknown Source)
at java.base/jdk.internal.reflect.DelegatingMethodAccessorImpl.invoke(DelegatingMethodAccessorImpl.java:43)
at java.base/java.lang.reflect.Method.invoke(Method.java:568)
at org.openqa.selenium.support.events.EventFiringWebDriver.lambda$new$0(EventFiringWebDriver.java:85)
at jdk.proxy2/jdk.proxy2.$Proxy13.onException(Unknown Source)
at org.openqa.selenium.support.events.EventFiringWebDriver.lambda$new$1(EventFiringWebDriver.java:108)
at jdk.proxy2/jdk.proxy2.$Proxy14.getScreenshotAs(Unknown Source)
at org.openqa.selenium.support.events.EventFiringWebDriver.getScreenshotAs(EventFiringWebDriver.java:303)
at com.qa.utils.TestUtil.takeScreenshotAtEndOfTest(TestUtil.java:179)
at com.qa.utils.WebEventListener.onException(WebEventListener.java:59)
at jdk.internal.reflect.GeneratedMethodAccessor7.invoke(Unknown Source)
at java.base/jdk.internal.reflect.DelegatingMethodAccessorImpl.invoke(DelegatingMethodAccessorImpl.java:43)
at java.base/java.lang.reflect.Method.invoke(Method.java:568)
at org.openqa.selenium.support.events.EventFiringWebDriver.lambda$new$0(EventFiringWebDriver.java:85)
at jdk.proxy2/jdk.proxy2.$Proxy13.onException(Unknown Source)
at org.openqa.selenium.support.events.EventFiringWebDriver.lambda$new$1(EventFiringWebDriver.java:108)
at jdk.proxy2/jdk.proxy2.$Proxy14.getScreenshotAs(Unknown Source)
at org.openqa.selenium.support.events.EventFiringWebDriver.getScreenshotAs(EventFiringWebDriver.java:303)
at com.qa.utils.TestUtil.takeScreenshotAtEndOfTest(TestUtil.java:179)
at com.qa.utils.WebEventListener.onException(WebEventListener.java:59)
at jdk.internal.reflect.GeneratedMethodAccessor7.invoke(Unknown Source)
at java.base/jdk.internal.reflect.DelegatingMethodAccessorImpl.invoke(DelegatingMethodAccessorImpl.java:43)
at java.base/java.lang.reflect.Method.invoke(Method.java:568)
at org.openqa.selenium.support.events.EventFiringWebDriver.lambda$new$0(EventFiringWebDriver.java:85)
at jdk.proxy2/jdk.proxy2.$Proxy13.onException(Unknown Source)
at org.openqa.selenium.support.events.EventFiringWebDriver.lambda$new$1(EventFiringWebDriver.java:108)
at jdk.proxy2/jdk.proxy2.$Proxy14.getScreenshotAs(Unknown Source)
at org.openqa.selenium.support.events.EventFiringWebDriver.getScreenshotAs(EventFiringWebDriver.java:303)
at com.qa.utils.TestUtil.takeScreenshotAtEndOfTest(TestUtil.java:179)
at com.qa.utils.WebEventListener.onException(WebEventListener.java:59)
at jdk.internal.reflect.GeneratedMethodAccessor7.invoke(Unknown Source)
at java.base/jdk.internal.reflect.DelegatingMethodAccessorImpl.invoke(DelegatingMethodAccessorImpl.java:43)
at java.base/java.lang.reflect.Method.invoke(Method.java:568)
at org.openqa.selenium.support.events.EventFiringWebDriver.lambda$new$0(EventFiringWebDriver.java:85)
at jdk.proxy2/jdk.proxy2.$Proxy13.onException(Unknown Source)
at org.openqa.selenium.support.events.EventFiringWebDriver.lambda$new$1(EventFiringWebDriver.java:108)
at jdk.proxy2/jdk.proxy2.$Proxy14.getScreenshotAs(Unknown Source)
at org.openqa.selenium.support.events.EventFiringWebDriver.getScreenshotAs(EventFiringWebDriver.java:303)
at com.qa.utils.TestUtil.takeScreenshotAtEndOfTest(TestUtil.java:179)
at com.qa.utils.WebEventListener.onException(WebEventListener.java:59)
at jdk.internal.reflect.GeneratedMethodAccessor7.invoke(Unknown Source)
at java.base/jdk.internal.reflect.DelegatingMethodAccessorImpl.invoke(DelegatingMethodAccessorImpl.java:43)
at java.base/java.lang.reflect.Method.invoke(Method.java:568)
at org.openqa.selenium.support.events.EventFiringWebDriver.lambda$new$0(EventFiringWebDriver.java:85)
at jdk.proxy2/jdk.proxy2.$Proxy13.onException(Unknown Source)
at org.openqa.selenium.support.events.EventFiringWebDriver.lambda$new$1(EventFiringWebDriver.java:108)
at jdk.proxy2/jdk.proxy2.$Proxy14.getScreenshotAs(Unknown Source)
at org.openqa.selenium.support.events.EventFiringWebDriver.getScreenshotAs(EventFiringWebDriver.java:303)
at com.qa.utils.TestUtil.takeScreenshotAtEndOfTest(TestUtil.java:179)
at com.qa.utils.WebEventListener.onException(WebEventListener.java:59)
at jdk.internal.reflect.GeneratedMethodAccessor7.invoke(Unknown Source)
at java.base/jdk.internal.reflect.DelegatingMethodAccessorImpl.invoke(DelegatingMethodAccessorImpl.java:43)
at java.base/java.lang.reflect.Method.invoke(Method.java:568)
at org.openqa.selenium.support.events.EventFiringWebDriver.lambda$new$0(EventFiringWebDriver.java:85)
at jdk.proxy2/jdk.proxy2.$Proxy13.onException(Unknown Source)
at org.openqa.selenium.support.events.EventFiringWebDriver.lambda$new$1(EventFiringWebDriver.java:108)
at jdk.proxy2/jdk.proxy2.$Proxy14.getScreenshotAs(Unknown Source)
at org.openqa.selenium.support.events.EventFiringWebDriver.getScreenshotAs(EventFiringWebDriver.java:303)
at com.qa.utils.TestUtil.takeScreenshotAtEndOfTest(TestUtil.java:179)
at com.qa.utils.WebEventListener.onException(WebEventListener.java:59)
at jdk.internal.reflect.GeneratedMethodAccessor7.invoke(Unknown Source)
at java.base/jdk.internal.reflect.DelegatingMethodAccessorImpl.invoke(DelegatingMethodAccessorImpl.java:43)
at java.base/java.lang.reflect.Method.invoke(Method.java:568)
at org.openqa.selenium.support.events.EventFiringWebDriver.lambda$new$0(EventFiringWebDriver.java:85)
at jdk.proxy2/jdk.proxy2.$Proxy13.onException(Unknown Source)
at org.openqa.selenium.support.events.EventFiringWebDriver.lambda$new$1(EventFiringWebDriver.java:108)
at jdk.proxy2/jdk.proxy2.$Proxy14.getScreenshotAs(Unknown Source)
at org.openqa.selenium.support.events.EventFiringWebDriver.getScreenshotAs(EventFiringWebDriver.java:303)
at com.qa.utils.TestUtil.takeScreenshotAtEndOfTest(TestUtil.java:179)
at com.qa.utils.WebEventListener.onException(WebEventListener.java:59)
at jdk.internal.reflect.GeneratedMethodAccessor7.invoke(Unknown Source)
at java.base/jdk.internal.reflect.DelegatingMethodAccessorImpl.invoke(DelegatingMethodAccessorImpl.java:43)
at java.base/java.lang.reflect.Method.invoke(Method.java:568)
at org.openqa.selenium.support.events.EventFiringWebDriver.lambda$new$0(EventFiringWebDriver.java:85)
at jdk.proxy2/jdk.proxy2.$Proxy13.onException(Unknown Source)
at org.openqa.selenium.support.events.EventFiringWebDriver.lambda$new$1(EventFiringWebDriver.java:108)
at jdk.proxy2/jdk.proxy2.$Proxy14.getScreenshotAs(Unknown Source)
at org.openqa.selenium.support.events.EventFiringWebDriver.getScreenshotAs(EventFiringWebDriver.java:303)
at com.qa.utils.TestUtil.takeScreenshotAtEndOfTest(TestUtil.java:179)
at com.qa.utils.WebEventListener.onException(WebEventListener.java:59)
at jdk.internal.reflect.GeneratedMethodAccessor7.invoke(Unknown Source)
at java.base/jdk.internal.reflect.DelegatingMethodAccessorImpl.invoke(DelegatingMethodAccessorImpl.java:43)
at java.base/java.lang.reflect.Method.invoke(Method.java:568)
at org.openqa.selenium.support.events.EventFiringWebDriver.lambda$new$0(EventFiringWebDriver.java:85)
at jdk.proxy2/jdk.proxy2.$Proxy13.onException(Unknown Source)
at org.openqa.selenium.support.events.EventFiringWebDriver.lambda$new$1(EventFiringWebDriver.java:108)
at jdk.proxy2/jdk.proxy2.$Proxy14.getScreenshotAs(Unknown Source)
at org.openqa.selenium.support.events.EventFiringWebDriver.getScreenshotAs(EventFiringWebDriver.java:303)
at com.qa.utils.TestUtil.takeScreenshotAtEndOfTest(TestUtil.java:179)
at com.qa.utils.WebEventListener.onException(WebEventListener.java:59)
at jdk.internal.reflect.GeneratedMethodAccessor7.invoke(Unknown Source)
at java.base/jdk.internal.reflect.DelegatingMethodAccessorImpl.invoke(DelegatingMethodAccessorImpl.java:43)
at java.base/java.lang.reflect.Method.invoke(Method.java:568)
at org.openqa.selenium.support.events.EventFiringWebDriver.lambda$new$0(EventFiringWebDriver.java:85)
at jdk.proxy2/jdk.proxy2.$Proxy13.onException(Unknown Source)
at org.openqa.selenium.support.events.EventFiringWebDriver.lambda$new$1(EventFiringWebDriver.java:108)
at jdk.proxy2/jdk.proxy2.$Proxy14.getScreenshotAs(Unknown Source)
at org.openqa.selenium.support.events.EventFiringWebDriver.getScreenshotAs(EventFiringWebDriver.java:303)
at com.qa.utils.TestUtil.takeScreenshotAtEndOfTest(TestUtil.java:179)
at com.qa.utils.WebEventListener.onException(WebEventListener.java:59)
at jdk.internal.reflect.GeneratedMethodAccessor7.invoke(Unknown Source)
at java.base/jdk.internal.reflect.DelegatingMethodAccessorImpl.invoke(DelegatingMethodAccessorImpl.java:43)
at java.base/java.lang.reflect.Method.invoke(Method.java:568)
at org.openqa.selenium.support.events.EventFiringWebDriver.lambda$new$0(EventFiringWebDriver.java:85)
at jdk.proxy2/jdk.proxy2.$Proxy13.onException(Unknown Source)
at org.openqa.selenium.support.events.EventFiringWebDriver.lambda$new$1(EventFiringWebDriver.java:108)
at jdk.proxy2/jdk.proxy2.$Proxy14.getScreenshotAs(Unknown Source)
at org.openqa.selenium.support.events.EventFiringWebDriver.getScreenshotAs(EventFiringWebDriver.java:303)
at com.qa.utils.TestUtil.takeScreenshotAtEndOfTest(TestUtil.java:179)
at com.qa.utils.WebEventListener.onException(WebEventListener.java:59)
at jdk.internal.reflect.GeneratedMethodAccessor7.invoke(Unknown Source)
at java.base/jdk.internal.reflect.DelegatingMethodAccessorImpl.invoke(DelegatingMethodAccessorImpl.java:43)
at java.base/java.lang.reflect.Method.invoke(Method.java:568)
at org.openqa.selenium.support.events.EventFiringWebDriver.lambda$new$0(EventFiringWebDriver.java:85)
at jdk.proxy2/jdk.proxy2.$Proxy13.onException(Unknown Source)
at org.openqa.selenium.support.events.EventFiringWebDriver.lambda$new$1(EventFiringWebDriver.java:108)
at jdk.proxy2/jdk.proxy2.$Proxy14.getScreenshotAs(Unknown Source)
at org.openqa.selenium.support.events.EventFiringWebDriver.getScreenshotAs(EventFiringWebDriver.java:303)
at com.qa.utils.TestUtil.takeScreenshotAtEndOfTest(TestUtil.java:179)
at com.qa.utils.WebEventListener.onException(WebEventListener.java:59)
at jdk.internal.reflect.GeneratedMethodAccessor7.invoke(Unknown Source)
at java.base/jdk.internal.reflect.DelegatingMethodAccessorImpl.invoke(DelegatingMethodAccessorImpl.java:43)
at java.base/java.lang.reflect.Method.invoke(Method.java:568)
at org.openqa.selenium.support.events.EventFiringWebDriver.lambda$new$0(EventFiringWebDriver.java:85)
at jdk.proxy2/jdk.proxy2.$Proxy13.onException(Unknown Source)
at org.openqa.selenium.support.events.EventFiringWebDriver.lambda$new$1(EventFiringWebDriver.java:108)
at jdk.proxy2/jdk.proxy2.$Proxy14.getScreenshotAs(Unknown Source)
at org.openqa.selenium.support.events.EventFiringWebDriver.getScreenshotAs(EventFiringWebDriver.java:303)
at com.qa.utils.TestUtil.takeScreenshotAtEndOfTest(TestUtil.java:179)
at com.qa.utils.WebEventListener.onException(WebEventListener.java:59)
at jdk.internal.reflect.GeneratedMethodAccessor7.invoke(Unknown Source)
at java.base/jdk.internal.reflect.DelegatingMethodAccessorImpl.invoke(DelegatingMethodAccessorImpl.java:43)
at java.base/java.lang.reflect.Method.invoke(Method.java:568)
at org.openqa.selenium.support.events.EventFiringWebDriver.lambda$new$0(EventFiringWebDriver.java:85)
at jdk.proxy2/jdk.proxy2.$Proxy13.onException(Unknown Source)
at org.openqa.selenium.support.events.EventFiringWebDriver.lambda$new$1(EventFiringWebDriver.java:108)
at jdk.proxy2/jdk.proxy2.$Proxy14.getScreenshotAs(Unknown Source)
at org.openqa.selenium.support.events.EventFiringWebDriver.getScreenshotAs(EventFiringWebDriver.java:303)
at com.qa.utils.TestUtil.takeScreenshotAtEndOfTest(TestUtil.java:179)
at com.qa.utils.WebEventListener.onException(WebEventListener.java:59)
at jdk.internal.reflect.GeneratedMethodAccessor7.invoke(Unknown Source)
at java.base/jdk.internal.reflect.DelegatingMethodAccessorImpl.invoke(DelegatingMethodAccessorImpl.java:43)
at java.base/java.lang.reflect.Method.invoke(Method.java:568)
at org.openqa.selenium.support.events.EventFiringWebDriver.lambda$new$0(EventFiringWebDriver.java:85)
at jdk.proxy2/jdk.proxy2.$Proxy13.onException(Unknown Source)
at org.openqa.selenium.support.events.EventFiringWebDriver.lambda$new$1(EventFiringWebDriver.java:108)
at jdk.proxy2/jdk.proxy2.$Proxy14.getScreenshotAs(Unknown Source)
at org.openqa.selenium.support.events.EventFiringWebDriver.getScreenshotAs(EventFiringWebDriver.java:303)
at com.qa.utils.TestUtil.takeScreenshotAtEndOfTest(TestUtil.java:179)
at com.qa.utils.WebEventListener.onException(WebEventListener.java:59)
at jdk.internal.reflect.GeneratedMethodAccessor7.invoke(Unknown Source)
at java.base/jdk.internal.reflect.DelegatingMethodAccessorImpl.invoke(DelegatingMethodAccessorImpl.java:43)
at java.base/java.lang.reflect.Method.invoke(Method.java:568)
at org.openqa.selenium.support.events.EventFiringWebDriver.lambda$new$0(EventFiringWebDriver.java:85)
at jdk.proxy2/jdk.proxy2.$Proxy13.onException(Unknown Source)
at org.openqa.selenium.support.events.EventFiringWebDriver.lambda$new$1(EventFiringWebDriver.java:108)
at jdk.proxy2/jdk.proxy2.$Proxy14.getScreenshotAs(Unknown Source)
at org.openqa.selenium.support.events.EventFiringWebDriver.getScreenshotAs(EventFiringWebDriver.java:303)
at com.qa.utils.TestUtil.takeScreenshotAtEndOfTest(TestUtil.java:179)
at com.qa.utils.WebEventListener.onException(WebEventListener.java:59)
at jdk.internal.reflect.GeneratedMethodAccessor7.invoke(Unknown Source)
at java.base/jdk.internal.reflect.DelegatingMethodAccessorImpl.invoke(DelegatingMethodAccessorImpl.java:43)
at java.base/java.lang.reflect.Method.invoke(Method.java:568)
at org.openqa.selenium.support.events.EventFiringWebDriver.lambda$new$0(EventFiringWebDriver.java:85)
at jdk.proxy2/jdk.proxy2.$Proxy13.onException(Unknown Source)
at org.openqa.selenium.support.events.EventFiringWebDriver.lambda$new$1(EventFiringWebDriver.java:108)
at jdk.proxy2/jdk.proxy2.$Proxy14.getScreenshotAs(Unknown Source)
at org.openqa.selenium.support.events.EventFiringWebDriver.getScreenshotAs(EventFiringWebDriver.java:303)
at com.qa.utils.TestUtil.takeScreenshotAtEndOfTest(TestUtil.java:179)
at com.qa.utils.WebEventListener.onException(WebEventListener.java:59)
at jdk.internal.reflect.GeneratedMethodAccessor7.invoke(Unknown Source)
at java.base/jdk.internal.reflect.DelegatingMethodAccessorImpl.invoke(DelegatingMethodAccessorImpl.java:43)
at java.base/java.lang.reflect.Method.invoke(Method.java:568)
at org.openqa.selenium.support.events.EventFiringWebDriver.lambda$new$0(EventFiringWebDriver.java:85)
at jdk.proxy2/jdk.proxy2.$Proxy13.onException(Unknown Source)
at org.openqa.selenium.support.events.EventFiringWebDriver.lambda$new$1(EventFiringWebDriver.java:108)
at jdk.proxy2/jdk.proxy2.$Proxy14.getScreenshotAs(Unknown Source)
at org.openqa.selenium.support.events.EventFiringWebDriver.getScreenshotAs(EventFiringWebDriver.java:303)
at com.qa.utils.TestUtil.takeScreenshotAtEndOfTest(TestUtil.java:179)
at com.qa.utils.WebEventListener.onException(WebEventListener.java:59)
at jdk.internal.reflect.GeneratedMethodAccessor7.invoke(Unknown Source)
at java.base/jdk.internal.reflect.DelegatingMethodAccessorImpl.invoke(DelegatingMethodAccessorImpl.java:43)
at java.base/java.lang.reflect.Method.invoke(Method.java:568)
at org.openqa.selenium.support.events.EventFiringWebDriver.lambda$new$0(EventFiringWebDriver.java:85)
at jdk.proxy2/jdk.proxy2.$Proxy13.onException(Unknown Source)
at org.openqa.selenium.support.events.EventFiringWebDriver.lambda$new$1(EventFiringWebDriver.java:108)
at jdk.proxy2/jdk.proxy2.$Proxy14.getScreenshotAs(Unknown Source)
at org.openqa.selenium.support.events.EventFiringWebDriver.getScreenshotAs(EventFiringWebDriver.java:303)
at com.qa.utils.TestUtil.takeScreenshotAtEndOfTest(TestUtil.java:179)
at com.qa.utils.WebEventListener.onException(WebEventListener.java:59)
at jdk.internal.reflect.GeneratedMethodAccessor7.invoke(Unknown Source)
at java.base/jdk.internal.reflect.DelegatingMethodAccessorImpl.invoke(DelegatingMethodAccessorImpl.java:43)
at java.base/java.lang.reflect.Method.invoke(Method.java:568)
at org.openqa.selenium.support.events.EventFiringWebDriver.lambda$new$0(EventFiringWebDriver.java:85)
at jdk.proxy2/jdk.proxy2.$Proxy13.onException(Unknown Source)
at org.openqa.selenium.support.events.EventFiringWebDriver.lambda$new$1(EventFiringWebDriver.java:108)
at jdk.proxy2/jdk.proxy2.$Proxy14.getScreenshotAs(Unknown Source)
at org.openqa.selenium.support.events.EventFiringWebDriver.getScreenshotAs(EventFiringWebDriver.java:303)
at com.qa.utils.TestUtil.takeScreenshotAtEndOfTest(TestUtil.java:179)
at com.qa.utils.WebEventListener.onException(WebEventListener.java:59)
at jdk.internal.reflect.GeneratedMethodAccessor7.invoke(Unknown Source)
at java.base/jdk.internal.reflect.DelegatingMethodAccessorImpl.invoke(DelegatingMethodAccessorImpl.java:43)
at java.base/java.lang.reflect.Method.invoke(Method.java:568)
at org.openqa.selenium.support.events.EventFiringWebDriver.lambda$new$0(EventFiringWebDriver.java:85)
at jdk.proxy2/jdk.proxy2.$Proxy13.onException(Unknown Source)
at org.openqa.selenium.support.events.EventFiringWebDriver.lambda$new$1(EventFiringWebDriver.java:108)
at jdk.proxy2/jdk.proxy2.$Proxy14.getScreenshotAs(Unknown Source)
at org.openqa.selenium.support.events.EventFiringWebDriver.getScreenshotAs(EventFiringWebDriver.java:303)
at com.qa.utils.TestUtil.takeScreenshotAtEndOfTest(TestUtil.java:179)
at com.qa.utils.WebEventListener.onException(WebEventListener.java:59)
at jdk.internal.reflect.GeneratedMethodAccessor7.invoke(Unknown Source)
at java.base/jdk.internal.reflect.DelegatingMethodAccessorImpl.invoke(DelegatingMethodAccessorImpl.java:43)
at java.base/java.lang.reflect.Method.invoke(Method.java:568)
at org.openqa.selenium.support.events.EventFiringWebDriver.lambda$new$0(EventFiringWebDriver.java:85)
at jdk.proxy2/jdk.proxy2.$Proxy13.onException(Unknown Source)
at org.openqa.selenium.support.events.EventFiringWebDriver.lambda$new$1(EventFiringWebDriver.java:108)
at jdk.proxy2/jdk.proxy2.$Proxy14.getScreenshotAs(Unknown Source)
at org.openqa.selenium.support.events.EventFiringWebDriver.getScreenshotAs(EventFiringWebDriver.java:303)
at com.qa.utils.TestUtil.takeScreenshotAtEndOfTest(TestUtil.java:179)
at com.qa.utils.WebEventListener.onException(WebEventListener.java:59)
at jdk.internal.reflect.GeneratedMethodAccessor7.invoke(Unknown Source)
at java.base/jdk.internal.reflect.DelegatingMethodAccessorImpl.invoke(DelegatingMethodAccessorImpl.java:43)
at java.base/java.lang.reflect.Method.invoke(Method.java:568)
at org.openqa.selenium.support.events.EventFiringWebDriver.lambda$new$0(EventFiringWebDriver.java:85)
at jdk.proxy2/jdk.proxy2.$Proxy13.onException(Unknown Source)
at org.openqa.selenium.support.events.EventFiringWebDriver.lambda$new$1(EventFiringWebDriver.java:108)
at jdk.proxy2/jdk.proxy2.$Proxy14.getScreenshotAs(Unknown Source)
at org.openqa.selenium.support.events.EventFiringWebDriver.getScreenshotAs(EventFiringWebDriver.java:303)
at com.qa.utils.TestUtil.takeScreenshotAtEndOfTest(TestUtil.java:179)
at com.qa.utils.WebEventListener.onException(WebEventListener.java:59)
at jdk.internal.reflect.GeneratedMethodAccessor7.invoke(Unknown Source)
at java.base/jdk.internal.reflect.DelegatingMethodAccessorImpl.invoke(DelegatingMethodAccessorImpl.java:43)
at java.base/java.lang.reflect.Method.invoke(Method.java:568)
at org.openqa.selenium.support.events.EventFiringWebDriver.lambda$new$0(EventFiringWebDriver.java:85)
at jdk.proxy2/jdk.proxy2.$Proxy13.onException(Unknown Source)
at org.openqa.selenium.support.events.EventFiringWebDriver.lambda$new$1(EventFiringWebDriver.java:108)
at jdk.proxy2/jdk.proxy2.$Proxy14.getScreenshotAs(Unknown Source)
at org.openqa.selenium.support.events.EventFiringWebDriver.getScreenshotAs(EventFiringWebDriver.java:303)
at com.qa.utils.TestUtil.takeScreenshotAtEndOfTest(TestUtil.java:179)
at com.qa.utils.WebEventListener.onException(WebEventListener.java:59)
at jdk.internal.reflect.GeneratedMethodAccessor7.invoke(Unknown Source)
at java.base/jdk.internal.reflect.DelegatingMethodAccessorImpl.invoke(DelegatingMethodAccessorImpl.java:43)
at java.base/java.lang.reflect.Method.invoke(Method.java:568)
at org.openqa.selenium.support.events.EventFiringWebDriver.lambda$new$0(EventFiringWebDriver.java:85)
at jdk.proxy2/jdk.proxy2.$Proxy13.onException(Unknown Source)
at org.openqa.selenium.support.events.EventFiringWebDriver.lambda$new$1(EventFiringWebDriver.java:108)
at jdk.proxy2/jdk.proxy2.$Proxy14.getScreenshotAs(Unknown Source)
at org.openqa.selenium.support.events.EventFiringWebDriver.getScreenshotAs(EventFiringWebDriver.java:303)
at com.qa.utils.TestUtil.takeScreenshotAtEndOfTest(TestUtil.java:179)
at com.qa.utils.WebEventListener.onException(WebEventListener.java:59)
at jdk.internal.reflect.GeneratedMethodAccessor7.invoke(Unknown Source)
at java.base/jdk.internal.reflect.DelegatingMethodAccessorImpl.invoke(DelegatingMethodAccessorImpl.java:43)
at java.base/java.lang.reflect.Method.invoke(Method.java:568)
at org.openqa.selenium.support.events.EventFiringWebDriver.lambda$new$0(EventFiringWebDriver.java:85)
at jdk.proxy2/jdk.proxy2.$Proxy13.onException(Unknown Source)
at org.openqa.selenium.support.events.EventFiringWebDriver.lambda$new$1(EventFiringWebDriver.java:108)
at jdk.proxy2/jdk.proxy2.$Proxy14.getScreenshotAs(Unknown Source)
at org.openqa.selenium.support.events.EventFiringWebDriver.getScreenshotAs(EventFiringWebDriver.java:303)
at com.qa.utils.TestUtil.takeScreenshotAtEndOfTest(TestUtil.java:179)
at com.qa.utils.WebEventListener.onException(WebEventListener.java:59)
at jdk.internal.reflect.GeneratedMethodAccessor7.invoke(Unknown Source)
at java.base/jdk.internal.reflect.DelegatingMethodAccessorImpl.invoke(DelegatingMethodAccessorImpl.java:43)
at java.base/java.lang.reflect.Method.invoke(Method.java:568)
at org.openqa.selenium.support.events.EventFiringWebDriver.lambda$new$0(EventFiringWebDriver.java:85)
at jdk.proxy2/jdk.proxy2.$Proxy13.onException(Unknown Source)
at org.openqa.selenium.support.events.EventFiringWebDriver.lambda$new$1(EventFiringWebDriver.java:108)
at jdk.proxy2/jdk.proxy2.$Proxy14.getScreenshotAs(Unknown Source)
at org.openqa.selenium.support.events.EventFiringWebDriver.getScreenshotAs(EventFiringWebDriver.java:303)
at com.qa.utils.TestUtil.takeScreenshotAtEndOfTest(TestUtil.java:179)
at com.qa.utils.WebEventListener.onException(WebEventListener.java:59)
at jdk.internal.reflect.GeneratedMethodAccessor7.invoke(Unknown Source)
at java.base/jdk.internal.reflect.DelegatingMethodAccessorImpl.invoke(DelegatingMethodAccessorImpl.java:43)
at java.base/java.lang.reflect.Method.invoke(Method.java:568)
at org.openqa.selenium.support.events.EventFiringWebDriver.lambda$new$0(EventFiringWebDriver.java:85)
at jdk.proxy2/jdk.proxy2.$Proxy13.onException(Unknown Source)
at org.openqa.selenium.support.events.EventFiringWebDriver.lambda$new$1(EventFiringWebDriver.java:108)
at jdk.proxy2/jdk.proxy2.$Proxy14.getScreenshotAs(Unknown Source)
at org.openqa.selenium.support.events.EventFiringWebDriver.getScreenshotAs(EventFiringWebDriver.java:303)
at com.qa.utils.TestUtil.takeScreenshotAtEndOfTest(TestUtil.java:179)
at com.qa.utils.WebEventListener.onException(WebEventListener.java:59)
at jdk.internal.reflect.GeneratedMethodAccessor7.invoke(Unknown Source)
at java.base/jdk.internal.reflect.DelegatingMethodAccessorImpl.invoke(DelegatingMethodAccessorImpl.java:43)
at java.base/java.lang.reflect.Method.invoke(Method.java:568)
at org.openqa.selenium.support.events.EventFiringWebDriver.lambda$new$0(EventFiringWebDriver.java:85)
at jdk.proxy2/jdk.proxy2.$Proxy13.onException(Unknown Source)
at org.openqa.selenium.support.events.EventFiringWebDriver.lambda$new$1(EventFiringWebDriver.java:108)
at jdk.proxy2/jdk.proxy2.$Proxy14.getScreenshotAs(Unknown Source)
at org.openqa.selenium.support.events.EventFiringWebDriver.getScreenshotAs(EventFiringWebDriver.java:303)
at com.qa.utils.TestUtil.takeScreenshotAtEndOfTest(TestUtil.java:179)
at com.qa.utils.WebEventListener.onException(WebEventListener.java:59)
at jdk.internal.reflect.GeneratedMethodAccessor7.invoke(Unknown Source)
at java.base/jdk.internal.reflect.DelegatingMethodAccessorImpl.invoke(DelegatingMethodAccessorImpl.java:43)
at java.base/java.lang.reflect.Method.invoke(Method.java:568)
at org.openqa.selenium.support.events.EventFiringWebDriver.lambda$new$0(EventFiringWebDriver.java:85)
at jdk.proxy2/jdk.proxy2.$Proxy13.onException(Unknown Source)
at org.openqa.selenium.support.events.EventFiringWebDriver.lambda$new$1(EventFiringWebDriver.java:108)
at jdk.proxy2/jdk.proxy2.$Proxy14.getScreenshotAs(Unknown Source)
at org.openqa.selenium.support.events.EventFiringWebDriver.getScreenshotAs(EventFiringWebDriver.java:303)
at com.qa.utils.TestUtil.takeScreenshotAtEndOfTest(TestUtil.java:179)
at com.qa.utils.WebEventListener.onException(WebEventListener.java:59)
at jdk.internal.reflect.GeneratedMethodAccessor7.invoke(Unknown Source)
at java.base/jdk.internal.reflect.DelegatingMethodAccessorImpl.invoke(DelegatingMethodAccessorImpl.java:43)
at java.base/java.lang.reflect.Method.invoke(Method.java:568)
at org.openqa.selenium.support.events.EventFiringWebDriver.lambda$new$0(EventFiringWebDriver.java:85)
at jdk.proxy2/jdk.proxy2.$Proxy13.onException(Unknown Source)
at org.openqa.selenium.support.events.EventFiringWebDriver.lambda$new$1(EventFiringWebDriver.java:108)
at jdk.proxy2/jdk.proxy2.$Proxy14.getScreenshotAs(Unknown Source)
at org.openqa.selenium.support.events.EventFiringWebDriver.getScreenshotAs(EventFiringWebDriver.java:303)
at com.qa.utils.TestUtil.takeScreenshotAtEndOfTest(TestUtil.java:179)
at com.qa.utils.WebEventListener.onException(WebEventListener.java:59)
at jdk.internal.reflect.GeneratedMethodAccessor7.invoke(Unknown Source)
at java.base/jdk.internal.reflect.DelegatingMethodAccessorImpl.invoke(DelegatingMethodAccessorImpl.java:43)
at java.base/java.lang.reflect.Method.invoke(Method.java:568)
at org.openqa.selenium.support.events.EventFiringWebDriver.lambda$new$0(EventFiringWebDriver.java:85)
at jdk.proxy2/jdk.proxy2.$Proxy13.onException(Unknown Source)
at org.openqa.selenium.support.events.EventFiringWebDriver.lambda$new$1(EventFiringWebDriver.java:108)
at jdk.proxy2/jdk.proxy2.$Proxy14.getScreenshotAs(Unknown Source)
at org.openqa.selenium.support.events.EventFiringWebDriver.getScreenshotAs(EventFiringWebDriver.java:303)
at com.qa.utils.TestUtil.takeScreenshotAtEndOfTest(TestUtil.java:179)
at com.qa.utils.WebEventListener.onException(WebEventListener.java:59)
at jdk.internal.reflect.GeneratedMethodAccessor7.invoke(Unknown Source)
at java.base/jdk.internal.reflect.DelegatingMethodAccessorImpl.invoke(DelegatingMethodAccessorImpl.java:43)
at java.base/java.lang.reflect.Method.invoke(Method.java:568)
at org.openqa.selenium.support.events.EventFiringWebDriver.lambda$new$0(EventFiringWebDriver.java:85)
at jdk.proxy2/jdk.proxy2.$Proxy13.onException(Unknown Source)
at org.openqa.selenium.support.events.EventFiringWebDriver.lambda$new$1(EventFiringWebDriver.java:108)
at jdk.proxy2/jdk.proxy2.$Proxy14.getScreenshotAs(Unknown Source)
at org.openqa.selenium.support.events.EventFiringWebDriver.getScreenshotAs(EventFiringWebDriver.java:303)
at com.qa.utils.TestUtil.takeScreenshotAtEndOfTest(TestUtil.java:179)
at com.qa.utils.WebEventListener.onException(WebEventListener.java:59)
at jdk.internal.reflect.GeneratedMethodAccessor7.invoke(Unknown Source)
at java.base/jdk.internal.reflect.DelegatingMethodAccessorImpl.invoke(DelegatingMethodAccessorImpl.java:43)
at java.base/java.lang.reflect.Method.invoke(Method.java:568)
at org.openqa.selenium.support.events.EventFiringWebDriver.lambda$new$0(EventFiringWebDriver.java:85)
at jdk.proxy2/jdk.proxy2.$Proxy13.onException(Unknown Source)
at org.openqa.selenium.support.events.EventFiringWebDriver.lambda$new$1(EventFiringWebDriver.java:108)
at jdk.proxy2/jdk.proxy2.$Proxy14.getScreenshotAs(Unknown Source)
at org.openqa.selenium.support.events.EventFiringWebDriver.getScreenshotAs(EventFiringWebDriver.java:303)
at com.qa.utils.TestUtil.takeScreenshotAtEndOfTest(TestUtil.java:179)
at com.qa.utils.WebEventListener.onException(WebEventListener.java:59)
at jdk.internal.reflect.GeneratedMethodAccessor7.invoke(Unknown Source)
at java.base/jdk.internal.reflect.DelegatingMethodAccessorImpl.invoke(DelegatingMethodAccessorImpl.java:43)
at java.base/java.lang.reflect.Method.invoke(Method.java:568)
at org.openqa.selenium.support.events.EventFiringWebDriver.lambda$new$0(EventFiringWebDriver.java:85)
at jdk.proxy2/jdk.proxy2.$Proxy13.onException(Unknown Source)
at org.openqa.selenium.support.events.EventFiringWebDriver.lambda$new$1(EventFiringWebDriver.java:108)
at jdk.proxy2/jdk.proxy2.$Proxy14.getScreenshotAs(Unknown Source)
at org.openqa.selenium.support.events.EventFiringWebDriver.getScreenshotAs(EventFiringWebDriver.java:303)
at com.qa.utils.TestUtil.takeScreenshotAtEndOfTest(TestUtil.java:179)
at com.qa.utils.WebEventListener.onException(WebEventListener.java:59)
at jdk.internal.reflect.GeneratedMethodAccessor7.invoke(Unknown Source)
at java.base/jdk.internal.reflect.DelegatingMethodAccessorImpl.invoke(DelegatingMethodAccessorImpl.java:43)
at java.base/java.lang.reflect.Method.invoke(Method.java:568)
at org.openqa.selenium.support.events.EventFiringWebDriver.lambda$new$0(EventFiringWebDriver.java:85)
at jdk.proxy2/jdk.proxy2.$Proxy13.onException(Unknown Source)
at org.openqa.selenium.support.events.EventFiringWebDriver.lambda$new$1(EventFiringWebDriver.java:108)
at jdk.proxy2/jdk.proxy2.$Proxy14.getScreenshotAs(Unknown Source)
at org.openqa.selenium.support.events.EventFiringWebDriver.getScreenshotAs(EventFiringWebDriver.java:303)
at com.qa.utils.TestUtil.takeScreenshotAtEndOfTest(TestUtil.java:179)
at com.qa.utils.WebEventListener.onException(WebEventListener.java:59)
at jdk.internal.reflect.GeneratedMethodAccessor7.invoke(Unknown Source)
at java.base/jdk.internal.reflect.DelegatingMethodAccessorImpl.invoke(DelegatingMethodAccessorImpl.java:43)
at java.base/java.lang.reflect.Method.invoke(Method.java:568)
at org.openqa.selenium.support.events.EventFiringWebDriver.lambda$new$0(EventFiringWebDriver.java:85)
at jdk.proxy2/jdk.proxy2.$Proxy13.onException(Unknown Source)
at org.openqa.selenium.support.events.EventFiringWebDriver.lambda$new$1(EventFiringWebDriver.java:108)
at jdk.proxy2/jdk.proxy2.$Proxy14.getScreenshotAs(Unknown Source)
at org.openqa.selenium.support.events.EventFiringWebDriver.getScreenshotAs(EventFiringWebDriver.java:303)
at com.qa.utils.TestUtil.takeScreenshotAtEndOfTest(TestUtil.java:179)
at com.qa.utils.WebEventListener.onException(WebEventListener.java:59)
at jdk.internal.reflect.GeneratedMethodAccessor7.invoke(Unknown Source)
at java.base/jdk.internal.reflect.DelegatingMethodAccessorImpl.invoke(DelegatingMethodAccessorImpl.java:43)
at java.base/java.lang.reflect.Method.invoke(Method.java:568)
at org.openqa.selenium.support.events.EventFiringWebDriver.lambda$new$0(EventFiringWebDriver.java:85)
at jdk.proxy2/jdk.proxy2.$Proxy13.onException(Unknown Source)
at org.openqa.selenium.support.events.EventFiringWebDriver.lambda$new$1(EventFiringWebDriver.java:108)
at jdk.proxy2/jdk.proxy2.$Proxy14.getScreenshotAs(Unknown Source)
at org.openqa.selenium.support.events.EventFiringWebDriver.getScreenshotAs(EventFiringWebDriver.java:303)
at com.qa.utils.TestUtil.takeScreenshotAtEndOfTest(TestUtil.java:179)
at com.qa.utils.WebEventListener.onException(WebEventListener.java:59)
at jdk.internal.reflect.GeneratedMethodAccessor7.invoke(Unknown Source)
at java.base/jdk.internal.reflect.DelegatingMethodAccessorImpl.invoke(DelegatingMethodAccessorImpl.java:43)
at java.base/java.lang.reflect.Method.invoke(Method.java:568)
at org.openqa.selenium.support.events.EventFiringWebDriver.lambda$new$0(EventFiringWebDriver.java:85)
at jdk.proxy2/jdk.proxy2.$Proxy13.onException(Unknown Source)
at org.openqa.selenium.support.events.EventFiringWebDriver.lambda$new$1(EventFiringWebDriver.java:108)
at jdk.proxy2/jdk.proxy2.$Proxy14.getScreenshotAs(Unknown Source)
at org.openqa.selenium.support.events.EventFiringWebDriver.getScreenshotAs(EventFiringWebDriver.java:303)
at com.qa.utils.TestUtil.takeScreenshotAtEndOfTest(TestUtil.java:179)
at com.qa.utils.WebEventListener.onException(WebEventListener.java:59)
at jdk.internal.reflect.GeneratedMethodAccessor7.invoke(Unknown Source)
at java.base/jdk.internal.reflect.DelegatingMethodAccessorImpl.invoke(DelegatingMethodAccessorImpl.java:43)
at java.base/java.lang.reflect.Method.invoke(Method.java:568)
at org.openqa.selenium.support.events.EventFiringWebDriver.lambda$new$0(EventFiringWebDriver.java:85)
at jdk.proxy2/jdk.proxy2.$Proxy13.onException(Unknown Source)
at org.openqa.selenium.support.events.EventFiringWebDriver.lambda$new$1(EventFiringWebDriver.java:108)
at jdk.proxy2/jdk.proxy2.$Proxy14.getScreenshotAs(Unknown Source)
at org.openqa.selenium.support.events.EventFiringWebDriver.getScreenshotAs(EventFiringWebDriver.java:303)
at com.qa.utils.TestUtil.takeScreenshotAtEndOfTest(TestUtil.java:179)
at com.qa.utils.WebEventListener.onException(WebEventListener.java:59)
at jdk.internal.reflect.GeneratedMethodAccessor7.invoke(Unknown Source)
at java.base/jdk.internal.reflect.DelegatingMethodAccessorImpl.invoke(DelegatingMethodAccessorImpl.java:43)
at java.base/java.lang.reflect.Method.invoke(Method.java:568)
at org.openqa.selenium.support.events.EventFiringWebDriver.lambda$new$0(EventFiringWebDriver.java:85)
at jdk.proxy2/jdk.proxy2.$Proxy13.onException(Unknown Source)
at org.openqa.selenium.support.events.EventFiringWebDriver.lambda$new$1(EventFiringWebDriver.java:108)
at jdk.proxy2/jdk.proxy2.$Proxy14.getScreenshotAs(Unknown Source)
at org.openqa.selenium.support.events.EventFiringWebDriver.getScreenshotAs(EventFiringWebDriver.java:303)
at com.qa.utils.TestUtil.takeScreenshotAtEndOfTest(TestUtil.java:179)
at com.qa.utils.WebEventListener.onException(WebEventListener.java:59)
at jdk.internal.reflect.GeneratedMethodAccessor7.invoke(Unknown Source)
at java.base/jdk.internal.reflect.DelegatingMethodAccessorImpl.invoke(DelegatingMethodAccessorImpl.java:43)
at java.base/java.lang.reflect.Method.invoke(Method.java:568)
at org.openqa.selenium.support.events.EventFiringWebDriver.lambda$new$0(EventFiringWebDriver.java:85)
at jdk.proxy2/jdk.proxy2.$Proxy13.onException(Unknown Source)
at org.openqa.selenium.support.events.EventFiringWebDriver.lambda$new$1(EventFiringWebDriver.java:108)
at jdk.proxy2/jdk.proxy2.$Proxy14.getScreenshotAs(Unknown Source)
at org.openqa.selenium.support.events.EventFiringWebDriver.getScreenshotAs(EventFiringWebDriver.java:303)
at com.qa.utils.TestUtil.takeScreenshotAtEndOfTest(TestUtil.java:179)
at com.qa.utils.WebEventListener.onException(WebEventListener.java:59)
at jdk.internal.reflect.GeneratedMethodAccessor7.invoke(Unknown Source)
at java.base/jdk.internal.reflect.DelegatingMethodAccessorImpl.invoke(DelegatingMethodAccessorImpl.java:43)
at java.base/java.lang.reflect.Method.invoke(Method.java:568)
at org.openqa.selenium.support.events.EventFiringWebDriver.lambda$new$0(EventFiringWebDriver.java:85)
at jdk.proxy2/jdk.proxy2.$Proxy13.onException(Unknown Source)
at org.openqa.selenium.support.events.EventFiringWebDriver.lambda$new$1(EventFiringWebDriver.java:108)
at jdk.proxy2/jdk.proxy2.$Proxy14.getScreenshotAs(Unknown Source)
at org.openqa.selenium.support.events.EventFiringWebDriver.getScreenshotAs(EventFiringWebDriver.java:303)
at com.qa.utils.TestUtil.takeScreenshotAtEndOfTest(TestUtil.java:179)
at com.qa.utils.WebEventListener.onException(WebEventListener.java:59)
at jdk.internal.reflect.GeneratedMethodAccessor7.invoke(Unknown Source)
at java.base/jdk.internal.reflect.DelegatingMethodAccessorImpl.invoke(DelegatingMethodAccessorImpl.java:43)
at java.base/java.lang.reflect.Method.invoke(Method.java:568)
at org.openqa.selenium.support.events.EventFiringWebDriver.lambda$new$0(EventFiringWebDriver.java:85)
at jdk.proxy2/jdk.proxy2.$Proxy13.onException(Unknown Source)
at org.openqa.selenium.support.events.EventFiringWebDriver.lambda$new$1(EventFiringWebDriver.java:108)
at jdk.proxy2/jdk.proxy2.$Proxy14.getScreenshotAs(Unknown Source)
at org.openqa.selenium.support.events.EventFiringWebDriver.getScreenshotAs(EventFiringWebDriver.java:303)
at com.qa.utils.TestUtil.takeScreenshotAtEndOfTest(TestUtil.java:179)
at com.qa.utils.WebEventListener.onException(WebEventListener.java:59)
at jdk.internal.reflect.GeneratedMethodAccessor7.invoke(Unknown Source)
at java.base/jdk.internal.reflect.DelegatingMethodAccessorImpl.invoke(DelegatingMethodAccessorImpl.java:43)
at java.base/java.lang.reflect.Method.invoke(Method.java:568)
at org.openqa.selenium.support.events.EventFiringWebDriver.lambda$new$0(EventFiringWebDriver.java:85)
at jdk.proxy2/jdk.proxy2.$Proxy13.onException(Unknown Source)
at org.openqa.selenium.support.events.EventFiringWebDriver.lambda$new$1(EventFiringWebDriver.java:108)
at jdk.proxy2/jdk.proxy2.$Proxy14.getScreenshotAs(Unknown Source)
at org.openqa.selenium.support.events.EventFiringWebDriver.getScreenshotAs(EventFiringWebDriver.java:303)
at com.qa.utils.TestUtil.takeScreenshotAtEndOfTest(TestUtil.java:179)
at com.qa.utils.WebEventListener.onException(WebEventListener.java:59)
at jdk.internal.reflect.GeneratedMethodAccessor7.invoke(Unknown Source)
at java.base/jdk.internal.reflect.DelegatingMethodAccessorImpl.invoke(DelegatingMethodAccessorImpl.java:43)
at java.base/java.lang.reflect.Method.invoke(Method.java:568)
at org.openqa.selenium.support.events.EventFiringWebDriver.lambda$new$0(EventFiringWebDriver.java:85)
at jdk.proxy2/jdk.proxy2.$Proxy13.onException(Unknown Source)
at org.openqa.selenium.support.events.EventFiringWebDriver.lambda$new$1(EventFiringWebDriver.java:108)
at jdk.proxy2/jdk.proxy2.$Proxy14.getScreenshotAs(Unknown Source)
at org.openqa.selenium.support.events.EventFiringWebDriver.getScreenshotAs(EventFiringWebDriver.java:303)
at com.qa.utils.TestUtil.takeScreenshotAtEndOfTest(TestUtil.java:179)
at com.qa.utils.WebEventListener.onException(WebEventListener.java:59)
at jdk.internal.reflect.GeneratedMethodAccessor7.invoke(Unknown Source)
at java.base/jdk.internal.reflect.DelegatingMethodAccessorImpl.invoke(DelegatingMethodAccessorImpl.java:43)
at java.base/java.lang.reflect.Method.invoke(Method.java:568)
at org.openqa.selenium.support.events.EventFiringWebDriver.lambda$new$0(EventFiringWebDriver.java:85)
at jdk.proxy2/jdk.proxy2.$Proxy13.onException(Unknown Source)
at org.openqa.selenium.support.events.EventFiringWebDriver.lambda$new$1(EventFiringWebDriver.java:108)
at jdk.proxy2/jdk.proxy2.$Proxy14.getScreenshotAs(Unknown Source)
at org.openqa.selenium.support.events.EventFiringWebDriver.getScreenshotAs(EventFiringWebDriver.java:303)
at com.qa.utils.TestUtil.takeScreenshotAtEndOfTest(TestUtil.java:179)
at com.qa.utils.WebEventListener.onException(WebEventListener.java:59)
at jdk.internal.reflect.GeneratedMethodAccessor7.invoke(Unknown Source)
at java.base/jdk.internal.reflect.DelegatingMethodAccessorImpl.invoke(DelegatingMethodAccessorImpl.java:43)
at java.base/java.lang.reflect.Method.invoke(Method.java:568)
at org.openqa.selenium.support.events.EventFiringWebDriver.lambda$new$0(EventFiringWebDriver.java:85)
at jdk.proxy2/jdk.proxy2.$Proxy13.onException(Unknown Source)
at org.openqa.selenium.support.events.EventFiringWebDriver.lambda$new$1(EventFiringWebDriver.java:108)
at jdk.proxy2/jdk.proxy2.$Proxy14.getScreenshotAs(Unknown Source)
at org.openqa.selenium.support.events.EventFiringWebDriver.getScreenshotAs(EventFiringWebDriver.java:303)
at com.qa.utils.TestUtil.takeScreenshotAtEndOfTest(TestUtil.java:179)
at com.qa.utils.WebEventListener.onException(WebEventListener.java:59)
at jdk.internal.reflect.GeneratedMethodAccessor7.invoke(Unknown Source)
at java.base/jdk.internal.reflect.DelegatingMethodAccessorImpl.invoke(DelegatingMethodAccessorImpl.java:43)
at java.base/java.lang.reflect.Method.invoke(Method.java:568)
at org.openqa.selenium.support.events.EventFiringWebDriver.lambda$new$0(EventFiringWebDriver.java:85)
at jdk.proxy2/jdk.proxy2.$Proxy13.onException(Unknown Source)
at org.openqa.selenium.support.events.EventFiringWebDriver.lambda$new$1(EventFiringWebDriver.java:108)
at jdk.proxy2/jdk.proxy2.$Proxy14.getScreenshotAs(Unknown Source)
at org.openqa.selenium.support.events.EventFiringWebDriver.getScreenshotAs(EventFiringWebDriver.java:303)
at com.qa.utils.TestUtil.takeScreenshotAtEndOfTest(TestUtil.java:179)
at com.qa.utils.WebEventListener.onException(WebEventListener.java:59)
at jdk.internal.reflect.GeneratedMethodAccessor7.invoke(Unknown Source)
at java.base/jdk.internal.reflect.DelegatingMethodAccessorImpl.invoke(DelegatingMethodAccessorImpl.java:43)
at java.base/java.lang.reflect.Method.invoke(Method.java:568)
at org.openqa.selenium.support.events.EventFiringWebDriver.lambda$new$0(EventFiringWebDriver.java:85)
at jdk.proxy2/jdk.proxy2.$Proxy13.onException(Unknown Source)
at org.openqa.selenium.support.events.EventFiringWebDriver.lambda$new$1(EventFiringWebDriver.java:108)
at jdk.proxy2/jdk.proxy2.$Proxy14.getScreenshotAs(Unknown Source)
at org.openqa.selenium.support.events.EventFiringWebDriver.getScreenshotAs(EventFiringWebDriver.java:303)
at com.qa.utils.TestUtil.takeScreenshotAtEndOfTest(TestUtil.java:179)
at com.qa.utils.WebEventListener.onException(WebEventListener.java:59)
at jdk.internal.reflect.GeneratedMethodAccessor7.invoke(Unknown Source)
at java.base/jdk.internal.reflect.DelegatingMethodAccessorImpl.invoke(DelegatingMethodAccessorImpl.java:43)
at java.base/java.lang.reflect.Method.invoke(Method.java:568)
at org.openqa.selenium.support.events.EventFiringWebDriver.lambda$new$0(EventFiringWebDriver.java:85)
at jdk.proxy2/jdk.proxy2.$Proxy13.onException(Unknown Source)
at org.openqa.selenium.support.events.EventFiringWebDriver.lambda$new$1(EventFiringWebDriver.java:108)
at jdk.proxy2/jdk.proxy2.$Proxy14.getScreenshotAs(Unknown Source)
at org.openqa.selenium.support.events.EventFiringWebDriver.getScreenshotAs(EventFiringWebDriver.java:303)
at com.qa.utils.TestUtil.takeScreenshotAtEndOfTest(TestUtil.java:179)
at com.qa.utils.WebEventListener.onException(WebEventListener.java:59)
at jdk.internal.reflect.GeneratedMethodAccessor7.invoke(Unknown Source)
at java.base/jdk.internal.reflect.DelegatingMethodAccessorImpl.invoke(DelegatingMethodAccessorImpl.java:43)
at java.base/java.lang.reflect.Method.invoke(Method.java:568)
at org.openqa.selenium.support.events.EventFiringWebDriver.lambda$new$0(EventFiringWebDriver.java:85)
at jdk.proxy2/jdk.proxy2.$Proxy13.onException(Unknown Source)
at org.openqa.selenium.support.events.EventFiringWebDriver.lambda$new$1(EventFiringWebDriver.java:108)
at jdk.proxy2/jdk.proxy2.$Proxy14.getScreenshotAs(Unknown Source)
at org.openqa.selenium.support.events.EventFiringWebDriver.getScreenshotAs(EventFiringWebDriver.java:303)
at com.qa.utils.TestUtil.takeScreenshotAtEndOfTest(TestUtil.java:179)
at com.qa.utils.WebEventListener.onException(WebEventListener.java:59)
at jdk.internal.reflect.GeneratedMethodAccessor7.invoke(Unknown Source)
at java.base/jdk.internal.reflect.DelegatingMethodAccessorImpl.invoke(DelegatingMethodAccessorImpl.java:43)
at java.base/java.lang.reflect.Method.invoke(Method.java:568)
at org.openqa.selenium.support.events.EventFiringWebDriver.lambda$new$0(EventFiringWebDriver.java:85)
at jdk.proxy2/jdk.proxy2.$Proxy13.onException(Unknown Source)
at org.openqa.selenium.support.events.EventFiringWebDriver.lambda$new$1(EventFiringWebDriver.java:108)
at jdk.proxy2/jdk.proxy2.$Proxy14.getScreenshotAs(Unknown Source)
at org.openqa.selenium.support.events.EventFiringWebDriver.getScreenshotAs(EventFiringWebDriver.java:303)
at com.qa.utils.TestUtil.takeScreenshotAtEndOfTest(TestUtil.java:179)
at com.qa.utils.WebEventListener.onException(WebEventListener.java:59)
at jdk.internal.reflect.GeneratedMethodAccessor7.invoke(Unknown Source)
at java.base/jdk.internal.reflect.DelegatingMethodAccessorImpl.invoke(DelegatingMethodAccessorImpl.java:43)
at java.base/java.lang.reflect.Method.invoke(Method.java:568)
at org.openqa.selenium.support.events.EventFiringWebDriver.lambda$new$0(EventFiringWebDriver.java:85)
at jdk.proxy2/jdk.proxy2.$Proxy13.onException(Unknown Source)
at org.openqa.selenium.support.events.EventFiringWebDriver.lambda$new$1(EventFiringWebDriver.java:108)
at jdk.proxy2/jdk.proxy2.$Proxy14.getScreenshotAs(Unknown Source)
at org.openqa.selenium.support.events.EventFiringWebDriver.getScreenshotAs(EventFiringWebDriver.java:303)
at com.qa.utils.TestUtil.takeScreenshotAtEndOfTest(TestUtil.java:179)
at com.qa.utils.WebEventListener.onException(WebEventListener.java:59)
at jdk.internal.reflect.GeneratedMethodAccessor7.invoke(Unknown Source)
at java.base/jdk.internal.reflect.DelegatingMethodAccessorImpl.invoke(DelegatingMethodAccessorImpl.java:43)
at java.base/java.lang.reflect.Method.invoke(Method.java:568)
at org.openqa.selenium.support.events.EventFiringWebDriver.lambda$new$0(EventFiringWebDriver.java:85)
at jdk.proxy2/jdk.proxy2.$Proxy13.onException(Unknown Source)
at org.openqa.selenium.support.events.EventFiringWebDriver.lambda$new$1(EventFiringWebDriver.java:108)
at jdk.proxy2/jdk.proxy2.$Proxy14.getScreenshotAs(Unknown Source)
at org.openqa.selenium.support.events.EventFiringWebDriver.getScreenshotAs(EventFiringWebDriver.java:303)
at com.qa.utils.TestUtil.takeScreenshotAtEndOfTest(TestUtil.java:179)
at com.qa.utils.WebEventListener.onException(WebEventListener.java:59)
at jdk.internal.reflect.GeneratedMethodAccessor7.invoke(Unknown Source)
at java.base/jdk.internal.reflect.DelegatingMethodAccessorImpl.invoke(DelegatingMethodAccessorImpl.java:43)
at java.base/java.lang.reflect.Method.invoke(Method.java:568)
at org.openqa.selenium.support.events.EventFiringWebDriver.lambda$new$0(EventFiringWebDriver.java:85)
at jdk.proxy2/jdk.proxy2.$Proxy13.onException(Unknown Source)
at org.openqa.selenium.support.events.EventFiringWebDriver.lambda$new$1(EventFiringWebDriver.java:108)
at jdk.proxy2/jdk.proxy2.$Proxy14.getScreenshotAs(Unknown Source)
at org.openqa.selenium.support.events.EventFiringWebDriver.getScreenshotAs(EventFiringWebDriver.java:303)
at com.qa.utils.TestUtil.takeScreenshotAtEndOfTest(TestUtil.java:179)
at com.qa.utils.WebEventListener.onException(WebEventListener.java:59)
at jdk.internal.reflect.GeneratedMethodAccessor7.invoke(Unknown Source)
at java.base/jdk.internal.reflect.DelegatingMethodAccessorImpl.invoke(DelegatingMethodAccessorImpl.java:43)
at java.base/java.lang.reflect.Method.invoke(Method.java:568)
at org.openqa.selenium.support.events.EventFiringWebDriver.lambda$new$0(EventFiringWebDriver.java:85)
at jdk.proxy2/jdk.proxy2.$Proxy13.onException(Unknown Source)
at org.openqa.selenium.support.events.EventFiringWebDriver.lambda$new$1(EventFiringWebDriver.java:108)
at jdk.proxy2/jdk.proxy2.$Proxy14.getScreenshotAs(Unknown Source)
at org.openqa.selenium.support.events.EventFiringWebDriver.getScreenshotAs(EventFiringWebDriver.java:303)
at com.qa.utils.TestUtil.takeScreenshotAtEndOfTest(TestUtil.java:179)
at com.qa.utils.WebEventListener.onException(WebEventListener.java:59)
at jdk.internal.reflect.GeneratedMethodAccessor7.invoke(Unknown Source)
at java.base/jdk.internal.reflect.DelegatingMethodAccessorImpl.invoke(DelegatingMethodAccessorImpl.java:43)
at java.base/java.lang.reflect.Method.invoke(Method.java:568)
at org.openqa.selenium.support.events.EventFiringWebDriver.lambda$new$0(EventFiringWebDriver.java:85)
at jdk.proxy2/jdk.proxy2.$Proxy13.onException(Unknown Source)
at org.openqa.selenium.support.events.EventFiringWebDriver.lambda$new$1(EventFiringWebDriver.java:108)
at jdk.proxy2/jdk.proxy2.$Proxy14.getScreenshotAs(Unknown Source)
at org.openqa.selenium.support.events.EventFiringWebDriver.getScreenshotAs(EventFiringWebDriver.java:303)
at com.qa.utils.TestUtil.takeScreenshotAtEndOfTest(TestUtil.java:179)
at com.qa.utils.WebEventListener.onException(WebEventListener.java:59)
at jdk.internal.reflect.GeneratedMethodAccessor7.invoke(Unknown Source)
at java.base/jdk.internal.reflect.DelegatingMethodAccessorImpl.invoke(DelegatingMethodAccessorImpl.java:43)
at java.base/java.lang.reflect.Method.invoke(Method.java:568)
at org.openqa.selenium.support.events.EventFiringWebDriver.lambda$new$0(EventFiringWebDriver.java:85)
at jdk.proxy2/jdk.proxy2.$Proxy13.onException(Unknown Source)
at org.openqa.selenium.support.events.EventFiringWebDriver.lambda$new$1(EventFiringWebDriver.java:108)
at jdk.proxy2/jdk.proxy2.$Proxy14.getScreenshotAs(Unknown Source)
at org.openqa.selenium.support.events.EventFiringWebDriver.getScreenshotAs(EventFiringWebDriver.java:303)
at com.qa.utils.TestUtil.takeScreenshotAtEndOfTest(TestUtil.java:179)
at com.qa.utils.WebEventListener.onException(WebEventListener.java:59)
at jdk.internal.reflect.GeneratedMethodAccessor7.invoke(Unknown Source)
at java.base/jdk.internal.reflect.DelegatingMethodAccessorImpl.invoke(DelegatingMethodAccessorImpl.java:43)
at java.base/java.lang.reflect.Method.invoke(Method.java:568)
at org.openqa.selenium.support.events.EventFiringWebDriver.lambda$new$0(EventFiringWebDriver.java:85)
at jdk.proxy2/jdk.proxy2.$Proxy13.onException(Unknown Source)
at org.openqa.selenium.support.events.EventFiringWebDriver.lambda$new$1(EventFiringWebDriver.java:108)
at jdk.proxy2/jdk.proxy2.$Proxy14.getScreenshotAs(Unknown Source)
at org.openqa.selenium.support.events.EventFiringWebDriver.getScreenshotAs(EventFiringWebDriver.java:303)
at com.qa.utils.TestUtil.takeScreenshotAtEndOfTest(TestUtil.java:179)
at com.qa.utils.WebEventListener.onException(WebEventListener.java:59)
at jdk.internal.reflect.GeneratedMethodAccessor7.invoke(Unknown Source)
at java.base/jdk.internal.reflect.DelegatingMethodAccessorImpl.invoke(DelegatingMethodAccessorImpl.java:43)
at java.base/java.lang.reflect.Method.invoke(Method.java:568)
at org.openqa.selenium.support.events.EventFiringWebDriver.lambda$new$0(EventFiringWebDriver.java:85)
at jdk.proxy2/jdk.proxy2.$Proxy13.onException(Unknown Source)
at org.openqa.selenium.support.events.EventFiringWebDriver.lambda$new$1(EventFiringWebDriver.java:108)
at jdk.proxy2/jdk.proxy2.$Proxy14.getScreenshotAs(Unknown Source)
at org.openqa.selenium.support.events.EventFiringWebDriver.getScreenshotAs(EventFiringWebDriver.java:303)
at com.qa.utils.TestUtil.takeScreenshotAtEndOfTest(TestUtil.java:179)
at com.qa.utils.WebEventListener.onException(WebEventListener.java:59)
at jdk.internal.reflect.GeneratedMethodAccessor7.invoke(Unknown Source)
at java.base/jdk.internal.reflect.DelegatingMethodAccessorImpl.invoke(DelegatingMethodAccessorImpl.java:43)
at java.base/java.lang.reflect.Method.invoke(Method.java:568)
at org.openqa.selenium.support.events.EventFiringWebDriver.lambda$new$0(EventFiringWebDriver.java:85)
at jdk.proxy2/jdk.proxy2.$Proxy13.onException(Unknown Source)
at org.openqa.selenium.support.events.EventFiringWebDriver.lambda$new$1(EventFiringWebDriver.java:108)
at jdk.proxy2/jdk.proxy2.$Proxy14.getScreenshotAs(Unknown Source)
at org.openqa.selenium.support.events.EventFiringWebDriver.getScreenshotAs(EventFiringWebDriver.java:303)
at com.qa.utils.TestUtil.takeScreenshotAtEndOfTest(TestUtil.java:179)
at com.qa.utils.WebEventListener.onException(WebEventListener.java:59)
at jdk.internal.reflect.GeneratedMethodAccessor7.invoke(Unknown Source)
at java.base/jdk.internal.reflect.DelegatingMethodAccessorImpl.invoke(DelegatingMethodAccessorImpl.java:43)
at java.base/java.lang.reflect.Method.invoke(Method.java:568)
at org.openqa.selenium.support.events.EventFiringWebDriver.lambda$new$0(EventFiringWebDriver.java:85)
at jdk.proxy2/jdk.proxy2.$Proxy13.onException(Unknown Source)
at org.openqa.selenium.support.events.EventFiringWebDriver.lambda$new$1(EventFiringWebDriver.java:108)
at jdk.proxy2/jdk.proxy2.$Proxy14.getScreenshotAs(Unknown Source)
at org.openqa.selenium.support.events.EventFiringWebDriver.getScreenshotAs(EventFiringWebDriver.java:303)
at com.qa.utils.TestUtil.takeScreenshotAtEndOfTest(TestUtil.java:179)
at com.qa.utils.WebEventListener.onException(WebEventListener.java:59)
at jdk.internal.reflect.GeneratedMethodAccessor7.invoke(Unknown Source)
at java.base/jdk.internal.reflect.DelegatingMethodAccessorImpl.invoke(DelegatingMethodAccessorImpl.java:43)
at java.base/java.lang.reflect.Method.invoke(Method.java:568)
at org.openqa.selenium.support.events.EventFiringWebDriver.lambda$new$0(EventFiringWebDriver.java:85)
at jdk.proxy2/jdk.proxy2.$Proxy13.onException(Unknown Source)
at org.openqa.selenium.support.events.EventFiringWebDriver.lambda$new$1(EventFiringWebDriver.java:108)
at jdk.proxy2/jdk.proxy2.$Proxy14.getScreenshotAs(Unknown Source)
at org.openqa.selenium.support.events.EventFiringWebDriver.getScreenshotAs(EventFiringWebDriver.java:303)
at com.qa.utils.TestUtil.takeScreenshotAtEndOfTest(TestUtil.java:179)
]]>
    </error>
  </testcase> <!-- Verify_fill_data_KPCertificateDetails -->
  <system-out/>
  <testcase classname="com.qa.testcases.inwardlist.JobWorkRoughListPageTest" name="Verify_fill_data_BillEntryDetails" time="1.500">
    <error type="java.lang.StackOverflowError">
      <![CDATA[java.lang.StackOverflowError
at java.base/java.nio.CharBuffer.limit(CharBuffer.java:1529)
at java.base/java.nio.CharBuffer.limit(CharBuffer.java:267)
at java.base/java.nio.Buffer.<init>(Buffer.java:245)
at java.base/java.nio.CharBuffer.<init>(CharBuffer.java:288)
at java.base/java.nio.HeapCharBuffer.<init>(HeapCharBuffer.java:78)
at java.base/java.nio.CharBuffer.wrap(CharBuffer.java:408)
at java.base/sun.nio.cs.StreamEncoder.implWrite(StreamEncoder.java:281)
at java.base/sun.nio.cs.StreamEncoder.write(StreamEncoder.java:132)
at java.base/java.io.OutputStreamWriter.write(OutputStreamWriter.java:205)
at java.base/java.io.BufferedWriter.flushBuffer(BufferedWriter.java:120)
at java.base/java.io.PrintStream.writeln(PrintStream.java:722)
at java.base/java.io.PrintStream.println(PrintStream.java:1028)
at com.qa.utils.WebEventListener.onException(WebEventListener.java:57)
at jdk.internal.reflect.GeneratedMethodAccessor7.invoke(Unknown Source)
at java.base/jdk.internal.reflect.DelegatingMethodAccessorImpl.invoke(DelegatingMethodAccessorImpl.java:43)
at java.base/java.lang.reflect.Method.invoke(Method.java:568)
at org.openqa.selenium.support.events.EventFiringWebDriver.lambda$new$0(EventFiringWebDriver.java:85)
at jdk.proxy2/jdk.proxy2.$Proxy13.onException(Unknown Source)
at org.openqa.selenium.support.events.EventFiringWebDriver.lambda$new$1(EventFiringWebDriver.java:108)
at jdk.proxy2/jdk.proxy2.$Proxy14.getScreenshotAs(Unknown Source)
at org.openqa.selenium.support.events.EventFiringWebDriver.getScreenshotAs(EventFiringWebDriver.java:303)
at com.qa.utils.TestUtil.takeScreenshotAtEndOfTest(TestUtil.java:179)
at com.qa.utils.WebEventListener.onException(WebEventListener.java:59)
at jdk.internal.reflect.GeneratedMethodAccessor7.invoke(Unknown Source)
at java.base/jdk.internal.reflect.DelegatingMethodAccessorImpl.invoke(DelegatingMethodAccessorImpl.java:43)
at java.base/java.lang.reflect.Method.invoke(Method.java:568)
at org.openqa.selenium.support.events.EventFiringWebDriver.lambda$new$0(EventFiringWebDriver.java:85)
at jdk.proxy2/jdk.proxy2.$Proxy13.onException(Unknown Source)
at org.openqa.selenium.support.events.EventFiringWebDriver.lambda$new$1(EventFiringWebDriver.java:108)
at jdk.proxy2/jdk.proxy2.$Proxy14.getScreenshotAs(Unknown Source)
at org.openqa.selenium.support.events.EventFiringWebDriver.getScreenshotAs(EventFiringWebDriver.java:303)
at com.qa.utils.TestUtil.takeScreenshotAtEndOfTest(TestUtil.java:179)
at com.qa.utils.WebEventListener.onException(WebEventListener.java:59)
at jdk.internal.reflect.GeneratedMethodAccessor7.invoke(Unknown Source)
at java.base/jdk.internal.reflect.DelegatingMethodAccessorImpl.invoke(DelegatingMethodAccessorImpl.java:43)
at java.base/java.lang.reflect.Method.invoke(Method.java:568)
at org.openqa.selenium.support.events.EventFiringWebDriver.lambda$new$0(EventFiringWebDriver.java:85)
at jdk.proxy2/jdk.proxy2.$Proxy13.onException(Unknown Source)
at org.openqa.selenium.support.events.EventFiringWebDriver.lambda$new$1(EventFiringWebDriver.java:108)
at jdk.proxy2/jdk.proxy2.$Proxy14.getScreenshotAs(Unknown Source)
at org.openqa.selenium.support.events.EventFiringWebDriver.getScreenshotAs(EventFiringWebDriver.java:303)
at com.qa.utils.TestUtil.takeScreenshotAtEndOfTest(TestUtil.java:179)
at com.qa.utils.WebEventListener.onException(WebEventListener.java:59)
at jdk.internal.reflect.GeneratedMethodAccessor7.invoke(Unknown Source)
at java.base/jdk.internal.reflect.DelegatingMethodAccessorImpl.invoke(DelegatingMethodAccessorImpl.java:43)
at java.base/java.lang.reflect.Method.invoke(Method.java:568)
at org.openqa.selenium.support.events.EventFiringWebDriver.lambda$new$0(EventFiringWebDriver.java:85)
at jdk.proxy2/jdk.proxy2.$Proxy13.onException(Unknown Source)
at org.openqa.selenium.support.events.EventFiringWebDriver.lambda$new$1(EventFiringWebDriver.java:108)
at jdk.proxy2/jdk.proxy2.$Proxy14.getScreenshotAs(Unknown Source)
at org.openqa.selenium.support.events.EventFiringWebDriver.getScreenshotAs(EventFiringWebDriver.java:303)
at com.qa.utils.TestUtil.takeScreenshotAtEndOfTest(TestUtil.java:179)
at com.qa.utils.WebEventListener.onException(WebEventListener.java:59)
at jdk.internal.reflect.GeneratedMethodAccessor7.invoke(Unknown Source)
at java.base/jdk.internal.reflect.DelegatingMethodAccessorImpl.invoke(DelegatingMethodAccessorImpl.java:43)
at java.base/java.lang.reflect.Method.invoke(Method.java:568)
at org.openqa.selenium.support.events.EventFiringWebDriver.lambda$new$0(EventFiringWebDriver.java:85)
at jdk.proxy2/jdk.proxy2.$Proxy13.onException(Unknown Source)
at org.openqa.selenium.support.events.EventFiringWebDriver.lambda$new$1(EventFiringWebDriver.java:108)
at jdk.proxy2/jdk.proxy2.$Proxy14.getScreenshotAs(Unknown Source)
at org.openqa.selenium.support.events.EventFiringWebDriver.getScreenshotAs(EventFiringWebDriver.java:303)
at com.qa.utils.TestUtil.takeScreenshotAtEndOfTest(TestUtil.java:179)
at com.qa.utils.WebEventListener.onException(WebEventListener.java:59)
at jdk.internal.reflect.GeneratedMethodAccessor7.invoke(Unknown Source)
at java.base/jdk.internal.reflect.DelegatingMethodAccessorImpl.invoke(DelegatingMethodAccessorImpl.java:43)
at java.base/java.lang.reflect.Method.invoke(Method.java:568)
at org.openqa.selenium.support.events.EventFiringWebDriver.lambda$new$0(EventFiringWebDriver.java:85)
at jdk.proxy2/jdk.proxy2.$Proxy13.onException(Unknown Source)
at org.openqa.selenium.support.events.EventFiringWebDriver.lambda$new$1(EventFiringWebDriver.java:108)
at jdk.proxy2/jdk.proxy2.$Proxy14.getScreenshotAs(Unknown Source)
at org.openqa.selenium.support.events.EventFiringWebDriver.getScreenshotAs(EventFiringWebDriver.java:303)
at com.qa.utils.TestUtil.takeScreenshotAtEndOfTest(TestUtil.java:179)
at com.qa.utils.WebEventListener.onException(WebEventListener.java:59)
at jdk.internal.reflect.GeneratedMethodAccessor7.invoke(Unknown Source)
at java.base/jdk.internal.reflect.DelegatingMethodAccessorImpl.invoke(DelegatingMethodAccessorImpl.java:43)
at java.base/java.lang.reflect.Method.invoke(Method.java:568)
at org.openqa.selenium.support.events.EventFiringWebDriver.lambda$new$0(EventFiringWebDriver.java:85)
at jdk.proxy2/jdk.proxy2.$Proxy13.onException(Unknown Source)
at org.openqa.selenium.support.events.EventFiringWebDriver.lambda$new$1(EventFiringWebDriver.java:108)
at jdk.proxy2/jdk.proxy2.$Proxy14.getScreenshotAs(Unknown Source)
at org.openqa.selenium.support.events.EventFiringWebDriver.getScreenshotAs(EventFiringWebDriver.java:303)
at com.qa.utils.TestUtil.takeScreenshotAtEndOfTest(TestUtil.java:179)
at com.qa.utils.WebEventListener.onException(WebEventListener.java:59)
at jdk.internal.reflect.GeneratedMethodAccessor7.invoke(Unknown Source)
at java.base/jdk.internal.reflect.DelegatingMethodAccessorImpl.invoke(DelegatingMethodAccessorImpl.java:43)
at java.base/java.lang.reflect.Method.invoke(Method.java:568)
at org.openqa.selenium.support.events.EventFiringWebDriver.lambda$new$0(EventFiringWebDriver.java:85)
at jdk.proxy2/jdk.proxy2.$Proxy13.onException(Unknown Source)
at org.openqa.selenium.support.events.EventFiringWebDriver.lambda$new$1(EventFiringWebDriver.java:108)
at jdk.proxy2/jdk.proxy2.$Proxy14.getScreenshotAs(Unknown Source)
at org.openqa.selenium.support.events.EventFiringWebDriver.getScreenshotAs(EventFiringWebDriver.java:303)
at com.qa.utils.TestUtil.takeScreenshotAtEndOfTest(TestUtil.java:179)
at com.qa.utils.WebEventListener.onException(WebEventListener.java:59)
at jdk.internal.reflect.GeneratedMethodAccessor7.invoke(Unknown Source)
at java.base/jdk.internal.reflect.DelegatingMethodAccessorImpl.invoke(DelegatingMethodAccessorImpl.java:43)
at java.base/java.lang.reflect.Method.invoke(Method.java:568)
at org.openqa.selenium.support.events.EventFiringWebDriver.lambda$new$0(EventFiringWebDriver.java:85)
at jdk.proxy2/jdk.proxy2.$Proxy13.onException(Unknown Source)
at org.openqa.selenium.support.events.EventFiringWebDriver.lambda$new$1(EventFiringWebDriver.java:108)
at jdk.proxy2/jdk.proxy2.$Proxy14.getScreenshotAs(Unknown Source)
at org.openqa.selenium.support.events.EventFiringWebDriver.getScreenshotAs(EventFiringWebDriver.java:303)
at com.qa.utils.TestUtil.takeScreenshotAtEndOfTest(TestUtil.java:179)
at com.qa.utils.WebEventListener.onException(WebEventListener.java:59)
at jdk.internal.reflect.GeneratedMethodAccessor7.invoke(Unknown Source)
at java.base/jdk.internal.reflect.DelegatingMethodAccessorImpl.invoke(DelegatingMethodAccessorImpl.java:43)
at java.base/java.lang.reflect.Method.invoke(Method.java:568)
at org.openqa.selenium.support.events.EventFiringWebDriver.lambda$new$0(EventFiringWebDriver.java:85)
at jdk.proxy2/jdk.proxy2.$Proxy13.onException(Unknown Source)
at org.openqa.selenium.support.events.EventFiringWebDriver.lambda$new$1(EventFiringWebDriver.java:108)
at jdk.proxy2/jdk.proxy2.$Proxy14.getScreenshotAs(Unknown Source)
at org.openqa.selenium.support.events.EventFiringWebDriver.getScreenshotAs(EventFiringWebDriver.java:303)
at com.qa.utils.TestUtil.takeScreenshotAtEndOfTest(TestUtil.java:179)
at com.qa.utils.WebEventListener.onException(WebEventListener.java:59)
at jdk.internal.reflect.GeneratedMethodAccessor7.invoke(Unknown Source)
at java.base/jdk.internal.reflect.DelegatingMethodAccessorImpl.invoke(DelegatingMethodAccessorImpl.java:43)
at java.base/java.lang.reflect.Method.invoke(Method.java:568)
at org.openqa.selenium.support.events.EventFiringWebDriver.lambda$new$0(EventFiringWebDriver.java:85)
at jdk.proxy2/jdk.proxy2.$Proxy13.onException(Unknown Source)
at org.openqa.selenium.support.events.EventFiringWebDriver.lambda$new$1(EventFiringWebDriver.java:108)
at jdk.proxy2/jdk.proxy2.$Proxy14.getScreenshotAs(Unknown Source)
at org.openqa.selenium.support.events.EventFiringWebDriver.getScreenshotAs(EventFiringWebDriver.java:303)
at com.qa.utils.TestUtil.takeScreenshotAtEndOfTest(TestUtil.java:179)
at com.qa.utils.WebEventListener.onException(WebEventListener.java:59)
at jdk.internal.reflect.GeneratedMethodAccessor7.invoke(Unknown Source)
at java.base/jdk.internal.reflect.DelegatingMethodAccessorImpl.invoke(DelegatingMethodAccessorImpl.java:43)
at java.base/java.lang.reflect.Method.invoke(Method.java:568)
at org.openqa.selenium.support.events.EventFiringWebDriver.lambda$new$0(EventFiringWebDriver.java:85)
at jdk.proxy2/jdk.proxy2.$Proxy13.onException(Unknown Source)
at org.openqa.selenium.support.events.EventFiringWebDriver.lambda$new$1(EventFiringWebDriver.java:108)
at jdk.proxy2/jdk.proxy2.$Proxy14.getScreenshotAs(Unknown Source)
at org.openqa.selenium.support.events.EventFiringWebDriver.getScreenshotAs(EventFiringWebDriver.java:303)
at com.qa.utils.TestUtil.takeScreenshotAtEndOfTest(TestUtil.java:179)
at com.qa.utils.WebEventListener.onException(WebEventListener.java:59)
at jdk.internal.reflect.GeneratedMethodAccessor7.invoke(Unknown Source)
at java.base/jdk.internal.reflect.DelegatingMethodAccessorImpl.invoke(DelegatingMethodAccessorImpl.java:43)
at java.base/java.lang.reflect.Method.invoke(Method.java:568)
at org.openqa.selenium.support.events.EventFiringWebDriver.lambda$new$0(EventFiringWebDriver.java:85)
at jdk.proxy2/jdk.proxy2.$Proxy13.onException(Unknown Source)
at org.openqa.selenium.support.events.EventFiringWebDriver.lambda$new$1(EventFiringWebDriver.java:108)
at jdk.proxy2/jdk.proxy2.$Proxy14.getScreenshotAs(Unknown Source)
at org.openqa.selenium.support.events.EventFiringWebDriver.getScreenshotAs(EventFiringWebDriver.java:303)
at com.qa.utils.TestUtil.takeScreenshotAtEndOfTest(TestUtil.java:179)
at com.qa.utils.WebEventListener.onException(WebEventListener.java:59)
at jdk.internal.reflect.GeneratedMethodAccessor7.invoke(Unknown Source)
at java.base/jdk.internal.reflect.DelegatingMethodAccessorImpl.invoke(DelegatingMethodAccessorImpl.java:43)
at java.base/java.lang.reflect.Method.invoke(Method.java:568)
at org.openqa.selenium.support.events.EventFiringWebDriver.lambda$new$0(EventFiringWebDriver.java:85)
at jdk.proxy2/jdk.proxy2.$Proxy13.onException(Unknown Source)
at org.openqa.selenium.support.events.EventFiringWebDriver.lambda$new$1(EventFiringWebDriver.java:108)
at jdk.proxy2/jdk.proxy2.$Proxy14.getScreenshotAs(Unknown Source)
at org.openqa.selenium.support.events.EventFiringWebDriver.getScreenshotAs(EventFiringWebDriver.java:303)
at com.qa.utils.TestUtil.takeScreenshotAtEndOfTest(TestUtil.java:179)
at com.qa.utils.WebEventListener.onException(WebEventListener.java:59)
at jdk.internal.reflect.GeneratedMethodAccessor7.invoke(Unknown Source)
at java.base/jdk.internal.reflect.DelegatingMethodAccessorImpl.invoke(DelegatingMethodAccessorImpl.java:43)
at java.base/java.lang.reflect.Method.invoke(Method.java:568)
at org.openqa.selenium.support.events.EventFiringWebDriver.lambda$new$0(EventFiringWebDriver.java:85)
at jdk.proxy2/jdk.proxy2.$Proxy13.onException(Unknown Source)
at org.openqa.selenium.support.events.EventFiringWebDriver.lambda$new$1(EventFiringWebDriver.java:108)
at jdk.proxy2/jdk.proxy2.$Proxy14.getScreenshotAs(Unknown Source)
at org.openqa.selenium.support.events.EventFiringWebDriver.getScreenshotAs(EventFiringWebDriver.java:303)
at com.qa.utils.TestUtil.takeScreenshotAtEndOfTest(TestUtil.java:179)
at com.qa.utils.WebEventListener.onException(WebEventListener.java:59)
at jdk.internal.reflect.GeneratedMethodAccessor7.invoke(Unknown Source)
at java.base/jdk.internal.reflect.DelegatingMethodAccessorImpl.invoke(DelegatingMethodAccessorImpl.java:43)
at java.base/java.lang.reflect.Method.invoke(Method.java:568)
at org.openqa.selenium.support.events.EventFiringWebDriver.lambda$new$0(EventFiringWebDriver.java:85)
at jdk.proxy2/jdk.proxy2.$Proxy13.onException(Unknown Source)
at org.openqa.selenium.support.events.EventFiringWebDriver.lambda$new$1(EventFiringWebDriver.java:108)
at jdk.proxy2/jdk.proxy2.$Proxy14.getScreenshotAs(Unknown Source)
at org.openqa.selenium.support.events.EventFiringWebDriver.getScreenshotAs(EventFiringWebDriver.java:303)
at com.qa.utils.TestUtil.takeScreenshotAtEndOfTest(TestUtil.java:179)
at com.qa.utils.WebEventListener.onException(WebEventListener.java:59)
at jdk.internal.reflect.GeneratedMethodAccessor7.invoke(Unknown Source)
at java.base/jdk.internal.reflect.DelegatingMethodAccessorImpl.invoke(DelegatingMethodAccessorImpl.java:43)
at java.base/java.lang.reflect.Method.invoke(Method.java:568)
at org.openqa.selenium.support.events.EventFiringWebDriver.lambda$new$0(EventFiringWebDriver.java:85)
at jdk.proxy2/jdk.proxy2.$Proxy13.onException(Unknown Source)
at org.openqa.selenium.support.events.EventFiringWebDriver.lambda$new$1(EventFiringWebDriver.java:108)
at jdk.proxy2/jdk.proxy2.$Proxy14.getScreenshotAs(Unknown Source)
at org.openqa.selenium.support.events.EventFiringWebDriver.getScreenshotAs(EventFiringWebDriver.java:303)
at com.qa.utils.TestUtil.takeScreenshotAtEndOfTest(TestUtil.java:179)
at com.qa.utils.WebEventListener.onException(WebEventListener.java:59)
at jdk.internal.reflect.GeneratedMethodAccessor7.invoke(Unknown Source)
at java.base/jdk.internal.reflect.DelegatingMethodAccessorImpl.invoke(DelegatingMethodAccessorImpl.java:43)
at java.base/java.lang.reflect.Method.invoke(Method.java:568)
at org.openqa.selenium.support.events.EventFiringWebDriver.lambda$new$0(EventFiringWebDriver.java:85)
at jdk.proxy2/jdk.proxy2.$Proxy13.onException(Unknown Source)
at org.openqa.selenium.support.events.EventFiringWebDriver.lambda$new$1(EventFiringWebDriver.java:108)
at jdk.proxy2/jdk.proxy2.$Proxy14.getScreenshotAs(Unknown Source)
at org.openqa.selenium.support.events.EventFiringWebDriver.getScreenshotAs(EventFiringWebDriver.java:303)
at com.qa.utils.TestUtil.takeScreenshotAtEndOfTest(TestUtil.java:179)
at com.qa.utils.WebEventListener.onException(WebEventListener.java:59)
at jdk.internal.reflect.GeneratedMethodAccessor7.invoke(Unknown Source)
at java.base/jdk.internal.reflect.DelegatingMethodAccessorImpl.invoke(DelegatingMethodAccessorImpl.java:43)
at java.base/java.lang.reflect.Method.invoke(Method.java:568)
at org.openqa.selenium.support.events.EventFiringWebDriver.lambda$new$0(EventFiringWebDriver.java:85)
at jdk.proxy2/jdk.proxy2.$Proxy13.onException(Unknown Source)
at org.openqa.selenium.support.events.EventFiringWebDriver.lambda$new$1(EventFiringWebDriver.java:108)
at jdk.proxy2/jdk.proxy2.$Proxy14.getScreenshotAs(Unknown Source)
at org.openqa.selenium.support.events.EventFiringWebDriver.getScreenshotAs(EventFiringWebDriver.java:303)
at com.qa.utils.TestUtil.takeScreenshotAtEndOfTest(TestUtil.java:179)
at com.qa.utils.WebEventListener.onException(WebEventListener.java:59)
at jdk.internal.reflect.GeneratedMethodAccessor7.invoke(Unknown Source)
at java.base/jdk.internal.reflect.DelegatingMethodAccessorImpl.invoke(DelegatingMethodAccessorImpl.java:43)
at java.base/java.lang.reflect.Method.invoke(Method.java:568)
at org.openqa.selenium.support.events.EventFiringWebDriver.lambda$new$0(EventFiringWebDriver.java:85)
at jdk.proxy2/jdk.proxy2.$Proxy13.onException(Unknown Source)
at org.openqa.selenium.support.events.EventFiringWebDriver.lambda$new$1(EventFiringWebDriver.java:108)
at jdk.proxy2/jdk.proxy2.$Proxy14.getScreenshotAs(Unknown Source)
at org.openqa.selenium.support.events.EventFiringWebDriver.getScreenshotAs(EventFiringWebDriver.java:303)
at com.qa.utils.TestUtil.takeScreenshotAtEndOfTest(TestUtil.java:179)
at com.qa.utils.WebEventListener.onException(WebEventListener.java:59)
at jdk.internal.reflect.GeneratedMethodAccessor7.invoke(Unknown Source)
at java.base/jdk.internal.reflect.DelegatingMethodAccessorImpl.invoke(DelegatingMethodAccessorImpl.java:43)
at java.base/java.lang.reflect.Method.invoke(Method.java:568)
at org.openqa.selenium.support.events.EventFiringWebDriver.lambda$new$0(EventFiringWebDriver.java:85)
at jdk.proxy2/jdk.proxy2.$Proxy13.onException(Unknown Source)
at org.openqa.selenium.support.events.EventFiringWebDriver.lambda$new$1(EventFiringWebDriver.java:108)
at jdk.proxy2/jdk.proxy2.$Proxy14.getScreenshotAs(Unknown Source)
at org.openqa.selenium.support.events.EventFiringWebDriver.getScreenshotAs(EventFiringWebDriver.java:303)
at com.qa.utils.TestUtil.takeScreenshotAtEndOfTest(TestUtil.java:179)
at com.qa.utils.WebEventListener.onException(WebEventListener.java:59)
at jdk.internal.reflect.GeneratedMethodAccessor7.invoke(Unknown Source)
at java.base/jdk.internal.reflect.DelegatingMethodAccessorImpl.invoke(DelegatingMethodAccessorImpl.java:43)
at java.base/java.lang.reflect.Method.invoke(Method.java:568)
at org.openqa.selenium.support.events.EventFiringWebDriver.lambda$new$0(EventFiringWebDriver.java:85)
at jdk.proxy2/jdk.proxy2.$Proxy13.onException(Unknown Source)
at org.openqa.selenium.support.events.EventFiringWebDriver.lambda$new$1(EventFiringWebDriver.java:108)
at jdk.proxy2/jdk.proxy2.$Proxy14.getScreenshotAs(Unknown Source)
at org.openqa.selenium.support.events.EventFiringWebDriver.getScreenshotAs(EventFiringWebDriver.java:303)
at com.qa.utils.TestUtil.takeScreenshotAtEndOfTest(TestUtil.java:179)
at com.qa.utils.WebEventListener.onException(WebEventListener.java:59)
at jdk.internal.reflect.GeneratedMethodAccessor7.invoke(Unknown Source)
at java.base/jdk.internal.reflect.DelegatingMethodAccessorImpl.invoke(DelegatingMethodAccessorImpl.java:43)
at java.base/java.lang.reflect.Method.invoke(Method.java:568)
at org.openqa.selenium.support.events.EventFiringWebDriver.lambda$new$0(EventFiringWebDriver.java:85)
at jdk.proxy2/jdk.proxy2.$Proxy13.onException(Unknown Source)
at org.openqa.selenium.support.events.EventFiringWebDriver.lambda$new$1(EventFiringWebDriver.java:108)
at jdk.proxy2/jdk.proxy2.$Proxy14.getScreenshotAs(Unknown Source)
at org.openqa.selenium.support.events.EventFiringWebDriver.getScreenshotAs(EventFiringWebDriver.java:303)
at com.qa.utils.TestUtil.takeScreenshotAtEndOfTest(TestUtil.java:179)
at com.qa.utils.WebEventListener.onException(WebEventListener.java:59)
at jdk.internal.reflect.GeneratedMethodAccessor7.invoke(Unknown Source)
at java.base/jdk.internal.reflect.DelegatingMethodAccessorImpl.invoke(DelegatingMethodAccessorImpl.java:43)
at java.base/java.lang.reflect.Method.invoke(Method.java:568)
at org.openqa.selenium.support.events.EventFiringWebDriver.lambda$new$0(EventFiringWebDriver.java:85)
at jdk.proxy2/jdk.proxy2.$Proxy13.onException(Unknown Source)
at org.openqa.selenium.support.events.EventFiringWebDriver.lambda$new$1(EventFiringWebDriver.java:108)
at jdk.proxy2/jdk.proxy2.$Proxy14.getScreenshotAs(Unknown Source)
at org.openqa.selenium.support.events.EventFiringWebDriver.getScreenshotAs(EventFiringWebDriver.java:303)
at com.qa.utils.TestUtil.takeScreenshotAtEndOfTest(TestUtil.java:179)
at com.qa.utils.WebEventListener.onException(WebEventListener.java:59)
at jdk.internal.reflect.GeneratedMethodAccessor7.invoke(Unknown Source)
at java.base/jdk.internal.reflect.DelegatingMethodAccessorImpl.invoke(DelegatingMethodAccessorImpl.java:43)
at java.base/java.lang.reflect.Method.invoke(Method.java:568)
at org.openqa.selenium.support.events.EventFiringWebDriver.lambda$new$0(EventFiringWebDriver.java:85)
at jdk.proxy2/jdk.proxy2.$Proxy13.onException(Unknown Source)
at org.openqa.selenium.support.events.EventFiringWebDriver.lambda$new$1(EventFiringWebDriver.java:108)
at jdk.proxy2/jdk.proxy2.$Proxy14.getScreenshotAs(Unknown Source)
at org.openqa.selenium.support.events.EventFiringWebDriver.getScreenshotAs(EventFiringWebDriver.java:303)
at com.qa.utils.TestUtil.takeScreenshotAtEndOfTest(TestUtil.java:179)
at com.qa.utils.WebEventListener.onException(WebEventListener.java:59)
at jdk.internal.reflect.GeneratedMethodAccessor7.invoke(Unknown Source)
at java.base/jdk.internal.reflect.DelegatingMethodAccessorImpl.invoke(DelegatingMethodAccessorImpl.java:43)
at java.base/java.lang.reflect.Method.invoke(Method.java:568)
at org.openqa.selenium.support.events.EventFiringWebDriver.lambda$new$0(EventFiringWebDriver.java:85)
at jdk.proxy2/jdk.proxy2.$Proxy13.onException(Unknown Source)
at org.openqa.selenium.support.events.EventFiringWebDriver.lambda$new$1(EventFiringWebDriver.java:108)
at jdk.proxy2/jdk.proxy2.$Proxy14.getScreenshotAs(Unknown Source)
at org.openqa.selenium.support.events.EventFiringWebDriver.getScreenshotAs(EventFiringWebDriver.java:303)
at com.qa.utils.TestUtil.takeScreenshotAtEndOfTest(TestUtil.java:179)
at com.qa.utils.WebEventListener.onException(WebEventListener.java:59)
at jdk.internal.reflect.GeneratedMethodAccessor7.invoke(Unknown Source)
at java.base/jdk.internal.reflect.DelegatingMethodAccessorImpl.invoke(DelegatingMethodAccessorImpl.java:43)
at java.base/java.lang.reflect.Method.invoke(Method.java:568)
at org.openqa.selenium.support.events.EventFiringWebDriver.lambda$new$0(EventFiringWebDriver.java:85)
at jdk.proxy2/jdk.proxy2.$Proxy13.onException(Unknown Source)
at org.openqa.selenium.support.events.EventFiringWebDriver.lambda$new$1(EventFiringWebDriver.java:108)
at jdk.proxy2/jdk.proxy2.$Proxy14.getScreenshotAs(Unknown Source)
at org.openqa.selenium.support.events.EventFiringWebDriver.getScreenshotAs(EventFiringWebDriver.java:303)
at com.qa.utils.TestUtil.takeScreenshotAtEndOfTest(TestUtil.java:179)
at com.qa.utils.WebEventListener.onException(WebEventListener.java:59)
at jdk.internal.reflect.GeneratedMethodAccessor7.invoke(Unknown Source)
at java.base/jdk.internal.reflect.DelegatingMethodAccessorImpl.invoke(DelegatingMethodAccessorImpl.java:43)
at java.base/java.lang.reflect.Method.invoke(Method.java:568)
at org.openqa.selenium.support.events.EventFiringWebDriver.lambda$new$0(EventFiringWebDriver.java:85)
at jdk.proxy2/jdk.proxy2.$Proxy13.onException(Unknown Source)
at org.openqa.selenium.support.events.EventFiringWebDriver.lambda$new$1(EventFiringWebDriver.java:108)
at jdk.proxy2/jdk.proxy2.$Proxy14.getScreenshotAs(Unknown Source)
at org.openqa.selenium.support.events.EventFiringWebDriver.getScreenshotAs(EventFiringWebDriver.java:303)
at com.qa.utils.TestUtil.takeScreenshotAtEndOfTest(TestUtil.java:179)
at com.qa.utils.WebEventListener.onException(WebEventListener.java:59)
at jdk.internal.reflect.GeneratedMethodAccessor7.invoke(Unknown Source)
at java.base/jdk.internal.reflect.DelegatingMethodAccessorImpl.invoke(DelegatingMethodAccessorImpl.java:43)
at java.base/java.lang.reflect.Method.invoke(Method.java:568)
at org.openqa.selenium.support.events.EventFiringWebDriver.lambda$new$0(EventFiringWebDriver.java:85)
at jdk.proxy2/jdk.proxy2.$Proxy13.onException(Unknown Source)
at org.openqa.selenium.support.events.EventFiringWebDriver.lambda$new$1(EventFiringWebDriver.java:108)
at jdk.proxy2/jdk.proxy2.$Proxy14.getScreenshotAs(Unknown Source)
at org.openqa.selenium.support.events.EventFiringWebDriver.getScreenshotAs(EventFiringWebDriver.java:303)
at com.qa.utils.TestUtil.takeScreenshotAtEndOfTest(TestUtil.java:179)
at com.qa.utils.WebEventListener.onException(WebEventListener.java:59)
at jdk.internal.reflect.GeneratedMethodAccessor7.invoke(Unknown Source)
at java.base/jdk.internal.reflect.DelegatingMethodAccessorImpl.invoke(DelegatingMethodAccessorImpl.java:43)
at java.base/java.lang.reflect.Method.invoke(Method.java:568)
at org.openqa.selenium.support.events.EventFiringWebDriver.lambda$new$0(EventFiringWebDriver.java:85)
at jdk.proxy2/jdk.proxy2.$Proxy13.onException(Unknown Source)
at org.openqa.selenium.support.events.EventFiringWebDriver.lambda$new$1(EventFiringWebDriver.java:108)
at jdk.proxy2/jdk.proxy2.$Proxy14.getScreenshotAs(Unknown Source)
at org.openqa.selenium.support.events.EventFiringWebDriver.getScreenshotAs(EventFiringWebDriver.java:303)
at com.qa.utils.TestUtil.takeScreenshotAtEndOfTest(TestUtil.java:179)
at com.qa.utils.WebEventListener.onException(WebEventListener.java:59)
at jdk.internal.reflect.GeneratedMethodAccessor7.invoke(Unknown Source)
at java.base/jdk.internal.reflect.DelegatingMethodAccessorImpl.invoke(DelegatingMethodAccessorImpl.java:43)
at java.base/java.lang.reflect.Method.invoke(Method.java:568)
at org.openqa.selenium.support.events.EventFiringWebDriver.lambda$new$0(EventFiringWebDriver.java:85)
at jdk.proxy2/jdk.proxy2.$Proxy13.onException(Unknown Source)
at org.openqa.selenium.support.events.EventFiringWebDriver.lambda$new$1(EventFiringWebDriver.java:108)
at jdk.proxy2/jdk.proxy2.$Proxy14.getScreenshotAs(Unknown Source)
at org.openqa.selenium.support.events.EventFiringWebDriver.getScreenshotAs(EventFiringWebDriver.java:303)
at com.qa.utils.TestUtil.takeScreenshotAtEndOfTest(TestUtil.java:179)
at com.qa.utils.WebEventListener.onException(WebEventListener.java:59)
at jdk.internal.reflect.GeneratedMethodAccessor7.invoke(Unknown Source)
at java.base/jdk.internal.reflect.DelegatingMethodAccessorImpl.invoke(DelegatingMethodAccessorImpl.java:43)
at java.base/java.lang.reflect.Method.invoke(Method.java:568)
at org.openqa.selenium.support.events.EventFiringWebDriver.lambda$new$0(EventFiringWebDriver.java:85)
at jdk.proxy2/jdk.proxy2.$Proxy13.onException(Unknown Source)
at org.openqa.selenium.support.events.EventFiringWebDriver.lambda$new$1(EventFiringWebDriver.java:108)
at jdk.proxy2/jdk.proxy2.$Proxy14.getScreenshotAs(Unknown Source)
at org.openqa.selenium.support.events.EventFiringWebDriver.getScreenshotAs(EventFiringWebDriver.java:303)
at com.qa.utils.TestUtil.takeScreenshotAtEndOfTest(TestUtil.java:179)
at com.qa.utils.WebEventListener.onException(WebEventListener.java:59)
at jdk.internal.reflect.GeneratedMethodAccessor7.invoke(Unknown Source)
at java.base/jdk.internal.reflect.DelegatingMethodAccessorImpl.invoke(DelegatingMethodAccessorImpl.java:43)
at java.base/java.lang.reflect.Method.invoke(Method.java:568)
at org.openqa.selenium.support.events.EventFiringWebDriver.lambda$new$0(EventFiringWebDriver.java:85)
at jdk.proxy2/jdk.proxy2.$Proxy13.onException(Unknown Source)
at org.openqa.selenium.support.events.EventFiringWebDriver.lambda$new$1(EventFiringWebDriver.java:108)
at jdk.proxy2/jdk.proxy2.$Proxy14.getScreenshotAs(Unknown Source)
at org.openqa.selenium.support.events.EventFiringWebDriver.getScreenshotAs(EventFiringWebDriver.java:303)
at com.qa.utils.TestUtil.takeScreenshotAtEndOfTest(TestUtil.java:179)
at com.qa.utils.WebEventListener.onException(WebEventListener.java:59)
at jdk.internal.reflect.GeneratedMethodAccessor7.invoke(Unknown Source)
at java.base/jdk.internal.reflect.DelegatingMethodAccessorImpl.invoke(DelegatingMethodAccessorImpl.java:43)
at java.base/java.lang.reflect.Method.invoke(Method.java:568)
at org.openqa.selenium.support.events.EventFiringWebDriver.lambda$new$0(EventFiringWebDriver.java:85)
at jdk.proxy2/jdk.proxy2.$Proxy13.onException(Unknown Source)
at org.openqa.selenium.support.events.EventFiringWebDriver.lambda$new$1(EventFiringWebDriver.java:108)
at jdk.proxy2/jdk.proxy2.$Proxy14.getScreenshotAs(Unknown Source)
at org.openqa.selenium.support.events.EventFiringWebDriver.getScreenshotAs(EventFiringWebDriver.java:303)
at com.qa.utils.TestUtil.takeScreenshotAtEndOfTest(TestUtil.java:179)
at com.qa.utils.WebEventListener.onException(WebEventListener.java:59)
at jdk.internal.reflect.GeneratedMethodAccessor7.invoke(Unknown Source)
at java.base/jdk.internal.reflect.DelegatingMethodAccessorImpl.invoke(DelegatingMethodAccessorImpl.java:43)
at java.base/java.lang.reflect.Method.invoke(Method.java:568)
at org.openqa.selenium.support.events.EventFiringWebDriver.lambda$new$0(EventFiringWebDriver.java:85)
at jdk.proxy2/jdk.proxy2.$Proxy13.onException(Unknown Source)
at org.openqa.selenium.support.events.EventFiringWebDriver.lambda$new$1(EventFiringWebDriver.java:108)
at jdk.proxy2/jdk.proxy2.$Proxy14.getScreenshotAs(Unknown Source)
at org.openqa.selenium.support.events.EventFiringWebDriver.getScreenshotAs(EventFiringWebDriver.java:303)
at com.qa.utils.TestUtil.takeScreenshotAtEndOfTest(TestUtil.java:179)
at com.qa.utils.WebEventListener.onException(WebEventListener.java:59)
at jdk.internal.reflect.GeneratedMethodAccessor7.invoke(Unknown Source)
at java.base/jdk.internal.reflect.DelegatingMethodAccessorImpl.invoke(DelegatingMethodAccessorImpl.java:43)
at java.base/java.lang.reflect.Method.invoke(Method.java:568)
at org.openqa.selenium.support.events.EventFiringWebDriver.lambda$new$0(EventFiringWebDriver.java:85)
at jdk.proxy2/jdk.proxy2.$Proxy13.onException(Unknown Source)
at org.openqa.selenium.support.events.EventFiringWebDriver.lambda$new$1(EventFiringWebDriver.java:108)
at jdk.proxy2/jdk.proxy2.$Proxy14.getScreenshotAs(Unknown Source)
at org.openqa.selenium.support.events.EventFiringWebDriver.getScreenshotAs(EventFiringWebDriver.java:303)
at com.qa.utils.TestUtil.takeScreenshotAtEndOfTest(TestUtil.java:179)
at com.qa.utils.WebEventListener.onException(WebEventListener.java:59)
at jdk.internal.reflect.GeneratedMethodAccessor7.invoke(Unknown Source)
at java.base/jdk.internal.reflect.DelegatingMethodAccessorImpl.invoke(DelegatingMethodAccessorImpl.java:43)
at java.base/java.lang.reflect.Method.invoke(Method.java:568)
at org.openqa.selenium.support.events.EventFiringWebDriver.lambda$new$0(EventFiringWebDriver.java:85)
at jdk.proxy2/jdk.proxy2.$Proxy13.onException(Unknown Source)
at org.openqa.selenium.support.events.EventFiringWebDriver.lambda$new$1(EventFiringWebDriver.java:108)
at jdk.proxy2/jdk.proxy2.$Proxy14.getScreenshotAs(Unknown Source)
at org.openqa.selenium.support.events.EventFiringWebDriver.getScreenshotAs(EventFiringWebDriver.java:303)
at com.qa.utils.TestUtil.takeScreenshotAtEndOfTest(TestUtil.java:179)
at com.qa.utils.WebEventListener.onException(WebEventListener.java:59)
at jdk.internal.reflect.GeneratedMethodAccessor7.invoke(Unknown Source)
at java.base/jdk.internal.reflect.DelegatingMethodAccessorImpl.invoke(DelegatingMethodAccessorImpl.java:43)
at java.base/java.lang.reflect.Method.invoke(Method.java:568)
at org.openqa.selenium.support.events.EventFiringWebDriver.lambda$new$0(EventFiringWebDriver.java:85)
at jdk.proxy2/jdk.proxy2.$Proxy13.onException(Unknown Source)
at org.openqa.selenium.support.events.EventFiringWebDriver.lambda$new$1(EventFiringWebDriver.java:108)
at jdk.proxy2/jdk.proxy2.$Proxy14.getScreenshotAs(Unknown Source)
at org.openqa.selenium.support.events.EventFiringWebDriver.getScreenshotAs(EventFiringWebDriver.java:303)
at com.qa.utils.TestUtil.takeScreenshotAtEndOfTest(TestUtil.java:179)
at com.qa.utils.WebEventListener.onException(WebEventListener.java:59)
at jdk.internal.reflect.GeneratedMethodAccessor7.invoke(Unknown Source)
at java.base/jdk.internal.reflect.DelegatingMethodAccessorImpl.invoke(DelegatingMethodAccessorImpl.java:43)
at java.base/java.lang.reflect.Method.invoke(Method.java:568)
at org.openqa.selenium.support.events.EventFiringWebDriver.lambda$new$0(EventFiringWebDriver.java:85)
at jdk.proxy2/jdk.proxy2.$Proxy13.onException(Unknown Source)
at org.openqa.selenium.support.events.EventFiringWebDriver.lambda$new$1(EventFiringWebDriver.java:108)
at jdk.proxy2/jdk.proxy2.$Proxy14.getScreenshotAs(Unknown Source)
at org.openqa.selenium.support.events.EventFiringWebDriver.getScreenshotAs(EventFiringWebDriver.java:303)
at com.qa.utils.TestUtil.takeScreenshotAtEndOfTest(TestUtil.java:179)
at com.qa.utils.WebEventListener.onException(WebEventListener.java:59)
at jdk.internal.reflect.GeneratedMethodAccessor7.invoke(Unknown Source)
at java.base/jdk.internal.reflect.DelegatingMethodAccessorImpl.invoke(DelegatingMethodAccessorImpl.java:43)
at java.base/java.lang.reflect.Method.invoke(Method.java:568)
at org.openqa.selenium.support.events.EventFiringWebDriver.lambda$new$0(EventFiringWebDriver.java:85)
at jdk.proxy2/jdk.proxy2.$Proxy13.onException(Unknown Source)
at org.openqa.selenium.support.events.EventFiringWebDriver.lambda$new$1(EventFiringWebDriver.java:108)
at jdk.proxy2/jdk.proxy2.$Proxy14.getScreenshotAs(Unknown Source)
at org.openqa.selenium.support.events.EventFiringWebDriver.getScreenshotAs(EventFiringWebDriver.java:303)
at com.qa.utils.TestUtil.takeScreenshotAtEndOfTest(TestUtil.java:179)
at com.qa.utils.WebEventListener.onException(WebEventListener.java:59)
at jdk.internal.reflect.GeneratedMethodAccessor7.invoke(Unknown Source)
at java.base/jdk.internal.reflect.DelegatingMethodAccessorImpl.invoke(DelegatingMethodAccessorImpl.java:43)
at java.base/java.lang.reflect.Method.invoke(Method.java:568)
at org.openqa.selenium.support.events.EventFiringWebDriver.lambda$new$0(EventFiringWebDriver.java:85)
at jdk.proxy2/jdk.proxy2.$Proxy13.onException(Unknown Source)
at org.openqa.selenium.support.events.EventFiringWebDriver.lambda$new$1(EventFiringWebDriver.java:108)
at jdk.proxy2/jdk.proxy2.$Proxy14.getScreenshotAs(Unknown Source)
at org.openqa.selenium.support.events.EventFiringWebDriver.getScreenshotAs(EventFiringWebDriver.java:303)
at com.qa.utils.TestUtil.takeScreenshotAtEndOfTest(TestUtil.java:179)
at com.qa.utils.WebEventListener.onException(WebEventListener.java:59)
at jdk.internal.reflect.GeneratedMethodAccessor7.invoke(Unknown Source)
at java.base/jdk.internal.reflect.DelegatingMethodAccessorImpl.invoke(DelegatingMethodAccessorImpl.java:43)
at java.base/java.lang.reflect.Method.invoke(Method.java:568)
at org.openqa.selenium.support.events.EventFiringWebDriver.lambda$new$0(EventFiringWebDriver.java:85)
at jdk.proxy2/jdk.proxy2.$Proxy13.onException(Unknown Source)
at org.openqa.selenium.support.events.EventFiringWebDriver.lambda$new$1(EventFiringWebDriver.java:108)
at jdk.proxy2/jdk.proxy2.$Proxy14.getScreenshotAs(Unknown Source)
at org.openqa.selenium.support.events.EventFiringWebDriver.getScreenshotAs(EventFiringWebDriver.java:303)
at com.qa.utils.TestUtil.takeScreenshotAtEndOfTest(TestUtil.java:179)
at com.qa.utils.WebEventListener.onException(WebEventListener.java:59)
at jdk.internal.reflect.GeneratedMethodAccessor7.invoke(Unknown Source)
at java.base/jdk.internal.reflect.DelegatingMethodAccessorImpl.invoke(DelegatingMethodAccessorImpl.java:43)
at java.base/java.lang.reflect.Method.invoke(Method.java:568)
at org.openqa.selenium.support.events.EventFiringWebDriver.lambda$new$0(EventFiringWebDriver.java:85)
at jdk.proxy2/jdk.proxy2.$Proxy13.onException(Unknown Source)
at org.openqa.selenium.support.events.EventFiringWebDriver.lambda$new$1(EventFiringWebDriver.java:108)
at jdk.proxy2/jdk.proxy2.$Proxy14.getScreenshotAs(Unknown Source)
at org.openqa.selenium.support.events.EventFiringWebDriver.getScreenshotAs(EventFiringWebDriver.java:303)
at com.qa.utils.TestUtil.takeScreenshotAtEndOfTest(TestUtil.java:179)
at com.qa.utils.WebEventListener.onException(WebEventListener.java:59)
at jdk.internal.reflect.GeneratedMethodAccessor7.invoke(Unknown Source)
at java.base/jdk.internal.reflect.DelegatingMethodAccessorImpl.invoke(DelegatingMethodAccessorImpl.java:43)
at java.base/java.lang.reflect.Method.invoke(Method.java:568)
at org.openqa.selenium.support.events.EventFiringWebDriver.lambda$new$0(EventFiringWebDriver.java:85)
at jdk.proxy2/jdk.proxy2.$Proxy13.onException(Unknown Source)
at org.openqa.selenium.support.events.EventFiringWebDriver.lambda$new$1(EventFiringWebDriver.java:108)
at jdk.proxy2/jdk.proxy2.$Proxy14.getScreenshotAs(Unknown Source)
at org.openqa.selenium.support.events.EventFiringWebDriver.getScreenshotAs(EventFiringWebDriver.java:303)
at com.qa.utils.TestUtil.takeScreenshotAtEndOfTest(TestUtil.java:179)
at com.qa.utils.WebEventListener.onException(WebEventListener.java:59)
at jdk.internal.reflect.GeneratedMethodAccessor7.invoke(Unknown Source)
at java.base/jdk.internal.reflect.DelegatingMethodAccessorImpl.invoke(DelegatingMethodAccessorImpl.java:43)
at java.base/java.lang.reflect.Method.invoke(Method.java:568)
at org.openqa.selenium.support.events.EventFiringWebDriver.lambda$new$0(EventFiringWebDriver.java:85)
at jdk.proxy2/jdk.proxy2.$Proxy13.onException(Unknown Source)
at org.openqa.selenium.support.events.EventFiringWebDriver.lambda$new$1(EventFiringWebDriver.java:108)
at jdk.proxy2/jdk.proxy2.$Proxy14.getScreenshotAs(Unknown Source)
at org.openqa.selenium.support.events.EventFiringWebDriver.getScreenshotAs(EventFiringWebDriver.java:303)
at com.qa.utils.TestUtil.takeScreenshotAtEndOfTest(TestUtil.java:179)
at com.qa.utils.WebEventListener.onException(WebEventListener.java:59)
at jdk.internal.reflect.GeneratedMethodAccessor7.invoke(Unknown Source)
at java.base/jdk.internal.reflect.DelegatingMethodAccessorImpl.invoke(DelegatingMethodAccessorImpl.java:43)
at java.base/java.lang.reflect.Method.invoke(Method.java:568)
at org.openqa.selenium.support.events.EventFiringWebDriver.lambda$new$0(EventFiringWebDriver.java:85)
at jdk.proxy2/jdk.proxy2.$Proxy13.onException(Unknown Source)
at org.openqa.selenium.support.events.EventFiringWebDriver.lambda$new$1(EventFiringWebDriver.java:108)
at jdk.proxy2/jdk.proxy2.$Proxy14.getScreenshotAs(Unknown Source)
at org.openqa.selenium.support.events.EventFiringWebDriver.getScreenshotAs(EventFiringWebDriver.java:303)
at com.qa.utils.TestUtil.takeScreenshotAtEndOfTest(TestUtil.java:179)
at com.qa.utils.WebEventListener.onException(WebEventListener.java:59)
at jdk.internal.reflect.GeneratedMethodAccessor7.invoke(Unknown Source)
at java.base/jdk.internal.reflect.DelegatingMethodAccessorImpl.invoke(DelegatingMethodAccessorImpl.java:43)
at java.base/java.lang.reflect.Method.invoke(Method.java:568)
at org.openqa.selenium.support.events.EventFiringWebDriver.lambda$new$0(EventFiringWebDriver.java:85)
at jdk.proxy2/jdk.proxy2.$Proxy13.onException(Unknown Source)
at org.openqa.selenium.support.events.EventFiringWebDriver.lambda$new$1(EventFiringWebDriver.java:108)
at jdk.proxy2/jdk.proxy2.$Proxy14.getScreenshotAs(Unknown Source)
at org.openqa.selenium.support.events.EventFiringWebDriver.getScreenshotAs(EventFiringWebDriver.java:303)
at com.qa.utils.TestUtil.takeScreenshotAtEndOfTest(TestUtil.java:179)
at com.qa.utils.WebEventListener.onException(WebEventListener.java:59)
at jdk.internal.reflect.GeneratedMethodAccessor7.invoke(Unknown Source)
at java.base/jdk.internal.reflect.DelegatingMethodAccessorImpl.invoke(DelegatingMethodAccessorImpl.java:43)
at java.base/java.lang.reflect.Method.invoke(Method.java:568)
at org.openqa.selenium.support.events.EventFiringWebDriver.lambda$new$0(EventFiringWebDriver.java:85)
at jdk.proxy2/jdk.proxy2.$Proxy13.onException(Unknown Source)
at org.openqa.selenium.support.events.EventFiringWebDriver.lambda$new$1(EventFiringWebDriver.java:108)
at jdk.proxy2/jdk.proxy2.$Proxy14.getScreenshotAs(Unknown Source)
at org.openqa.selenium.support.events.EventFiringWebDriver.getScreenshotAs(EventFiringWebDriver.java:303)
at com.qa.utils.TestUtil.takeScreenshotAtEndOfTest(TestUtil.java:179)
at com.qa.utils.WebEventListener.onException(WebEventListener.java:59)
at jdk.internal.reflect.GeneratedMethodAccessor7.invoke(Unknown Source)
at java.base/jdk.internal.reflect.DelegatingMethodAccessorImpl.invoke(DelegatingMethodAccessorImpl.java:43)
at java.base/java.lang.reflect.Method.invoke(Method.java:568)
at org.openqa.selenium.support.events.EventFiringWebDriver.lambda$new$0(EventFiringWebDriver.java:85)
at jdk.proxy2/jdk.proxy2.$Proxy13.onException(Unknown Source)
at org.openqa.selenium.support.events.EventFiringWebDriver.lambda$new$1(EventFiringWebDriver.java:108)
at jdk.proxy2/jdk.proxy2.$Proxy14.getScreenshotAs(Unknown Source)
at org.openqa.selenium.support.events.EventFiringWebDriver.getScreenshotAs(EventFiringWebDriver.java:303)
at com.qa.utils.TestUtil.takeScreenshotAtEndOfTest(TestUtil.java:179)
at com.qa.utils.WebEventListener.onException(WebEventListener.java:59)
at jdk.internal.reflect.GeneratedMethodAccessor7.invoke(Unknown Source)
at java.base/jdk.internal.reflect.DelegatingMethodAccessorImpl.invoke(DelegatingMethodAccessorImpl.java:43)
at java.base/java.lang.reflect.Method.invoke(Method.java:568)
at org.openqa.selenium.support.events.EventFiringWebDriver.lambda$new$0(EventFiringWebDriver.java:85)
at jdk.proxy2/jdk.proxy2.$Proxy13.onException(Unknown Source)
at org.openqa.selenium.support.events.EventFiringWebDriver.lambda$new$1(EventFiringWebDriver.java:108)
at jdk.proxy2/jdk.proxy2.$Proxy14.getScreenshotAs(Unknown Source)
at org.openqa.selenium.support.events.EventFiringWebDriver.getScreenshotAs(EventFiringWebDriver.java:303)
at com.qa.utils.TestUtil.takeScreenshotAtEndOfTest(TestUtil.java:179)
at com.qa.utils.WebEventListener.onException(WebEventListener.java:59)
at jdk.internal.reflect.GeneratedMethodAccessor7.invoke(Unknown Source)
at java.base/jdk.internal.reflect.DelegatingMethodAccessorImpl.invoke(DelegatingMethodAccessorImpl.java:43)
at java.base/java.lang.reflect.Method.invoke(Method.java:568)
at org.openqa.selenium.support.events.EventFiringWebDriver.lambda$new$0(EventFiringWebDriver.java:85)
at jdk.proxy2/jdk.proxy2.$Proxy13.onException(Unknown Source)
at org.openqa.selenium.support.events.EventFiringWebDriver.lambda$new$1(EventFiringWebDriver.java:108)
at jdk.proxy2/jdk.proxy2.$Proxy14.getScreenshotAs(Unknown Source)
at org.openqa.selenium.support.events.EventFiringWebDriver.getScreenshotAs(EventFiringWebDriver.java:303)
at com.qa.utils.TestUtil.takeScreenshotAtEndOfTest(TestUtil.java:179)
at com.qa.utils.WebEventListener.onException(WebEventListener.java:59)
at jdk.internal.reflect.GeneratedMethodAccessor7.invoke(Unknown Source)
at java.base/jdk.internal.reflect.DelegatingMethodAccessorImpl.invoke(DelegatingMethodAccessorImpl.java:43)
at java.base/java.lang.reflect.Method.invoke(Method.java:568)
at org.openqa.selenium.support.events.EventFiringWebDriver.lambda$new$0(EventFiringWebDriver.java:85)
at jdk.proxy2/jdk.proxy2.$Proxy13.onException(Unknown Source)
at org.openqa.selenium.support.events.EventFiringWebDriver.lambda$new$1(EventFiringWebDriver.java:108)
at jdk.proxy2/jdk.proxy2.$Proxy14.getScreenshotAs(Unknown Source)
at org.openqa.selenium.support.events.EventFiringWebDriver.getScreenshotAs(EventFiringWebDriver.java:303)
at com.qa.utils.TestUtil.takeScreenshotAtEndOfTest(TestUtil.java:179)
at com.qa.utils.WebEventListener.onException(WebEventListener.java:59)
at jdk.internal.reflect.GeneratedMethodAccessor7.invoke(Unknown Source)
at java.base/jdk.internal.reflect.DelegatingMethodAccessorImpl.invoke(DelegatingMethodAccessorImpl.java:43)
at java.base/java.lang.reflect.Method.invoke(Method.java:568)
at org.openqa.selenium.support.events.EventFiringWebDriver.lambda$new$0(EventFiringWebDriver.java:85)
at jdk.proxy2/jdk.proxy2.$Proxy13.onException(Unknown Source)
at org.openqa.selenium.support.events.EventFiringWebDriver.lambda$new$1(EventFiringWebDriver.java:108)
at jdk.proxy2/jdk.proxy2.$Proxy14.getScreenshotAs(Unknown Source)
at org.openqa.selenium.support.events.EventFiringWebDriver.getScreenshotAs(EventFiringWebDriver.java:303)
at com.qa.utils.TestUtil.takeScreenshotAtEndOfTest(TestUtil.java:179)
at com.qa.utils.WebEventListener.onException(WebEventListener.java:59)
at jdk.internal.reflect.GeneratedMethodAccessor7.invoke(Unknown Source)
at java.base/jdk.internal.reflect.DelegatingMethodAccessorImpl.invoke(DelegatingMethodAccessorImpl.java:43)
at java.base/java.lang.reflect.Method.invoke(Method.java:568)
at org.openqa.selenium.support.events.EventFiringWebDriver.lambda$new$0(EventFiringWebDriver.java:85)
at jdk.proxy2/jdk.proxy2.$Proxy13.onException(Unknown Source)
at org.openqa.selenium.support.events.EventFiringWebDriver.lambda$new$1(EventFiringWebDriver.java:108)
at jdk.proxy2/jdk.proxy2.$Proxy14.getScreenshotAs(Unknown Source)
at org.openqa.selenium.support.events.EventFiringWebDriver.getScreenshotAs(EventFiringWebDriver.java:303)
at com.qa.utils.TestUtil.takeScreenshotAtEndOfTest(TestUtil.java:179)
at com.qa.utils.WebEventListener.onException(WebEventListener.java:59)
at jdk.internal.reflect.GeneratedMethodAccessor7.invoke(Unknown Source)
at java.base/jdk.internal.reflect.DelegatingMethodAccessorImpl.invoke(DelegatingMethodAccessorImpl.java:43)
at java.base/java.lang.reflect.Method.invoke(Method.java:568)
at org.openqa.selenium.support.events.EventFiringWebDriver.lambda$new$0(EventFiringWebDriver.java:85)
at jdk.proxy2/jdk.proxy2.$Proxy13.onException(Unknown Source)
at org.openqa.selenium.support.events.EventFiringWebDriver.lambda$new$1(EventFiringWebDriver.java:108)
at jdk.proxy2/jdk.proxy2.$Proxy14.getScreenshotAs(Unknown Source)
at org.openqa.selenium.support.events.EventFiringWebDriver.getScreenshotAs(EventFiringWebDriver.java:303)
at com.qa.utils.TestUtil.takeScreenshotAtEndOfTest(TestUtil.java:179)
at com.qa.utils.WebEventListener.onException(WebEventListener.java:59)
at jdk.internal.reflect.GeneratedMethodAccessor7.invoke(Unknown Source)
at java.base/jdk.internal.reflect.DelegatingMethodAccessorImpl.invoke(DelegatingMethodAccessorImpl.java:43)
at java.base/java.lang.reflect.Method.invoke(Method.java:568)
at org.openqa.selenium.support.events.EventFiringWebDriver.lambda$new$0(EventFiringWebDriver.java:85)
at jdk.proxy2/jdk.proxy2.$Proxy13.onException(Unknown Source)
at org.openqa.selenium.support.events.EventFiringWebDriver.lambda$new$1(EventFiringWebDriver.java:108)
at jdk.proxy2/jdk.proxy2.$Proxy14.getScreenshotAs(Unknown Source)
at org.openqa.selenium.support.events.EventFiringWebDriver.getScreenshotAs(EventFiringWebDriver.java:303)
at com.qa.utils.TestUtil.takeScreenshotAtEndOfTest(TestUtil.java:179)
at com.qa.utils.WebEventListener.onException(WebEventListener.java:59)
at jdk.internal.reflect.GeneratedMethodAccessor7.invoke(Unknown Source)
at java.base/jdk.internal.reflect.DelegatingMethodAccessorImpl.invoke(DelegatingMethodAccessorImpl.java:43)
at java.base/java.lang.reflect.Method.invoke(Method.java:568)
at org.openqa.selenium.support.events.EventFiringWebDriver.lambda$new$0(EventFiringWebDriver.java:85)
at jdk.proxy2/jdk.proxy2.$Proxy13.onException(Unknown Source)
at org.openqa.selenium.support.events.EventFiringWebDriver.lambda$new$1(EventFiringWebDriver.java:108)
at jdk.proxy2/jdk.proxy2.$Proxy14.getScreenshotAs(Unknown Source)
at org.openqa.selenium.support.events.EventFiringWebDriver.getScreenshotAs(EventFiringWebDriver.java:303)
at com.qa.utils.TestUtil.takeScreenshotAtEndOfTest(TestUtil.java:179)
at com.qa.utils.WebEventListener.onException(WebEventListener.java:59)
at jdk.internal.reflect.GeneratedMethodAccessor7.invoke(Unknown Source)
at java.base/jdk.internal.reflect.DelegatingMethodAccessorImpl.invoke(DelegatingMethodAccessorImpl.java:43)
at java.base/java.lang.reflect.Method.invoke(Method.java:568)
at org.openqa.selenium.support.events.EventFiringWebDriver.lambda$new$0(EventFiringWebDriver.java:85)
at jdk.proxy2/jdk.proxy2.$Proxy13.onException(Unknown Source)
at org.openqa.selenium.support.events.EventFiringWebDriver.lambda$new$1(EventFiringWebDriver.java:108)
at jdk.proxy2/jdk.proxy2.$Proxy14.getScreenshotAs(Unknown Source)
at org.openqa.selenium.support.events.EventFiringWebDriver.getScreenshotAs(EventFiringWebDriver.java:303)
at com.qa.utils.TestUtil.takeScreenshotAtEndOfTest(TestUtil.java:179)
at com.qa.utils.WebEventListener.onException(WebEventListener.java:59)
at jdk.internal.reflect.GeneratedMethodAccessor7.invoke(Unknown Source)
at java.base/jdk.internal.reflect.DelegatingMethodAccessorImpl.invoke(DelegatingMethodAccessorImpl.java:43)
at java.base/java.lang.reflect.Method.invoke(Method.java:568)
at org.openqa.selenium.support.events.EventFiringWebDriver.lambda$new$0(EventFiringWebDriver.java:85)
at jdk.proxy2/jdk.proxy2.$Proxy13.onException(Unknown Source)
at org.openqa.selenium.support.events.EventFiringWebDriver.lambda$new$1(EventFiringWebDriver.java:108)
at jdk.proxy2/jdk.proxy2.$Proxy14.getScreenshotAs(Unknown Source)
at org.openqa.selenium.support.events.EventFiringWebDriver.getScreenshotAs(EventFiringWebDriver.java:303)
at com.qa.utils.TestUtil.takeScreenshotAtEndOfTest(TestUtil.java:179)
at com.qa.utils.WebEventListener.onException(WebEventListener.java:59)
at jdk.internal.reflect.GeneratedMethodAccessor7.invoke(Unknown Source)
at java.base/jdk.internal.reflect.DelegatingMethodAccessorImpl.invoke(DelegatingMethodAccessorImpl.java:43)
at java.base/java.lang.reflect.Method.invoke(Method.java:568)
at org.openqa.selenium.support.events.EventFiringWebDriver.lambda$new$0(EventFiringWebDriver.java:85)
at jdk.proxy2/jdk.proxy2.$Proxy13.onException(Unknown Source)
at org.openqa.selenium.support.events.EventFiringWebDriver.lambda$new$1(EventFiringWebDriver.java:108)
at jdk.proxy2/jdk.proxy2.$Proxy14.getScreenshotAs(Unknown Source)
at org.openqa.selenium.support.events.EventFiringWebDriver.getScreenshotAs(EventFiringWebDriver.java:303)
at com.qa.utils.TestUtil.takeScreenshotAtEndOfTest(TestUtil.java:179)
at com.qa.utils.WebEventListener.onException(WebEventListener.java:59)
at jdk.internal.reflect.GeneratedMethodAccessor7.invoke(Unknown Source)
at java.base/jdk.internal.reflect.DelegatingMethodAccessorImpl.invoke(DelegatingMethodAccessorImpl.java:43)
at java.base/java.lang.reflect.Method.invoke(Method.java:568)
at org.openqa.selenium.support.events.EventFiringWebDriver.lambda$new$0(EventFiringWebDriver.java:85)
at jdk.proxy2/jdk.proxy2.$Proxy13.onException(Unknown Source)
at org.openqa.selenium.support.events.EventFiringWebDriver.lambda$new$1(EventFiringWebDriver.java:108)
at jdk.proxy2/jdk.proxy2.$Proxy14.getScreenshotAs(Unknown Source)
at org.openqa.selenium.support.events.EventFiringWebDriver.getScreenshotAs(EventFiringWebDriver.java:303)
at com.qa.utils.TestUtil.takeScreenshotAtEndOfTest(TestUtil.java:179)
at com.qa.utils.WebEventListener.onException(WebEventListener.java:59)
at jdk.internal.reflect.GeneratedMethodAccessor7.invoke(Unknown Source)
at java.base/jdk.internal.reflect.DelegatingMethodAccessorImpl.invoke(DelegatingMethodAccessorImpl.java:43)
at java.base/java.lang.reflect.Method.invoke(Method.java:568)
at org.openqa.selenium.support.events.EventFiringWebDriver.lambda$new$0(EventFiringWebDriver.java:85)
at jdk.proxy2/jdk.proxy2.$Proxy13.onException(Unknown Source)
at org.openqa.selenium.support.events.EventFiringWebDriver.lambda$new$1(EventFiringWebDriver.java:108)
at jdk.proxy2/jdk.proxy2.$Proxy14.getScreenshotAs(Unknown Source)
at org.openqa.selenium.support.events.EventFiringWebDriver.getScreenshotAs(EventFiringWebDriver.java:303)
at com.qa.utils.TestUtil.takeScreenshotAtEndOfTest(TestUtil.java:179)
at com.qa.utils.WebEventListener.onException(WebEventListener.java:59)
at jdk.internal.reflect.GeneratedMethodAccessor7.invoke(Unknown Source)
at java.base/jdk.internal.reflect.DelegatingMethodAccessorImpl.invoke(DelegatingMethodAccessorImpl.java:43)
at java.base/java.lang.reflect.Method.invoke(Method.java:568)
at org.openqa.selenium.support.events.EventFiringWebDriver.lambda$new$0(EventFiringWebDriver.java:85)
at jdk.proxy2/jdk.proxy2.$Proxy13.onException(Unknown Source)
at org.openqa.selenium.support.events.EventFiringWebDriver.lambda$new$1(EventFiringWebDriver.java:108)
at jdk.proxy2/jdk.proxy2.$Proxy14.getScreenshotAs(Unknown Source)
at org.openqa.selenium.support.events.EventFiringWebDriver.getScreenshotAs(EventFiringWebDriver.java:303)
at com.qa.utils.TestUtil.takeScreenshotAtEndOfTest(TestUtil.java:179)
at com.qa.utils.WebEventListener.onException(WebEventListener.java:59)
at jdk.internal.reflect.GeneratedMethodAccessor7.invoke(Unknown Source)
at java.base/jdk.internal.reflect.DelegatingMethodAccessorImpl.invoke(DelegatingMethodAccessorImpl.java:43)
at java.base/java.lang.reflect.Method.invoke(Method.java:568)
at org.openqa.selenium.support.events.EventFiringWebDriver.lambda$new$0(EventFiringWebDriver.java:85)
at jdk.proxy2/jdk.proxy2.$Proxy13.onException(Unknown Source)
at org.openqa.selenium.support.events.EventFiringWebDriver.lambda$new$1(EventFiringWebDriver.java:108)
at jdk.proxy2/jdk.proxy2.$Proxy14.getScreenshotAs(Unknown Source)
at org.openqa.selenium.support.events.EventFiringWebDriver.getScreenshotAs(EventFiringWebDriver.java:303)
at com.qa.utils.TestUtil.takeScreenshotAtEndOfTest(TestUtil.java:179)
at com.qa.utils.WebEventListener.onException(WebEventListener.java:59)
at jdk.internal.reflect.GeneratedMethodAccessor7.invoke(Unknown Source)
at java.base/jdk.internal.reflect.DelegatingMethodAccessorImpl.invoke(DelegatingMethodAccessorImpl.java:43)
at java.base/java.lang.reflect.Method.invoke(Method.java:568)
at org.openqa.selenium.support.events.EventFiringWebDriver.lambda$new$0(EventFiringWebDriver.java:85)
at jdk.proxy2/jdk.proxy2.$Proxy13.onException(Unknown Source)
at org.openqa.selenium.support.events.EventFiringWebDriver.lambda$new$1(EventFiringWebDriver.java:108)
at jdk.proxy2/jdk.proxy2.$Proxy14.getScreenshotAs(Unknown Source)
at org.openqa.selenium.support.events.EventFiringWebDriver.getScreenshotAs(EventFiringWebDriver.java:303)
at com.qa.utils.TestUtil.takeScreenshotAtEndOfTest(TestUtil.java:179)
at com.qa.utils.WebEventListener.onException(WebEventListener.java:59)
at jdk.internal.reflect.GeneratedMethodAccessor7.invoke(Unknown Source)
at java.base/jdk.internal.reflect.DelegatingMethodAccessorImpl.invoke(DelegatingMethodAccessorImpl.java:43)
at java.base/java.lang.reflect.Method.invoke(Method.java:568)
at org.openqa.selenium.support.events.EventFiringWebDriver.lambda$new$0(EventFiringWebDriver.java:85)
at jdk.proxy2/jdk.proxy2.$Proxy13.onException(Unknown Source)
at org.openqa.selenium.support.events.EventFiringWebDriver.lambda$new$1(EventFiringWebDriver.java:108)
at jdk.proxy2/jdk.proxy2.$Proxy14.getScreenshotAs(Unknown Source)
at org.openqa.selenium.support.events.EventFiringWebDriver.getScreenshotAs(EventFiringWebDriver.java:303)
at com.qa.utils.TestUtil.takeScreenshotAtEndOfTest(TestUtil.java:179)
at com.qa.utils.WebEventListener.onException(WebEventListener.java:59)
at jdk.internal.reflect.GeneratedMethodAccessor7.invoke(Unknown Source)
at java.base/jdk.internal.reflect.DelegatingMethodAccessorImpl.invoke(DelegatingMethodAccessorImpl.java:43)
at java.base/java.lang.reflect.Method.invoke(Method.java:568)
at org.openqa.selenium.support.events.EventFiringWebDriver.lambda$new$0(EventFiringWebDriver.java:85)
at jdk.proxy2/jdk.proxy2.$Proxy13.onException(Unknown Source)
at org.openqa.selenium.support.events.EventFiringWebDriver.lambda$new$1(EventFiringWebDriver.java:108)
at jdk.proxy2/jdk.proxy2.$Proxy14.getScreenshotAs(Unknown Source)
at org.openqa.selenium.support.events.EventFiringWebDriver.getScreenshotAs(EventFiringWebDriver.java:303)
at com.qa.utils.TestUtil.takeScreenshotAtEndOfTest(TestUtil.java:179)
at com.qa.utils.WebEventListener.onException(WebEventListener.java:59)
at jdk.internal.reflect.GeneratedMethodAccessor7.invoke(Unknown Source)
at java.base/jdk.internal.reflect.DelegatingMethodAccessorImpl.invoke(DelegatingMethodAccessorImpl.java:43)
at java.base/java.lang.reflect.Method.invoke(Method.java:568)
at org.openqa.selenium.support.events.EventFiringWebDriver.lambda$new$0(EventFiringWebDriver.java:85)
at jdk.proxy2/jdk.proxy2.$Proxy13.onException(Unknown Source)
at org.openqa.selenium.support.events.EventFiringWebDriver.lambda$new$1(EventFiringWebDriver.java:108)
at jdk.proxy2/jdk.proxy2.$Proxy14.getScreenshotAs(Unknown Source)
at org.openqa.selenium.support.events.EventFiringWebDriver.getScreenshotAs(EventFiringWebDriver.java:303)
at com.qa.utils.TestUtil.takeScreenshotAtEndOfTest(TestUtil.java:179)
at com.qa.utils.WebEventListener.onException(WebEventListener.java:59)
at jdk.internal.reflect.GeneratedMethodAccessor7.invoke(Unknown Source)
at java.base/jdk.internal.reflect.DelegatingMethodAccessorImpl.invoke(DelegatingMethodAccessorImpl.java:43)
at java.base/java.lang.reflect.Method.invoke(Method.java:568)
at org.openqa.selenium.support.events.EventFiringWebDriver.lambda$new$0(EventFiringWebDriver.java:85)
at jdk.proxy2/jdk.proxy2.$Proxy13.onException(Unknown Source)
at org.openqa.selenium.support.events.EventFiringWebDriver.lambda$new$1(EventFiringWebDriver.java:108)
at jdk.proxy2/jdk.proxy2.$Proxy14.getScreenshotAs(Unknown Source)
at org.openqa.selenium.support.events.EventFiringWebDriver.getScreenshotAs(EventFiringWebDriver.java:303)
at com.qa.utils.TestUtil.takeScreenshotAtEndOfTest(TestUtil.java:179)
at com.qa.utils.WebEventListener.onException(WebEventListener.java:59)
at jdk.internal.reflect.GeneratedMethodAccessor7.invoke(Unknown Source)
at java.base/jdk.internal.reflect.DelegatingMethodAccessorImpl.invoke(DelegatingMethodAccessorImpl.java:43)
at java.base/java.lang.reflect.Method.invoke(Method.java:568)
at org.openqa.selenium.support.events.EventFiringWebDriver.lambda$new$0(EventFiringWebDriver.java:85)
at jdk.proxy2/jdk.proxy2.$Proxy13.onException(Unknown Source)
at org.openqa.selenium.support.events.EventFiringWebDriver.lambda$new$1(EventFiringWebDriver.java:108)
at jdk.proxy2/jdk.proxy2.$Proxy14.getScreenshotAs(Unknown Source)
at org.openqa.selenium.support.events.EventFiringWebDriver.getScreenshotAs(EventFiringWebDriver.java:303)
at com.qa.utils.TestUtil.takeScreenshotAtEndOfTest(TestUtil.java:179)
at com.qa.utils.WebEventListener.onException(WebEventListener.java:59)
at jdk.internal.reflect.GeneratedMethodAccessor7.invoke(Unknown Source)
at java.base/jdk.internal.reflect.DelegatingMethodAccessorImpl.invoke(DelegatingMethodAccessorImpl.java:43)
at java.base/java.lang.reflect.Method.invoke(Method.java:568)
at org.openqa.selenium.support.events.EventFiringWebDriver.lambda$new$0(EventFiringWebDriver.java:85)
at jdk.proxy2/jdk.proxy2.$Proxy13.onException(Unknown Source)
at org.openqa.selenium.support.events.EventFiringWebDriver.lambda$new$1(EventFiringWebDriver.java:108)
at jdk.proxy2/jdk.proxy2.$Proxy14.getScreenshotAs(Unknown Source)
at org.openqa.selenium.support.events.EventFiringWebDriver.getScreenshotAs(EventFiringWebDriver.java:303)
at com.qa.utils.TestUtil.takeScreenshotAtEndOfTest(TestUtil.java:179)
at com.qa.utils.WebEventListener.onException(WebEventListener.java:59)
at jdk.internal.reflect.GeneratedMethodAccessor7.invoke(Unknown Source)
at java.base/jdk.internal.reflect.DelegatingMethodAccessorImpl.invoke(DelegatingMethodAccessorImpl.java:43)
at java.base/java.lang.reflect.Method.invoke(Method.java:568)
at org.openqa.selenium.support.events.EventFiringWebDriver.lambda$new$0(EventFiringWebDriver.java:85)
at jdk.proxy2/jdk.proxy2.$Proxy13.onException(Unknown Source)
at org.openqa.selenium.support.events.EventFiringWebDriver.lambda$new$1(EventFiringWebDriver.java:108)
at jdk.proxy2/jdk.proxy2.$Proxy14.getScreenshotAs(Unknown Source)
at org.openqa.selenium.support.events.EventFiringWebDriver.getScreenshotAs(EventFiringWebDriver.java:303)
at com.qa.utils.TestUtil.takeScreenshotAtEndOfTest(TestUtil.java:179)
at com.qa.utils.WebEventListener.onException(WebEventListener.java:59)
at jdk.internal.reflect.GeneratedMethodAccessor7.invoke(Unknown Source)
at java.base/jdk.internal.reflect.DelegatingMethodAccessorImpl.invoke(DelegatingMethodAccessorImpl.java:43)
at java.base/java.lang.reflect.Method.invoke(Method.java:568)
at org.openqa.selenium.support.events.EventFiringWebDriver.lambda$new$0(EventFiringWebDriver.java:85)
at jdk.proxy2/jdk.proxy2.$Proxy13.onException(Unknown Source)
at org.openqa.selenium.support.events.EventFiringWebDriver.lambda$new$1(EventFiringWebDriver.java:108)
at jdk.proxy2/jdk.proxy2.$Proxy14.getScreenshotAs(Unknown Source)
at org.openqa.selenium.support.events.EventFiringWebDriver.getScreenshotAs(EventFiringWebDriver.java:303)
at com.qa.utils.TestUtil.takeScreenshotAtEndOfTest(TestUtil.java:179)
at com.qa.utils.WebEventListener.onException(WebEventListener.java:59)
at jdk.internal.reflect.GeneratedMethodAccessor7.invoke(Unknown Source)
at java.base/jdk.internal.reflect.DelegatingMethodAccessorImpl.invoke(DelegatingMethodAccessorImpl.java:43)
at java.base/java.lang.reflect.Method.invoke(Method.java:568)
at org.openqa.selenium.support.events.EventFiringWebDriver.lambda$new$0(EventFiringWebDriver.java:85)
at jdk.proxy2/jdk.proxy2.$Proxy13.onException(Unknown Source)
at org.openqa.selenium.support.events.EventFiringWebDriver.lambda$new$1(EventFiringWebDriver.java:108)
at jdk.proxy2/jdk.proxy2.$Proxy14.getScreenshotAs(Unknown Source)
at org.openqa.selenium.support.events.EventFiringWebDriver.getScreenshotAs(EventFiringWebDriver.java:303)
at com.qa.utils.TestUtil.takeScreenshotAtEndOfTest(TestUtil.java:179)
at com.qa.utils.WebEventListener.onException(WebEventListener.java:59)
at jdk.internal.reflect.GeneratedMethodAccessor7.invoke(Unknown Source)
at java.base/jdk.internal.reflect.DelegatingMethodAccessorImpl.invoke(DelegatingMethodAccessorImpl.java:43)
at java.base/java.lang.reflect.Method.invoke(Method.java:568)
at org.openqa.selenium.support.events.EventFiringWebDriver.lambda$new$0(EventFiringWebDriver.java:85)
at jdk.proxy2/jdk.proxy2.$Proxy13.onException(Unknown Source)
at org.openqa.selenium.support.events.EventFiringWebDriver.lambda$new$1(EventFiringWebDriver.java:108)
at jdk.proxy2/jdk.proxy2.$Proxy14.getScreenshotAs(Unknown Source)
at org.openqa.selenium.support.events.EventFiringWebDriver.getScreenshotAs(EventFiringWebDriver.java:303)
at com.qa.utils.TestUtil.takeScreenshotAtEndOfTest(TestUtil.java:179)
at com.qa.utils.WebEventListener.onException(WebEventListener.java:59)
at jdk.internal.reflect.GeneratedMethodAccessor7.invoke(Unknown Source)
at java.base/jdk.internal.reflect.DelegatingMethodAccessorImpl.invoke(DelegatingMethodAccessorImpl.java:43)
at java.base/java.lang.reflect.Method.invoke(Method.java:568)
at org.openqa.selenium.support.events.EventFiringWebDriver.lambda$new$0(EventFiringWebDriver.java:85)
at jdk.proxy2/jdk.proxy2.$Proxy13.onException(Unknown Source)
at org.openqa.selenium.support.events.EventFiringWebDriver.lambda$new$1(EventFiringWebDriver.java:108)
at jdk.proxy2/jdk.proxy2.$Proxy14.getScreenshotAs(Unknown Source)
at org.openqa.selenium.support.events.EventFiringWebDriver.getScreenshotAs(EventFiringWebDriver.java:303)
at com.qa.utils.TestUtil.takeScreenshotAtEndOfTest(TestUtil.java:179)
at com.qa.utils.WebEventListener.onException(WebEventListener.java:59)
at jdk.internal.reflect.GeneratedMethodAccessor7.invoke(Unknown Source)
at java.base/jdk.internal.reflect.DelegatingMethodAccessorImpl.invoke(DelegatingMethodAccessorImpl.java:43)
at java.base/java.lang.reflect.Method.invoke(Method.java:568)
at org.openqa.selenium.support.events.EventFiringWebDriver.lambda$new$0(EventFiringWebDriver.java:85)
at jdk.proxy2/jdk.proxy2.$Proxy13.onException(Unknown Source)
at org.openqa.selenium.support.events.EventFiringWebDriver.lambda$new$1(EventFiringWebDriver.java:108)
at jdk.proxy2/jdk.proxy2.$Proxy14.getScreenshotAs(Unknown Source)
at org.openqa.selenium.support.events.EventFiringWebDriver.getScreenshotAs(EventFiringWebDriver.java:303)
at com.qa.utils.TestUtil.takeScreenshotAtEndOfTest(TestUtil.java:179)
at com.qa.utils.WebEventListener.onException(WebEventListener.java:59)
at jdk.internal.reflect.GeneratedMethodAccessor7.invoke(Unknown Source)
at java.base/jdk.internal.reflect.DelegatingMethodAccessorImpl.invoke(DelegatingMethodAccessorImpl.java:43)
at java.base/java.lang.reflect.Method.invoke(Method.java:568)
at org.openqa.selenium.support.events.EventFiringWebDriver.lambda$new$0(EventFiringWebDriver.java:85)
at jdk.proxy2/jdk.proxy2.$Proxy13.onException(Unknown Source)
at org.openqa.selenium.support.events.EventFiringWebDriver.lambda$new$1(EventFiringWebDriver.java:108)
at jdk.proxy2/jdk.proxy2.$Proxy14.getScreenshotAs(Unknown Source)
at org.openqa.selenium.support.events.EventFiringWebDriver.getScreenshotAs(EventFiringWebDriver.java:303)
at com.qa.utils.TestUtil.takeScreenshotAtEndOfTest(TestUtil.java:179)
at com.qa.utils.WebEventListener.onException(WebEventListener.java:59)
at jdk.internal.reflect.GeneratedMethodAccessor7.invoke(Unknown Source)
at java.base/jdk.internal.reflect.DelegatingMethodAccessorImpl.invoke(DelegatingMethodAccessorImpl.java:43)
at java.base/java.lang.reflect.Method.invoke(Method.java:568)
at org.openqa.selenium.support.events.EventFiringWebDriver.lambda$new$0(EventFiringWebDriver.java:85)
at jdk.proxy2/jdk.proxy2.$Proxy13.onException(Unknown Source)
at org.openqa.selenium.support.events.EventFiringWebDriver.lambda$new$1(EventFiringWebDriver.java:108)
at jdk.proxy2/jdk.proxy2.$Proxy14.getScreenshotAs(Unknown Source)
at org.openqa.selenium.support.events.EventFiringWebDriver.getScreenshotAs(EventFiringWebDriver.java:303)
at com.qa.utils.TestUtil.takeScreenshotAtEndOfTest(TestUtil.java:179)
at com.qa.utils.WebEventListener.onException(WebEventListener.java:59)
at jdk.internal.reflect.GeneratedMethodAccessor7.invoke(Unknown Source)
at java.base/jdk.internal.reflect.DelegatingMethodAccessorImpl.invoke(DelegatingMethodAccessorImpl.java:43)
at java.base/java.lang.reflect.Method.invoke(Method.java:568)
at org.openqa.selenium.support.events.EventFiringWebDriver.lambda$new$0(EventFiringWebDriver.java:85)
at jdk.proxy2/jdk.proxy2.$Proxy13.onException(Unknown Source)
at org.openqa.selenium.support.events.EventFiringWebDriver.lambda$new$1(EventFiringWebDriver.java:108)
at jdk.proxy2/jdk.proxy2.$Proxy14.getScreenshotAs(Unknown Source)
at org.openqa.selenium.support.events.EventFiringWebDriver.getScreenshotAs(EventFiringWebDriver.java:303)
at com.qa.utils.TestUtil.takeScreenshotAtEndOfTest(TestUtil.java:179)
at com.qa.utils.WebEventListener.onException(WebEventListener.java:59)
at jdk.internal.reflect.GeneratedMethodAccessor7.invoke(Unknown Source)
at java.base/jdk.internal.reflect.DelegatingMethodAccessorImpl.invoke(DelegatingMethodAccessorImpl.java:43)
at java.base/java.lang.reflect.Method.invoke(Method.java:568)
at org.openqa.selenium.support.events.EventFiringWebDriver.lambda$new$0(EventFiringWebDriver.java:85)
at jdk.proxy2/jdk.proxy2.$Proxy13.onException(Unknown Source)
at org.openqa.selenium.support.events.EventFiringWebDriver.lambda$new$1(EventFiringWebDriver.java:108)
at jdk.proxy2/jdk.proxy2.$Proxy14.getScreenshotAs(Unknown Source)
at org.openqa.selenium.support.events.EventFiringWebDriver.getScreenshotAs(EventFiringWebDriver.java:303)
at com.qa.utils.TestUtil.takeScreenshotAtEndOfTest(TestUtil.java:179)
at com.qa.utils.WebEventListener.onException(WebEventListener.java:59)
at jdk.internal.reflect.GeneratedMethodAccessor7.invoke(Unknown Source)
at java.base/jdk.internal.reflect.DelegatingMethodAccessorImpl.invoke(DelegatingMethodAccessorImpl.java:43)
at java.base/java.lang.reflect.Method.invoke(Method.java:568)
at org.openqa.selenium.support.events.EventFiringWebDriver.lambda$new$0(EventFiringWebDriver.java:85)
at jdk.proxy2/jdk.proxy2.$Proxy13.onException(Unknown Source)
at org.openqa.selenium.support.events.EventFiringWebDriver.lambda$new$1(EventFiringWebDriver.java:108)
at jdk.proxy2/jdk.proxy2.$Proxy14.getScreenshotAs(Unknown Source)
at org.openqa.selenium.support.events.EventFiringWebDriver.getScreenshotAs(EventFiringWebDriver.java:303)
at com.qa.utils.TestUtil.takeScreenshotAtEndOfTest(TestUtil.java:179)
at com.qa.utils.WebEventListener.onException(WebEventListener.java:59)
at jdk.internal.reflect.GeneratedMethodAccessor7.invoke(Unknown Source)
at java.base/jdk.internal.reflect.DelegatingMethodAccessorImpl.invoke(DelegatingMethodAccessorImpl.java:43)
at java.base/java.lang.reflect.Method.invoke(Method.java:568)
at org.openqa.selenium.support.events.EventFiringWebDriver.lambda$new$0(EventFiringWebDriver.java:85)
at jdk.proxy2/jdk.proxy2.$Proxy13.onException(Unknown Source)
at org.openqa.selenium.support.events.EventFiringWebDriver.lambda$new$1(EventFiringWebDriver.java:108)
at jdk.proxy2/jdk.proxy2.$Proxy14.getScreenshotAs(Unknown Source)
at org.openqa.selenium.support.events.EventFiringWebDriver.getScreenshotAs(EventFiringWebDriver.java:303)
at com.qa.utils.TestUtil.takeScreenshotAtEndOfTest(TestUtil.java:179)
at com.qa.utils.WebEventListener.onException(WebEventListener.java:59)
at jdk.internal.reflect.GeneratedMethodAccessor7.invoke(Unknown Source)
at java.base/jdk.internal.reflect.DelegatingMethodAccessorImpl.invoke(DelegatingMethodAccessorImpl.java:43)
at java.base/java.lang.reflect.Method.invoke(Method.java:568)
at org.openqa.selenium.support.events.EventFiringWebDriver.lambda$new$0(EventFiringWebDriver.java:85)
at jdk.proxy2/jdk.proxy2.$Proxy13.onException(Unknown Source)
at org.openqa.selenium.support.events.EventFiringWebDriver.lambda$new$1(EventFiringWebDriver.java:108)
at jdk.proxy2/jdk.proxy2.$Proxy14.getScreenshotAs(Unknown Source)
at org.openqa.selenium.support.events.EventFiringWebDriver.getScreenshotAs(EventFiringWebDriver.java:303)
at com.qa.utils.TestUtil.takeScreenshotAtEndOfTest(TestUtil.java:179)
at com.qa.utils.WebEventListener.onException(WebEventListener.java:59)
at jdk.internal.reflect.GeneratedMethodAccessor7.invoke(Unknown Source)
at java.base/jdk.internal.reflect.DelegatingMethodAccessorImpl.invoke(DelegatingMethodAccessorImpl.java:43)
at java.base/java.lang.reflect.Method.invoke(Method.java:568)
at org.openqa.selenium.support.events.EventFiringWebDriver.lambda$new$0(EventFiringWebDriver.java:85)
at jdk.proxy2/jdk.proxy2.$Proxy13.onException(Unknown Source)
at org.openqa.selenium.support.events.EventFiringWebDriver.lambda$new$1(EventFiringWebDriver.java:108)
at jdk.proxy2/jdk.proxy2.$Proxy14.getScreenshotAs(Unknown Source)
at org.openqa.selenium.support.events.EventFiringWebDriver.getScreenshotAs(EventFiringWebDriver.java:303)
at com.qa.utils.TestUtil.takeScreenshotAtEndOfTest(TestUtil.java:179)
at com.qa.utils.WebEventListener.onException(WebEventListener.java:59)
at jdk.internal.reflect.GeneratedMethodAccessor7.invoke(Unknown Source)
at java.base/jdk.internal.reflect.DelegatingMethodAccessorImpl.invoke(DelegatingMethodAccessorImpl.java:43)
at java.base/java.lang.reflect.Method.invoke(Method.java:568)
at org.openqa.selenium.support.events.EventFiringWebDriver.lambda$new$0(EventFiringWebDriver.java:85)
at jdk.proxy2/jdk.proxy2.$Proxy13.onException(Unknown Source)
at org.openqa.selenium.support.events.EventFiringWebDriver.lambda$new$1(EventFiringWebDriver.java:108)
at jdk.proxy2/jdk.proxy2.$Proxy14.getScreenshotAs(Unknown Source)
at org.openqa.selenium.support.events.EventFiringWebDriver.getScreenshotAs(EventFiringWebDriver.java:303)
at com.qa.utils.TestUtil.takeScreenshotAtEndOfTest(TestUtil.java:179)
at com.qa.utils.WebEventListener.onException(WebEventListener.java:59)
at jdk.internal.reflect.GeneratedMethodAccessor7.invoke(Unknown Source)
at java.base/jdk.internal.reflect.DelegatingMethodAccessorImpl.invoke(DelegatingMethodAccessorImpl.java:43)
at java.base/java.lang.reflect.Method.invoke(Method.java:568)
at org.openqa.selenium.support.events.EventFiringWebDriver.lambda$new$0(EventFiringWebDriver.java:85)
at jdk.proxy2/jdk.proxy2.$Proxy13.onException(Unknown Source)
at org.openqa.selenium.support.events.EventFiringWebDriver.lambda$new$1(EventFiringWebDriver.java:108)
at jdk.proxy2/jdk.proxy2.$Proxy14.getScreenshotAs(Unknown Source)
at org.openqa.selenium.support.events.EventFiringWebDriver.getScreenshotAs(EventFiringWebDriver.java:303)
at com.qa.utils.TestUtil.takeScreenshotAtEndOfTest(TestUtil.java:179)
at com.qa.utils.WebEventListener.onException(WebEventListener.java:59)
at jdk.internal.reflect.GeneratedMethodAccessor7.invoke(Unknown Source)
at java.base/jdk.internal.reflect.DelegatingMethodAccessorImpl.invoke(DelegatingMethodAccessorImpl.java:43)
at java.base/java.lang.reflect.Method.invoke(Method.java:568)
at org.openqa.selenium.support.events.EventFiringWebDriver.lambda$new$0(EventFiringWebDriver.java:85)
at jdk.proxy2/jdk.proxy2.$Proxy13.onException(Unknown Source)
at org.openqa.selenium.support.events.EventFiringWebDriver.lambda$new$1(EventFiringWebDriver.java:108)
at jdk.proxy2/jdk.proxy2.$Proxy14.getScreenshotAs(Unknown Source)
at org.openqa.selenium.support.events.EventFiringWebDriver.getScreenshotAs(EventFiringWebDriver.java:303)
at com.qa.utils.TestUtil.takeScreenshotAtEndOfTest(TestUtil.java:179)
at com.qa.utils.WebEventListener.onException(WebEventListener.java:59)
at jdk.internal.reflect.GeneratedMethodAccessor7.invoke(Unknown Source)
at java.base/jdk.internal.reflect.DelegatingMethodAccessorImpl.invoke(DelegatingMethodAccessorImpl.java:43)
at java.base/java.lang.reflect.Method.invoke(Method.java:568)
at org.openqa.selenium.support.events.EventFiringWebDriver.lambda$new$0(EventFiringWebDriver.java:85)
at jdk.proxy2/jdk.proxy2.$Proxy13.onException(Unknown Source)
at org.openqa.selenium.support.events.EventFiringWebDriver.lambda$new$1(EventFiringWebDriver.java:108)
at jdk.proxy2/jdk.proxy2.$Proxy14.getScreenshotAs(Unknown Source)
at org.openqa.selenium.support.events.EventFiringWebDriver.getScreenshotAs(EventFiringWebDriver.java:303)
at com.qa.utils.TestUtil.takeScreenshotAtEndOfTest(TestUtil.java:179)
at com.qa.utils.WebEventListener.onException(WebEventListener.java:59)
at jdk.internal.reflect.GeneratedMethodAccessor7.invoke(Unknown Source)
at java.base/jdk.internal.reflect.DelegatingMethodAccessorImpl.invoke(DelegatingMethodAccessorImpl.java:43)
at java.base/java.lang.reflect.Method.invoke(Method.java:568)
at org.openqa.selenium.support.events.EventFiringWebDriver.lambda$new$0(EventFiringWebDriver.java:85)
at jdk.proxy2/jdk.proxy2.$Proxy13.onException(Unknown Source)
at org.openqa.selenium.support.events.EventFiringWebDriver.lambda$new$1(EventFiringWebDriver.java:108)
at jdk.proxy2/jdk.proxy2.$Proxy14.getScreenshotAs(Unknown Source)
at org.openqa.selenium.support.events.EventFiringWebDriver.getScreenshotAs(EventFiringWebDriver.java:303)
at com.qa.utils.TestUtil.takeScreenshotAtEndOfTest(TestUtil.java:179)
at com.qa.utils.WebEventListener.onException(WebEventListener.java:59)
at jdk.internal.reflect.GeneratedMethodAccessor7.invoke(Unknown Source)
at java.base/jdk.internal.reflect.DelegatingMethodAccessorImpl.invoke(DelegatingMethodAccessorImpl.java:43)
at java.base/java.lang.reflect.Method.invoke(Method.java:568)
at org.openqa.selenium.support.events.EventFiringWebDriver.lambda$new$0(EventFiringWebDriver.java:85)
at jdk.proxy2/jdk.proxy2.$Proxy13.onException(Unknown Source)
at org.openqa.selenium.support.events.EventFiringWebDriver.lambda$new$1(EventFiringWebDriver.java:108)
at jdk.proxy2/jdk.proxy2.$Proxy14.getScreenshotAs(Unknown Source)
at org.openqa.selenium.support.events.EventFiringWebDriver.getScreenshotAs(EventFiringWebDriver.java:303)
at com.qa.utils.TestUtil.takeScreenshotAtEndOfTest(TestUtil.java:179)
at com.qa.utils.WebEventListener.onException(WebEventListener.java:59)
at jdk.internal.reflect.GeneratedMethodAccessor7.invoke(Unknown Source)
at java.base/jdk.internal.reflect.DelegatingMethodAccessorImpl.invoke(DelegatingMethodAccessorImpl.java:43)
at java.base/java.lang.reflect.Method.invoke(Method.java:568)
at org.openqa.selenium.support.events.EventFiringWebDriver.lambda$new$0(EventFiringWebDriver.java:85)
at jdk.proxy2/jdk.proxy2.$Proxy13.onException(Unknown Source)
at org.openqa.selenium.support.events.EventFiringWebDriver.lambda$new$1(EventFiringWebDriver.java:108)
at jdk.proxy2/jdk.proxy2.$Proxy14.getScreenshotAs(Unknown Source)
at org.openqa.selenium.support.events.EventFiringWebDriver.getScreenshotAs(EventFiringWebDriver.java:303)
at com.qa.utils.TestUtil.takeScreenshotAtEndOfTest(TestUtil.java:179)
at com.qa.utils.WebEventListener.onException(WebEventListener.java:59)
at jdk.internal.reflect.GeneratedMethodAccessor7.invoke(Unknown Source)
at java.base/jdk.internal.reflect.DelegatingMethodAccessorImpl.invoke(DelegatingMethodAccessorImpl.java:43)
at java.base/java.lang.reflect.Method.invoke(Method.java:568)
at org.openqa.selenium.support.events.EventFiringWebDriver.lambda$new$0(EventFiringWebDriver.java:85)
at jdk.proxy2/jdk.proxy2.$Proxy13.onException(Unknown Source)
at org.openqa.selenium.support.events.EventFiringWebDriver.lambda$new$1(EventFiringWebDriver.java:108)
at jdk.proxy2/jdk.proxy2.$Proxy14.getScreenshotAs(Unknown Source)
at org.openqa.selenium.support.events.EventFiringWebDriver.getScreenshotAs(EventFiringWebDriver.java:303)
at com.qa.utils.TestUtil.takeScreenshotAtEndOfTest(TestUtil.java:179)
at com.qa.utils.WebEventListener.onException(WebEventListener.java:59)
at jdk.internal.reflect.GeneratedMethodAccessor7.invoke(Unknown Source)
at java.base/jdk.internal.reflect.DelegatingMethodAccessorImpl.invoke(DelegatingMethodAccessorImpl.java:43)
at java.base/java.lang.reflect.Method.invoke(Method.java:568)
at org.openqa.selenium.support.events.EventFiringWebDriver.lambda$new$0(EventFiringWebDriver.java:85)
at jdk.proxy2/jdk.proxy2.$Proxy13.onException(Unknown Source)
at org.openqa.selenium.support.events.EventFiringWebDriver.lambda$new$1(EventFiringWebDriver.java:108)
at jdk.proxy2/jdk.proxy2.$Proxy14.getScreenshotAs(Unknown Source)
at org.openqa.selenium.support.events.EventFiringWebDriver.getScreenshotAs(EventFiringWebDriver.java:303)
at com.qa.utils.TestUtil.takeScreenshotAtEndOfTest(TestUtil.java:179)
at com.qa.utils.WebEventListener.onException(WebEventListener.java:59)
at jdk.internal.reflect.GeneratedMethodAccessor7.invoke(Unknown Source)
at java.base/jdk.internal.reflect.DelegatingMethodAccessorImpl.invoke(DelegatingMethodAccessorImpl.java:43)
at java.base/java.lang.reflect.Method.invoke(Method.java:568)
at org.openqa.selenium.support.events.EventFiringWebDriver.lambda$new$0(EventFiringWebDriver.java:85)
at jdk.proxy2/jdk.proxy2.$Proxy13.onException(Unknown Source)
at org.openqa.selenium.support.events.EventFiringWebDriver.lambda$new$1(EventFiringWebDriver.java:108)
at jdk.proxy2/jdk.proxy2.$Proxy14.getScreenshotAs(Unknown Source)
at org.openqa.selenium.support.events.EventFiringWebDriver.getScreenshotAs(EventFiringWebDriver.java:303)
at com.qa.utils.TestUtil.takeScreenshotAtEndOfTest(TestUtil.java:179)
at com.qa.utils.WebEventListener.onException(WebEventListener.java:59)
at jdk.internal.reflect.GeneratedMethodAccessor7.invoke(Unknown Source)
at java.base/jdk.internal.reflect.DelegatingMethodAccessorImpl.invoke(DelegatingMethodAccessorImpl.java:43)
at java.base/java.lang.reflect.Method.invoke(Method.java:568)
at org.openqa.selenium.support.events.EventFiringWebDriver.lambda$new$0(EventFiringWebDriver.java:85)
at jdk.proxy2/jdk.proxy2.$Proxy13.onException(Unknown Source)
at org.openqa.selenium.support.events.EventFiringWebDriver.lambda$new$1(EventFiringWebDriver.java:108)
at jdk.proxy2/jdk.proxy2.$Proxy14.getScreenshotAs(Unknown Source)
at org.openqa.selenium.support.events.EventFiringWebDriver.getScreenshotAs(EventFiringWebDriver.java:303)
at com.qa.utils.TestUtil.takeScreenshotAtEndOfTest(TestUtil.java:179)
at com.qa.utils.WebEventListener.onException(WebEventListener.java:59)
at jdk.internal.reflect.GeneratedMethodAccessor7.invoke(Unknown Source)
at java.base/jdk.internal.reflect.DelegatingMethodAccessorImpl.invoke(DelegatingMethodAccessorImpl.java:43)
at java.base/java.lang.reflect.Method.invoke(Method.java:568)
at org.openqa.selenium.support.events.EventFiringWebDriver.lambda$new$0(EventFiringWebDriver.java:85)
at jdk.proxy2/jdk.proxy2.$Proxy13.onException(Unknown Source)
at org.openqa.selenium.support.events.EventFiringWebDriver.lambda$new$1(EventFiringWebDriver.java:108)
at jdk.proxy2/jdk.proxy2.$Proxy14.getScreenshotAs(Unknown Source)
at org.openqa.selenium.support.events.EventFiringWebDriver.getScreenshotAs(EventFiringWebDriver.java:303)
at com.qa.utils.TestUtil.takeScreenshotAtEndOfTest(TestUtil.java:179)
at com.qa.utils.WebEventListener.onException(WebEventListener.java:59)
at jdk.internal.reflect.GeneratedMethodAccessor7.invoke(Unknown Source)
at java.base/jdk.internal.reflect.DelegatingMethodAccessorImpl.invoke(DelegatingMethodAccessorImpl.java:43)
at java.base/java.lang.reflect.Method.invoke(Method.java:568)
at org.openqa.selenium.support.events.EventFiringWebDriver.lambda$new$0(EventFiringWebDriver.java:85)
at jdk.proxy2/jdk.proxy2.$Proxy13.onException(Unknown Source)
at org.openqa.selenium.support.events.EventFiringWebDriver.lambda$new$1(EventFiringWebDriver.java:108)
at jdk.proxy2/jdk.proxy2.$Proxy14.getScreenshotAs(Unknown Source)
at org.openqa.selenium.support.events.EventFiringWebDriver.getScreenshotAs(EventFiringWebDriver.java:303)
at com.qa.utils.TestUtil.takeScreenshotAtEndOfTest(TestUtil.java:179)
at com.qa.utils.WebEventListener.onException(WebEventListener.java:59)
at jdk.internal.reflect.GeneratedMethodAccessor7.invoke(Unknown Source)
at java.base/jdk.internal.reflect.DelegatingMethodAccessorImpl.invoke(DelegatingMethodAccessorImpl.java:43)
at java.base/java.lang.reflect.Method.invoke(Method.java:568)
at org.openqa.selenium.support.events.EventFiringWebDriver.lambda$new$0(EventFiringWebDriver.java:85)
at jdk.proxy2/jdk.proxy2.$Proxy13.onException(Unknown Source)
at org.openqa.selenium.support.events.EventFiringWebDriver.lambda$new$1(EventFiringWebDriver.java:108)
at jdk.proxy2/jdk.proxy2.$Proxy14.getScreenshotAs(Unknown Source)
at org.openqa.selenium.support.events.EventFiringWebDriver.getScreenshotAs(EventFiringWebDriver.java:303)
at com.qa.utils.TestUtil.takeScreenshotAtEndOfTest(TestUtil.java:179)
at com.qa.utils.WebEventListener.onException(WebEventListener.java:59)
at jdk.internal.reflect.GeneratedMethodAccessor7.invoke(Unknown Source)
at java.base/jdk.internal.reflect.DelegatingMethodAccessorImpl.invoke(DelegatingMethodAccessorImpl.java:43)
at java.base/java.lang.reflect.Method.invoke(Method.java:568)
at org.openqa.selenium.support.events.EventFiringWebDriver.lambda$new$0(EventFiringWebDriver.java:85)
at jdk.proxy2/jdk.proxy2.$Proxy13.onException(Unknown Source)
at org.openqa.selenium.support.events.EventFiringWebDriver.lambda$new$1(EventFiringWebDriver.java:108)
at jdk.proxy2/jdk.proxy2.$Proxy14.getScreenshotAs(Unknown Source)
at org.openqa.selenium.support.events.EventFiringWebDriver.getScreenshotAs(EventFiringWebDriver.java:303)
at com.qa.utils.TestUtil.takeScreenshotAtEndOfTest(TestUtil.java:179)
at com.qa.utils.WebEventListener.onException(WebEventListener.java:59)
at jdk.internal.reflect.GeneratedMethodAccessor7.invoke(Unknown Source)
at java.base/jdk.internal.reflect.DelegatingMethodAccessorImpl.invoke(DelegatingMethodAccessorImpl.java:43)
at java.base/java.lang.reflect.Method.invoke(Method.java:568)
at org.openqa.selenium.support.events.EventFiringWebDriver.lambda$new$0(EventFiringWebDriver.java:85)
at jdk.proxy2/jdk.proxy2.$Proxy13.onException(Unknown Source)
at org.openqa.selenium.support.events.EventFiringWebDriver.lambda$new$1(EventFiringWebDriver.java:108)
at jdk.proxy2/jdk.proxy2.$Proxy14.getScreenshotAs(Unknown Source)
at org.openqa.selenium.support.events.EventFiringWebDriver.getScreenshotAs(EventFiringWebDriver.java:303)
at com.qa.utils.TestUtil.takeScreenshotAtEndOfTest(TestUtil.java:179)
at com.qa.utils.WebEventListener.onException(WebEventListener.java:59)
at jdk.internal.reflect.GeneratedMethodAccessor7.invoke(Unknown Source)
]]>
    </error>
  </testcase> <!-- Verify_fill_data_BillEntryDetails -->
  <system-out/>
  <testcase classname="com.qa.testcases.inwardlist.JobWorkRoughListPageTest" name="Verify_fill_data_CorrespondingInvoice" time="1.408">
    <error type="java.lang.StackOverflowError">
      <![CDATA[java.lang.StackOverflowError
at java.base/java.nio.Buffer.<init>(Buffer.java:245)
at java.base/java.nio.CharBuffer.<init>(CharBuffer.java:288)
at java.base/java.nio.HeapCharBuffer.<init>(HeapCharBuffer.java:78)
at java.base/java.nio.CharBuffer.wrap(CharBuffer.java:408)
at java.base/sun.nio.cs.StreamEncoder.implWrite(StreamEncoder.java:281)
at java.base/sun.nio.cs.StreamEncoder.write(StreamEncoder.java:132)
at java.base/java.io.OutputStreamWriter.write(OutputStreamWriter.java:205)
at java.base/java.io.BufferedWriter.flushBuffer(BufferedWriter.java:120)
at java.base/java.io.PrintStream.writeln(PrintStream.java:722)
at java.base/java.io.PrintStream.println(PrintStream.java:1028)
at com.qa.utils.WebEventListener.onException(WebEventListener.java:57)
at jdk.internal.reflect.GeneratedMethodAccessor7.invoke(Unknown Source)
at java.base/jdk.internal.reflect.DelegatingMethodAccessorImpl.invoke(DelegatingMethodAccessorImpl.java:43)
at java.base/java.lang.reflect.Method.invoke(Method.java:568)
at org.openqa.selenium.support.events.EventFiringWebDriver.lambda$new$0(EventFiringWebDriver.java:85)
at jdk.proxy2/jdk.proxy2.$Proxy13.onException(Unknown Source)
at org.openqa.selenium.support.events.EventFiringWebDriver.lambda$new$1(EventFiringWebDriver.java:108)
at jdk.proxy2/jdk.proxy2.$Proxy14.getScreenshotAs(Unknown Source)
at org.openqa.selenium.support.events.EventFiringWebDriver.getScreenshotAs(EventFiringWebDriver.java:303)
at com.qa.utils.TestUtil.takeScreenshotAtEndOfTest(TestUtil.java:179)
at com.qa.utils.WebEventListener.onException(WebEventListener.java:59)
at jdk.internal.reflect.GeneratedMethodAccessor7.invoke(Unknown Source)
at java.base/jdk.internal.reflect.DelegatingMethodAccessorImpl.invoke(DelegatingMethodAccessorImpl.java:43)
at java.base/java.lang.reflect.Method.invoke(Method.java:568)
at org.openqa.selenium.support.events.EventFiringWebDriver.lambda$new$0(EventFiringWebDriver.java:85)
at jdk.proxy2/jdk.proxy2.$Proxy13.onException(Unknown Source)
at org.openqa.selenium.support.events.EventFiringWebDriver.lambda$new$1(EventFiringWebDriver.java:108)
at jdk.proxy2/jdk.proxy2.$Proxy14.getScreenshotAs(Unknown Source)
at org.openqa.selenium.support.events.EventFiringWebDriver.getScreenshotAs(EventFiringWebDriver.java:303)
at com.qa.utils.TestUtil.takeScreenshotAtEndOfTest(TestUtil.java:179)
at com.qa.utils.WebEventListener.onException(WebEventListener.java:59)
at jdk.internal.reflect.GeneratedMethodAccessor7.invoke(Unknown Source)
at java.base/jdk.internal.reflect.DelegatingMethodAccessorImpl.invoke(DelegatingMethodAccessorImpl.java:43)
at java.base/java.lang.reflect.Method.invoke(Method.java:568)
at org.openqa.selenium.support.events.EventFiringWebDriver.lambda$new$0(EventFiringWebDriver.java:85)
at jdk.proxy2/jdk.proxy2.$Proxy13.onException(Unknown Source)
at org.openqa.selenium.support.events.EventFiringWebDriver.lambda$new$1(EventFiringWebDriver.java:108)
at jdk.proxy2/jdk.proxy2.$Proxy14.getScreenshotAs(Unknown Source)
at org.openqa.selenium.support.events.EventFiringWebDriver.getScreenshotAs(EventFiringWebDriver.java:303)
at com.qa.utils.TestUtil.takeScreenshotAtEndOfTest(TestUtil.java:179)
at com.qa.utils.WebEventListener.onException(WebEventListener.java:59)
at jdk.internal.reflect.GeneratedMethodAccessor7.invoke(Unknown Source)
at java.base/jdk.internal.reflect.DelegatingMethodAccessorImpl.invoke(DelegatingMethodAccessorImpl.java:43)
at java.base/java.lang.reflect.Method.invoke(Method.java:568)
at org.openqa.selenium.support.events.EventFiringWebDriver.lambda$new$0(EventFiringWebDriver.java:85)
at jdk.proxy2/jdk.proxy2.$Proxy13.onException(Unknown Source)
at org.openqa.selenium.support.events.EventFiringWebDriver.lambda$new$1(EventFiringWebDriver.java:108)
at jdk.proxy2/jdk.proxy2.$Proxy14.getScreenshotAs(Unknown Source)
at org.openqa.selenium.support.events.EventFiringWebDriver.getScreenshotAs(EventFiringWebDriver.java:303)
at com.qa.utils.TestUtil.takeScreenshotAtEndOfTest(TestUtil.java:179)
at com.qa.utils.WebEventListener.onException(WebEventListener.java:59)
at jdk.internal.reflect.GeneratedMethodAccessor7.invoke(Unknown Source)
at java.base/jdk.internal.reflect.DelegatingMethodAccessorImpl.invoke(DelegatingMethodAccessorImpl.java:43)
at java.base/java.lang.reflect.Method.invoke(Method.java:568)
at org.openqa.selenium.support.events.EventFiringWebDriver.lambda$new$0(EventFiringWebDriver.java:85)
at jdk.proxy2/jdk.proxy2.$Proxy13.onException(Unknown Source)
at org.openqa.selenium.support.events.EventFiringWebDriver.lambda$new$1(EventFiringWebDriver.java:108)
at jdk.proxy2/jdk.proxy2.$Proxy14.getScreenshotAs(Unknown Source)
at org.openqa.selenium.support.events.EventFiringWebDriver.getScreenshotAs(EventFiringWebDriver.java:303)
at com.qa.utils.TestUtil.takeScreenshotAtEndOfTest(TestUtil.java:179)
at com.qa.utils.WebEventListener.onException(WebEventListener.java:59)
at jdk.internal.reflect.GeneratedMethodAccessor7.invoke(Unknown Source)
at java.base/jdk.internal.reflect.DelegatingMethodAccessorImpl.invoke(DelegatingMethodAccessorImpl.java:43)
at java.base/java.lang.reflect.Method.invoke(Method.java:568)
at org.openqa.selenium.support.events.EventFiringWebDriver.lambda$new$0(EventFiringWebDriver.java:85)
at jdk.proxy2/jdk.proxy2.$Proxy13.onException(Unknown Source)
at org.openqa.selenium.support.events.EventFiringWebDriver.lambda$new$1(EventFiringWebDriver.java:108)
at jdk.proxy2/jdk.proxy2.$Proxy14.getScreenshotAs(Unknown Source)
at org.openqa.selenium.support.events.EventFiringWebDriver.getScreenshotAs(EventFiringWebDriver.java:303)
at com.qa.utils.TestUtil.takeScreenshotAtEndOfTest(TestUtil.java:179)
at com.qa.utils.WebEventListener.onException(WebEventListener.java:59)
at jdk.internal.reflect.GeneratedMethodAccessor7.invoke(Unknown Source)
at java.base/jdk.internal.reflect.DelegatingMethodAccessorImpl.invoke(DelegatingMethodAccessorImpl.java:43)
at java.base/java.lang.reflect.Method.invoke(Method.java:568)
at org.openqa.selenium.support.events.EventFiringWebDriver.lambda$new$0(EventFiringWebDriver.java:85)
at jdk.proxy2/jdk.proxy2.$Proxy13.onException(Unknown Source)
at org.openqa.selenium.support.events.EventFiringWebDriver.lambda$new$1(EventFiringWebDriver.java:108)
at jdk.proxy2/jdk.proxy2.$Proxy14.getScreenshotAs(Unknown Source)
at org.openqa.selenium.support.events.EventFiringWebDriver.getScreenshotAs(EventFiringWebDriver.java:303)
at com.qa.utils.TestUtil.takeScreenshotAtEndOfTest(TestUtil.java:179)
at com.qa.utils.WebEventListener.onException(WebEventListener.java:59)
at jdk.internal.reflect.GeneratedMethodAccessor7.invoke(Unknown Source)
at java.base/jdk.internal.reflect.DelegatingMethodAccessorImpl.invoke(DelegatingMethodAccessorImpl.java:43)
at java.base/java.lang.reflect.Method.invoke(Method.java:568)
at org.openqa.selenium.support.events.EventFiringWebDriver.lambda$new$0(EventFiringWebDriver.java:85)
at jdk.proxy2/jdk.proxy2.$Proxy13.onException(Unknown Source)
at org.openqa.selenium.support.events.EventFiringWebDriver.lambda$new$1(EventFiringWebDriver.java:108)
at jdk.proxy2/jdk.proxy2.$Proxy14.getScreenshotAs(Unknown Source)
at org.openqa.selenium.support.events.EventFiringWebDriver.getScreenshotAs(EventFiringWebDriver.java:303)
at com.qa.utils.TestUtil.takeScreenshotAtEndOfTest(TestUtil.java:179)
at com.qa.utils.WebEventListener.onException(WebEventListener.java:59)
at jdk.internal.reflect.GeneratedMethodAccessor7.invoke(Unknown Source)
at java.base/jdk.internal.reflect.DelegatingMethodAccessorImpl.invoke(DelegatingMethodAccessorImpl.java:43)
at java.base/java.lang.reflect.Method.invoke(Method.java:568)
at org.openqa.selenium.support.events.EventFiringWebDriver.lambda$new$0(EventFiringWebDriver.java:85)
at jdk.proxy2/jdk.proxy2.$Proxy13.onException(Unknown Source)
at org.openqa.selenium.support.events.EventFiringWebDriver.lambda$new$1(EventFiringWebDriver.java:108)
at jdk.proxy2/jdk.proxy2.$Proxy14.getScreenshotAs(Unknown Source)
at org.openqa.selenium.support.events.EventFiringWebDriver.getScreenshotAs(EventFiringWebDriver.java:303)
at com.qa.utils.TestUtil.takeScreenshotAtEndOfTest(TestUtil.java:179)
at com.qa.utils.WebEventListener.onException(WebEventListener.java:59)
at jdk.internal.reflect.GeneratedMethodAccessor7.invoke(Unknown Source)
at java.base/jdk.internal.reflect.DelegatingMethodAccessorImpl.invoke(DelegatingMethodAccessorImpl.java:43)
at java.base/java.lang.reflect.Method.invoke(Method.java:568)
at org.openqa.selenium.support.events.EventFiringWebDriver.lambda$new$0(EventFiringWebDriver.java:85)
at jdk.proxy2/jdk.proxy2.$Proxy13.onException(Unknown Source)
at org.openqa.selenium.support.events.EventFiringWebDriver.lambda$new$1(EventFiringWebDriver.java:108)
at jdk.proxy2/jdk.proxy2.$Proxy14.getScreenshotAs(Unknown Source)
at org.openqa.selenium.support.events.EventFiringWebDriver.getScreenshotAs(EventFiringWebDriver.java:303)
at com.qa.utils.TestUtil.takeScreenshotAtEndOfTest(TestUtil.java:179)
at com.qa.utils.WebEventListener.onException(WebEventListener.java:59)
at jdk.internal.reflect.GeneratedMethodAccessor7.invoke(Unknown Source)
at java.base/jdk.internal.reflect.DelegatingMethodAccessorImpl.invoke(DelegatingMethodAccessorImpl.java:43)
at java.base/java.lang.reflect.Method.invoke(Method.java:568)
at org.openqa.selenium.support.events.EventFiringWebDriver.lambda$new$0(EventFiringWebDriver.java:85)
at jdk.proxy2/jdk.proxy2.$Proxy13.onException(Unknown Source)
at org.openqa.selenium.support.events.EventFiringWebDriver.lambda$new$1(EventFiringWebDriver.java:108)
at jdk.proxy2/jdk.proxy2.$Proxy14.getScreenshotAs(Unknown Source)
at org.openqa.selenium.support.events.EventFiringWebDriver.getScreenshotAs(EventFiringWebDriver.java:303)
at com.qa.utils.TestUtil.takeScreenshotAtEndOfTest(TestUtil.java:179)
at com.qa.utils.WebEventListener.onException(WebEventListener.java:59)
at jdk.internal.reflect.GeneratedMethodAccessor7.invoke(Unknown Source)
at java.base/jdk.internal.reflect.DelegatingMethodAccessorImpl.invoke(DelegatingMethodAccessorImpl.java:43)
at java.base/java.lang.reflect.Method.invoke(Method.java:568)
at org.openqa.selenium.support.events.EventFiringWebDriver.lambda$new$0(EventFiringWebDriver.java:85)
at jdk.proxy2/jdk.proxy2.$Proxy13.onException(Unknown Source)
at org.openqa.selenium.support.events.EventFiringWebDriver.lambda$new$1(EventFiringWebDriver.java:108)
at jdk.proxy2/jdk.proxy2.$Proxy14.getScreenshotAs(Unknown Source)
at org.openqa.selenium.support.events.EventFiringWebDriver.getScreenshotAs(EventFiringWebDriver.java:303)
at com.qa.utils.TestUtil.takeScreenshotAtEndOfTest(TestUtil.java:179)
at com.qa.utils.WebEventListener.onException(WebEventListener.java:59)
at jdk.internal.reflect.GeneratedMethodAccessor7.invoke(Unknown Source)
at java.base/jdk.internal.reflect.DelegatingMethodAccessorImpl.invoke(DelegatingMethodAccessorImpl.java:43)
at java.base/java.lang.reflect.Method.invoke(Method.java:568)
at org.openqa.selenium.support.events.EventFiringWebDriver.lambda$new$0(EventFiringWebDriver.java:85)
at jdk.proxy2/jdk.proxy2.$Proxy13.onException(Unknown Source)
at org.openqa.selenium.support.events.EventFiringWebDriver.lambda$new$1(EventFiringWebDriver.java:108)
at jdk.proxy2/jdk.proxy2.$Proxy14.getScreenshotAs(Unknown Source)
at org.openqa.selenium.support.events.EventFiringWebDriver.getScreenshotAs(EventFiringWebDriver.java:303)
at com.qa.utils.TestUtil.takeScreenshotAtEndOfTest(TestUtil.java:179)
at com.qa.utils.WebEventListener.onException(WebEventListener.java:59)
at jdk.internal.reflect.GeneratedMethodAccessor7.invoke(Unknown Source)
at java.base/jdk.internal.reflect.DelegatingMethodAccessorImpl.invoke(DelegatingMethodAccessorImpl.java:43)
at java.base/java.lang.reflect.Method.invoke(Method.java:568)
at org.openqa.selenium.support.events.EventFiringWebDriver.lambda$new$0(EventFiringWebDriver.java:85)
at jdk.proxy2/jdk.proxy2.$Proxy13.onException(Unknown Source)
at org.openqa.selenium.support.events.EventFiringWebDriver.lambda$new$1(EventFiringWebDriver.java:108)
at jdk.proxy2/jdk.proxy2.$Proxy14.getScreenshotAs(Unknown Source)
at org.openqa.selenium.support.events.EventFiringWebDriver.getScreenshotAs(EventFiringWebDriver.java:303)
at com.qa.utils.TestUtil.takeScreenshotAtEndOfTest(TestUtil.java:179)
at com.qa.utils.WebEventListener.onException(WebEventListener.java:59)
at jdk.internal.reflect.GeneratedMethodAccessor7.invoke(Unknown Source)
at java.base/jdk.internal.reflect.DelegatingMethodAccessorImpl.invoke(DelegatingMethodAccessorImpl.java:43)
at java.base/java.lang.reflect.Method.invoke(Method.java:568)
at org.openqa.selenium.support.events.EventFiringWebDriver.lambda$new$0(EventFiringWebDriver.java:85)
at jdk.proxy2/jdk.proxy2.$Proxy13.onException(Unknown Source)
at org.openqa.selenium.support.events.EventFiringWebDriver.lambda$new$1(EventFiringWebDriver.java:108)
at jdk.proxy2/jdk.proxy2.$Proxy14.getScreenshotAs(Unknown Source)
at org.openqa.selenium.support.events.EventFiringWebDriver.getScreenshotAs(EventFiringWebDriver.java:303)
at com.qa.utils.TestUtil.takeScreenshotAtEndOfTest(TestUtil.java:179)
at com.qa.utils.WebEventListener.onException(WebEventListener.java:59)
at jdk.internal.reflect.GeneratedMethodAccessor7.invoke(Unknown Source)
at java.base/jdk.internal.reflect.DelegatingMethodAccessorImpl.invoke(DelegatingMethodAccessorImpl.java:43)
at java.base/java.lang.reflect.Method.invoke(Method.java:568)
at org.openqa.selenium.support.events.EventFiringWebDriver.lambda$new$0(EventFiringWebDriver.java:85)
at jdk.proxy2/jdk.proxy2.$Proxy13.onException(Unknown Source)
at org.openqa.selenium.support.events.EventFiringWebDriver.lambda$new$1(EventFiringWebDriver.java:108)
at jdk.proxy2/jdk.proxy2.$Proxy14.getScreenshotAs(Unknown Source)
at org.openqa.selenium.support.events.EventFiringWebDriver.getScreenshotAs(EventFiringWebDriver.java:303)
at com.qa.utils.TestUtil.takeScreenshotAtEndOfTest(TestUtil.java:179)
at com.qa.utils.WebEventListener.onException(WebEventListener.java:59)
at jdk.internal.reflect.GeneratedMethodAccessor7.invoke(Unknown Source)
at java.base/jdk.internal.reflect.DelegatingMethodAccessorImpl.invoke(DelegatingMethodAccessorImpl.java:43)
at java.base/java.lang.reflect.Method.invoke(Method.java:568)
at org.openqa.selenium.support.events.EventFiringWebDriver.lambda$new$0(EventFiringWebDriver.java:85)
at jdk.proxy2/jdk.proxy2.$Proxy13.onException(Unknown Source)
at org.openqa.selenium.support.events.EventFiringWebDriver.lambda$new$1(EventFiringWebDriver.java:108)
at jdk.proxy2/jdk.proxy2.$Proxy14.getScreenshotAs(Unknown Source)
at org.openqa.selenium.support.events.EventFiringWebDriver.getScreenshotAs(EventFiringWebDriver.java:303)
at com.qa.utils.TestUtil.takeScreenshotAtEndOfTest(TestUtil.java:179)
at com.qa.utils.WebEventListener.onException(WebEventListener.java:59)
at jdk.internal.reflect.GeneratedMethodAccessor7.invoke(Unknown Source)
at java.base/jdk.internal.reflect.DelegatingMethodAccessorImpl.invoke(DelegatingMethodAccessorImpl.java:43)
at java.base/java.lang.reflect.Method.invoke(Method.java:568)
at org.openqa.selenium.support.events.EventFiringWebDriver.lambda$new$0(EventFiringWebDriver.java:85)
at jdk.proxy2/jdk.proxy2.$Proxy13.onException(Unknown Source)
at org.openqa.selenium.support.events.EventFiringWebDriver.lambda$new$1(EventFiringWebDriver.java:108)
at jdk.proxy2/jdk.proxy2.$Proxy14.getScreenshotAs(Unknown Source)
at org.openqa.selenium.support.events.EventFiringWebDriver.getScreenshotAs(EventFiringWebDriver.java:303)
at com.qa.utils.TestUtil.takeScreenshotAtEndOfTest(TestUtil.java:179)
at com.qa.utils.WebEventListener.onException(WebEventListener.java:59)
at jdk.internal.reflect.GeneratedMethodAccessor7.invoke(Unknown Source)
at java.base/jdk.internal.reflect.DelegatingMethodAccessorImpl.invoke(DelegatingMethodAccessorImpl.java:43)
at java.base/java.lang.reflect.Method.invoke(Method.java:568)
at org.openqa.selenium.support.events.EventFiringWebDriver.lambda$new$0(EventFiringWebDriver.java:85)
at jdk.proxy2/jdk.proxy2.$Proxy13.onException(Unknown Source)
at org.openqa.selenium.support.events.EventFiringWebDriver.lambda$new$1(EventFiringWebDriver.java:108)
at jdk.proxy2/jdk.proxy2.$Proxy14.getScreenshotAs(Unknown Source)
at org.openqa.selenium.support.events.EventFiringWebDriver.getScreenshotAs(EventFiringWebDriver.java:303)
at com.qa.utils.TestUtil.takeScreenshotAtEndOfTest(TestUtil.java:179)
at com.qa.utils.WebEventListener.onException(WebEventListener.java:59)
at jdk.internal.reflect.GeneratedMethodAccessor7.invoke(Unknown Source)
at java.base/jdk.internal.reflect.DelegatingMethodAccessorImpl.invoke(DelegatingMethodAccessorImpl.java:43)
at java.base/java.lang.reflect.Method.invoke(Method.java:568)
at org.openqa.selenium.support.events.EventFiringWebDriver.lambda$new$0(EventFiringWebDriver.java:85)
at jdk.proxy2/jdk.proxy2.$Proxy13.onException(Unknown Source)
at org.openqa.selenium.support.events.EventFiringWebDriver.lambda$new$1(EventFiringWebDriver.java:108)
at jdk.proxy2/jdk.proxy2.$Proxy14.getScreenshotAs(Unknown Source)
at org.openqa.selenium.support.events.EventFiringWebDriver.getScreenshotAs(EventFiringWebDriver.java:303)
at com.qa.utils.TestUtil.takeScreenshotAtEndOfTest(TestUtil.java:179)
at com.qa.utils.WebEventListener.onException(WebEventListener.java:59)
at jdk.internal.reflect.GeneratedMethodAccessor7.invoke(Unknown Source)
at java.base/jdk.internal.reflect.DelegatingMethodAccessorImpl.invoke(DelegatingMethodAccessorImpl.java:43)
at java.base/java.lang.reflect.Method.invoke(Method.java:568)
at org.openqa.selenium.support.events.EventFiringWebDriver.lambda$new$0(EventFiringWebDriver.java:85)
at jdk.proxy2/jdk.proxy2.$Proxy13.onException(Unknown Source)
at org.openqa.selenium.support.events.EventFiringWebDriver.lambda$new$1(EventFiringWebDriver.java:108)
at jdk.proxy2/jdk.proxy2.$Proxy14.getScreenshotAs(Unknown Source)
at org.openqa.selenium.support.events.EventFiringWebDriver.getScreenshotAs(EventFiringWebDriver.java:303)
at com.qa.utils.TestUtil.takeScreenshotAtEndOfTest(TestUtil.java:179)
at com.qa.utils.WebEventListener.onException(WebEventListener.java:59)
at jdk.internal.reflect.GeneratedMethodAccessor7.invoke(Unknown Source)
at java.base/jdk.internal.reflect.DelegatingMethodAccessorImpl.invoke(DelegatingMethodAccessorImpl.java:43)
at java.base/java.lang.reflect.Method.invoke(Method.java:568)
at org.openqa.selenium.support.events.EventFiringWebDriver.lambda$new$0(EventFiringWebDriver.java:85)
at jdk.proxy2/jdk.proxy2.$Proxy13.onException(Unknown Source)
at org.openqa.selenium.support.events.EventFiringWebDriver.lambda$new$1(EventFiringWebDriver.java:108)
at jdk.proxy2/jdk.proxy2.$Proxy14.getScreenshotAs(Unknown Source)
at org.openqa.selenium.support.events.EventFiringWebDriver.getScreenshotAs(EventFiringWebDriver.java:303)
at com.qa.utils.TestUtil.takeScreenshotAtEndOfTest(TestUtil.java:179)
at com.qa.utils.WebEventListener.onException(WebEventListener.java:59)
at jdk.internal.reflect.GeneratedMethodAccessor7.invoke(Unknown Source)
at java.base/jdk.internal.reflect.DelegatingMethodAccessorImpl.invoke(DelegatingMethodAccessorImpl.java:43)
at java.base/java.lang.reflect.Method.invoke(Method.java:568)
at org.openqa.selenium.support.events.EventFiringWebDriver.lambda$new$0(EventFiringWebDriver.java:85)
at jdk.proxy2/jdk.proxy2.$Proxy13.onException(Unknown Source)
at org.openqa.selenium.support.events.EventFiringWebDriver.lambda$new$1(EventFiringWebDriver.java:108)
at jdk.proxy2/jdk.proxy2.$Proxy14.getScreenshotAs(Unknown Source)
at org.openqa.selenium.support.events.EventFiringWebDriver.getScreenshotAs(EventFiringWebDriver.java:303)
at com.qa.utils.TestUtil.takeScreenshotAtEndOfTest(TestUtil.java:179)
at com.qa.utils.WebEventListener.onException(WebEventListener.java:59)
at jdk.internal.reflect.GeneratedMethodAccessor7.invoke(Unknown Source)
at java.base/jdk.internal.reflect.DelegatingMethodAccessorImpl.invoke(DelegatingMethodAccessorImpl.java:43)
at java.base/java.lang.reflect.Method.invoke(Method.java:568)
at org.openqa.selenium.support.events.EventFiringWebDriver.lambda$new$0(EventFiringWebDriver.java:85)
at jdk.proxy2/jdk.proxy2.$Proxy13.onException(Unknown Source)
at org.openqa.selenium.support.events.EventFiringWebDriver.lambda$new$1(EventFiringWebDriver.java:108)
at jdk.proxy2/jdk.proxy2.$Proxy14.getScreenshotAs(Unknown Source)
at org.openqa.selenium.support.events.EventFiringWebDriver.getScreenshotAs(EventFiringWebDriver.java:303)
at com.qa.utils.TestUtil.takeScreenshotAtEndOfTest(TestUtil.java:179)
at com.qa.utils.WebEventListener.onException(WebEventListener.java:59)
at jdk.internal.reflect.GeneratedMethodAccessor7.invoke(Unknown Source)
at java.base/jdk.internal.reflect.DelegatingMethodAccessorImpl.invoke(DelegatingMethodAccessorImpl.java:43)
at java.base/java.lang.reflect.Method.invoke(Method.java:568)
at org.openqa.selenium.support.events.EventFiringWebDriver.lambda$new$0(EventFiringWebDriver.java:85)
at jdk.proxy2/jdk.proxy2.$Proxy13.onException(Unknown Source)
at org.openqa.selenium.support.events.EventFiringWebDriver.lambda$new$1(EventFiringWebDriver.java:108)
at jdk.proxy2/jdk.proxy2.$Proxy14.getScreenshotAs(Unknown Source)
at org.openqa.selenium.support.events.EventFiringWebDriver.getScreenshotAs(EventFiringWebDriver.java:303)
at com.qa.utils.TestUtil.takeScreenshotAtEndOfTest(TestUtil.java:179)
at com.qa.utils.WebEventListener.onException(WebEventListener.java:59)
at jdk.internal.reflect.GeneratedMethodAccessor7.invoke(Unknown Source)
at java.base/jdk.internal.reflect.DelegatingMethodAccessorImpl.invoke(DelegatingMethodAccessorImpl.java:43)
at java.base/java.lang.reflect.Method.invoke(Method.java:568)
at org.openqa.selenium.support.events.EventFiringWebDriver.lambda$new$0(EventFiringWebDriver.java:85)
at jdk.proxy2/jdk.proxy2.$Proxy13.onException(Unknown Source)
at org.openqa.selenium.support.events.EventFiringWebDriver.lambda$new$1(EventFiringWebDriver.java:108)
at jdk.proxy2/jdk.proxy2.$Proxy14.getScreenshotAs(Unknown Source)
at org.openqa.selenium.support.events.EventFiringWebDriver.getScreenshotAs(EventFiringWebDriver.java:303)
at com.qa.utils.TestUtil.takeScreenshotAtEndOfTest(TestUtil.java:179)
at com.qa.utils.WebEventListener.onException(WebEventListener.java:59)
at jdk.internal.reflect.GeneratedMethodAccessor7.invoke(Unknown Source)
at java.base/jdk.internal.reflect.DelegatingMethodAccessorImpl.invoke(DelegatingMethodAccessorImpl.java:43)
at java.base/java.lang.reflect.Method.invoke(Method.java:568)
at org.openqa.selenium.support.events.EventFiringWebDriver.lambda$new$0(EventFiringWebDriver.java:85)
at jdk.proxy2/jdk.proxy2.$Proxy13.onException(Unknown Source)
at org.openqa.selenium.support.events.EventFiringWebDriver.lambda$new$1(EventFiringWebDriver.java:108)
at jdk.proxy2/jdk.proxy2.$Proxy14.getScreenshotAs(Unknown Source)
at org.openqa.selenium.support.events.EventFiringWebDriver.getScreenshotAs(EventFiringWebDriver.java:303)
at com.qa.utils.TestUtil.takeScreenshotAtEndOfTest(TestUtil.java:179)
at com.qa.utils.WebEventListener.onException(WebEventListener.java:59)
at jdk.internal.reflect.GeneratedMethodAccessor7.invoke(Unknown Source)
at java.base/jdk.internal.reflect.DelegatingMethodAccessorImpl.invoke(DelegatingMethodAccessorImpl.java:43)
at java.base/java.lang.reflect.Method.invoke(Method.java:568)
at org.openqa.selenium.support.events.EventFiringWebDriver.lambda$new$0(EventFiringWebDriver.java:85)
at jdk.proxy2/jdk.proxy2.$Proxy13.onException(Unknown Source)
at org.openqa.selenium.support.events.EventFiringWebDriver.lambda$new$1(EventFiringWebDriver.java:108)
at jdk.proxy2/jdk.proxy2.$Proxy14.getScreenshotAs(Unknown Source)
at org.openqa.selenium.support.events.EventFiringWebDriver.getScreenshotAs(EventFiringWebDriver.java:303)
at com.qa.utils.TestUtil.takeScreenshotAtEndOfTest(TestUtil.java:179)
at com.qa.utils.WebEventListener.onException(WebEventListener.java:59)
at jdk.internal.reflect.GeneratedMethodAccessor7.invoke(Unknown Source)
at java.base/jdk.internal.reflect.DelegatingMethodAccessorImpl.invoke(DelegatingMethodAccessorImpl.java:43)
at java.base/java.lang.reflect.Method.invoke(Method.java:568)
at org.openqa.selenium.support.events.EventFiringWebDriver.lambda$new$0(EventFiringWebDriver.java:85)
at jdk.proxy2/jdk.proxy2.$Proxy13.onException(Unknown Source)
at org.openqa.selenium.support.events.EventFiringWebDriver.lambda$new$1(EventFiringWebDriver.java:108)
at jdk.proxy2/jdk.proxy2.$Proxy14.getScreenshotAs(Unknown Source)
at org.openqa.selenium.support.events.EventFiringWebDriver.getScreenshotAs(EventFiringWebDriver.java:303)
at com.qa.utils.TestUtil.takeScreenshotAtEndOfTest(TestUtil.java:179)
at com.qa.utils.WebEventListener.onException(WebEventListener.java:59)
at jdk.internal.reflect.GeneratedMethodAccessor7.invoke(Unknown Source)
at java.base/jdk.internal.reflect.DelegatingMethodAccessorImpl.invoke(DelegatingMethodAccessorImpl.java:43)
at java.base/java.lang.reflect.Method.invoke(Method.java:568)
at org.openqa.selenium.support.events.EventFiringWebDriver.lambda$new$0(EventFiringWebDriver.java:85)
at jdk.proxy2/jdk.proxy2.$Proxy13.onException(Unknown Source)
at org.openqa.selenium.support.events.EventFiringWebDriver.lambda$new$1(EventFiringWebDriver.java:108)
at jdk.proxy2/jdk.proxy2.$Proxy14.getScreenshotAs(Unknown Source)
at org.openqa.selenium.support.events.EventFiringWebDriver.getScreenshotAs(EventFiringWebDriver.java:303)
at com.qa.utils.TestUtil.takeScreenshotAtEndOfTest(TestUtil.java:179)
at com.qa.utils.WebEventListener.onException(WebEventListener.java:59)
at jdk.internal.reflect.GeneratedMethodAccessor7.invoke(Unknown Source)
at java.base/jdk.internal.reflect.DelegatingMethodAccessorImpl.invoke(DelegatingMethodAccessorImpl.java:43)
at java.base/java.lang.reflect.Method.invoke(Method.java:568)
at org.openqa.selenium.support.events.EventFiringWebDriver.lambda$new$0(EventFiringWebDriver.java:85)
at jdk.proxy2/jdk.proxy2.$Proxy13.onException(Unknown Source)
at org.openqa.selenium.support.events.EventFiringWebDriver.lambda$new$1(EventFiringWebDriver.java:108)
at jdk.proxy2/jdk.proxy2.$Proxy14.getScreenshotAs(Unknown Source)
at org.openqa.selenium.support.events.EventFiringWebDriver.getScreenshotAs(EventFiringWebDriver.java:303)
at com.qa.utils.TestUtil.takeScreenshotAtEndOfTest(TestUtil.java:179)
at com.qa.utils.WebEventListener.onException(WebEventListener.java:59)
at jdk.internal.reflect.GeneratedMethodAccessor7.invoke(Unknown Source)
at java.base/jdk.internal.reflect.DelegatingMethodAccessorImpl.invoke(DelegatingMethodAccessorImpl.java:43)
at java.base/java.lang.reflect.Method.invoke(Method.java:568)
at org.openqa.selenium.support.events.EventFiringWebDriver.lambda$new$0(EventFiringWebDriver.java:85)
at jdk.proxy2/jdk.proxy2.$Proxy13.onException(Unknown Source)
at org.openqa.selenium.support.events.EventFiringWebDriver.lambda$new$1(EventFiringWebDriver.java:108)
at jdk.proxy2/jdk.proxy2.$Proxy14.getScreenshotAs(Unknown Source)
at org.openqa.selenium.support.events.EventFiringWebDriver.getScreenshotAs(EventFiringWebDriver.java:303)
at com.qa.utils.TestUtil.takeScreenshotAtEndOfTest(TestUtil.java:179)
at com.qa.utils.WebEventListener.onException(WebEventListener.java:59)
at jdk.internal.reflect.GeneratedMethodAccessor7.invoke(Unknown Source)
at java.base/jdk.internal.reflect.DelegatingMethodAccessorImpl.invoke(DelegatingMethodAccessorImpl.java:43)
at java.base/java.lang.reflect.Method.invoke(Method.java:568)
at org.openqa.selenium.support.events.EventFiringWebDriver.lambda$new$0(EventFiringWebDriver.java:85)
at jdk.proxy2/jdk.proxy2.$Proxy13.onException(Unknown Source)
at org.openqa.selenium.support.events.EventFiringWebDriver.lambda$new$1(EventFiringWebDriver.java:108)
at jdk.proxy2/jdk.proxy2.$Proxy14.getScreenshotAs(Unknown Source)
at org.openqa.selenium.support.events.EventFiringWebDriver.getScreenshotAs(EventFiringWebDriver.java:303)
at com.qa.utils.TestUtil.takeScreenshotAtEndOfTest(TestUtil.java:179)
at com.qa.utils.WebEventListener.onException(WebEventListener.java:59)
at jdk.internal.reflect.GeneratedMethodAccessor7.invoke(Unknown Source)
at java.base/jdk.internal.reflect.DelegatingMethodAccessorImpl.invoke(DelegatingMethodAccessorImpl.java:43)
at java.base/java.lang.reflect.Method.invoke(Method.java:568)
at org.openqa.selenium.support.events.EventFiringWebDriver.lambda$new$0(EventFiringWebDriver.java:85)
at jdk.proxy2/jdk.proxy2.$Proxy13.onException(Unknown Source)
at org.openqa.selenium.support.events.EventFiringWebDriver.lambda$new$1(EventFiringWebDriver.java:108)
at jdk.proxy2/jdk.proxy2.$Proxy14.getScreenshotAs(Unknown Source)
at org.openqa.selenium.support.events.EventFiringWebDriver.getScreenshotAs(EventFiringWebDriver.java:303)
at com.qa.utils.TestUtil.takeScreenshotAtEndOfTest(TestUtil.java:179)
at com.qa.utils.WebEventListener.onException(WebEventListener.java:59)
at jdk.internal.reflect.GeneratedMethodAccessor7.invoke(Unknown Source)
at java.base/jdk.internal.reflect.DelegatingMethodAccessorImpl.invoke(DelegatingMethodAccessorImpl.java:43)
at java.base/java.lang.reflect.Method.invoke(Method.java:568)
at org.openqa.selenium.support.events.EventFiringWebDriver.lambda$new$0(EventFiringWebDriver.java:85)
at jdk.proxy2/jdk.proxy2.$Proxy13.onException(Unknown Source)
at org.openqa.selenium.support.events.EventFiringWebDriver.lambda$new$1(EventFiringWebDriver.java:108)
at jdk.proxy2/jdk.proxy2.$Proxy14.getScreenshotAs(Unknown Source)
at org.openqa.selenium.support.events.EventFiringWebDriver.getScreenshotAs(EventFiringWebDriver.java:303)
at com.qa.utils.TestUtil.takeScreenshotAtEndOfTest(TestUtil.java:179)
at com.qa.utils.WebEventListener.onException(WebEventListener.java:59)
at jdk.internal.reflect.GeneratedMethodAccessor7.invoke(Unknown Source)
at java.base/jdk.internal.reflect.DelegatingMethodAccessorImpl.invoke(DelegatingMethodAccessorImpl.java:43)
at java.base/java.lang.reflect.Method.invoke(Method.java:568)
at org.openqa.selenium.support.events.EventFiringWebDriver.lambda$new$0(EventFiringWebDriver.java:85)
at jdk.proxy2/jdk.proxy2.$Proxy13.onException(Unknown Source)
at org.openqa.selenium.support.events.EventFiringWebDriver.lambda$new$1(EventFiringWebDriver.java:108)
at jdk.proxy2/jdk.proxy2.$Proxy14.getScreenshotAs(Unknown Source)
at org.openqa.selenium.support.events.EventFiringWebDriver.getScreenshotAs(EventFiringWebDriver.java:303)
at com.qa.utils.TestUtil.takeScreenshotAtEndOfTest(TestUtil.java:179)
at com.qa.utils.WebEventListener.onException(WebEventListener.java:59)
at jdk.internal.reflect.GeneratedMethodAccessor7.invoke(Unknown Source)
at java.base/jdk.internal.reflect.DelegatingMethodAccessorImpl.invoke(DelegatingMethodAccessorImpl.java:43)
at java.base/java.lang.reflect.Method.invoke(Method.java:568)
at org.openqa.selenium.support.events.EventFiringWebDriver.lambda$new$0(EventFiringWebDriver.java:85)
at jdk.proxy2/jdk.proxy2.$Proxy13.onException(Unknown Source)
at org.openqa.selenium.support.events.EventFiringWebDriver.lambda$new$1(EventFiringWebDriver.java:108)
at jdk.proxy2/jdk.proxy2.$Proxy14.getScreenshotAs(Unknown Source)
at org.openqa.selenium.support.events.EventFiringWebDriver.getScreenshotAs(EventFiringWebDriver.java:303)
at com.qa.utils.TestUtil.takeScreenshotAtEndOfTest(TestUtil.java:179)
at com.qa.utils.WebEventListener.onException(WebEventListener.java:59)
at jdk.internal.reflect.GeneratedMethodAccessor7.invoke(Unknown Source)
at java.base/jdk.internal.reflect.DelegatingMethodAccessorImpl.invoke(DelegatingMethodAccessorImpl.java:43)
at java.base/java.lang.reflect.Method.invoke(Method.java:568)
at org.openqa.selenium.support.events.EventFiringWebDriver.lambda$new$0(EventFiringWebDriver.java:85)
at jdk.proxy2/jdk.proxy2.$Proxy13.onException(Unknown Source)
at org.openqa.selenium.support.events.EventFiringWebDriver.lambda$new$1(EventFiringWebDriver.java:108)
at jdk.proxy2/jdk.proxy2.$Proxy14.getScreenshotAs(Unknown Source)
at org.openqa.selenium.support.events.EventFiringWebDriver.getScreenshotAs(EventFiringWebDriver.java:303)
at com.qa.utils.TestUtil.takeScreenshotAtEndOfTest(TestUtil.java:179)
at com.qa.utils.WebEventListener.onException(WebEventListener.java:59)
at jdk.internal.reflect.GeneratedMethodAccessor7.invoke(Unknown Source)
at java.base/jdk.internal.reflect.DelegatingMethodAccessorImpl.invoke(DelegatingMethodAccessorImpl.java:43)
at java.base/java.lang.reflect.Method.invoke(Method.java:568)
at org.openqa.selenium.support.events.EventFiringWebDriver.lambda$new$0(EventFiringWebDriver.java:85)
at jdk.proxy2/jdk.proxy2.$Proxy13.onException(Unknown Source)
at org.openqa.selenium.support.events.EventFiringWebDriver.lambda$new$1(EventFiringWebDriver.java:108)
at jdk.proxy2/jdk.proxy2.$Proxy14.getScreenshotAs(Unknown Source)
at org.openqa.selenium.support.events.EventFiringWebDriver.getScreenshotAs(EventFiringWebDriver.java:303)
at com.qa.utils.TestUtil.takeScreenshotAtEndOfTest(TestUtil.java:179)
at com.qa.utils.WebEventListener.onException(WebEventListener.java:59)
at jdk.internal.reflect.GeneratedMethodAccessor7.invoke(Unknown Source)
at java.base/jdk.internal.reflect.DelegatingMethodAccessorImpl.invoke(DelegatingMethodAccessorImpl.java:43)
at java.base/java.lang.reflect.Method.invoke(Method.java:568)
at org.openqa.selenium.support.events.EventFiringWebDriver.lambda$new$0(EventFiringWebDriver.java:85)
at jdk.proxy2/jdk.proxy2.$Proxy13.onException(Unknown Source)
at org.openqa.selenium.support.events.EventFiringWebDriver.lambda$new$1(EventFiringWebDriver.java:108)
at jdk.proxy2/jdk.proxy2.$Proxy14.getScreenshotAs(Unknown Source)
at org.openqa.selenium.support.events.EventFiringWebDriver.getScreenshotAs(EventFiringWebDriver.java:303)
at com.qa.utils.TestUtil.takeScreenshotAtEndOfTest(TestUtil.java:179)
at com.qa.utils.WebEventListener.onException(WebEventListener.java:59)
at jdk.internal.reflect.GeneratedMethodAccessor7.invoke(Unknown Source)
at java.base/jdk.internal.reflect.DelegatingMethodAccessorImpl.invoke(DelegatingMethodAccessorImpl.java:43)
at java.base/java.lang.reflect.Method.invoke(Method.java:568)
at org.openqa.selenium.support.events.EventFiringWebDriver.lambda$new$0(EventFiringWebDriver.java:85)
at jdk.proxy2/jdk.proxy2.$Proxy13.onException(Unknown Source)
at org.openqa.selenium.support.events.EventFiringWebDriver.lambda$new$1(EventFiringWebDriver.java:108)
at jdk.proxy2/jdk.proxy2.$Proxy14.getScreenshotAs(Unknown Source)
at org.openqa.selenium.support.events.EventFiringWebDriver.getScreenshotAs(EventFiringWebDriver.java:303)
at com.qa.utils.TestUtil.takeScreenshotAtEndOfTest(TestUtil.java:179)
at com.qa.utils.WebEventListener.onException(WebEventListener.java:59)
at jdk.internal.reflect.GeneratedMethodAccessor7.invoke(Unknown Source)
at java.base/jdk.internal.reflect.DelegatingMethodAccessorImpl.invoke(DelegatingMethodAccessorImpl.java:43)
at java.base/java.lang.reflect.Method.invoke(Method.java:568)
at org.openqa.selenium.support.events.EventFiringWebDriver.lambda$new$0(EventFiringWebDriver.java:85)
at jdk.proxy2/jdk.proxy2.$Proxy13.onException(Unknown Source)
at org.openqa.selenium.support.events.EventFiringWebDriver.lambda$new$1(EventFiringWebDriver.java:108)
at jdk.proxy2/jdk.proxy2.$Proxy14.getScreenshotAs(Unknown Source)
at org.openqa.selenium.support.events.EventFiringWebDriver.getScreenshotAs(EventFiringWebDriver.java:303)
at com.qa.utils.TestUtil.takeScreenshotAtEndOfTest(TestUtil.java:179)
at com.qa.utils.WebEventListener.onException(WebEventListener.java:59)
at jdk.internal.reflect.GeneratedMethodAccessor7.invoke(Unknown Source)
at java.base/jdk.internal.reflect.DelegatingMethodAccessorImpl.invoke(DelegatingMethodAccessorImpl.java:43)
at java.base/java.lang.reflect.Method.invoke(Method.java:568)
at org.openqa.selenium.support.events.EventFiringWebDriver.lambda$new$0(EventFiringWebDriver.java:85)
at jdk.proxy2/jdk.proxy2.$Proxy13.onException(Unknown Source)
at org.openqa.selenium.support.events.EventFiringWebDriver.lambda$new$1(EventFiringWebDriver.java:108)
at jdk.proxy2/jdk.proxy2.$Proxy14.getScreenshotAs(Unknown Source)
at org.openqa.selenium.support.events.EventFiringWebDriver.getScreenshotAs(EventFiringWebDriver.java:303)
at com.qa.utils.TestUtil.takeScreenshotAtEndOfTest(TestUtil.java:179)
at com.qa.utils.WebEventListener.onException(WebEventListener.java:59)
at jdk.internal.reflect.GeneratedMethodAccessor7.invoke(Unknown Source)
at java.base/jdk.internal.reflect.DelegatingMethodAccessorImpl.invoke(DelegatingMethodAccessorImpl.java:43)
at java.base/java.lang.reflect.Method.invoke(Method.java:568)
at org.openqa.selenium.support.events.EventFiringWebDriver.lambda$new$0(EventFiringWebDriver.java:85)
at jdk.proxy2/jdk.proxy2.$Proxy13.onException(Unknown Source)
at org.openqa.selenium.support.events.EventFiringWebDriver.lambda$new$1(EventFiringWebDriver.java:108)
at jdk.proxy2/jdk.proxy2.$Proxy14.getScreenshotAs(Unknown Source)
at org.openqa.selenium.support.events.EventFiringWebDriver.getScreenshotAs(EventFiringWebDriver.java:303)
at com.qa.utils.TestUtil.takeScreenshotAtEndOfTest(TestUtil.java:179)
at com.qa.utils.WebEventListener.onException(WebEventListener.java:59)
at jdk.internal.reflect.GeneratedMethodAccessor7.invoke(Unknown Source)
at java.base/jdk.internal.reflect.DelegatingMethodAccessorImpl.invoke(DelegatingMethodAccessorImpl.java:43)
at java.base/java.lang.reflect.Method.invoke(Method.java:568)
at org.openqa.selenium.support.events.EventFiringWebDriver.lambda$new$0(EventFiringWebDriver.java:85)
at jdk.proxy2/jdk.proxy2.$Proxy13.onException(Unknown Source)
at org.openqa.selenium.support.events.EventFiringWebDriver.lambda$new$1(EventFiringWebDriver.java:108)
at jdk.proxy2/jdk.proxy2.$Proxy14.getScreenshotAs(Unknown Source)
at org.openqa.selenium.support.events.EventFiringWebDriver.getScreenshotAs(EventFiringWebDriver.java:303)
at com.qa.utils.TestUtil.takeScreenshotAtEndOfTest(TestUtil.java:179)
at com.qa.utils.WebEventListener.onException(WebEventListener.java:59)
at jdk.internal.reflect.GeneratedMethodAccessor7.invoke(Unknown Source)
at java.base/jdk.internal.reflect.DelegatingMethodAccessorImpl.invoke(DelegatingMethodAccessorImpl.java:43)
at java.base/java.lang.reflect.Method.invoke(Method.java:568)
at org.openqa.selenium.support.events.EventFiringWebDriver.lambda$new$0(EventFiringWebDriver.java:85)
at jdk.proxy2/jdk.proxy2.$Proxy13.onException(Unknown Source)
at org.openqa.selenium.support.events.EventFiringWebDriver.lambda$new$1(EventFiringWebDriver.java:108)
at jdk.proxy2/jdk.proxy2.$Proxy14.getScreenshotAs(Unknown Source)
at org.openqa.selenium.support.events.EventFiringWebDriver.getScreenshotAs(EventFiringWebDriver.java:303)
at com.qa.utils.TestUtil.takeScreenshotAtEndOfTest(TestUtil.java:179)
at com.qa.utils.WebEventListener.onException(WebEventListener.java:59)
at jdk.internal.reflect.GeneratedMethodAccessor7.invoke(Unknown Source)
at java.base/jdk.internal.reflect.DelegatingMethodAccessorImpl.invoke(DelegatingMethodAccessorImpl.java:43)
at java.base/java.lang.reflect.Method.invoke(Method.java:568)
at org.openqa.selenium.support.events.EventFiringWebDriver.lambda$new$0(EventFiringWebDriver.java:85)
at jdk.proxy2/jdk.proxy2.$Proxy13.onException(Unknown Source)
at org.openqa.selenium.support.events.EventFiringWebDriver.lambda$new$1(EventFiringWebDriver.java:108)
at jdk.proxy2/jdk.proxy2.$Proxy14.getScreenshotAs(Unknown Source)
at org.openqa.selenium.support.events.EventFiringWebDriver.getScreenshotAs(EventFiringWebDriver.java:303)
at com.qa.utils.TestUtil.takeScreenshotAtEndOfTest(TestUtil.java:179)
at com.qa.utils.WebEventListener.onException(WebEventListener.java:59)
at jdk.internal.reflect.GeneratedMethodAccessor7.invoke(Unknown Source)
at java.base/jdk.internal.reflect.DelegatingMethodAccessorImpl.invoke(DelegatingMethodAccessorImpl.java:43)
at java.base/java.lang.reflect.Method.invoke(Method.java:568)
at org.openqa.selenium.support.events.EventFiringWebDriver.lambda$new$0(EventFiringWebDriver.java:85)
at jdk.proxy2/jdk.proxy2.$Proxy13.onException(Unknown Source)
at org.openqa.selenium.support.events.EventFiringWebDriver.lambda$new$1(EventFiringWebDriver.java:108)
at jdk.proxy2/jdk.proxy2.$Proxy14.getScreenshotAs(Unknown Source)
at org.openqa.selenium.support.events.EventFiringWebDriver.getScreenshotAs(EventFiringWebDriver.java:303)
at com.qa.utils.TestUtil.takeScreenshotAtEndOfTest(TestUtil.java:179)
at com.qa.utils.WebEventListener.onException(WebEventListener.java:59)
at jdk.internal.reflect.GeneratedMethodAccessor7.invoke(Unknown Source)
at java.base/jdk.internal.reflect.DelegatingMethodAccessorImpl.invoke(DelegatingMethodAccessorImpl.java:43)
at java.base/java.lang.reflect.Method.invoke(Method.java:568)
at org.openqa.selenium.support.events.EventFiringWebDriver.lambda$new$0(EventFiringWebDriver.java:85)
at jdk.proxy2/jdk.proxy2.$Proxy13.onException(Unknown Source)
at org.openqa.selenium.support.events.EventFiringWebDriver.lambda$new$1(EventFiringWebDriver.java:108)
at jdk.proxy2/jdk.proxy2.$Proxy14.getScreenshotAs(Unknown Source)
at org.openqa.selenium.support.events.EventFiringWebDriver.getScreenshotAs(EventFiringWebDriver.java:303)
at com.qa.utils.TestUtil.takeScreenshotAtEndOfTest(TestUtil.java:179)
at com.qa.utils.WebEventListener.onException(WebEventListener.java:59)
at jdk.internal.reflect.GeneratedMethodAccessor7.invoke(Unknown Source)
at java.base/jdk.internal.reflect.DelegatingMethodAccessorImpl.invoke(DelegatingMethodAccessorImpl.java:43)
at java.base/java.lang.reflect.Method.invoke(Method.java:568)
at org.openqa.selenium.support.events.EventFiringWebDriver.lambda$new$0(EventFiringWebDriver.java:85)
at jdk.proxy2/jdk.proxy2.$Proxy13.onException(Unknown Source)
at org.openqa.selenium.support.events.EventFiringWebDriver.lambda$new$1(EventFiringWebDriver.java:108)
at jdk.proxy2/jdk.proxy2.$Proxy14.getScreenshotAs(Unknown Source)
at org.openqa.selenium.support.events.EventFiringWebDriver.getScreenshotAs(EventFiringWebDriver.java:303)
at com.qa.utils.TestUtil.takeScreenshotAtEndOfTest(TestUtil.java:179)
at com.qa.utils.WebEventListener.onException(WebEventListener.java:59)
at jdk.internal.reflect.GeneratedMethodAccessor7.invoke(Unknown Source)
at java.base/jdk.internal.reflect.DelegatingMethodAccessorImpl.invoke(DelegatingMethodAccessorImpl.java:43)
at java.base/java.lang.reflect.Method.invoke(Method.java:568)
at org.openqa.selenium.support.events.EventFiringWebDriver.lambda$new$0(EventFiringWebDriver.java:85)
at jdk.proxy2/jdk.proxy2.$Proxy13.onException(Unknown Source)
at org.openqa.selenium.support.events.EventFiringWebDriver.lambda$new$1(EventFiringWebDriver.java:108)
at jdk.proxy2/jdk.proxy2.$Proxy14.getScreenshotAs(Unknown Source)
at org.openqa.selenium.support.events.EventFiringWebDriver.getScreenshotAs(EventFiringWebDriver.java:303)
at com.qa.utils.TestUtil.takeScreenshotAtEndOfTest(TestUtil.java:179)
at com.qa.utils.WebEventListener.onException(WebEventListener.java:59)
at jdk.internal.reflect.GeneratedMethodAccessor7.invoke(Unknown Source)
at java.base/jdk.internal.reflect.DelegatingMethodAccessorImpl.invoke(DelegatingMethodAccessorImpl.java:43)
at java.base/java.lang.reflect.Method.invoke(Method.java:568)
at org.openqa.selenium.support.events.EventFiringWebDriver.lambda$new$0(EventFiringWebDriver.java:85)
at jdk.proxy2/jdk.proxy2.$Proxy13.onException(Unknown Source)
at org.openqa.selenium.support.events.EventFiringWebDriver.lambda$new$1(EventFiringWebDriver.java:108)
at jdk.proxy2/jdk.proxy2.$Proxy14.getScreenshotAs(Unknown Source)
at org.openqa.selenium.support.events.EventFiringWebDriver.getScreenshotAs(EventFiringWebDriver.java:303)
at com.qa.utils.TestUtil.takeScreenshotAtEndOfTest(TestUtil.java:179)
at com.qa.utils.WebEventListener.onException(WebEventListener.java:59)
at jdk.internal.reflect.GeneratedMethodAccessor7.invoke(Unknown Source)
at java.base/jdk.internal.reflect.DelegatingMethodAccessorImpl.invoke(DelegatingMethodAccessorImpl.java:43)
at java.base/java.lang.reflect.Method.invoke(Method.java:568)
at org.openqa.selenium.support.events.EventFiringWebDriver.lambda$new$0(EventFiringWebDriver.java:85)
at jdk.proxy2/jdk.proxy2.$Proxy13.onException(Unknown Source)
at org.openqa.selenium.support.events.EventFiringWebDriver.lambda$new$1(EventFiringWebDriver.java:108)
at jdk.proxy2/jdk.proxy2.$Proxy14.getScreenshotAs(Unknown Source)
at org.openqa.selenium.support.events.EventFiringWebDriver.getScreenshotAs(EventFiringWebDriver.java:303)
at com.qa.utils.TestUtil.takeScreenshotAtEndOfTest(TestUtil.java:179)
at com.qa.utils.WebEventListener.onException(WebEventListener.java:59)
at jdk.internal.reflect.GeneratedMethodAccessor7.invoke(Unknown Source)
at java.base/jdk.internal.reflect.DelegatingMethodAccessorImpl.invoke(DelegatingMethodAccessorImpl.java:43)
at java.base/java.lang.reflect.Method.invoke(Method.java:568)
at org.openqa.selenium.support.events.EventFiringWebDriver.lambda$new$0(EventFiringWebDriver.java:85)
at jdk.proxy2/jdk.proxy2.$Proxy13.onException(Unknown Source)
at org.openqa.selenium.support.events.EventFiringWebDriver.lambda$new$1(EventFiringWebDriver.java:108)
at jdk.proxy2/jdk.proxy2.$Proxy14.getScreenshotAs(Unknown Source)
at org.openqa.selenium.support.events.EventFiringWebDriver.getScreenshotAs(EventFiringWebDriver.java:303)
at com.qa.utils.TestUtil.takeScreenshotAtEndOfTest(TestUtil.java:179)
at com.qa.utils.WebEventListener.onException(WebEventListener.java:59)
at jdk.internal.reflect.GeneratedMethodAccessor7.invoke(Unknown Source)
at java.base/jdk.internal.reflect.DelegatingMethodAccessorImpl.invoke(DelegatingMethodAccessorImpl.java:43)
at java.base/java.lang.reflect.Method.invoke(Method.java:568)
at org.openqa.selenium.support.events.EventFiringWebDriver.lambda$new$0(EventFiringWebDriver.java:85)
at jdk.proxy2/jdk.proxy2.$Proxy13.onException(Unknown Source)
at org.openqa.selenium.support.events.EventFiringWebDriver.lambda$new$1(EventFiringWebDriver.java:108)
at jdk.proxy2/jdk.proxy2.$Proxy14.getScreenshotAs(Unknown Source)
at org.openqa.selenium.support.events.EventFiringWebDriver.getScreenshotAs(EventFiringWebDriver.java:303)
at com.qa.utils.TestUtil.takeScreenshotAtEndOfTest(TestUtil.java:179)
at com.qa.utils.WebEventListener.onException(WebEventListener.java:59)
at jdk.internal.reflect.GeneratedMethodAccessor7.invoke(Unknown Source)
at java.base/jdk.internal.reflect.DelegatingMethodAccessorImpl.invoke(DelegatingMethodAccessorImpl.java:43)
at java.base/java.lang.reflect.Method.invoke(Method.java:568)
at org.openqa.selenium.support.events.EventFiringWebDriver.lambda$new$0(EventFiringWebDriver.java:85)
at jdk.proxy2/jdk.proxy2.$Proxy13.onException(Unknown Source)
at org.openqa.selenium.support.events.EventFiringWebDriver.lambda$new$1(EventFiringWebDriver.java:108)
at jdk.proxy2/jdk.proxy2.$Proxy14.getScreenshotAs(Unknown Source)
at org.openqa.selenium.support.events.EventFiringWebDriver.getScreenshotAs(EventFiringWebDriver.java:303)
at com.qa.utils.TestUtil.takeScreenshotAtEndOfTest(TestUtil.java:179)
at com.qa.utils.WebEventListener.onException(WebEventListener.java:59)
at jdk.internal.reflect.GeneratedMethodAccessor7.invoke(Unknown Source)
at java.base/jdk.internal.reflect.DelegatingMethodAccessorImpl.invoke(DelegatingMethodAccessorImpl.java:43)
at java.base/java.lang.reflect.Method.invoke(Method.java:568)
at org.openqa.selenium.support.events.EventFiringWebDriver.lambda$new$0(EventFiringWebDriver.java:85)
at jdk.proxy2/jdk.proxy2.$Proxy13.onException(Unknown Source)
at org.openqa.selenium.support.events.EventFiringWebDriver.lambda$new$1(EventFiringWebDriver.java:108)
at jdk.proxy2/jdk.proxy2.$Proxy14.getScreenshotAs(Unknown Source)
at org.openqa.selenium.support.events.EventFiringWebDriver.getScreenshotAs(EventFiringWebDriver.java:303)
at com.qa.utils.TestUtil.takeScreenshotAtEndOfTest(TestUtil.java:179)
at com.qa.utils.WebEventListener.onException(WebEventListener.java:59)
at jdk.internal.reflect.GeneratedMethodAccessor7.invoke(Unknown Source)
at java.base/jdk.internal.reflect.DelegatingMethodAccessorImpl.invoke(DelegatingMethodAccessorImpl.java:43)
at java.base/java.lang.reflect.Method.invoke(Method.java:568)
at org.openqa.selenium.support.events.EventFiringWebDriver.lambda$new$0(EventFiringWebDriver.java:85)
at jdk.proxy2/jdk.proxy2.$Proxy13.onException(Unknown Source)
at org.openqa.selenium.support.events.EventFiringWebDriver.lambda$new$1(EventFiringWebDriver.java:108)
at jdk.proxy2/jdk.proxy2.$Proxy14.getScreenshotAs(Unknown Source)
at org.openqa.selenium.support.events.EventFiringWebDriver.getScreenshotAs(EventFiringWebDriver.java:303)
at com.qa.utils.TestUtil.takeScreenshotAtEndOfTest(TestUtil.java:179)
at com.qa.utils.WebEventListener.onException(WebEventListener.java:59)
at jdk.internal.reflect.GeneratedMethodAccessor7.invoke(Unknown Source)
at java.base/jdk.internal.reflect.DelegatingMethodAccessorImpl.invoke(DelegatingMethodAccessorImpl.java:43)
at java.base/java.lang.reflect.Method.invoke(Method.java:568)
at org.openqa.selenium.support.events.EventFiringWebDriver.lambda$new$0(EventFiringWebDriver.java:85)
at jdk.proxy2/jdk.proxy2.$Proxy13.onException(Unknown Source)
at org.openqa.selenium.support.events.EventFiringWebDriver.lambda$new$1(EventFiringWebDriver.java:108)
at jdk.proxy2/jdk.proxy2.$Proxy14.getScreenshotAs(Unknown Source)
at org.openqa.selenium.support.events.EventFiringWebDriver.getScreenshotAs(EventFiringWebDriver.java:303)
at com.qa.utils.TestUtil.takeScreenshotAtEndOfTest(TestUtil.java:179)
at com.qa.utils.WebEventListener.onException(WebEventListener.java:59)
at jdk.internal.reflect.GeneratedMethodAccessor7.invoke(Unknown Source)
at java.base/jdk.internal.reflect.DelegatingMethodAccessorImpl.invoke(DelegatingMethodAccessorImpl.java:43)
at java.base/java.lang.reflect.Method.invoke(Method.java:568)
at org.openqa.selenium.support.events.EventFiringWebDriver.lambda$new$0(EventFiringWebDriver.java:85)
at jdk.proxy2/jdk.proxy2.$Proxy13.onException(Unknown Source)
at org.openqa.selenium.support.events.EventFiringWebDriver.lambda$new$1(EventFiringWebDriver.java:108)
at jdk.proxy2/jdk.proxy2.$Proxy14.getScreenshotAs(Unknown Source)
at org.openqa.selenium.support.events.EventFiringWebDriver.getScreenshotAs(EventFiringWebDriver.java:303)
at com.qa.utils.TestUtil.takeScreenshotAtEndOfTest(TestUtil.java:179)
at com.qa.utils.WebEventListener.onException(WebEventListener.java:59)
at jdk.internal.reflect.GeneratedMethodAccessor7.invoke(Unknown Source)
at java.base/jdk.internal.reflect.DelegatingMethodAccessorImpl.invoke(DelegatingMethodAccessorImpl.java:43)
at java.base/java.lang.reflect.Method.invoke(Method.java:568)
at org.openqa.selenium.support.events.EventFiringWebDriver.lambda$new$0(EventFiringWebDriver.java:85)
at jdk.proxy2/jdk.proxy2.$Proxy13.onException(Unknown Source)
at org.openqa.selenium.support.events.EventFiringWebDriver.lambda$new$1(EventFiringWebDriver.java:108)
at jdk.proxy2/jdk.proxy2.$Proxy14.getScreenshotAs(Unknown Source)
at org.openqa.selenium.support.events.EventFiringWebDriver.getScreenshotAs(EventFiringWebDriver.java:303)
at com.qa.utils.TestUtil.takeScreenshotAtEndOfTest(TestUtil.java:179)
at com.qa.utils.WebEventListener.onException(WebEventListener.java:59)
at jdk.internal.reflect.GeneratedMethodAccessor7.invoke(Unknown Source)
at java.base/jdk.internal.reflect.DelegatingMethodAccessorImpl.invoke(DelegatingMethodAccessorImpl.java:43)
at java.base/java.lang.reflect.Method.invoke(Method.java:568)
at org.openqa.selenium.support.events.EventFiringWebDriver.lambda$new$0(EventFiringWebDriver.java:85)
at jdk.proxy2/jdk.proxy2.$Proxy13.onException(Unknown Source)
at org.openqa.selenium.support.events.EventFiringWebDriver.lambda$new$1(EventFiringWebDriver.java:108)
at jdk.proxy2/jdk.proxy2.$Proxy14.getScreenshotAs(Unknown Source)
at org.openqa.selenium.support.events.EventFiringWebDriver.getScreenshotAs(EventFiringWebDriver.java:303)
at com.qa.utils.TestUtil.takeScreenshotAtEndOfTest(TestUtil.java:179)
at com.qa.utils.WebEventListener.onException(WebEventListener.java:59)
at jdk.internal.reflect.GeneratedMethodAccessor7.invoke(Unknown Source)
at java.base/jdk.internal.reflect.DelegatingMethodAccessorImpl.invoke(DelegatingMethodAccessorImpl.java:43)
at java.base/java.lang.reflect.Method.invoke(Method.java:568)
at org.openqa.selenium.support.events.EventFiringWebDriver.lambda$new$0(EventFiringWebDriver.java:85)
at jdk.proxy2/jdk.proxy2.$Proxy13.onException(Unknown Source)
at org.openqa.selenium.support.events.EventFiringWebDriver.lambda$new$1(EventFiringWebDriver.java:108)
at jdk.proxy2/jdk.proxy2.$Proxy14.getScreenshotAs(Unknown Source)
at org.openqa.selenium.support.events.EventFiringWebDriver.getScreenshotAs(EventFiringWebDriver.java:303)
at com.qa.utils.TestUtil.takeScreenshotAtEndOfTest(TestUtil.java:179)
at com.qa.utils.WebEventListener.onException(WebEventListener.java:59)
at jdk.internal.reflect.GeneratedMethodAccessor7.invoke(Unknown Source)
at java.base/jdk.internal.reflect.DelegatingMethodAccessorImpl.invoke(DelegatingMethodAccessorImpl.java:43)
at java.base/java.lang.reflect.Method.invoke(Method.java:568)
at org.openqa.selenium.support.events.EventFiringWebDriver.lambda$new$0(EventFiringWebDriver.java:85)
at jdk.proxy2/jdk.proxy2.$Proxy13.onException(Unknown Source)
at org.openqa.selenium.support.events.EventFiringWebDriver.lambda$new$1(EventFiringWebDriver.java:108)
at jdk.proxy2/jdk.proxy2.$Proxy14.getScreenshotAs(Unknown Source)
at org.openqa.selenium.support.events.EventFiringWebDriver.getScreenshotAs(EventFiringWebDriver.java:303)
at com.qa.utils.TestUtil.takeScreenshotAtEndOfTest(TestUtil.java:179)
at com.qa.utils.WebEventListener.onException(WebEventListener.java:59)
at jdk.internal.reflect.GeneratedMethodAccessor7.invoke(Unknown Source)
at java.base/jdk.internal.reflect.DelegatingMethodAccessorImpl.invoke(DelegatingMethodAccessorImpl.java:43)
at java.base/java.lang.reflect.Method.invoke(Method.java:568)
at org.openqa.selenium.support.events.EventFiringWebDriver.lambda$new$0(EventFiringWebDriver.java:85)
at jdk.proxy2/jdk.proxy2.$Proxy13.onException(Unknown Source)
at org.openqa.selenium.support.events.EventFiringWebDriver.lambda$new$1(EventFiringWebDriver.java:108)
at jdk.proxy2/jdk.proxy2.$Proxy14.getScreenshotAs(Unknown Source)
at org.openqa.selenium.support.events.EventFiringWebDriver.getScreenshotAs(EventFiringWebDriver.java:303)
at com.qa.utils.TestUtil.takeScreenshotAtEndOfTest(TestUtil.java:179)
at com.qa.utils.WebEventListener.onException(WebEventListener.java:59)
at jdk.internal.reflect.GeneratedMethodAccessor7.invoke(Unknown Source)
at java.base/jdk.internal.reflect.DelegatingMethodAccessorImpl.invoke(DelegatingMethodAccessorImpl.java:43)
at java.base/java.lang.reflect.Method.invoke(Method.java:568)
at org.openqa.selenium.support.events.EventFiringWebDriver.lambda$new$0(EventFiringWebDriver.java:85)
at jdk.proxy2/jdk.proxy2.$Proxy13.onException(Unknown Source)
at org.openqa.selenium.support.events.EventFiringWebDriver.lambda$new$1(EventFiringWebDriver.java:108)
at jdk.proxy2/jdk.proxy2.$Proxy14.getScreenshotAs(Unknown Source)
at org.openqa.selenium.support.events.EventFiringWebDriver.getScreenshotAs(EventFiringWebDriver.java:303)
at com.qa.utils.TestUtil.takeScreenshotAtEndOfTest(TestUtil.java:179)
at com.qa.utils.WebEventListener.onException(WebEventListener.java:59)
at jdk.internal.reflect.GeneratedMethodAccessor7.invoke(Unknown Source)
at java.base/jdk.internal.reflect.DelegatingMethodAccessorImpl.invoke(DelegatingMethodAccessorImpl.java:43)
at java.base/java.lang.reflect.Method.invoke(Method.java:568)
at org.openqa.selenium.support.events.EventFiringWebDriver.lambda$new$0(EventFiringWebDriver.java:85)
at jdk.proxy2/jdk.proxy2.$Proxy13.onException(Unknown Source)
at org.openqa.selenium.support.events.EventFiringWebDriver.lambda$new$1(EventFiringWebDriver.java:108)
at jdk.proxy2/jdk.proxy2.$Proxy14.getScreenshotAs(Unknown Source)
at org.openqa.selenium.support.events.EventFiringWebDriver.getScreenshotAs(EventFiringWebDriver.java:303)
at com.qa.utils.TestUtil.takeScreenshotAtEndOfTest(TestUtil.java:179)
at com.qa.utils.WebEventListener.onException(WebEventListener.java:59)
at jdk.internal.reflect.GeneratedMethodAccessor7.invoke(Unknown Source)
at java.base/jdk.internal.reflect.DelegatingMethodAccessorImpl.invoke(DelegatingMethodAccessorImpl.java:43)
at java.base/java.lang.reflect.Method.invoke(Method.java:568)
at org.openqa.selenium.support.events.EventFiringWebDriver.lambda$new$0(EventFiringWebDriver.java:85)
at jdk.proxy2/jdk.proxy2.$Proxy13.onException(Unknown Source)
at org.openqa.selenium.support.events.EventFiringWebDriver.lambda$new$1(EventFiringWebDriver.java:108)
at jdk.proxy2/jdk.proxy2.$Proxy14.getScreenshotAs(Unknown Source)
at org.openqa.selenium.support.events.EventFiringWebDriver.getScreenshotAs(EventFiringWebDriver.java:303)
at com.qa.utils.TestUtil.takeScreenshotAtEndOfTest(TestUtil.java:179)
at com.qa.utils.WebEventListener.onException(WebEventListener.java:59)
at jdk.internal.reflect.GeneratedMethodAccessor7.invoke(Unknown Source)
at java.base/jdk.internal.reflect.DelegatingMethodAccessorImpl.invoke(DelegatingMethodAccessorImpl.java:43)
at java.base/java.lang.reflect.Method.invoke(Method.java:568)
at org.openqa.selenium.support.events.EventFiringWebDriver.lambda$new$0(EventFiringWebDriver.java:85)
at jdk.proxy2/jdk.proxy2.$Proxy13.onException(Unknown Source)
at org.openqa.selenium.support.events.EventFiringWebDriver.lambda$new$1(EventFiringWebDriver.java:108)
at jdk.proxy2/jdk.proxy2.$Proxy14.getScreenshotAs(Unknown Source)
at org.openqa.selenium.support.events.EventFiringWebDriver.getScreenshotAs(EventFiringWebDriver.java:303)
at com.qa.utils.TestUtil.takeScreenshotAtEndOfTest(TestUtil.java:179)
at com.qa.utils.WebEventListener.onException(WebEventListener.java:59)
at jdk.internal.reflect.GeneratedMethodAccessor7.invoke(Unknown Source)
at java.base/jdk.internal.reflect.DelegatingMethodAccessorImpl.invoke(DelegatingMethodAccessorImpl.java:43)
at java.base/java.lang.reflect.Method.invoke(Method.java:568)
at org.openqa.selenium.support.events.EventFiringWebDriver.lambda$new$0(EventFiringWebDriver.java:85)
at jdk.proxy2/jdk.proxy2.$Proxy13.onException(Unknown Source)
at org.openqa.selenium.support.events.EventFiringWebDriver.lambda$new$1(EventFiringWebDriver.java:108)
at jdk.proxy2/jdk.proxy2.$Proxy14.getScreenshotAs(Unknown Source)
at org.openqa.selenium.support.events.EventFiringWebDriver.getScreenshotAs(EventFiringWebDriver.java:303)
at com.qa.utils.TestUtil.takeScreenshotAtEndOfTest(TestUtil.java:179)
at com.qa.utils.WebEventListener.onException(WebEventListener.java:59)
at jdk.internal.reflect.GeneratedMethodAccessor7.invoke(Unknown Source)
at java.base/jdk.internal.reflect.DelegatingMethodAccessorImpl.invoke(DelegatingMethodAccessorImpl.java:43)
at java.base/java.lang.reflect.Method.invoke(Method.java:568)
at org.openqa.selenium.support.events.EventFiringWebDriver.lambda$new$0(EventFiringWebDriver.java:85)
at jdk.proxy2/jdk.proxy2.$Proxy13.onException(Unknown Source)
at org.openqa.selenium.support.events.EventFiringWebDriver.lambda$new$1(EventFiringWebDriver.java:108)
at jdk.proxy2/jdk.proxy2.$Proxy14.getScreenshotAs(Unknown Source)
at org.openqa.selenium.support.events.EventFiringWebDriver.getScreenshotAs(EventFiringWebDriver.java:303)
at com.qa.utils.TestUtil.takeScreenshotAtEndOfTest(TestUtil.java:179)
at com.qa.utils.WebEventListener.onException(WebEventListener.java:59)
at jdk.internal.reflect.GeneratedMethodAccessor7.invoke(Unknown Source)
at java.base/jdk.internal.reflect.DelegatingMethodAccessorImpl.invoke(DelegatingMethodAccessorImpl.java:43)
at java.base/java.lang.reflect.Method.invoke(Method.java:568)
at org.openqa.selenium.support.events.EventFiringWebDriver.lambda$new$0(EventFiringWebDriver.java:85)
at jdk.proxy2/jdk.proxy2.$Proxy13.onException(Unknown Source)
at org.openqa.selenium.support.events.EventFiringWebDriver.lambda$new$1(EventFiringWebDriver.java:108)
at jdk.proxy2/jdk.proxy2.$Proxy14.getScreenshotAs(Unknown Source)
at org.openqa.selenium.support.events.EventFiringWebDriver.getScreenshotAs(EventFiringWebDriver.java:303)
at com.qa.utils.TestUtil.takeScreenshotAtEndOfTest(TestUtil.java:179)
at com.qa.utils.WebEventListener.onException(WebEventListener.java:59)
at jdk.internal.reflect.GeneratedMethodAccessor7.invoke(Unknown Source)
at java.base/jdk.internal.reflect.DelegatingMethodAccessorImpl.invoke(DelegatingMethodAccessorImpl.java:43)
at java.base/java.lang.reflect.Method.invoke(Method.java:568)
at org.openqa.selenium.support.events.EventFiringWebDriver.lambda$new$0(EventFiringWebDriver.java:85)
at jdk.proxy2/jdk.proxy2.$Proxy13.onException(Unknown Source)
at org.openqa.selenium.support.events.EventFiringWebDriver.lambda$new$1(EventFiringWebDriver.java:108)
at jdk.proxy2/jdk.proxy2.$Proxy14.getScreenshotAs(Unknown Source)
at org.openqa.selenium.support.events.EventFiringWebDriver.getScreenshotAs(EventFiringWebDriver.java:303)
at com.qa.utils.TestUtil.takeScreenshotAtEndOfTest(TestUtil.java:179)
at com.qa.utils.WebEventListener.onException(WebEventListener.java:59)
at jdk.internal.reflect.GeneratedMethodAccessor7.invoke(Unknown Source)
at java.base/jdk.internal.reflect.DelegatingMethodAccessorImpl.invoke(DelegatingMethodAccessorImpl.java:43)
at java.base/java.lang.reflect.Method.invoke(Method.java:568)
at org.openqa.selenium.support.events.EventFiringWebDriver.lambda$new$0(EventFiringWebDriver.java:85)
at jdk.proxy2/jdk.proxy2.$Proxy13.onException(Unknown Source)
at org.openqa.selenium.support.events.EventFiringWebDriver.lambda$new$1(EventFiringWebDriver.java:108)
at jdk.proxy2/jdk.proxy2.$Proxy14.getScreenshotAs(Unknown Source)
at org.openqa.selenium.support.events.EventFiringWebDriver.getScreenshotAs(EventFiringWebDriver.java:303)
at com.qa.utils.TestUtil.takeScreenshotAtEndOfTest(TestUtil.java:179)
at com.qa.utils.WebEventListener.onException(WebEventListener.java:59)
at jdk.internal.reflect.GeneratedMethodAccessor7.invoke(Unknown Source)
at java.base/jdk.internal.reflect.DelegatingMethodAccessorImpl.invoke(DelegatingMethodAccessorImpl.java:43)
at java.base/java.lang.reflect.Method.invoke(Method.java:568)
at org.openqa.selenium.support.events.EventFiringWebDriver.lambda$new$0(EventFiringWebDriver.java:85)
at jdk.proxy2/jdk.proxy2.$Proxy13.onException(Unknown Source)
at org.openqa.selenium.support.events.EventFiringWebDriver.lambda$new$1(EventFiringWebDriver.java:108)
at jdk.proxy2/jdk.proxy2.$Proxy14.getScreenshotAs(Unknown Source)
at org.openqa.selenium.support.events.EventFiringWebDriver.getScreenshotAs(EventFiringWebDriver.java:303)
at com.qa.utils.TestUtil.takeScreenshotAtEndOfTest(TestUtil.java:179)
at com.qa.utils.WebEventListener.onException(WebEventListener.java:59)
at jdk.internal.reflect.GeneratedMethodAccessor7.invoke(Unknown Source)
at java.base/jdk.internal.reflect.DelegatingMethodAccessorImpl.invoke(DelegatingMethodAccessorImpl.java:43)
at java.base/java.lang.reflect.Method.invoke(Method.java:568)
at org.openqa.selenium.support.events.EventFiringWebDriver.lambda$new$0(EventFiringWebDriver.java:85)
at jdk.proxy2/jdk.proxy2.$Proxy13.onException(Unknown Source)
at org.openqa.selenium.support.events.EventFiringWebDriver.lambda$new$1(EventFiringWebDriver.java:108)
at jdk.proxy2/jdk.proxy2.$Proxy14.getScreenshotAs(Unknown Source)
at org.openqa.selenium.support.events.EventFiringWebDriver.getScreenshotAs(EventFiringWebDriver.java:303)
at com.qa.utils.TestUtil.takeScreenshotAtEndOfTest(TestUtil.java:179)
at com.qa.utils.WebEventListener.onException(WebEventListener.java:59)
at jdk.internal.reflect.GeneratedMethodAccessor7.invoke(Unknown Source)
at java.base/jdk.internal.reflect.DelegatingMethodAccessorImpl.invoke(DelegatingMethodAccessorImpl.java:43)
at java.base/java.lang.reflect.Method.invoke(Method.java:568)
at org.openqa.selenium.support.events.EventFiringWebDriver.lambda$new$0(EventFiringWebDriver.java:85)
at jdk.proxy2/jdk.proxy2.$Proxy13.onException(Unknown Source)
at org.openqa.selenium.support.events.EventFiringWebDriver.lambda$new$1(EventFiringWebDriver.java:108)
at jdk.proxy2/jdk.proxy2.$Proxy14.getScreenshotAs(Unknown Source)
at org.openqa.selenium.support.events.EventFiringWebDriver.getScreenshotAs(EventFiringWebDriver.java:303)
at com.qa.utils.TestUtil.takeScreenshotAtEndOfTest(TestUtil.java:179)
at com.qa.utils.WebEventListener.onException(WebEventListener.java:59)
at jdk.internal.reflect.GeneratedMethodAccessor7.invoke(Unknown Source)
at java.base/jdk.internal.reflect.DelegatingMethodAccessorImpl.invoke(DelegatingMethodAccessorImpl.java:43)
at java.base/java.lang.reflect.Method.invoke(Method.java:568)
at org.openqa.selenium.support.events.EventFiringWebDriver.lambda$new$0(EventFiringWebDriver.java:85)
at jdk.proxy2/jdk.proxy2.$Proxy13.onException(Unknown Source)
at org.openqa.selenium.support.events.EventFiringWebDriver.lambda$new$1(EventFiringWebDriver.java:108)
at jdk.proxy2/jdk.proxy2.$Proxy14.getScreenshotAs(Unknown Source)
at org.openqa.selenium.support.events.EventFiringWebDriver.getScreenshotAs(EventFiringWebDriver.java:303)
at com.qa.utils.TestUtil.takeScreenshotAtEndOfTest(TestUtil.java:179)
at com.qa.utils.WebEventListener.onException(WebEventListener.java:59)
at jdk.internal.reflect.GeneratedMethodAccessor7.invoke(Unknown Source)
at java.base/jdk.internal.reflect.DelegatingMethodAccessorImpl.invoke(DelegatingMethodAccessorImpl.java:43)
at java.base/java.lang.reflect.Method.invoke(Method.java:568)
at org.openqa.selenium.support.events.EventFiringWebDriver.lambda$new$0(EventFiringWebDriver.java:85)
at jdk.proxy2/jdk.proxy2.$Proxy13.onException(Unknown Source)
at org.openqa.selenium.support.events.EventFiringWebDriver.lambda$new$1(EventFiringWebDriver.java:108)
at jdk.proxy2/jdk.proxy2.$Proxy14.getScreenshotAs(Unknown Source)
at org.openqa.selenium.support.events.EventFiringWebDriver.getScreenshotAs(EventFiringWebDriver.java:303)
at com.qa.utils.TestUtil.takeScreenshotAtEndOfTest(TestUtil.java:179)
at com.qa.utils.WebEventListener.onException(WebEventListener.java:59)
at jdk.internal.reflect.GeneratedMethodAccessor7.invoke(Unknown Source)
at java.base/jdk.internal.reflect.DelegatingMethodAccessorImpl.invoke(DelegatingMethodAccessorImpl.java:43)
at java.base/java.lang.reflect.Method.invoke(Method.java:568)
at org.openqa.selenium.support.events.EventFiringWebDriver.lambda$new$0(EventFiringWebDriver.java:85)
at jdk.proxy2/jdk.proxy2.$Proxy13.onException(Unknown Source)
at org.openqa.selenium.support.events.EventFiringWebDriver.lambda$new$1(EventFiringWebDriver.java:108)
at jdk.proxy2/jdk.proxy2.$Proxy14.getScreenshotAs(Unknown Source)
at org.openqa.selenium.support.events.EventFiringWebDriver.getScreenshotAs(EventFiringWebDriver.java:303)
at com.qa.utils.TestUtil.takeScreenshotAtEndOfTest(TestUtil.java:179)
at com.qa.utils.WebEventListener.onException(WebEventListener.java:59)
at jdk.internal.reflect.GeneratedMethodAccessor7.invoke(Unknown Source)
at java.base/jdk.internal.reflect.DelegatingMethodAccessorImpl.invoke(DelegatingMethodAccessorImpl.java:43)
at java.base/java.lang.reflect.Method.invoke(Method.java:568)
at org.openqa.selenium.support.events.EventFiringWebDriver.lambda$new$0(EventFiringWebDriver.java:85)
at jdk.proxy2/jdk.proxy2.$Proxy13.onException(Unknown Source)
at org.openqa.selenium.support.events.EventFiringWebDriver.lambda$new$1(EventFiringWebDriver.java:108)
at jdk.proxy2/jdk.proxy2.$Proxy14.getScreenshotAs(Unknown Source)
at org.openqa.selenium.support.events.EventFiringWebDriver.getScreenshotAs(EventFiringWebDriver.java:303)
at com.qa.utils.TestUtil.takeScreenshotAtEndOfTest(TestUtil.java:179)
at com.qa.utils.WebEventListener.onException(WebEventListener.java:59)
at jdk.internal.reflect.GeneratedMethodAccessor7.invoke(Unknown Source)
at java.base/jdk.internal.reflect.DelegatingMethodAccessorImpl.invoke(DelegatingMethodAccessorImpl.java:43)
at java.base/java.lang.reflect.Method.invoke(Method.java:568)
at org.openqa.selenium.support.events.EventFiringWebDriver.lambda$new$0(EventFiringWebDriver.java:85)
at jdk.proxy2/jdk.proxy2.$Proxy13.onException(Unknown Source)
at org.openqa.selenium.support.events.EventFiringWebDriver.lambda$new$1(EventFiringWebDriver.java:108)
at jdk.proxy2/jdk.proxy2.$Proxy14.getScreenshotAs(Unknown Source)
at org.openqa.selenium.support.events.EventFiringWebDriver.getScreenshotAs(EventFiringWebDriver.java:303)
at com.qa.utils.TestUtil.takeScreenshotAtEndOfTest(TestUtil.java:179)
at com.qa.utils.WebEventListener.onException(WebEventListener.java:59)
at jdk.internal.reflect.GeneratedMethodAccessor7.invoke(Unknown Source)
at java.base/jdk.internal.reflect.DelegatingMethodAccessorImpl.invoke(DelegatingMethodAccessorImpl.java:43)
at java.base/java.lang.reflect.Method.invoke(Method.java:568)
at org.openqa.selenium.support.events.EventFiringWebDriver.lambda$new$0(EventFiringWebDriver.java:85)
at jdk.proxy2/jdk.proxy2.$Proxy13.onException(Unknown Source)
at org.openqa.selenium.support.events.EventFiringWebDriver.lambda$new$1(EventFiringWebDriver.java:108)
at jdk.proxy2/jdk.proxy2.$Proxy14.getScreenshotAs(Unknown Source)
at org.openqa.selenium.support.events.EventFiringWebDriver.getScreenshotAs(EventFiringWebDriver.java:303)
at com.qa.utils.TestUtil.takeScreenshotAtEndOfTest(TestUtil.java:179)
at com.qa.utils.WebEventListener.onException(WebEventListener.java:59)
at jdk.internal.reflect.GeneratedMethodAccessor7.invoke(Unknown Source)
at java.base/jdk.internal.reflect.DelegatingMethodAccessorImpl.invoke(DelegatingMethodAccessorImpl.java:43)
at java.base/java.lang.reflect.Method.invoke(Method.java:568)
at org.openqa.selenium.support.events.EventFiringWebDriver.lambda$new$0(EventFiringWebDriver.java:85)
at jdk.proxy2/jdk.proxy2.$Proxy13.onException(Unknown Source)
at org.openqa.selenium.support.events.EventFiringWebDriver.lambda$new$1(EventFiringWebDriver.java:108)
at jdk.proxy2/jdk.proxy2.$Proxy14.getScreenshotAs(Unknown Source)
at org.openqa.selenium.support.events.EventFiringWebDriver.getScreenshotAs(EventFiringWebDriver.java:303)
at com.qa.utils.TestUtil.takeScreenshotAtEndOfTest(TestUtil.java:179)
at com.qa.utils.WebEventListener.onException(WebEventListener.java:59)
at jdk.internal.reflect.GeneratedMethodAccessor7.invoke(Unknown Source)
at java.base/jdk.internal.reflect.DelegatingMethodAccessorImpl.invoke(DelegatingMethodAccessorImpl.java:43)
at java.base/java.lang.reflect.Method.invoke(Method.java:568)
at org.openqa.selenium.support.events.EventFiringWebDriver.lambda$new$0(EventFiringWebDriver.java:85)
at jdk.proxy2/jdk.proxy2.$Proxy13.onException(Unknown Source)
at org.openqa.selenium.support.events.EventFiringWebDriver.lambda$new$1(EventFiringWebDriver.java:108)
at jdk.proxy2/jdk.proxy2.$Proxy14.getScreenshotAs(Unknown Source)
at org.openqa.selenium.support.events.EventFiringWebDriver.getScreenshotAs(EventFiringWebDriver.java:303)
at com.qa.utils.TestUtil.takeScreenshotAtEndOfTest(TestUtil.java:179)
at com.qa.utils.WebEventListener.onException(WebEventListener.java:59)
at jdk.internal.reflect.GeneratedMethodAccessor7.invoke(Unknown Source)
at java.base/jdk.internal.reflect.DelegatingMethodAccessorImpl.invoke(DelegatingMethodAccessorImpl.java:43)
at java.base/java.lang.reflect.Method.invoke(Method.java:568)
at org.openqa.selenium.support.events.EventFiringWebDriver.lambda$new$0(EventFiringWebDriver.java:85)
at jdk.proxy2/jdk.proxy2.$Proxy13.onException(Unknown Source)
at org.openqa.selenium.support.events.EventFiringWebDriver.lambda$new$1(EventFiringWebDriver.java:108)
at jdk.proxy2/jdk.proxy2.$Proxy14.getScreenshotAs(Unknown Source)
at org.openqa.selenium.support.events.EventFiringWebDriver.getScreenshotAs(EventFiringWebDriver.java:303)
at com.qa.utils.TestUtil.takeScreenshotAtEndOfTest(TestUtil.java:179)
at com.qa.utils.WebEventListener.onException(WebEventListener.java:59)
at jdk.internal.reflect.GeneratedMethodAccessor7.invoke(Unknown Source)
at java.base/jdk.internal.reflect.DelegatingMethodAccessorImpl.invoke(DelegatingMethodAccessorImpl.java:43)
at java.base/java.lang.reflect.Method.invoke(Method.java:568)
at org.openqa.selenium.support.events.EventFiringWebDriver.lambda$new$0(EventFiringWebDriver.java:85)
at jdk.proxy2/jdk.proxy2.$Proxy13.onException(Unknown Source)
at org.openqa.selenium.support.events.EventFiringWebDriver.lambda$new$1(EventFiringWebDriver.java:108)
at jdk.proxy2/jdk.proxy2.$Proxy14.getScreenshotAs(Unknown Source)
at org.openqa.selenium.support.events.EventFiringWebDriver.getScreenshotAs(EventFiringWebDriver.java:303)
at com.qa.utils.TestUtil.takeScreenshotAtEndOfTest(TestUtil.java:179)
at com.qa.utils.WebEventListener.onException(WebEventListener.java:59)
at jdk.internal.reflect.GeneratedMethodAccessor7.invoke(Unknown Source)
at java.base/jdk.internal.reflect.DelegatingMethodAccessorImpl.invoke(DelegatingMethodAccessorImpl.java:43)
at java.base/java.lang.reflect.Method.invoke(Method.java:568)
at org.openqa.selenium.support.events.EventFiringWebDriver.lambda$new$0(EventFiringWebDriver.java:85)
at jdk.proxy2/jdk.proxy2.$Proxy13.onException(Unknown Source)
at org.openqa.selenium.support.events.EventFiringWebDriver.lambda$new$1(EventFiringWebDriver.java:108)
at jdk.proxy2/jdk.proxy2.$Proxy14.getScreenshotAs(Unknown Source)
at org.openqa.selenium.support.events.EventFiringWebDriver.getScreenshotAs(EventFiringWebDriver.java:303)
at com.qa.utils.TestUtil.takeScreenshotAtEndOfTest(TestUtil.java:179)
at com.qa.utils.WebEventListener.onException(WebEventListener.java:59)
at jdk.internal.reflect.GeneratedMethodAccessor7.invoke(Unknown Source)
at java.base/jdk.internal.reflect.DelegatingMethodAccessorImpl.invoke(DelegatingMethodAccessorImpl.java:43)
at java.base/java.lang.reflect.Method.invoke(Method.java:568)
at org.openqa.selenium.support.events.EventFiringWebDriver.lambda$new$0(EventFiringWebDriver.java:85)
at jdk.proxy2/jdk.proxy2.$Proxy13.onException(Unknown Source)
at org.openqa.selenium.support.events.EventFiringWebDriver.lambda$new$1(EventFiringWebDriver.java:108)
at jdk.proxy2/jdk.proxy2.$Proxy14.getScreenshotAs(Unknown Source)
at org.openqa.selenium.support.events.EventFiringWebDriver.getScreenshotAs(EventFiringWebDriver.java:303)
at com.qa.utils.TestUtil.takeScreenshotAtEndOfTest(TestUtil.java:179)
at com.qa.utils.WebEventListener.onException(WebEventListener.java:59)
at jdk.internal.reflect.GeneratedMethodAccessor7.invoke(Unknown Source)
at java.base/jdk.internal.reflect.DelegatingMethodAccessorImpl.invoke(DelegatingMethodAccessorImpl.java:43)
at java.base/java.lang.reflect.Method.invoke(Method.java:568)
at org.openqa.selenium.support.events.EventFiringWebDriver.lambda$new$0(EventFiringWebDriver.java:85)
at jdk.proxy2/jdk.proxy2.$Proxy13.onException(Unknown Source)
at org.openqa.selenium.support.events.EventFiringWebDriver.lambda$new$1(EventFiringWebDriver.java:108)
at jdk.proxy2/jdk.proxy2.$Proxy14.getScreenshotAs(Unknown Source)
at org.openqa.selenium.support.events.EventFiringWebDriver.getScreenshotAs(EventFiringWebDriver.java:303)
at com.qa.utils.TestUtil.takeScreenshotAtEndOfTest(TestUtil.java:179)
at com.qa.utils.WebEventListener.onException(WebEventListener.java:59)
at jdk.internal.reflect.GeneratedMethodAccessor7.invoke(Unknown Source)
at java.base/jdk.internal.reflect.DelegatingMethodAccessorImpl.invoke(DelegatingMethodAccessorImpl.java:43)
at java.base/java.lang.reflect.Method.invoke(Method.java:568)
at org.openqa.selenium.support.events.EventFiringWebDriver.lambda$new$0(EventFiringWebDriver.java:85)
at jdk.proxy2/jdk.proxy2.$Proxy13.onException(Unknown Source)
at org.openqa.selenium.support.events.EventFiringWebDriver.lambda$new$1(EventFiringWebDriver.java:108)
at jdk.proxy2/jdk.proxy2.$Proxy14.getScreenshotAs(Unknown Source)
at org.openqa.selenium.support.events.EventFiringWebDriver.getScreenshotAs(EventFiringWebDriver.java:303)
at com.qa.utils.TestUtil.takeScreenshotAtEndOfTest(TestUtil.java:179)
at com.qa.utils.WebEventListener.onException(WebEventListener.java:59)
at jdk.internal.reflect.GeneratedMethodAccessor7.invoke(Unknown Source)
at java.base/jdk.internal.reflect.DelegatingMethodAccessorImpl.invoke(DelegatingMethodAccessorImpl.java:43)
at java.base/java.lang.reflect.Method.invoke(Method.java:568)
at org.openqa.selenium.support.events.EventFiringWebDriver.lambda$new$0(EventFiringWebDriver.java:85)
at jdk.proxy2/jdk.proxy2.$Proxy13.onException(Unknown Source)
at org.openqa.selenium.support.events.EventFiringWebDriver.lambda$new$1(EventFiringWebDriver.java:108)
at jdk.proxy2/jdk.proxy2.$Proxy14.getScreenshotAs(Unknown Source)
at org.openqa.selenium.support.events.EventFiringWebDriver.getScreenshotAs(EventFiringWebDriver.java:303)
at com.qa.utils.TestUtil.takeScreenshotAtEndOfTest(TestUtil.java:179)
at com.qa.utils.WebEventListener.onException(WebEventListener.java:59)
at jdk.internal.reflect.GeneratedMethodAccessor7.invoke(Unknown Source)
at java.base/jdk.internal.reflect.DelegatingMethodAccessorImpl.invoke(DelegatingMethodAccessorImpl.java:43)
at java.base/java.lang.reflect.Method.invoke(Method.java:568)
at org.openqa.selenium.support.events.EventFiringWebDriver.lambda$new$0(EventFiringWebDriver.java:85)
at jdk.proxy2/jdk.proxy2.$Proxy13.onException(Unknown Source)
at org.openqa.selenium.support.events.EventFiringWebDriver.lambda$new$1(EventFiringWebDriver.java:108)
at jdk.proxy2/jdk.proxy2.$Proxy14.getScreenshotAs(Unknown Source)
at org.openqa.selenium.support.events.EventFiringWebDriver.getScreenshotAs(EventFiringWebDriver.java:303)
at com.qa.utils.TestUtil.takeScreenshotAtEndOfTest(TestUtil.java:179)
at com.qa.utils.WebEventListener.onException(WebEventListener.java:59)
at jdk.internal.reflect.GeneratedMethodAccessor7.invoke(Unknown Source)
at java.base/jdk.internal.reflect.DelegatingMethodAccessorImpl.invoke(DelegatingMethodAccessorImpl.java:43)
at java.base/java.lang.reflect.Method.invoke(Method.java:568)
at org.openqa.selenium.support.events.EventFiringWebDriver.lambda$new$0(EventFiringWebDriver.java:85)
at jdk.proxy2/jdk.proxy2.$Proxy13.onException(Unknown Source)
at org.openqa.selenium.support.events.EventFiringWebDriver.lambda$new$1(EventFiringWebDriver.java:108)
at jdk.proxy2/jdk.proxy2.$Proxy14.getScreenshotAs(Unknown Source)
at org.openqa.selenium.support.events.EventFiringWebDriver.getScreenshotAs(EventFiringWebDriver.java:303)
at com.qa.utils.TestUtil.takeScreenshotAtEndOfTest(TestUtil.java:179)
at com.qa.utils.WebEventListener.onException(WebEventListener.java:59)
at jdk.internal.reflect.GeneratedMethodAccessor7.invoke(Unknown Source)
at java.base/jdk.internal.reflect.DelegatingMethodAccessorImpl.invoke(DelegatingMethodAccessorImpl.java:43)
at java.base/java.lang.reflect.Method.invoke(Method.java:568)
at org.openqa.selenium.support.events.EventFiringWebDriver.lambda$new$0(EventFiringWebDriver.java:85)
at jdk.proxy2/jdk.proxy2.$Proxy13.onException(Unknown Source)
at org.openqa.selenium.support.events.EventFiringWebDriver.lambda$new$1(EventFiringWebDriver.java:108)
at jdk.proxy2/jdk.proxy2.$Proxy14.getScreenshotAs(Unknown Source)
at org.openqa.selenium.support.events.EventFiringWebDriver.getScreenshotAs(EventFiringWebDriver.java:303)
at com.qa.utils.TestUtil.takeScreenshotAtEndOfTest(TestUtil.java:179)
at com.qa.utils.WebEventListener.onException(WebEventListener.java:59)
at jdk.internal.reflect.GeneratedMethodAccessor7.invoke(Unknown Source)
at java.base/jdk.internal.reflect.DelegatingMethodAccessorImpl.invoke(DelegatingMethodAccessorImpl.java:43)
at java.base/java.lang.reflect.Method.invoke(Method.java:568)
at org.openqa.selenium.support.events.EventFiringWebDriver.lambda$new$0(EventFiringWebDriver.java:85)
at jdk.proxy2/jdk.proxy2.$Proxy13.onException(Unknown Source)
at org.openqa.selenium.support.events.EventFiringWebDriver.lambda$new$1(EventFiringWebDriver.java:108)
at jdk.proxy2/jdk.proxy2.$Proxy14.getScreenshotAs(Unknown Source)
at org.openqa.selenium.support.events.EventFiringWebDriver.getScreenshotAs(EventFiringWebDriver.java:303)
at com.qa.utils.TestUtil.takeScreenshotAtEndOfTest(TestUtil.java:179)
at com.qa.utils.WebEventListener.onException(WebEventListener.java:59)
at jdk.internal.reflect.GeneratedMethodAccessor7.invoke(Unknown Source)
at java.base/jdk.internal.reflect.DelegatingMethodAccessorImpl.invoke(DelegatingMethodAccessorImpl.java:43)
at java.base/java.lang.reflect.Method.invoke(Method.java:568)
at org.openqa.selenium.support.events.EventFiringWebDriver.lambda$new$0(EventFiringWebDriver.java:85)
at jdk.proxy2/jdk.proxy2.$Proxy13.onException(Unknown Source)
at org.openqa.selenium.support.events.EventFiringWebDriver.lambda$new$1(EventFiringWebDriver.java:108)
at jdk.proxy2/jdk.proxy2.$Proxy14.getScreenshotAs(Unknown Source)
at org.openqa.selenium.support.events.EventFiringWebDriver.getScreenshotAs(EventFiringWebDriver.java:303)
at com.qa.utils.TestUtil.takeScreenshotAtEndOfTest(TestUtil.java:179)
at com.qa.utils.WebEventListener.onException(WebEventListener.java:59)
at jdk.internal.reflect.GeneratedMethodAccessor7.invoke(Unknown Source)
at java.base/jdk.internal.reflect.DelegatingMethodAccessorImpl.invoke(DelegatingMethodAccessorImpl.java:43)
at java.base/java.lang.reflect.Method.invoke(Method.java:568)
at org.openqa.selenium.support.events.EventFiringWebDriver.lambda$new$0(EventFiringWebDriver.java:85)
at jdk.proxy2/jdk.proxy2.$Proxy13.onException(Unknown Source)
at org.openqa.selenium.support.events.EventFiringWebDriver.lambda$new$1(EventFiringWebDriver.java:108)
at jdk.proxy2/jdk.proxy2.$Proxy14.getScreenshotAs(Unknown Source)
at org.openqa.selenium.support.events.EventFiringWebDriver.getScreenshotAs(EventFiringWebDriver.java:303)
at com.qa.utils.TestUtil.takeScreenshotAtEndOfTest(TestUtil.java:179)
at com.qa.utils.WebEventListener.onException(WebEventListener.java:59)
at jdk.internal.reflect.GeneratedMethodAccessor7.invoke(Unknown Source)
at java.base/jdk.internal.reflect.DelegatingMethodAccessorImpl.invoke(DelegatingMethodAccessorImpl.java:43)
at java.base/java.lang.reflect.Method.invoke(Method.java:568)
at org.openqa.selenium.support.events.EventFiringWebDriver.lambda$new$0(EventFiringWebDriver.java:85)
at jdk.proxy2/jdk.proxy2.$Proxy13.onException(Unknown Source)
at org.openqa.selenium.support.events.EventFiringWebDriver.lambda$new$1(EventFiringWebDriver.java:108)
at jdk.proxy2/jdk.proxy2.$Proxy14.getScreenshotAs(Unknown Source)
at org.openqa.selenium.support.events.EventFiringWebDriver.getScreenshotAs(EventFiringWebDriver.java:303)
at com.qa.utils.TestUtil.takeScreenshotAtEndOfTest(TestUtil.java:179)
at com.qa.utils.WebEventListener.onException(WebEventListener.java:59)
at jdk.internal.reflect.GeneratedMethodAccessor7.invoke(Unknown Source)
at java.base/jdk.internal.reflect.DelegatingMethodAccessorImpl.invoke(DelegatingMethodAccessorImpl.java:43)
at java.base/java.lang.reflect.Method.invoke(Method.java:568)
at org.openqa.selenium.support.events.EventFiringWebDriver.lambda$new$0(EventFiringWebDriver.java:85)
at jdk.proxy2/jdk.proxy2.$Proxy13.onException(Unknown Source)
at org.openqa.selenium.support.events.EventFiringWebDriver.lambda$new$1(EventFiringWebDriver.java:108)
at jdk.proxy2/jdk.proxy2.$Proxy14.getScreenshotAs(Unknown Source)
at org.openqa.selenium.support.events.EventFiringWebDriver.getScreenshotAs(EventFiringWebDriver.java:303)
at com.qa.utils.TestUtil.takeScreenshotAtEndOfTest(TestUtil.java:179)
at com.qa.utils.WebEventListener.onException(WebEventListener.java:59)
at jdk.internal.reflect.GeneratedMethodAccessor7.invoke(Unknown Source)
at java.base/jdk.internal.reflect.DelegatingMethodAccessorImpl.invoke(DelegatingMethodAccessorImpl.java:43)
at java.base/java.lang.reflect.Method.invoke(Method.java:568)
at org.openqa.selenium.support.events.EventFiringWebDriver.lambda$new$0(EventFiringWebDriver.java:85)
at jdk.proxy2/jdk.proxy2.$Proxy13.onException(Unknown Source)
at org.openqa.selenium.support.events.EventFiringWebDriver.lambda$new$1(EventFiringWebDriver.java:108)
at jdk.proxy2/jdk.proxy2.$Proxy14.getScreenshotAs(Unknown Source)
at org.openqa.selenium.support.events.EventFiringWebDriver.getScreenshotAs(EventFiringWebDriver.java:303)
at com.qa.utils.TestUtil.takeScreenshotAtEndOfTest(TestUtil.java:179)
at com.qa.utils.WebEventListener.onException(WebEventListener.java:59)
at jdk.internal.reflect.GeneratedMethodAccessor7.invoke(Unknown Source)
at java.base/jdk.internal.reflect.DelegatingMethodAccessorImpl.invoke(DelegatingMethodAccessorImpl.java:43)
at java.base/java.lang.reflect.Method.invoke(Method.java:568)
]]>
    </error>
  </testcase> <!-- Verify_fill_data_CorrespondingInvoice -->
  <system-out/>
  <testcase classname="com.qa.testcases.inwardlist.JobWorkRoughListPageTest" name="Verify_fill_data_MiningInformation" time="2.454">
    <error type="java.lang.StackOverflowError">
      <![CDATA[java.lang.StackOverflowError
at java.base/java.nio.CharBuffer.limit(CharBuffer.java:1529)
at java.base/java.nio.CharBuffer.limit(CharBuffer.java:267)
at java.base/java.nio.Buffer.<init>(Buffer.java:245)
at java.base/java.nio.CharBuffer.<init>(CharBuffer.java:288)
at java.base/java.nio.HeapCharBuffer.<init>(HeapCharBuffer.java:78)
at java.base/java.nio.CharBuffer.wrap(CharBuffer.java:408)
at java.base/sun.nio.cs.StreamEncoder.implWrite(StreamEncoder.java:281)
at java.base/sun.nio.cs.StreamEncoder.write(StreamEncoder.java:132)
at java.base/java.io.OutputStreamWriter.write(OutputStreamWriter.java:205)
at java.base/java.io.BufferedWriter.flushBuffer(BufferedWriter.java:120)
at java.base/java.io.PrintStream.writeln(PrintStream.java:722)
at java.base/java.io.PrintStream.println(PrintStream.java:1028)
at com.qa.utils.WebEventListener.onException(WebEventListener.java:57)
at jdk.internal.reflect.GeneratedMethodAccessor7.invoke(Unknown Source)
at java.base/jdk.internal.reflect.DelegatingMethodAccessorImpl.invoke(DelegatingMethodAccessorImpl.java:43)
at java.base/java.lang.reflect.Method.invoke(Method.java:568)
at org.openqa.selenium.support.events.EventFiringWebDriver.lambda$new$0(EventFiringWebDriver.java:85)
at jdk.proxy2/jdk.proxy2.$Proxy13.onException(Unknown Source)
at org.openqa.selenium.support.events.EventFiringWebDriver.lambda$new$1(EventFiringWebDriver.java:108)
at jdk.proxy2/jdk.proxy2.$Proxy14.getScreenshotAs(Unknown Source)
at org.openqa.selenium.support.events.EventFiringWebDriver.getScreenshotAs(EventFiringWebDriver.java:303)
at com.qa.utils.TestUtil.takeScreenshotAtEndOfTest(TestUtil.java:179)
at com.qa.utils.WebEventListener.onException(WebEventListener.java:59)
at jdk.internal.reflect.GeneratedMethodAccessor7.invoke(Unknown Source)
at java.base/jdk.internal.reflect.DelegatingMethodAccessorImpl.invoke(DelegatingMethodAccessorImpl.java:43)
at java.base/java.lang.reflect.Method.invoke(Method.java:568)
at org.openqa.selenium.support.events.EventFiringWebDriver.lambda$new$0(EventFiringWebDriver.java:85)
at jdk.proxy2/jdk.proxy2.$Proxy13.onException(Unknown Source)
at org.openqa.selenium.support.events.EventFiringWebDriver.lambda$new$1(EventFiringWebDriver.java:108)
at jdk.proxy2/jdk.proxy2.$Proxy14.getScreenshotAs(Unknown Source)
at org.openqa.selenium.support.events.EventFiringWebDriver.getScreenshotAs(EventFiringWebDriver.java:303)
at com.qa.utils.TestUtil.takeScreenshotAtEndOfTest(TestUtil.java:179)
at com.qa.utils.WebEventListener.onException(WebEventListener.java:59)
at jdk.internal.reflect.GeneratedMethodAccessor7.invoke(Unknown Source)
at java.base/jdk.internal.reflect.DelegatingMethodAccessorImpl.invoke(DelegatingMethodAccessorImpl.java:43)
at java.base/java.lang.reflect.Method.invoke(Method.java:568)
at org.openqa.selenium.support.events.EventFiringWebDriver.lambda$new$0(EventFiringWebDriver.java:85)
at jdk.proxy2/jdk.proxy2.$Proxy13.onException(Unknown Source)
at org.openqa.selenium.support.events.EventFiringWebDriver.lambda$new$1(EventFiringWebDriver.java:108)
at jdk.proxy2/jdk.proxy2.$Proxy14.getScreenshotAs(Unknown Source)
at org.openqa.selenium.support.events.EventFiringWebDriver.getScreenshotAs(EventFiringWebDriver.java:303)
at com.qa.utils.TestUtil.takeScreenshotAtEndOfTest(TestUtil.java:179)
at com.qa.utils.WebEventListener.onException(WebEventListener.java:59)
at jdk.internal.reflect.GeneratedMethodAccessor7.invoke(Unknown Source)
at java.base/jdk.internal.reflect.DelegatingMethodAccessorImpl.invoke(DelegatingMethodAccessorImpl.java:43)
at java.base/java.lang.reflect.Method.invoke(Method.java:568)
at org.openqa.selenium.support.events.EventFiringWebDriver.lambda$new$0(EventFiringWebDriver.java:85)
at jdk.proxy2/jdk.proxy2.$Proxy13.onException(Unknown Source)
at org.openqa.selenium.support.events.EventFiringWebDriver.lambda$new$1(EventFiringWebDriver.java:108)
at jdk.proxy2/jdk.proxy2.$Proxy14.getScreenshotAs(Unknown Source)
at org.openqa.selenium.support.events.EventFiringWebDriver.getScreenshotAs(EventFiringWebDriver.java:303)
at com.qa.utils.TestUtil.takeScreenshotAtEndOfTest(TestUtil.java:179)
at com.qa.utils.WebEventListener.onException(WebEventListener.java:59)
at jdk.internal.reflect.GeneratedMethodAccessor7.invoke(Unknown Source)
at java.base/jdk.internal.reflect.DelegatingMethodAccessorImpl.invoke(DelegatingMethodAccessorImpl.java:43)
at java.base/java.lang.reflect.Method.invoke(Method.java:568)
at org.openqa.selenium.support.events.EventFiringWebDriver.lambda$new$0(EventFiringWebDriver.java:85)
at jdk.proxy2/jdk.proxy2.$Proxy13.onException(Unknown Source)
at org.openqa.selenium.support.events.EventFiringWebDriver.lambda$new$1(EventFiringWebDriver.java:108)
at jdk.proxy2/jdk.proxy2.$Proxy14.getScreenshotAs(Unknown Source)
at org.openqa.selenium.support.events.EventFiringWebDriver.getScreenshotAs(EventFiringWebDriver.java:303)
at com.qa.utils.TestUtil.takeScreenshotAtEndOfTest(TestUtil.java:179)
at com.qa.utils.WebEventListener.onException(WebEventListener.java:59)
at jdk.internal.reflect.GeneratedMethodAccessor7.invoke(Unknown Source)
at java.base/jdk.internal.reflect.DelegatingMethodAccessorImpl.invoke(DelegatingMethodAccessorImpl.java:43)
at java.base/java.lang.reflect.Method.invoke(Method.java:568)
at org.openqa.selenium.support.events.EventFiringWebDriver.lambda$new$0(EventFiringWebDriver.java:85)
at jdk.proxy2/jdk.proxy2.$Proxy13.onException(Unknown Source)
at org.openqa.selenium.support.events.EventFiringWebDriver.lambda$new$1(EventFiringWebDriver.java:108)
at jdk.proxy2/jdk.proxy2.$Proxy14.getScreenshotAs(Unknown Source)
at org.openqa.selenium.support.events.EventFiringWebDriver.getScreenshotAs(EventFiringWebDriver.java:303)
at com.qa.utils.TestUtil.takeScreenshotAtEndOfTest(TestUtil.java:179)
at com.qa.utils.WebEventListener.onException(WebEventListener.java:59)
at jdk.internal.reflect.GeneratedMethodAccessor7.invoke(Unknown Source)
at java.base/jdk.internal.reflect.DelegatingMethodAccessorImpl.invoke(DelegatingMethodAccessorImpl.java:43)
at java.base/java.lang.reflect.Method.invoke(Method.java:568)
at org.openqa.selenium.support.events.EventFiringWebDriver.lambda$new$0(EventFiringWebDriver.java:85)
at jdk.proxy2/jdk.proxy2.$Proxy13.onException(Unknown Source)
at org.openqa.selenium.support.events.EventFiringWebDriver.lambda$new$1(EventFiringWebDriver.java:108)
at jdk.proxy2/jdk.proxy2.$Proxy14.getScreenshotAs(Unknown Source)
at org.openqa.selenium.support.events.EventFiringWebDriver.getScreenshotAs(EventFiringWebDriver.java:303)
at com.qa.utils.TestUtil.takeScreenshotAtEndOfTest(TestUtil.java:179)
at com.qa.utils.WebEventListener.onException(WebEventListener.java:59)
at jdk.internal.reflect.GeneratedMethodAccessor7.invoke(Unknown Source)
at java.base/jdk.internal.reflect.DelegatingMethodAccessorImpl.invoke(DelegatingMethodAccessorImpl.java:43)
at java.base/java.lang.reflect.Method.invoke(Method.java:568)
at org.openqa.selenium.support.events.EventFiringWebDriver.lambda$new$0(EventFiringWebDriver.java:85)
at jdk.proxy2/jdk.proxy2.$Proxy13.onException(Unknown Source)
at org.openqa.selenium.support.events.EventFiringWebDriver.lambda$new$1(EventFiringWebDriver.java:108)
at jdk.proxy2/jdk.proxy2.$Proxy14.getScreenshotAs(Unknown Source)
at org.openqa.selenium.support.events.EventFiringWebDriver.getScreenshotAs(EventFiringWebDriver.java:303)
at com.qa.utils.TestUtil.takeScreenshotAtEndOfTest(TestUtil.java:179)
at com.qa.utils.WebEventListener.onException(WebEventListener.java:59)
at jdk.internal.reflect.GeneratedMethodAccessor7.invoke(Unknown Source)
at java.base/jdk.internal.reflect.DelegatingMethodAccessorImpl.invoke(DelegatingMethodAccessorImpl.java:43)
at java.base/java.lang.reflect.Method.invoke(Method.java:568)
at org.openqa.selenium.support.events.EventFiringWebDriver.lambda$new$0(EventFiringWebDriver.java:85)
at jdk.proxy2/jdk.proxy2.$Proxy13.onException(Unknown Source)
at org.openqa.selenium.support.events.EventFiringWebDriver.lambda$new$1(EventFiringWebDriver.java:108)
at jdk.proxy2/jdk.proxy2.$Proxy14.getScreenshotAs(Unknown Source)
at org.openqa.selenium.support.events.EventFiringWebDriver.getScreenshotAs(EventFiringWebDriver.java:303)
at com.qa.utils.TestUtil.takeScreenshotAtEndOfTest(TestUtil.java:179)
at com.qa.utils.WebEventListener.onException(WebEventListener.java:59)
at jdk.internal.reflect.GeneratedMethodAccessor7.invoke(Unknown Source)
at java.base/jdk.internal.reflect.DelegatingMethodAccessorImpl.invoke(DelegatingMethodAccessorImpl.java:43)
at java.base/java.lang.reflect.Method.invoke(Method.java:568)
at org.openqa.selenium.support.events.EventFiringWebDriver.lambda$new$0(EventFiringWebDriver.java:85)
at jdk.proxy2/jdk.proxy2.$Proxy13.onException(Unknown Source)
at org.openqa.selenium.support.events.EventFiringWebDriver.lambda$new$1(EventFiringWebDriver.java:108)
at jdk.proxy2/jdk.proxy2.$Proxy14.getScreenshotAs(Unknown Source)
at org.openqa.selenium.support.events.EventFiringWebDriver.getScreenshotAs(EventFiringWebDriver.java:303)
at com.qa.utils.TestUtil.takeScreenshotAtEndOfTest(TestUtil.java:179)
at com.qa.utils.WebEventListener.onException(WebEventListener.java:59)
at jdk.internal.reflect.GeneratedMethodAccessor7.invoke(Unknown Source)
at java.base/jdk.internal.reflect.DelegatingMethodAccessorImpl.invoke(DelegatingMethodAccessorImpl.java:43)
at java.base/java.lang.reflect.Method.invoke(Method.java:568)
at org.openqa.selenium.support.events.EventFiringWebDriver.lambda$new$0(EventFiringWebDriver.java:85)
at jdk.proxy2/jdk.proxy2.$Proxy13.onException(Unknown Source)
at org.openqa.selenium.support.events.EventFiringWebDriver.lambda$new$1(EventFiringWebDriver.java:108)
at jdk.proxy2/jdk.proxy2.$Proxy14.getScreenshotAs(Unknown Source)
at org.openqa.selenium.support.events.EventFiringWebDriver.getScreenshotAs(EventFiringWebDriver.java:303)
at com.qa.utils.TestUtil.takeScreenshotAtEndOfTest(TestUtil.java:179)
at com.qa.utils.WebEventListener.onException(WebEventListener.java:59)
at jdk.internal.reflect.GeneratedMethodAccessor7.invoke(Unknown Source)
at java.base/jdk.internal.reflect.DelegatingMethodAccessorImpl.invoke(DelegatingMethodAccessorImpl.java:43)
at java.base/java.lang.reflect.Method.invoke(Method.java:568)
at org.openqa.selenium.support.events.EventFiringWebDriver.lambda$new$0(EventFiringWebDriver.java:85)
at jdk.proxy2/jdk.proxy2.$Proxy13.onException(Unknown Source)
at org.openqa.selenium.support.events.EventFiringWebDriver.lambda$new$1(EventFiringWebDriver.java:108)
at jdk.proxy2/jdk.proxy2.$Proxy14.getScreenshotAs(Unknown Source)
at org.openqa.selenium.support.events.EventFiringWebDriver.getScreenshotAs(EventFiringWebDriver.java:303)
at com.qa.utils.TestUtil.takeScreenshotAtEndOfTest(TestUtil.java:179)
at com.qa.utils.WebEventListener.onException(WebEventListener.java:59)
at jdk.internal.reflect.GeneratedMethodAccessor7.invoke(Unknown Source)
at java.base/jdk.internal.reflect.DelegatingMethodAccessorImpl.invoke(DelegatingMethodAccessorImpl.java:43)
at java.base/java.lang.reflect.Method.invoke(Method.java:568)
at org.openqa.selenium.support.events.EventFiringWebDriver.lambda$new$0(EventFiringWebDriver.java:85)
at jdk.proxy2/jdk.proxy2.$Proxy13.onException(Unknown Source)
at org.openqa.selenium.support.events.EventFiringWebDriver.lambda$new$1(EventFiringWebDriver.java:108)
at jdk.proxy2/jdk.proxy2.$Proxy14.getScreenshotAs(Unknown Source)
at org.openqa.selenium.support.events.EventFiringWebDriver.getScreenshotAs(EventFiringWebDriver.java:303)
at com.qa.utils.TestUtil.takeScreenshotAtEndOfTest(TestUtil.java:179)
at com.qa.utils.WebEventListener.onException(WebEventListener.java:59)
at jdk.internal.reflect.GeneratedMethodAccessor7.invoke(Unknown Source)
at java.base/jdk.internal.reflect.DelegatingMethodAccessorImpl.invoke(DelegatingMethodAccessorImpl.java:43)
at java.base/java.lang.reflect.Method.invoke(Method.java:568)
at org.openqa.selenium.support.events.EventFiringWebDriver.lambda$new$0(EventFiringWebDriver.java:85)
at jdk.proxy2/jdk.proxy2.$Proxy13.onException(Unknown Source)
at org.openqa.selenium.support.events.EventFiringWebDriver.lambda$new$1(EventFiringWebDriver.java:108)
at jdk.proxy2/jdk.proxy2.$Proxy14.getScreenshotAs(Unknown Source)
at org.openqa.selenium.support.events.EventFiringWebDriver.getScreenshotAs(EventFiringWebDriver.java:303)
at com.qa.utils.TestUtil.takeScreenshotAtEndOfTest(TestUtil.java:179)
at com.qa.utils.WebEventListener.onException(WebEventListener.java:59)
at jdk.internal.reflect.GeneratedMethodAccessor7.invoke(Unknown Source)
at java.base/jdk.internal.reflect.DelegatingMethodAccessorImpl.invoke(DelegatingMethodAccessorImpl.java:43)
at java.base/java.lang.reflect.Method.invoke(Method.java:568)
at org.openqa.selenium.support.events.EventFiringWebDriver.lambda$new$0(EventFiringWebDriver.java:85)
at jdk.proxy2/jdk.proxy2.$Proxy13.onException(Unknown Source)
at org.openqa.selenium.support.events.EventFiringWebDriver.lambda$new$1(EventFiringWebDriver.java:108)
at jdk.proxy2/jdk.proxy2.$Proxy14.getScreenshotAs(Unknown Source)
at org.openqa.selenium.support.events.EventFiringWebDriver.getScreenshotAs(EventFiringWebDriver.java:303)
at com.qa.utils.TestUtil.takeScreenshotAtEndOfTest(TestUtil.java:179)
at com.qa.utils.WebEventListener.onException(WebEventListener.java:59)
at jdk.internal.reflect.GeneratedMethodAccessor7.invoke(Unknown Source)
at java.base/jdk.internal.reflect.DelegatingMethodAccessorImpl.invoke(DelegatingMethodAccessorImpl.java:43)
at java.base/java.lang.reflect.Method.invoke(Method.java:568)
at org.openqa.selenium.support.events.EventFiringWebDriver.lambda$new$0(EventFiringWebDriver.java:85)
at jdk.proxy2/jdk.proxy2.$Proxy13.onException(Unknown Source)
at org.openqa.selenium.support.events.EventFiringWebDriver.lambda$new$1(EventFiringWebDriver.java:108)
at jdk.proxy2/jdk.proxy2.$Proxy14.getScreenshotAs(Unknown Source)
at org.openqa.selenium.support.events.EventFiringWebDriver.getScreenshotAs(EventFiringWebDriver.java:303)
at com.qa.utils.TestUtil.takeScreenshotAtEndOfTest(TestUtil.java:179)
at com.qa.utils.WebEventListener.onException(WebEventListener.java:59)
at jdk.internal.reflect.GeneratedMethodAccessor7.invoke(Unknown Source)
at java.base/jdk.internal.reflect.DelegatingMethodAccessorImpl.invoke(DelegatingMethodAccessorImpl.java:43)
at java.base/java.lang.reflect.Method.invoke(Method.java:568)
at org.openqa.selenium.support.events.EventFiringWebDriver.lambda$new$0(EventFiringWebDriver.java:85)
at jdk.proxy2/jdk.proxy2.$Proxy13.onException(Unknown Source)
at org.openqa.selenium.support.events.EventFiringWebDriver.lambda$new$1(EventFiringWebDriver.java:108)
at jdk.proxy2/jdk.proxy2.$Proxy14.getScreenshotAs(Unknown Source)
at org.openqa.selenium.support.events.EventFiringWebDriver.getScreenshotAs(EventFiringWebDriver.java:303)
at com.qa.utils.TestUtil.takeScreenshotAtEndOfTest(TestUtil.java:179)
at com.qa.utils.WebEventListener.onException(WebEventListener.java:59)
at jdk.internal.reflect.GeneratedMethodAccessor7.invoke(Unknown Source)
at java.base/jdk.internal.reflect.DelegatingMethodAccessorImpl.invoke(DelegatingMethodAccessorImpl.java:43)
at java.base/java.lang.reflect.Method.invoke(Method.java:568)
at org.openqa.selenium.support.events.EventFiringWebDriver.lambda$new$0(EventFiringWebDriver.java:85)
at jdk.proxy2/jdk.proxy2.$Proxy13.onException(Unknown Source)
at org.openqa.selenium.support.events.EventFiringWebDriver.lambda$new$1(EventFiringWebDriver.java:108)
at jdk.proxy2/jdk.proxy2.$Proxy14.getScreenshotAs(Unknown Source)
at org.openqa.selenium.support.events.EventFiringWebDriver.getScreenshotAs(EventFiringWebDriver.java:303)
at com.qa.utils.TestUtil.takeScreenshotAtEndOfTest(TestUtil.java:179)
at com.qa.utils.WebEventListener.onException(WebEventListener.java:59)
at jdk.internal.reflect.GeneratedMethodAccessor7.invoke(Unknown Source)
at java.base/jdk.internal.reflect.DelegatingMethodAccessorImpl.invoke(DelegatingMethodAccessorImpl.java:43)
at java.base/java.lang.reflect.Method.invoke(Method.java:568)
at org.openqa.selenium.support.events.EventFiringWebDriver.lambda$new$0(EventFiringWebDriver.java:85)
at jdk.proxy2/jdk.proxy2.$Proxy13.onException(Unknown Source)
at org.openqa.selenium.support.events.EventFiringWebDriver.lambda$new$1(EventFiringWebDriver.java:108)
at jdk.proxy2/jdk.proxy2.$Proxy14.getScreenshotAs(Unknown Source)
at org.openqa.selenium.support.events.EventFiringWebDriver.getScreenshotAs(EventFiringWebDriver.java:303)
at com.qa.utils.TestUtil.takeScreenshotAtEndOfTest(TestUtil.java:179)
at com.qa.utils.WebEventListener.onException(WebEventListener.java:59)
at jdk.internal.reflect.GeneratedMethodAccessor7.invoke(Unknown Source)
at java.base/jdk.internal.reflect.DelegatingMethodAccessorImpl.invoke(DelegatingMethodAccessorImpl.java:43)
at java.base/java.lang.reflect.Method.invoke(Method.java:568)
at org.openqa.selenium.support.events.EventFiringWebDriver.lambda$new$0(EventFiringWebDriver.java:85)
at jdk.proxy2/jdk.proxy2.$Proxy13.onException(Unknown Source)
at org.openqa.selenium.support.events.EventFiringWebDriver.lambda$new$1(EventFiringWebDriver.java:108)
at jdk.proxy2/jdk.proxy2.$Proxy14.getScreenshotAs(Unknown Source)
at org.openqa.selenium.support.events.EventFiringWebDriver.getScreenshotAs(EventFiringWebDriver.java:303)
at com.qa.utils.TestUtil.takeScreenshotAtEndOfTest(TestUtil.java:179)
at com.qa.utils.WebEventListener.onException(WebEventListener.java:59)
at jdk.internal.reflect.GeneratedMethodAccessor7.invoke(Unknown Source)
at java.base/jdk.internal.reflect.DelegatingMethodAccessorImpl.invoke(DelegatingMethodAccessorImpl.java:43)
at java.base/java.lang.reflect.Method.invoke(Method.java:568)
at org.openqa.selenium.support.events.EventFiringWebDriver.lambda$new$0(EventFiringWebDriver.java:85)
at jdk.proxy2/jdk.proxy2.$Proxy13.onException(Unknown Source)
at org.openqa.selenium.support.events.EventFiringWebDriver.lambda$new$1(EventFiringWebDriver.java:108)
at jdk.proxy2/jdk.proxy2.$Proxy14.getScreenshotAs(Unknown Source)
at org.openqa.selenium.support.events.EventFiringWebDriver.getScreenshotAs(EventFiringWebDriver.java:303)
at com.qa.utils.TestUtil.takeScreenshotAtEndOfTest(TestUtil.java:179)
at com.qa.utils.WebEventListener.onException(WebEventListener.java:59)
at jdk.internal.reflect.GeneratedMethodAccessor7.invoke(Unknown Source)
at java.base/jdk.internal.reflect.DelegatingMethodAccessorImpl.invoke(DelegatingMethodAccessorImpl.java:43)
at java.base/java.lang.reflect.Method.invoke(Method.java:568)
at org.openqa.selenium.support.events.EventFiringWebDriver.lambda$new$0(EventFiringWebDriver.java:85)
at jdk.proxy2/jdk.proxy2.$Proxy13.onException(Unknown Source)
at org.openqa.selenium.support.events.EventFiringWebDriver.lambda$new$1(EventFiringWebDriver.java:108)
at jdk.proxy2/jdk.proxy2.$Proxy14.getScreenshotAs(Unknown Source)
at org.openqa.selenium.support.events.EventFiringWebDriver.getScreenshotAs(EventFiringWebDriver.java:303)
at com.qa.utils.TestUtil.takeScreenshotAtEndOfTest(TestUtil.java:179)
at com.qa.utils.WebEventListener.onException(WebEventListener.java:59)
at jdk.internal.reflect.GeneratedMethodAccessor7.invoke(Unknown Source)
at java.base/jdk.internal.reflect.DelegatingMethodAccessorImpl.invoke(DelegatingMethodAccessorImpl.java:43)
at java.base/java.lang.reflect.Method.invoke(Method.java:568)
at org.openqa.selenium.support.events.EventFiringWebDriver.lambda$new$0(EventFiringWebDriver.java:85)
at jdk.proxy2/jdk.proxy2.$Proxy13.onException(Unknown Source)
at org.openqa.selenium.support.events.EventFiringWebDriver.lambda$new$1(EventFiringWebDriver.java:108)
at jdk.proxy2/jdk.proxy2.$Proxy14.getScreenshotAs(Unknown Source)
at org.openqa.selenium.support.events.EventFiringWebDriver.getScreenshotAs(EventFiringWebDriver.java:303)
at com.qa.utils.TestUtil.takeScreenshotAtEndOfTest(TestUtil.java:179)
at com.qa.utils.WebEventListener.onException(WebEventListener.java:59)
at jdk.internal.reflect.GeneratedMethodAccessor7.invoke(Unknown Source)
at java.base/jdk.internal.reflect.DelegatingMethodAccessorImpl.invoke(DelegatingMethodAccessorImpl.java:43)
at java.base/java.lang.reflect.Method.invoke(Method.java:568)
at org.openqa.selenium.support.events.EventFiringWebDriver.lambda$new$0(EventFiringWebDriver.java:85)
at jdk.proxy2/jdk.proxy2.$Proxy13.onException(Unknown Source)
at org.openqa.selenium.support.events.EventFiringWebDriver.lambda$new$1(EventFiringWebDriver.java:108)
at jdk.proxy2/jdk.proxy2.$Proxy14.getScreenshotAs(Unknown Source)
at org.openqa.selenium.support.events.EventFiringWebDriver.getScreenshotAs(EventFiringWebDriver.java:303)
at com.qa.utils.TestUtil.takeScreenshotAtEndOfTest(TestUtil.java:179)
at com.qa.utils.WebEventListener.onException(WebEventListener.java:59)
at jdk.internal.reflect.GeneratedMethodAccessor7.invoke(Unknown Source)
at java.base/jdk.internal.reflect.DelegatingMethodAccessorImpl.invoke(DelegatingMethodAccessorImpl.java:43)
at java.base/java.lang.reflect.Method.invoke(Method.java:568)
at org.openqa.selenium.support.events.EventFiringWebDriver.lambda$new$0(EventFiringWebDriver.java:85)
at jdk.proxy2/jdk.proxy2.$Proxy13.onException(Unknown Source)
at org.openqa.selenium.support.events.EventFiringWebDriver.lambda$new$1(EventFiringWebDriver.java:108)
at jdk.proxy2/jdk.proxy2.$Proxy14.getScreenshotAs(Unknown Source)
at org.openqa.selenium.support.events.EventFiringWebDriver.getScreenshotAs(EventFiringWebDriver.java:303)
at com.qa.utils.TestUtil.takeScreenshotAtEndOfTest(TestUtil.java:179)
at com.qa.utils.WebEventListener.onException(WebEventListener.java:59)
at jdk.internal.reflect.GeneratedMethodAccessor7.invoke(Unknown Source)
at java.base/jdk.internal.reflect.DelegatingMethodAccessorImpl.invoke(DelegatingMethodAccessorImpl.java:43)
at java.base/java.lang.reflect.Method.invoke(Method.java:568)
at org.openqa.selenium.support.events.EventFiringWebDriver.lambda$new$0(EventFiringWebDriver.java:85)
at jdk.proxy2/jdk.proxy2.$Proxy13.onException(Unknown Source)
at org.openqa.selenium.support.events.EventFiringWebDriver.lambda$new$1(EventFiringWebDriver.java:108)
at jdk.proxy2/jdk.proxy2.$Proxy14.getScreenshotAs(Unknown Source)
at org.openqa.selenium.support.events.EventFiringWebDriver.getScreenshotAs(EventFiringWebDriver.java:303)
at com.qa.utils.TestUtil.takeScreenshotAtEndOfTest(TestUtil.java:179)
at com.qa.utils.WebEventListener.onException(WebEventListener.java:59)
at jdk.internal.reflect.GeneratedMethodAccessor7.invoke(Unknown Source)
at java.base/jdk.internal.reflect.DelegatingMethodAccessorImpl.invoke(DelegatingMethodAccessorImpl.java:43)
at java.base/java.lang.reflect.Method.invoke(Method.java:568)
at org.openqa.selenium.support.events.EventFiringWebDriver.lambda$new$0(EventFiringWebDriver.java:85)
at jdk.proxy2/jdk.proxy2.$Proxy13.onException(Unknown Source)
at org.openqa.selenium.support.events.EventFiringWebDriver.lambda$new$1(EventFiringWebDriver.java:108)
at jdk.proxy2/jdk.proxy2.$Proxy14.getScreenshotAs(Unknown Source)
at org.openqa.selenium.support.events.EventFiringWebDriver.getScreenshotAs(EventFiringWebDriver.java:303)
at com.qa.utils.TestUtil.takeScreenshotAtEndOfTest(TestUtil.java:179)
at com.qa.utils.WebEventListener.onException(WebEventListener.java:59)
at jdk.internal.reflect.GeneratedMethodAccessor7.invoke(Unknown Source)
at java.base/jdk.internal.reflect.DelegatingMethodAccessorImpl.invoke(DelegatingMethodAccessorImpl.java:43)
at java.base/java.lang.reflect.Method.invoke(Method.java:568)
at org.openqa.selenium.support.events.EventFiringWebDriver.lambda$new$0(EventFiringWebDriver.java:85)
at jdk.proxy2/jdk.proxy2.$Proxy13.onException(Unknown Source)
at org.openqa.selenium.support.events.EventFiringWebDriver.lambda$new$1(EventFiringWebDriver.java:108)
at jdk.proxy2/jdk.proxy2.$Proxy14.getScreenshotAs(Unknown Source)
at org.openqa.selenium.support.events.EventFiringWebDriver.getScreenshotAs(EventFiringWebDriver.java:303)
at com.qa.utils.TestUtil.takeScreenshotAtEndOfTest(TestUtil.java:179)
at com.qa.utils.WebEventListener.onException(WebEventListener.java:59)
at jdk.internal.reflect.GeneratedMethodAccessor7.invoke(Unknown Source)
at java.base/jdk.internal.reflect.DelegatingMethodAccessorImpl.invoke(DelegatingMethodAccessorImpl.java:43)
at java.base/java.lang.reflect.Method.invoke(Method.java:568)
at org.openqa.selenium.support.events.EventFiringWebDriver.lambda$new$0(EventFiringWebDriver.java:85)
at jdk.proxy2/jdk.proxy2.$Proxy13.onException(Unknown Source)
at org.openqa.selenium.support.events.EventFiringWebDriver.lambda$new$1(EventFiringWebDriver.java:108)
at jdk.proxy2/jdk.proxy2.$Proxy14.getScreenshotAs(Unknown Source)
at org.openqa.selenium.support.events.EventFiringWebDriver.getScreenshotAs(EventFiringWebDriver.java:303)
at com.qa.utils.TestUtil.takeScreenshotAtEndOfTest(TestUtil.java:179)
at com.qa.utils.WebEventListener.onException(WebEventListener.java:59)
at jdk.internal.reflect.GeneratedMethodAccessor7.invoke(Unknown Source)
at java.base/jdk.internal.reflect.DelegatingMethodAccessorImpl.invoke(DelegatingMethodAccessorImpl.java:43)
at java.base/java.lang.reflect.Method.invoke(Method.java:568)
at org.openqa.selenium.support.events.EventFiringWebDriver.lambda$new$0(EventFiringWebDriver.java:85)
at jdk.proxy2/jdk.proxy2.$Proxy13.onException(Unknown Source)
at org.openqa.selenium.support.events.EventFiringWebDriver.lambda$new$1(EventFiringWebDriver.java:108)
at jdk.proxy2/jdk.proxy2.$Proxy14.getScreenshotAs(Unknown Source)
at org.openqa.selenium.support.events.EventFiringWebDriver.getScreenshotAs(EventFiringWebDriver.java:303)
at com.qa.utils.TestUtil.takeScreenshotAtEndOfTest(TestUtil.java:179)
at com.qa.utils.WebEventListener.onException(WebEventListener.java:59)
at jdk.internal.reflect.GeneratedMethodAccessor7.invoke(Unknown Source)
at java.base/jdk.internal.reflect.DelegatingMethodAccessorImpl.invoke(DelegatingMethodAccessorImpl.java:43)
at java.base/java.lang.reflect.Method.invoke(Method.java:568)
at org.openqa.selenium.support.events.EventFiringWebDriver.lambda$new$0(EventFiringWebDriver.java:85)
at jdk.proxy2/jdk.proxy2.$Proxy13.onException(Unknown Source)
at org.openqa.selenium.support.events.EventFiringWebDriver.lambda$new$1(EventFiringWebDriver.java:108)
at jdk.proxy2/jdk.proxy2.$Proxy14.getScreenshotAs(Unknown Source)
at org.openqa.selenium.support.events.EventFiringWebDriver.getScreenshotAs(EventFiringWebDriver.java:303)
at com.qa.utils.TestUtil.takeScreenshotAtEndOfTest(TestUtil.java:179)
at com.qa.utils.WebEventListener.onException(WebEventListener.java:59)
at jdk.internal.reflect.GeneratedMethodAccessor7.invoke(Unknown Source)
at java.base/jdk.internal.reflect.DelegatingMethodAccessorImpl.invoke(DelegatingMethodAccessorImpl.java:43)
at java.base/java.lang.reflect.Method.invoke(Method.java:568)
at org.openqa.selenium.support.events.EventFiringWebDriver.lambda$new$0(EventFiringWebDriver.java:85)
at jdk.proxy2/jdk.proxy2.$Proxy13.onException(Unknown Source)
at org.openqa.selenium.support.events.EventFiringWebDriver.lambda$new$1(EventFiringWebDriver.java:108)
at jdk.proxy2/jdk.proxy2.$Proxy14.getScreenshotAs(Unknown Source)
at org.openqa.selenium.support.events.EventFiringWebDriver.getScreenshotAs(EventFiringWebDriver.java:303)
at com.qa.utils.TestUtil.takeScreenshotAtEndOfTest(TestUtil.java:179)
at com.qa.utils.WebEventListener.onException(WebEventListener.java:59)
at jdk.internal.reflect.GeneratedMethodAccessor7.invoke(Unknown Source)
at java.base/jdk.internal.reflect.DelegatingMethodAccessorImpl.invoke(DelegatingMethodAccessorImpl.java:43)
at java.base/java.lang.reflect.Method.invoke(Method.java:568)
at org.openqa.selenium.support.events.EventFiringWebDriver.lambda$new$0(EventFiringWebDriver.java:85)
at jdk.proxy2/jdk.proxy2.$Proxy13.onException(Unknown Source)
at org.openqa.selenium.support.events.EventFiringWebDriver.lambda$new$1(EventFiringWebDriver.java:108)
at jdk.proxy2/jdk.proxy2.$Proxy14.getScreenshotAs(Unknown Source)
at org.openqa.selenium.support.events.EventFiringWebDriver.getScreenshotAs(EventFiringWebDriver.java:303)
at com.qa.utils.TestUtil.takeScreenshotAtEndOfTest(TestUtil.java:179)
at com.qa.utils.WebEventListener.onException(WebEventListener.java:59)
at jdk.internal.reflect.GeneratedMethodAccessor7.invoke(Unknown Source)
at java.base/jdk.internal.reflect.DelegatingMethodAccessorImpl.invoke(DelegatingMethodAccessorImpl.java:43)
at java.base/java.lang.reflect.Method.invoke(Method.java:568)
at org.openqa.selenium.support.events.EventFiringWebDriver.lambda$new$0(EventFiringWebDriver.java:85)
at jdk.proxy2/jdk.proxy2.$Proxy13.onException(Unknown Source)
at org.openqa.selenium.support.events.EventFiringWebDriver.lambda$new$1(EventFiringWebDriver.java:108)
at jdk.proxy2/jdk.proxy2.$Proxy14.getScreenshotAs(Unknown Source)
at org.openqa.selenium.support.events.EventFiringWebDriver.getScreenshotAs(EventFiringWebDriver.java:303)
at com.qa.utils.TestUtil.takeScreenshotAtEndOfTest(TestUtil.java:179)
at com.qa.utils.WebEventListener.onException(WebEventListener.java:59)
at jdk.internal.reflect.GeneratedMethodAccessor7.invoke(Unknown Source)
at java.base/jdk.internal.reflect.DelegatingMethodAccessorImpl.invoke(DelegatingMethodAccessorImpl.java:43)
at java.base/java.lang.reflect.Method.invoke(Method.java:568)
at org.openqa.selenium.support.events.EventFiringWebDriver.lambda$new$0(EventFiringWebDriver.java:85)
at jdk.proxy2/jdk.proxy2.$Proxy13.onException(Unknown Source)
at org.openqa.selenium.support.events.EventFiringWebDriver.lambda$new$1(EventFiringWebDriver.java:108)
at jdk.proxy2/jdk.proxy2.$Proxy14.getScreenshotAs(Unknown Source)
at org.openqa.selenium.support.events.EventFiringWebDriver.getScreenshotAs(EventFiringWebDriver.java:303)
at com.qa.utils.TestUtil.takeScreenshotAtEndOfTest(TestUtil.java:179)
at com.qa.utils.WebEventListener.onException(WebEventListener.java:59)
at jdk.internal.reflect.GeneratedMethodAccessor7.invoke(Unknown Source)
at java.base/jdk.internal.reflect.DelegatingMethodAccessorImpl.invoke(DelegatingMethodAccessorImpl.java:43)
at java.base/java.lang.reflect.Method.invoke(Method.java:568)
at org.openqa.selenium.support.events.EventFiringWebDriver.lambda$new$0(EventFiringWebDriver.java:85)
at jdk.proxy2/jdk.proxy2.$Proxy13.onException(Unknown Source)
at org.openqa.selenium.support.events.EventFiringWebDriver.lambda$new$1(EventFiringWebDriver.java:108)
at jdk.proxy2/jdk.proxy2.$Proxy14.getScreenshotAs(Unknown Source)
at org.openqa.selenium.support.events.EventFiringWebDriver.getScreenshotAs(EventFiringWebDriver.java:303)
at com.qa.utils.TestUtil.takeScreenshotAtEndOfTest(TestUtil.java:179)
at com.qa.utils.WebEventListener.onException(WebEventListener.java:59)
at jdk.internal.reflect.GeneratedMethodAccessor7.invoke(Unknown Source)
at java.base/jdk.internal.reflect.DelegatingMethodAccessorImpl.invoke(DelegatingMethodAccessorImpl.java:43)
at java.base/java.lang.reflect.Method.invoke(Method.java:568)
at org.openqa.selenium.support.events.EventFiringWebDriver.lambda$new$0(EventFiringWebDriver.java:85)
at jdk.proxy2/jdk.proxy2.$Proxy13.onException(Unknown Source)
at org.openqa.selenium.support.events.EventFiringWebDriver.lambda$new$1(EventFiringWebDriver.java:108)
at jdk.proxy2/jdk.proxy2.$Proxy14.getScreenshotAs(Unknown Source)
at org.openqa.selenium.support.events.EventFiringWebDriver.getScreenshotAs(EventFiringWebDriver.java:303)
at com.qa.utils.TestUtil.takeScreenshotAtEndOfTest(TestUtil.java:179)
at com.qa.utils.WebEventListener.onException(WebEventListener.java:59)
at jdk.internal.reflect.GeneratedMethodAccessor7.invoke(Unknown Source)
at java.base/jdk.internal.reflect.DelegatingMethodAccessorImpl.invoke(DelegatingMethodAccessorImpl.java:43)
at java.base/java.lang.reflect.Method.invoke(Method.java:568)
at org.openqa.selenium.support.events.EventFiringWebDriver.lambda$new$0(EventFiringWebDriver.java:85)
at jdk.proxy2/jdk.proxy2.$Proxy13.onException(Unknown Source)
at org.openqa.selenium.support.events.EventFiringWebDriver.lambda$new$1(EventFiringWebDriver.java:108)
at jdk.proxy2/jdk.proxy2.$Proxy14.getScreenshotAs(Unknown Source)
at org.openqa.selenium.support.events.EventFiringWebDriver.getScreenshotAs(EventFiringWebDriver.java:303)
at com.qa.utils.TestUtil.takeScreenshotAtEndOfTest(TestUtil.java:179)
at com.qa.utils.WebEventListener.onException(WebEventListener.java:59)
at jdk.internal.reflect.GeneratedMethodAccessor7.invoke(Unknown Source)
at java.base/jdk.internal.reflect.DelegatingMethodAccessorImpl.invoke(DelegatingMethodAccessorImpl.java:43)
at java.base/java.lang.reflect.Method.invoke(Method.java:568)
at org.openqa.selenium.support.events.EventFiringWebDriver.lambda$new$0(EventFiringWebDriver.java:85)
at jdk.proxy2/jdk.proxy2.$Proxy13.onException(Unknown Source)
at org.openqa.selenium.support.events.EventFiringWebDriver.lambda$new$1(EventFiringWebDriver.java:108)
at jdk.proxy2/jdk.proxy2.$Proxy14.getScreenshotAs(Unknown Source)
at org.openqa.selenium.support.events.EventFiringWebDriver.getScreenshotAs(EventFiringWebDriver.java:303)
at com.qa.utils.TestUtil.takeScreenshotAtEndOfTest(TestUtil.java:179)
at com.qa.utils.WebEventListener.onException(WebEventListener.java:59)
at jdk.internal.reflect.GeneratedMethodAccessor7.invoke(Unknown Source)
at java.base/jdk.internal.reflect.DelegatingMethodAccessorImpl.invoke(DelegatingMethodAccessorImpl.java:43)
at java.base/java.lang.reflect.Method.invoke(Method.java:568)
at org.openqa.selenium.support.events.EventFiringWebDriver.lambda$new$0(EventFiringWebDriver.java:85)
at jdk.proxy2/jdk.proxy2.$Proxy13.onException(Unknown Source)
at org.openqa.selenium.support.events.EventFiringWebDriver.lambda$new$1(EventFiringWebDriver.java:108)
at jdk.proxy2/jdk.proxy2.$Proxy14.getScreenshotAs(Unknown Source)
at org.openqa.selenium.support.events.EventFiringWebDriver.getScreenshotAs(EventFiringWebDriver.java:303)
at com.qa.utils.TestUtil.takeScreenshotAtEndOfTest(TestUtil.java:179)
at com.qa.utils.WebEventListener.onException(WebEventListener.java:59)
at jdk.internal.reflect.GeneratedMethodAccessor7.invoke(Unknown Source)
at java.base/jdk.internal.reflect.DelegatingMethodAccessorImpl.invoke(DelegatingMethodAccessorImpl.java:43)
at java.base/java.lang.reflect.Method.invoke(Method.java:568)
at org.openqa.selenium.support.events.EventFiringWebDriver.lambda$new$0(EventFiringWebDriver.java:85)
at jdk.proxy2/jdk.proxy2.$Proxy13.onException(Unknown Source)
at org.openqa.selenium.support.events.EventFiringWebDriver.lambda$new$1(EventFiringWebDriver.java:108)
at jdk.proxy2/jdk.proxy2.$Proxy14.getScreenshotAs(Unknown Source)
at org.openqa.selenium.support.events.EventFiringWebDriver.getScreenshotAs(EventFiringWebDriver.java:303)
at com.qa.utils.TestUtil.takeScreenshotAtEndOfTest(TestUtil.java:179)
at com.qa.utils.WebEventListener.onException(WebEventListener.java:59)
at jdk.internal.reflect.GeneratedMethodAccessor7.invoke(Unknown Source)
at java.base/jdk.internal.reflect.DelegatingMethodAccessorImpl.invoke(DelegatingMethodAccessorImpl.java:43)
at java.base/java.lang.reflect.Method.invoke(Method.java:568)
at org.openqa.selenium.support.events.EventFiringWebDriver.lambda$new$0(EventFiringWebDriver.java:85)
at jdk.proxy2/jdk.proxy2.$Proxy13.onException(Unknown Source)
at org.openqa.selenium.support.events.EventFiringWebDriver.lambda$new$1(EventFiringWebDriver.java:108)
at jdk.proxy2/jdk.proxy2.$Proxy14.getScreenshotAs(Unknown Source)
at org.openqa.selenium.support.events.EventFiringWebDriver.getScreenshotAs(EventFiringWebDriver.java:303)
at com.qa.utils.TestUtil.takeScreenshotAtEndOfTest(TestUtil.java:179)
at com.qa.utils.WebEventListener.onException(WebEventListener.java:59)
at jdk.internal.reflect.GeneratedMethodAccessor7.invoke(Unknown Source)
at java.base/jdk.internal.reflect.DelegatingMethodAccessorImpl.invoke(DelegatingMethodAccessorImpl.java:43)
at java.base/java.lang.reflect.Method.invoke(Method.java:568)
at org.openqa.selenium.support.events.EventFiringWebDriver.lambda$new$0(EventFiringWebDriver.java:85)
at jdk.proxy2/jdk.proxy2.$Proxy13.onException(Unknown Source)
at org.openqa.selenium.support.events.EventFiringWebDriver.lambda$new$1(EventFiringWebDriver.java:108)
at jdk.proxy2/jdk.proxy2.$Proxy14.getScreenshotAs(Unknown Source)
at org.openqa.selenium.support.events.EventFiringWebDriver.getScreenshotAs(EventFiringWebDriver.java:303)
at com.qa.utils.TestUtil.takeScreenshotAtEndOfTest(TestUtil.java:179)
at com.qa.utils.WebEventListener.onException(WebEventListener.java:59)
at jdk.internal.reflect.GeneratedMethodAccessor7.invoke(Unknown Source)
at java.base/jdk.internal.reflect.DelegatingMethodAccessorImpl.invoke(DelegatingMethodAccessorImpl.java:43)
at java.base/java.lang.reflect.Method.invoke(Method.java:568)
at org.openqa.selenium.support.events.EventFiringWebDriver.lambda$new$0(EventFiringWebDriver.java:85)
at jdk.proxy2/jdk.proxy2.$Proxy13.onException(Unknown Source)
at org.openqa.selenium.support.events.EventFiringWebDriver.lambda$new$1(EventFiringWebDriver.java:108)
at jdk.proxy2/jdk.proxy2.$Proxy14.getScreenshotAs(Unknown Source)
at org.openqa.selenium.support.events.EventFiringWebDriver.getScreenshotAs(EventFiringWebDriver.java:303)
at com.qa.utils.TestUtil.takeScreenshotAtEndOfTest(TestUtil.java:179)
at com.qa.utils.WebEventListener.onException(WebEventListener.java:59)
at jdk.internal.reflect.GeneratedMethodAccessor7.invoke(Unknown Source)
at java.base/jdk.internal.reflect.DelegatingMethodAccessorImpl.invoke(DelegatingMethodAccessorImpl.java:43)
at java.base/java.lang.reflect.Method.invoke(Method.java:568)
at org.openqa.selenium.support.events.EventFiringWebDriver.lambda$new$0(EventFiringWebDriver.java:85)
at jdk.proxy2/jdk.proxy2.$Proxy13.onException(Unknown Source)
at org.openqa.selenium.support.events.EventFiringWebDriver.lambda$new$1(EventFiringWebDriver.java:108)
at jdk.proxy2/jdk.proxy2.$Proxy14.getScreenshotAs(Unknown Source)
at org.openqa.selenium.support.events.EventFiringWebDriver.getScreenshotAs(EventFiringWebDriver.java:303)
at com.qa.utils.TestUtil.takeScreenshotAtEndOfTest(TestUtil.java:179)
at com.qa.utils.WebEventListener.onException(WebEventListener.java:59)
at jdk.internal.reflect.GeneratedMethodAccessor7.invoke(Unknown Source)
at java.base/jdk.internal.reflect.DelegatingMethodAccessorImpl.invoke(DelegatingMethodAccessorImpl.java:43)
at java.base/java.lang.reflect.Method.invoke(Method.java:568)
at org.openqa.selenium.support.events.EventFiringWebDriver.lambda$new$0(EventFiringWebDriver.java:85)
at jdk.proxy2/jdk.proxy2.$Proxy13.onException(Unknown Source)
at org.openqa.selenium.support.events.EventFiringWebDriver.lambda$new$1(EventFiringWebDriver.java:108)
at jdk.proxy2/jdk.proxy2.$Proxy14.getScreenshotAs(Unknown Source)
at org.openqa.selenium.support.events.EventFiringWebDriver.getScreenshotAs(EventFiringWebDriver.java:303)
at com.qa.utils.TestUtil.takeScreenshotAtEndOfTest(TestUtil.java:179)
at com.qa.utils.WebEventListener.onException(WebEventListener.java:59)
at jdk.internal.reflect.GeneratedMethodAccessor7.invoke(Unknown Source)
at java.base/jdk.internal.reflect.DelegatingMethodAccessorImpl.invoke(DelegatingMethodAccessorImpl.java:43)
at java.base/java.lang.reflect.Method.invoke(Method.java:568)
at org.openqa.selenium.support.events.EventFiringWebDriver.lambda$new$0(EventFiringWebDriver.java:85)
at jdk.proxy2/jdk.proxy2.$Proxy13.onException(Unknown Source)
at org.openqa.selenium.support.events.EventFiringWebDriver.lambda$new$1(EventFiringWebDriver.java:108)
at jdk.proxy2/jdk.proxy2.$Proxy14.getScreenshotAs(Unknown Source)
at org.openqa.selenium.support.events.EventFiringWebDriver.getScreenshotAs(EventFiringWebDriver.java:303)
at com.qa.utils.TestUtil.takeScreenshotAtEndOfTest(TestUtil.java:179)
at com.qa.utils.WebEventListener.onException(WebEventListener.java:59)
at jdk.internal.reflect.GeneratedMethodAccessor7.invoke(Unknown Source)
at java.base/jdk.internal.reflect.DelegatingMethodAccessorImpl.invoke(DelegatingMethodAccessorImpl.java:43)
at java.base/java.lang.reflect.Method.invoke(Method.java:568)
at org.openqa.selenium.support.events.EventFiringWebDriver.lambda$new$0(EventFiringWebDriver.java:85)
at jdk.proxy2/jdk.proxy2.$Proxy13.onException(Unknown Source)
at org.openqa.selenium.support.events.EventFiringWebDriver.lambda$new$1(EventFiringWebDriver.java:108)
at jdk.proxy2/jdk.proxy2.$Proxy14.getScreenshotAs(Unknown Source)
at org.openqa.selenium.support.events.EventFiringWebDriver.getScreenshotAs(EventFiringWebDriver.java:303)
at com.qa.utils.TestUtil.takeScreenshotAtEndOfTest(TestUtil.java:179)
at com.qa.utils.WebEventListener.onException(WebEventListener.java:59)
at jdk.internal.reflect.GeneratedMethodAccessor7.invoke(Unknown Source)
at java.base/jdk.internal.reflect.DelegatingMethodAccessorImpl.invoke(DelegatingMethodAccessorImpl.java:43)
at java.base/java.lang.reflect.Method.invoke(Method.java:568)
at org.openqa.selenium.support.events.EventFiringWebDriver.lambda$new$0(EventFiringWebDriver.java:85)
at jdk.proxy2/jdk.proxy2.$Proxy13.onException(Unknown Source)
at org.openqa.selenium.support.events.EventFiringWebDriver.lambda$new$1(EventFiringWebDriver.java:108)
at jdk.proxy2/jdk.proxy2.$Proxy14.getScreenshotAs(Unknown Source)
at org.openqa.selenium.support.events.EventFiringWebDriver.getScreenshotAs(EventFiringWebDriver.java:303)
at com.qa.utils.TestUtil.takeScreenshotAtEndOfTest(TestUtil.java:179)
at com.qa.utils.WebEventListener.onException(WebEventListener.java:59)
at jdk.internal.reflect.GeneratedMethodAccessor7.invoke(Unknown Source)
at java.base/jdk.internal.reflect.DelegatingMethodAccessorImpl.invoke(DelegatingMethodAccessorImpl.java:43)
at java.base/java.lang.reflect.Method.invoke(Method.java:568)
at org.openqa.selenium.support.events.EventFiringWebDriver.lambda$new$0(EventFiringWebDriver.java:85)
at jdk.proxy2/jdk.proxy2.$Proxy13.onException(Unknown Source)
at org.openqa.selenium.support.events.EventFiringWebDriver.lambda$new$1(EventFiringWebDriver.java:108)
at jdk.proxy2/jdk.proxy2.$Proxy14.getScreenshotAs(Unknown Source)
at org.openqa.selenium.support.events.EventFiringWebDriver.getScreenshotAs(EventFiringWebDriver.java:303)
at com.qa.utils.TestUtil.takeScreenshotAtEndOfTest(TestUtil.java:179)
at com.qa.utils.WebEventListener.onException(WebEventListener.java:59)
at jdk.internal.reflect.GeneratedMethodAccessor7.invoke(Unknown Source)
at java.base/jdk.internal.reflect.DelegatingMethodAccessorImpl.invoke(DelegatingMethodAccessorImpl.java:43)
at java.base/java.lang.reflect.Method.invoke(Method.java:568)
at org.openqa.selenium.support.events.EventFiringWebDriver.lambda$new$0(EventFiringWebDriver.java:85)
at jdk.proxy2/jdk.proxy2.$Proxy13.onException(Unknown Source)
at org.openqa.selenium.support.events.EventFiringWebDriver.lambda$new$1(EventFiringWebDriver.java:108)
at jdk.proxy2/jdk.proxy2.$Proxy14.getScreenshotAs(Unknown Source)
at org.openqa.selenium.support.events.EventFiringWebDriver.getScreenshotAs(EventFiringWebDriver.java:303)
at com.qa.utils.TestUtil.takeScreenshotAtEndOfTest(TestUtil.java:179)
at com.qa.utils.WebEventListener.onException(WebEventListener.java:59)
at jdk.internal.reflect.GeneratedMethodAccessor7.invoke(Unknown Source)
at java.base/jdk.internal.reflect.DelegatingMethodAccessorImpl.invoke(DelegatingMethodAccessorImpl.java:43)
at java.base/java.lang.reflect.Method.invoke(Method.java:568)
at org.openqa.selenium.support.events.EventFiringWebDriver.lambda$new$0(EventFiringWebDriver.java:85)
at jdk.proxy2/jdk.proxy2.$Proxy13.onException(Unknown Source)
at org.openqa.selenium.support.events.EventFiringWebDriver.lambda$new$1(EventFiringWebDriver.java:108)
at jdk.proxy2/jdk.proxy2.$Proxy14.getScreenshotAs(Unknown Source)
at org.openqa.selenium.support.events.EventFiringWebDriver.getScreenshotAs(EventFiringWebDriver.java:303)
at com.qa.utils.TestUtil.takeScreenshotAtEndOfTest(TestUtil.java:179)
at com.qa.utils.WebEventListener.onException(WebEventListener.java:59)
at jdk.internal.reflect.GeneratedMethodAccessor7.invoke(Unknown Source)
at java.base/jdk.internal.reflect.DelegatingMethodAccessorImpl.invoke(DelegatingMethodAccessorImpl.java:43)
at java.base/java.lang.reflect.Method.invoke(Method.java:568)
at org.openqa.selenium.support.events.EventFiringWebDriver.lambda$new$0(EventFiringWebDriver.java:85)
at jdk.proxy2/jdk.proxy2.$Proxy13.onException(Unknown Source)
at org.openqa.selenium.support.events.EventFiringWebDriver.lambda$new$1(EventFiringWebDriver.java:108)
at jdk.proxy2/jdk.proxy2.$Proxy14.getScreenshotAs(Unknown Source)
at org.openqa.selenium.support.events.EventFiringWebDriver.getScreenshotAs(EventFiringWebDriver.java:303)
at com.qa.utils.TestUtil.takeScreenshotAtEndOfTest(TestUtil.java:179)
at com.qa.utils.WebEventListener.onException(WebEventListener.java:59)
at jdk.internal.reflect.GeneratedMethodAccessor7.invoke(Unknown Source)
at java.base/jdk.internal.reflect.DelegatingMethodAccessorImpl.invoke(DelegatingMethodAccessorImpl.java:43)
at java.base/java.lang.reflect.Method.invoke(Method.java:568)
at org.openqa.selenium.support.events.EventFiringWebDriver.lambda$new$0(EventFiringWebDriver.java:85)
at jdk.proxy2/jdk.proxy2.$Proxy13.onException(Unknown Source)
at org.openqa.selenium.support.events.EventFiringWebDriver.lambda$new$1(EventFiringWebDriver.java:108)
at jdk.proxy2/jdk.proxy2.$Proxy14.getScreenshotAs(Unknown Source)
at org.openqa.selenium.support.events.EventFiringWebDriver.getScreenshotAs(EventFiringWebDriver.java:303)
at com.qa.utils.TestUtil.takeScreenshotAtEndOfTest(TestUtil.java:179)
at com.qa.utils.WebEventListener.onException(WebEventListener.java:59)
at jdk.internal.reflect.GeneratedMethodAccessor7.invoke(Unknown Source)
at java.base/jdk.internal.reflect.DelegatingMethodAccessorImpl.invoke(DelegatingMethodAccessorImpl.java:43)
at java.base/java.lang.reflect.Method.invoke(Method.java:568)
at org.openqa.selenium.support.events.EventFiringWebDriver.lambda$new$0(EventFiringWebDriver.java:85)
at jdk.proxy2/jdk.proxy2.$Proxy13.onException(Unknown Source)
at org.openqa.selenium.support.events.EventFiringWebDriver.lambda$new$1(EventFiringWebDriver.java:108)
at jdk.proxy2/jdk.proxy2.$Proxy14.getScreenshotAs(Unknown Source)
at org.openqa.selenium.support.events.EventFiringWebDriver.getScreenshotAs(EventFiringWebDriver.java:303)
at com.qa.utils.TestUtil.takeScreenshotAtEndOfTest(TestUtil.java:179)
at com.qa.utils.WebEventListener.onException(WebEventListener.java:59)
at jdk.internal.reflect.GeneratedMethodAccessor7.invoke(Unknown Source)
at java.base/jdk.internal.reflect.DelegatingMethodAccessorImpl.invoke(DelegatingMethodAccessorImpl.java:43)
at java.base/java.lang.reflect.Method.invoke(Method.java:568)
at org.openqa.selenium.support.events.EventFiringWebDriver.lambda$new$0(EventFiringWebDriver.java:85)
at jdk.proxy2/jdk.proxy2.$Proxy13.onException(Unknown Source)
at org.openqa.selenium.support.events.EventFiringWebDriver.lambda$new$1(EventFiringWebDriver.java:108)
at jdk.proxy2/jdk.proxy2.$Proxy14.getScreenshotAs(Unknown Source)
at org.openqa.selenium.support.events.EventFiringWebDriver.getScreenshotAs(EventFiringWebDriver.java:303)
at com.qa.utils.TestUtil.takeScreenshotAtEndOfTest(TestUtil.java:179)
at com.qa.utils.WebEventListener.onException(WebEventListener.java:59)
at jdk.internal.reflect.GeneratedMethodAccessor7.invoke(Unknown Source)
at java.base/jdk.internal.reflect.DelegatingMethodAccessorImpl.invoke(DelegatingMethodAccessorImpl.java:43)
at java.base/java.lang.reflect.Method.invoke(Method.java:568)
at org.openqa.selenium.support.events.EventFiringWebDriver.lambda$new$0(EventFiringWebDriver.java:85)
at jdk.proxy2/jdk.proxy2.$Proxy13.onException(Unknown Source)
at org.openqa.selenium.support.events.EventFiringWebDriver.lambda$new$1(EventFiringWebDriver.java:108)
at jdk.proxy2/jdk.proxy2.$Proxy14.getScreenshotAs(Unknown Source)
at org.openqa.selenium.support.events.EventFiringWebDriver.getScreenshotAs(EventFiringWebDriver.java:303)
at com.qa.utils.TestUtil.takeScreenshotAtEndOfTest(TestUtil.java:179)
at com.qa.utils.WebEventListener.onException(WebEventListener.java:59)
at jdk.internal.reflect.GeneratedMethodAccessor7.invoke(Unknown Source)
at java.base/jdk.internal.reflect.DelegatingMethodAccessorImpl.invoke(DelegatingMethodAccessorImpl.java:43)
at java.base/java.lang.reflect.Method.invoke(Method.java:568)
at org.openqa.selenium.support.events.EventFiringWebDriver.lambda$new$0(EventFiringWebDriver.java:85)
at jdk.proxy2/jdk.proxy2.$Proxy13.onException(Unknown Source)
at org.openqa.selenium.support.events.EventFiringWebDriver.lambda$new$1(EventFiringWebDriver.java:108)
at jdk.proxy2/jdk.proxy2.$Proxy14.getScreenshotAs(Unknown Source)
at org.openqa.selenium.support.events.EventFiringWebDriver.getScreenshotAs(EventFiringWebDriver.java:303)
at com.qa.utils.TestUtil.takeScreenshotAtEndOfTest(TestUtil.java:179)
at com.qa.utils.WebEventListener.onException(WebEventListener.java:59)
at jdk.internal.reflect.GeneratedMethodAccessor7.invoke(Unknown Source)
at java.base/jdk.internal.reflect.DelegatingMethodAccessorImpl.invoke(DelegatingMethodAccessorImpl.java:43)
at java.base/java.lang.reflect.Method.invoke(Method.java:568)
at org.openqa.selenium.support.events.EventFiringWebDriver.lambda$new$0(EventFiringWebDriver.java:85)
at jdk.proxy2/jdk.proxy2.$Proxy13.onException(Unknown Source)
at org.openqa.selenium.support.events.EventFiringWebDriver.lambda$new$1(EventFiringWebDriver.java:108)
at jdk.proxy2/jdk.proxy2.$Proxy14.getScreenshotAs(Unknown Source)
at org.openqa.selenium.support.events.EventFiringWebDriver.getScreenshotAs(EventFiringWebDriver.java:303)
at com.qa.utils.TestUtil.takeScreenshotAtEndOfTest(TestUtil.java:179)
at com.qa.utils.WebEventListener.onException(WebEventListener.java:59)
at jdk.internal.reflect.GeneratedMethodAccessor7.invoke(Unknown Source)
at java.base/jdk.internal.reflect.DelegatingMethodAccessorImpl.invoke(DelegatingMethodAccessorImpl.java:43)
at java.base/java.lang.reflect.Method.invoke(Method.java:568)
at org.openqa.selenium.support.events.EventFiringWebDriver.lambda$new$0(EventFiringWebDriver.java:85)
at jdk.proxy2/jdk.proxy2.$Proxy13.onException(Unknown Source)
at org.openqa.selenium.support.events.EventFiringWebDriver.lambda$new$1(EventFiringWebDriver.java:108)
at jdk.proxy2/jdk.proxy2.$Proxy14.getScreenshotAs(Unknown Source)
at org.openqa.selenium.support.events.EventFiringWebDriver.getScreenshotAs(EventFiringWebDriver.java:303)
at com.qa.utils.TestUtil.takeScreenshotAtEndOfTest(TestUtil.java:179)
at com.qa.utils.WebEventListener.onException(WebEventListener.java:59)
at jdk.internal.reflect.GeneratedMethodAccessor7.invoke(Unknown Source)
at java.base/jdk.internal.reflect.DelegatingMethodAccessorImpl.invoke(DelegatingMethodAccessorImpl.java:43)
at java.base/java.lang.reflect.Method.invoke(Method.java:568)
at org.openqa.selenium.support.events.EventFiringWebDriver.lambda$new$0(EventFiringWebDriver.java:85)
at jdk.proxy2/jdk.proxy2.$Proxy13.onException(Unknown Source)
at org.openqa.selenium.support.events.EventFiringWebDriver.lambda$new$1(EventFiringWebDriver.java:108)
at jdk.proxy2/jdk.proxy2.$Proxy14.getScreenshotAs(Unknown Source)
at org.openqa.selenium.support.events.EventFiringWebDriver.getScreenshotAs(EventFiringWebDriver.java:303)
at com.qa.utils.TestUtil.takeScreenshotAtEndOfTest(TestUtil.java:179)
at com.qa.utils.WebEventListener.onException(WebEventListener.java:59)
at jdk.internal.reflect.GeneratedMethodAccessor7.invoke(Unknown Source)
at java.base/jdk.internal.reflect.DelegatingMethodAccessorImpl.invoke(DelegatingMethodAccessorImpl.java:43)
at java.base/java.lang.reflect.Method.invoke(Method.java:568)
at org.openqa.selenium.support.events.EventFiringWebDriver.lambda$new$0(EventFiringWebDriver.java:85)
at jdk.proxy2/jdk.proxy2.$Proxy13.onException(Unknown Source)
at org.openqa.selenium.support.events.EventFiringWebDriver.lambda$new$1(EventFiringWebDriver.java:108)
at jdk.proxy2/jdk.proxy2.$Proxy14.getScreenshotAs(Unknown Source)
at org.openqa.selenium.support.events.EventFiringWebDriver.getScreenshotAs(EventFiringWebDriver.java:303)
at com.qa.utils.TestUtil.takeScreenshotAtEndOfTest(TestUtil.java:179)
at com.qa.utils.WebEventListener.onException(WebEventListener.java:59)
at jdk.internal.reflect.GeneratedMethodAccessor7.invoke(Unknown Source)
at java.base/jdk.internal.reflect.DelegatingMethodAccessorImpl.invoke(DelegatingMethodAccessorImpl.java:43)
at java.base/java.lang.reflect.Method.invoke(Method.java:568)
at org.openqa.selenium.support.events.EventFiringWebDriver.lambda$new$0(EventFiringWebDriver.java:85)
at jdk.proxy2/jdk.proxy2.$Proxy13.onException(Unknown Source)
at org.openqa.selenium.support.events.EventFiringWebDriver.lambda$new$1(EventFiringWebDriver.java:108)
at jdk.proxy2/jdk.proxy2.$Proxy14.getScreenshotAs(Unknown Source)
at org.openqa.selenium.support.events.EventFiringWebDriver.getScreenshotAs(EventFiringWebDriver.java:303)
at com.qa.utils.TestUtil.takeScreenshotAtEndOfTest(TestUtil.java:179)
at com.qa.utils.WebEventListener.onException(WebEventListener.java:59)
at jdk.internal.reflect.GeneratedMethodAccessor7.invoke(Unknown Source)
at java.base/jdk.internal.reflect.DelegatingMethodAccessorImpl.invoke(DelegatingMethodAccessorImpl.java:43)
at java.base/java.lang.reflect.Method.invoke(Method.java:568)
at org.openqa.selenium.support.events.EventFiringWebDriver.lambda$new$0(EventFiringWebDriver.java:85)
at jdk.proxy2/jdk.proxy2.$Proxy13.onException(Unknown Source)
at org.openqa.selenium.support.events.EventFiringWebDriver.lambda$new$1(EventFiringWebDriver.java:108)
at jdk.proxy2/jdk.proxy2.$Proxy14.getScreenshotAs(Unknown Source)
at org.openqa.selenium.support.events.EventFiringWebDriver.getScreenshotAs(EventFiringWebDriver.java:303)
at com.qa.utils.TestUtil.takeScreenshotAtEndOfTest(TestUtil.java:179)
at com.qa.utils.WebEventListener.onException(WebEventListener.java:59)
at jdk.internal.reflect.GeneratedMethodAccessor7.invoke(Unknown Source)
at java.base/jdk.internal.reflect.DelegatingMethodAccessorImpl.invoke(DelegatingMethodAccessorImpl.java:43)
at java.base/java.lang.reflect.Method.invoke(Method.java:568)
at org.openqa.selenium.support.events.EventFiringWebDriver.lambda$new$0(EventFiringWebDriver.java:85)
at jdk.proxy2/jdk.proxy2.$Proxy13.onException(Unknown Source)
at org.openqa.selenium.support.events.EventFiringWebDriver.lambda$new$1(EventFiringWebDriver.java:108)
at jdk.proxy2/jdk.proxy2.$Proxy14.getScreenshotAs(Unknown Source)
at org.openqa.selenium.support.events.EventFiringWebDriver.getScreenshotAs(EventFiringWebDriver.java:303)
at com.qa.utils.TestUtil.takeScreenshotAtEndOfTest(TestUtil.java:179)
at com.qa.utils.WebEventListener.onException(WebEventListener.java:59)
at jdk.internal.reflect.GeneratedMethodAccessor7.invoke(Unknown Source)
at java.base/jdk.internal.reflect.DelegatingMethodAccessorImpl.invoke(DelegatingMethodAccessorImpl.java:43)
at java.base/java.lang.reflect.Method.invoke(Method.java:568)
at org.openqa.selenium.support.events.EventFiringWebDriver.lambda$new$0(EventFiringWebDriver.java:85)
at jdk.proxy2/jdk.proxy2.$Proxy13.onException(Unknown Source)
at org.openqa.selenium.support.events.EventFiringWebDriver.lambda$new$1(EventFiringWebDriver.java:108)
at jdk.proxy2/jdk.proxy2.$Proxy14.getScreenshotAs(Unknown Source)
at org.openqa.selenium.support.events.EventFiringWebDriver.getScreenshotAs(EventFiringWebDriver.java:303)
at com.qa.utils.TestUtil.takeScreenshotAtEndOfTest(TestUtil.java:179)
at com.qa.utils.WebEventListener.onException(WebEventListener.java:59)
at jdk.internal.reflect.GeneratedMethodAccessor7.invoke(Unknown Source)
at java.base/jdk.internal.reflect.DelegatingMethodAccessorImpl.invoke(DelegatingMethodAccessorImpl.java:43)
at java.base/java.lang.reflect.Method.invoke(Method.java:568)
at org.openqa.selenium.support.events.EventFiringWebDriver.lambda$new$0(EventFiringWebDriver.java:85)
at jdk.proxy2/jdk.proxy2.$Proxy13.onException(Unknown Source)
at org.openqa.selenium.support.events.EventFiringWebDriver.lambda$new$1(EventFiringWebDriver.java:108)
at jdk.proxy2/jdk.proxy2.$Proxy14.getScreenshotAs(Unknown Source)
at org.openqa.selenium.support.events.EventFiringWebDriver.getScreenshotAs(EventFiringWebDriver.java:303)
at com.qa.utils.TestUtil.takeScreenshotAtEndOfTest(TestUtil.java:179)
at com.qa.utils.WebEventListener.onException(WebEventListener.java:59)
at jdk.internal.reflect.GeneratedMethodAccessor7.invoke(Unknown Source)
at java.base/jdk.internal.reflect.DelegatingMethodAccessorImpl.invoke(DelegatingMethodAccessorImpl.java:43)
at java.base/java.lang.reflect.Method.invoke(Method.java:568)
at org.openqa.selenium.support.events.EventFiringWebDriver.lambda$new$0(EventFiringWebDriver.java:85)
at jdk.proxy2/jdk.proxy2.$Proxy13.onException(Unknown Source)
at org.openqa.selenium.support.events.EventFiringWebDriver.lambda$new$1(EventFiringWebDriver.java:108)
at jdk.proxy2/jdk.proxy2.$Proxy14.getScreenshotAs(Unknown Source)
at org.openqa.selenium.support.events.EventFiringWebDriver.getScreenshotAs(EventFiringWebDriver.java:303)
at com.qa.utils.TestUtil.takeScreenshotAtEndOfTest(TestUtil.java:179)
at com.qa.utils.WebEventListener.onException(WebEventListener.java:59)
at jdk.internal.reflect.GeneratedMethodAccessor7.invoke(Unknown Source)
at java.base/jdk.internal.reflect.DelegatingMethodAccessorImpl.invoke(DelegatingMethodAccessorImpl.java:43)
at java.base/java.lang.reflect.Method.invoke(Method.java:568)
at org.openqa.selenium.support.events.EventFiringWebDriver.lambda$new$0(EventFiringWebDriver.java:85)
at jdk.proxy2/jdk.proxy2.$Proxy13.onException(Unknown Source)
at org.openqa.selenium.support.events.EventFiringWebDriver.lambda$new$1(EventFiringWebDriver.java:108)
at jdk.proxy2/jdk.proxy2.$Proxy14.getScreenshotAs(Unknown Source)
at org.openqa.selenium.support.events.EventFiringWebDriver.getScreenshotAs(EventFiringWebDriver.java:303)
at com.qa.utils.TestUtil.takeScreenshotAtEndOfTest(TestUtil.java:179)
at com.qa.utils.WebEventListener.onException(WebEventListener.java:59)
at jdk.internal.reflect.GeneratedMethodAccessor7.invoke(Unknown Source)
at java.base/jdk.internal.reflect.DelegatingMethodAccessorImpl.invoke(DelegatingMethodAccessorImpl.java:43)
at java.base/java.lang.reflect.Method.invoke(Method.java:568)
at org.openqa.selenium.support.events.EventFiringWebDriver.lambda$new$0(EventFiringWebDriver.java:85)
at jdk.proxy2/jdk.proxy2.$Proxy13.onException(Unknown Source)
at org.openqa.selenium.support.events.EventFiringWebDriver.lambda$new$1(EventFiringWebDriver.java:108)
at jdk.proxy2/jdk.proxy2.$Proxy14.getScreenshotAs(Unknown Source)
at org.openqa.selenium.support.events.EventFiringWebDriver.getScreenshotAs(EventFiringWebDriver.java:303)
at com.qa.utils.TestUtil.takeScreenshotAtEndOfTest(TestUtil.java:179)
at com.qa.utils.WebEventListener.onException(WebEventListener.java:59)
at jdk.internal.reflect.GeneratedMethodAccessor7.invoke(Unknown Source)
at java.base/jdk.internal.reflect.DelegatingMethodAccessorImpl.invoke(DelegatingMethodAccessorImpl.java:43)
at java.base/java.lang.reflect.Method.invoke(Method.java:568)
at org.openqa.selenium.support.events.EventFiringWebDriver.lambda$new$0(EventFiringWebDriver.java:85)
at jdk.proxy2/jdk.proxy2.$Proxy13.onException(Unknown Source)
at org.openqa.selenium.support.events.EventFiringWebDriver.lambda$new$1(EventFiringWebDriver.java:108)
at jdk.proxy2/jdk.proxy2.$Proxy14.getScreenshotAs(Unknown Source)
at org.openqa.selenium.support.events.EventFiringWebDriver.getScreenshotAs(EventFiringWebDriver.java:303)
at com.qa.utils.TestUtil.takeScreenshotAtEndOfTest(TestUtil.java:179)
at com.qa.utils.WebEventListener.onException(WebEventListener.java:59)
at jdk.internal.reflect.GeneratedMethodAccessor7.invoke(Unknown Source)
at java.base/jdk.internal.reflect.DelegatingMethodAccessorImpl.invoke(DelegatingMethodAccessorImpl.java:43)
at java.base/java.lang.reflect.Method.invoke(Method.java:568)
at org.openqa.selenium.support.events.EventFiringWebDriver.lambda$new$0(EventFiringWebDriver.java:85)
at jdk.proxy2/jdk.proxy2.$Proxy13.onException(Unknown Source)
at org.openqa.selenium.support.events.EventFiringWebDriver.lambda$new$1(EventFiringWebDriver.java:108)
at jdk.proxy2/jdk.proxy2.$Proxy14.getScreenshotAs(Unknown Source)
at org.openqa.selenium.support.events.EventFiringWebDriver.getScreenshotAs(EventFiringWebDriver.java:303)
at com.qa.utils.TestUtil.takeScreenshotAtEndOfTest(TestUtil.java:179)
at com.qa.utils.WebEventListener.onException(WebEventListener.java:59)
at jdk.internal.reflect.GeneratedMethodAccessor7.invoke(Unknown Source)
at java.base/jdk.internal.reflect.DelegatingMethodAccessorImpl.invoke(DelegatingMethodAccessorImpl.java:43)
at java.base/java.lang.reflect.Method.invoke(Method.java:568)
at org.openqa.selenium.support.events.EventFiringWebDriver.lambda$new$0(EventFiringWebDriver.java:85)
at jdk.proxy2/jdk.proxy2.$Proxy13.onException(Unknown Source)
at org.openqa.selenium.support.events.EventFiringWebDriver.lambda$new$1(EventFiringWebDriver.java:108)
at jdk.proxy2/jdk.proxy2.$Proxy14.getScreenshotAs(Unknown Source)
at org.openqa.selenium.support.events.EventFiringWebDriver.getScreenshotAs(EventFiringWebDriver.java:303)
at com.qa.utils.TestUtil.takeScreenshotAtEndOfTest(TestUtil.java:179)
at com.qa.utils.WebEventListener.onException(WebEventListener.java:59)
at jdk.internal.reflect.GeneratedMethodAccessor7.invoke(Unknown Source)
at java.base/jdk.internal.reflect.DelegatingMethodAccessorImpl.invoke(DelegatingMethodAccessorImpl.java:43)
at java.base/java.lang.reflect.Method.invoke(Method.java:568)
at org.openqa.selenium.support.events.EventFiringWebDriver.lambda$new$0(EventFiringWebDriver.java:85)
at jdk.proxy2/jdk.proxy2.$Proxy13.onException(Unknown Source)
at org.openqa.selenium.support.events.EventFiringWebDriver.lambda$new$1(EventFiringWebDriver.java:108)
at jdk.proxy2/jdk.proxy2.$Proxy14.getScreenshotAs(Unknown Source)
at org.openqa.selenium.support.events.EventFiringWebDriver.getScreenshotAs(EventFiringWebDriver.java:303)
at com.qa.utils.TestUtil.takeScreenshotAtEndOfTest(TestUtil.java:179)
at com.qa.utils.WebEventListener.onException(WebEventListener.java:59)
at jdk.internal.reflect.GeneratedMethodAccessor7.invoke(Unknown Source)
at java.base/jdk.internal.reflect.DelegatingMethodAccessorImpl.invoke(DelegatingMethodAccessorImpl.java:43)
at java.base/java.lang.reflect.Method.invoke(Method.java:568)
at org.openqa.selenium.support.events.EventFiringWebDriver.lambda$new$0(EventFiringWebDriver.java:85)
at jdk.proxy2/jdk.proxy2.$Proxy13.onException(Unknown Source)
at org.openqa.selenium.support.events.EventFiringWebDriver.lambda$new$1(EventFiringWebDriver.java:108)
at jdk.proxy2/jdk.proxy2.$Proxy14.getScreenshotAs(Unknown Source)
at org.openqa.selenium.support.events.EventFiringWebDriver.getScreenshotAs(EventFiringWebDriver.java:303)
at com.qa.utils.TestUtil.takeScreenshotAtEndOfTest(TestUtil.java:179)
at com.qa.utils.WebEventListener.onException(WebEventListener.java:59)
at jdk.internal.reflect.GeneratedMethodAccessor7.invoke(Unknown Source)
at java.base/jdk.internal.reflect.DelegatingMethodAccessorImpl.invoke(DelegatingMethodAccessorImpl.java:43)
at java.base/java.lang.reflect.Method.invoke(Method.java:568)
at org.openqa.selenium.support.events.EventFiringWebDriver.lambda$new$0(EventFiringWebDriver.java:85)
at jdk.proxy2/jdk.proxy2.$Proxy13.onException(Unknown Source)
at org.openqa.selenium.support.events.EventFiringWebDriver.lambda$new$1(EventFiringWebDriver.java:108)
at jdk.proxy2/jdk.proxy2.$Proxy14.getScreenshotAs(Unknown Source)
at org.openqa.selenium.support.events.EventFiringWebDriver.getScreenshotAs(EventFiringWebDriver.java:303)
at com.qa.utils.TestUtil.takeScreenshotAtEndOfTest(TestUtil.java:179)
at com.qa.utils.WebEventListener.onException(WebEventListener.java:59)
at jdk.internal.reflect.GeneratedMethodAccessor7.invoke(Unknown Source)
at java.base/jdk.internal.reflect.DelegatingMethodAccessorImpl.invoke(DelegatingMethodAccessorImpl.java:43)
at java.base/java.lang.reflect.Method.invoke(Method.java:568)
at org.openqa.selenium.support.events.EventFiringWebDriver.lambda$new$0(EventFiringWebDriver.java:85)
at jdk.proxy2/jdk.proxy2.$Proxy13.onException(Unknown Source)
at org.openqa.selenium.support.events.EventFiringWebDriver.lambda$new$1(EventFiringWebDriver.java:108)
at jdk.proxy2/jdk.proxy2.$Proxy14.getScreenshotAs(Unknown Source)
at org.openqa.selenium.support.events.EventFiringWebDriver.getScreenshotAs(EventFiringWebDriver.java:303)
at com.qa.utils.TestUtil.takeScreenshotAtEndOfTest(TestUtil.java:179)
at com.qa.utils.WebEventListener.onException(WebEventListener.java:59)
at jdk.internal.reflect.GeneratedMethodAccessor7.invoke(Unknown Source)
at java.base/jdk.internal.reflect.DelegatingMethodAccessorImpl.invoke(DelegatingMethodAccessorImpl.java:43)
at java.base/java.lang.reflect.Method.invoke(Method.java:568)
at org.openqa.selenium.support.events.EventFiringWebDriver.lambda$new$0(EventFiringWebDriver.java:85)
at jdk.proxy2/jdk.proxy2.$Proxy13.onException(Unknown Source)
at org.openqa.selenium.support.events.EventFiringWebDriver.lambda$new$1(EventFiringWebDriver.java:108)
at jdk.proxy2/jdk.proxy2.$Proxy14.getScreenshotAs(Unknown Source)
at org.openqa.selenium.support.events.EventFiringWebDriver.getScreenshotAs(EventFiringWebDriver.java:303)
at com.qa.utils.TestUtil.takeScreenshotAtEndOfTest(TestUtil.java:179)
at com.qa.utils.WebEventListener.onException(WebEventListener.java:59)
at jdk.internal.reflect.GeneratedMethodAccessor7.invoke(Unknown Source)
at java.base/jdk.internal.reflect.DelegatingMethodAccessorImpl.invoke(DelegatingMethodAccessorImpl.java:43)
at java.base/java.lang.reflect.Method.invoke(Method.java:568)
at org.openqa.selenium.support.events.EventFiringWebDriver.lambda$new$0(EventFiringWebDriver.java:85)
at jdk.proxy2/jdk.proxy2.$Proxy13.onException(Unknown Source)
at org.openqa.selenium.support.events.EventFiringWebDriver.lambda$new$1(EventFiringWebDriver.java:108)
at jdk.proxy2/jdk.proxy2.$Proxy14.getScreenshotAs(Unknown Source)
at org.openqa.selenium.support.events.EventFiringWebDriver.getScreenshotAs(EventFiringWebDriver.java:303)
at com.qa.utils.TestUtil.takeScreenshotAtEndOfTest(TestUtil.java:179)
at com.qa.utils.WebEventListener.onException(WebEventListener.java:59)
at jdk.internal.reflect.GeneratedMethodAccessor7.invoke(Unknown Source)
at java.base/jdk.internal.reflect.DelegatingMethodAccessorImpl.invoke(DelegatingMethodAccessorImpl.java:43)
at java.base/java.lang.reflect.Method.invoke(Method.java:568)
at org.openqa.selenium.support.events.EventFiringWebDriver.lambda$new$0(EventFiringWebDriver.java:85)
at jdk.proxy2/jdk.proxy2.$Proxy13.onException(Unknown Source)
at org.openqa.selenium.support.events.EventFiringWebDriver.lambda$new$1(EventFiringWebDriver.java:108)
at jdk.proxy2/jdk.proxy2.$Proxy14.getScreenshotAs(Unknown Source)
at org.openqa.selenium.support.events.EventFiringWebDriver.getScreenshotAs(EventFiringWebDriver.java:303)
at com.qa.utils.TestUtil.takeScreenshotAtEndOfTest(TestUtil.java:179)
at com.qa.utils.WebEventListener.onException(WebEventListener.java:59)
at jdk.internal.reflect.GeneratedMethodAccessor7.invoke(Unknown Source)
at java.base/jdk.internal.reflect.DelegatingMethodAccessorImpl.invoke(DelegatingMethodAccessorImpl.java:43)
at java.base/java.lang.reflect.Method.invoke(Method.java:568)
at org.openqa.selenium.support.events.EventFiringWebDriver.lambda$new$0(EventFiringWebDriver.java:85)
at jdk.proxy2/jdk.proxy2.$Proxy13.onException(Unknown Source)
at org.openqa.selenium.support.events.EventFiringWebDriver.lambda$new$1(EventFiringWebDriver.java:108)
at jdk.proxy2/jdk.proxy2.$Proxy14.getScreenshotAs(Unknown Source)
at org.openqa.selenium.support.events.EventFiringWebDriver.getScreenshotAs(EventFiringWebDriver.java:303)
at com.qa.utils.TestUtil.takeScreenshotAtEndOfTest(TestUtil.java:179)
at com.qa.utils.WebEventListener.onException(WebEventListener.java:59)
at jdk.internal.reflect.GeneratedMethodAccessor7.invoke(Unknown Source)
at java.base/jdk.internal.reflect.DelegatingMethodAccessorImpl.invoke(DelegatingMethodAccessorImpl.java:43)
at java.base/java.lang.reflect.Method.invoke(Method.java:568)
at org.openqa.selenium.support.events.EventFiringWebDriver.lambda$new$0(EventFiringWebDriver.java:85)
at jdk.proxy2/jdk.proxy2.$Proxy13.onException(Unknown Source)
at org.openqa.selenium.support.events.EventFiringWebDriver.lambda$new$1(EventFiringWebDriver.java:108)
at jdk.proxy2/jdk.proxy2.$Proxy14.getScreenshotAs(Unknown Source)
at org.openqa.selenium.support.events.EventFiringWebDriver.getScreenshotAs(EventFiringWebDriver.java:303)
at com.qa.utils.TestUtil.takeScreenshotAtEndOfTest(TestUtil.java:179)
at com.qa.utils.WebEventListener.onException(WebEventListener.java:59)
at jdk.internal.reflect.GeneratedMethodAccessor7.invoke(Unknown Source)
at java.base/jdk.internal.reflect.DelegatingMethodAccessorImpl.invoke(DelegatingMethodAccessorImpl.java:43)
at java.base/java.lang.reflect.Method.invoke(Method.java:568)
at org.openqa.selenium.support.events.EventFiringWebDriver.lambda$new$0(EventFiringWebDriver.java:85)
at jdk.proxy2/jdk.proxy2.$Proxy13.onException(Unknown Source)
at org.openqa.selenium.support.events.EventFiringWebDriver.lambda$new$1(EventFiringWebDriver.java:108)
at jdk.proxy2/jdk.proxy2.$Proxy14.getScreenshotAs(Unknown Source)
at org.openqa.selenium.support.events.EventFiringWebDriver.getScreenshotAs(EventFiringWebDriver.java:303)
at com.qa.utils.TestUtil.takeScreenshotAtEndOfTest(TestUtil.java:179)
at com.qa.utils.WebEventListener.onException(WebEventListener.java:59)
at jdk.internal.reflect.GeneratedMethodAccessor7.invoke(Unknown Source)
at java.base/jdk.internal.reflect.DelegatingMethodAccessorImpl.invoke(DelegatingMethodAccessorImpl.java:43)
at java.base/java.lang.reflect.Method.invoke(Method.java:568)
at org.openqa.selenium.support.events.EventFiringWebDriver.lambda$new$0(EventFiringWebDriver.java:85)
at jdk.proxy2/jdk.proxy2.$Proxy13.onException(Unknown Source)
at org.openqa.selenium.support.events.EventFiringWebDriver.lambda$new$1(EventFiringWebDriver.java:108)
at jdk.proxy2/jdk.proxy2.$Proxy14.getScreenshotAs(Unknown Source)
at org.openqa.selenium.support.events.EventFiringWebDriver.getScreenshotAs(EventFiringWebDriver.java:303)
at com.qa.utils.TestUtil.takeScreenshotAtEndOfTest(TestUtil.java:179)
at com.qa.utils.WebEventListener.onException(WebEventListener.java:59)
at jdk.internal.reflect.GeneratedMethodAccessor7.invoke(Unknown Source)
at java.base/jdk.internal.reflect.DelegatingMethodAccessorImpl.invoke(DelegatingMethodAccessorImpl.java:43)
at java.base/java.lang.reflect.Method.invoke(Method.java:568)
at org.openqa.selenium.support.events.EventFiringWebDriver.lambda$new$0(EventFiringWebDriver.java:85)
at jdk.proxy2/jdk.proxy2.$Proxy13.onException(Unknown Source)
at org.openqa.selenium.support.events.EventFiringWebDriver.lambda$new$1(EventFiringWebDriver.java:108)
at jdk.proxy2/jdk.proxy2.$Proxy14.getScreenshotAs(Unknown Source)
at org.openqa.selenium.support.events.EventFiringWebDriver.getScreenshotAs(EventFiringWebDriver.java:303)
at com.qa.utils.TestUtil.takeScreenshotAtEndOfTest(TestUtil.java:179)
at com.qa.utils.WebEventListener.onException(WebEventListener.java:59)
at jdk.internal.reflect.GeneratedMethodAccessor7.invoke(Unknown Source)
at java.base/jdk.internal.reflect.DelegatingMethodAccessorImpl.invoke(DelegatingMethodAccessorImpl.java:43)
at java.base/java.lang.reflect.Method.invoke(Method.java:568)
at org.openqa.selenium.support.events.EventFiringWebDriver.lambda$new$0(EventFiringWebDriver.java:85)
at jdk.proxy2/jdk.proxy2.$Proxy13.onException(Unknown Source)
at org.openqa.selenium.support.events.EventFiringWebDriver.lambda$new$1(EventFiringWebDriver.java:108)
at jdk.proxy2/jdk.proxy2.$Proxy14.getScreenshotAs(Unknown Source)
at org.openqa.selenium.support.events.EventFiringWebDriver.getScreenshotAs(EventFiringWebDriver.java:303)
at com.qa.utils.TestUtil.takeScreenshotAtEndOfTest(TestUtil.java:179)
at com.qa.utils.WebEventListener.onException(WebEventListener.java:59)
at jdk.internal.reflect.GeneratedMethodAccessor7.invoke(Unknown Source)
at java.base/jdk.internal.reflect.DelegatingMethodAccessorImpl.invoke(DelegatingMethodAccessorImpl.java:43)
at java.base/java.lang.reflect.Method.invoke(Method.java:568)
at org.openqa.selenium.support.events.EventFiringWebDriver.lambda$new$0(EventFiringWebDriver.java:85)
at jdk.proxy2/jdk.proxy2.$Proxy13.onException(Unknown Source)
at org.openqa.selenium.support.events.EventFiringWebDriver.lambda$new$1(EventFiringWebDriver.java:108)
at jdk.proxy2/jdk.proxy2.$Proxy14.getScreenshotAs(Unknown Source)
at org.openqa.selenium.support.events.EventFiringWebDriver.getScreenshotAs(EventFiringWebDriver.java:303)
at com.qa.utils.TestUtil.takeScreenshotAtEndOfTest(TestUtil.java:179)
at com.qa.utils.WebEventListener.onException(WebEventListener.java:59)
at jdk.internal.reflect.GeneratedMethodAccessor7.invoke(Unknown Source)
at java.base/jdk.internal.reflect.DelegatingMethodAccessorImpl.invoke(DelegatingMethodAccessorImpl.java:43)
at java.base/java.lang.reflect.Method.invoke(Method.java:568)
at org.openqa.selenium.support.events.EventFiringWebDriver.lambda$new$0(EventFiringWebDriver.java:85)
at jdk.proxy2/jdk.proxy2.$Proxy13.onException(Unknown Source)
at org.openqa.selenium.support.events.EventFiringWebDriver.lambda$new$1(EventFiringWebDriver.java:108)
at jdk.proxy2/jdk.proxy2.$Proxy14.getScreenshotAs(Unknown Source)
at org.openqa.selenium.support.events.EventFiringWebDriver.getScreenshotAs(EventFiringWebDriver.java:303)
at com.qa.utils.TestUtil.takeScreenshotAtEndOfTest(TestUtil.java:179)
at com.qa.utils.WebEventListener.onException(WebEventListener.java:59)
at jdk.internal.reflect.GeneratedMethodAccessor7.invoke(Unknown Source)
at java.base/jdk.internal.reflect.DelegatingMethodAccessorImpl.invoke(DelegatingMethodAccessorImpl.java:43)
at java.base/java.lang.reflect.Method.invoke(Method.java:568)
at org.openqa.selenium.support.events.EventFiringWebDriver.lambda$new$0(EventFiringWebDriver.java:85)
at jdk.proxy2/jdk.proxy2.$Proxy13.onException(Unknown Source)
at org.openqa.selenium.support.events.EventFiringWebDriver.lambda$new$1(EventFiringWebDriver.java:108)
at jdk.proxy2/jdk.proxy2.$Proxy14.getScreenshotAs(Unknown Source)
at org.openqa.selenium.support.events.EventFiringWebDriver.getScreenshotAs(EventFiringWebDriver.java:303)
at com.qa.utils.TestUtil.takeScreenshotAtEndOfTest(TestUtil.java:179)
at com.qa.utils.WebEventListener.onException(WebEventListener.java:59)
at jdk.internal.reflect.GeneratedMethodAccessor7.invoke(Unknown Source)
at java.base/jdk.internal.reflect.DelegatingMethodAccessorImpl.invoke(DelegatingMethodAccessorImpl.java:43)
at java.base/java.lang.reflect.Method.invoke(Method.java:568)
at org.openqa.selenium.support.events.EventFiringWebDriver.lambda$new$0(EventFiringWebDriver.java:85)
at jdk.proxy2/jdk.proxy2.$Proxy13.onException(Unknown Source)
at org.openqa.selenium.support.events.EventFiringWebDriver.lambda$new$1(EventFiringWebDriver.java:108)
at jdk.proxy2/jdk.proxy2.$Proxy14.getScreenshotAs(Unknown Source)
at org.openqa.selenium.support.events.EventFiringWebDriver.getScreenshotAs(EventFiringWebDriver.java:303)
at com.qa.utils.TestUtil.takeScreenshotAtEndOfTest(TestUtil.java:179)
at com.qa.utils.WebEventListener.onException(WebEventListener.java:59)
at jdk.internal.reflect.GeneratedMethodAccessor7.invoke(Unknown Source)
at java.base/jdk.internal.reflect.DelegatingMethodAccessorImpl.invoke(DelegatingMethodAccessorImpl.java:43)
at java.base/java.lang.reflect.Method.invoke(Method.java:568)
at org.openqa.selenium.support.events.EventFiringWebDriver.lambda$new$0(EventFiringWebDriver.java:85)
at jdk.proxy2/jdk.proxy2.$Proxy13.onException(Unknown Source)
at org.openqa.selenium.support.events.EventFiringWebDriver.lambda$new$1(EventFiringWebDriver.java:108)
at jdk.proxy2/jdk.proxy2.$Proxy14.getScreenshotAs(Unknown Source)
at org.openqa.selenium.support.events.EventFiringWebDriver.getScreenshotAs(EventFiringWebDriver.java:303)
at com.qa.utils.TestUtil.takeScreenshotAtEndOfTest(TestUtil.java:179)
at com.qa.utils.WebEventListener.onException(WebEventListener.java:59)
at jdk.internal.reflect.GeneratedMethodAccessor7.invoke(Unknown Source)
at java.base/jdk.internal.reflect.DelegatingMethodAccessorImpl.invoke(DelegatingMethodAccessorImpl.java:43)
at java.base/java.lang.reflect.Method.invoke(Method.java:568)
at org.openqa.selenium.support.events.EventFiringWebDriver.lambda$new$0(EventFiringWebDriver.java:85)
at jdk.proxy2/jdk.proxy2.$Proxy13.onException(Unknown Source)
at org.openqa.selenium.support.events.EventFiringWebDriver.lambda$new$1(EventFiringWebDriver.java:108)
at jdk.proxy2/jdk.proxy2.$Proxy14.getScreenshotAs(Unknown Source)
at org.openqa.selenium.support.events.EventFiringWebDriver.getScreenshotAs(EventFiringWebDriver.java:303)
at com.qa.utils.TestUtil.takeScreenshotAtEndOfTest(TestUtil.java:179)
at com.qa.utils.WebEventListener.onException(WebEventListener.java:59)
at jdk.internal.reflect.GeneratedMethodAccessor7.invoke(Unknown Source)
at java.base/jdk.internal.reflect.DelegatingMethodAccessorImpl.invoke(DelegatingMethodAccessorImpl.java:43)
at java.base/java.lang.reflect.Method.invoke(Method.java:568)
at org.openqa.selenium.support.events.EventFiringWebDriver.lambda$new$0(EventFiringWebDriver.java:85)
at jdk.proxy2/jdk.proxy2.$Proxy13.onException(Unknown Source)
at org.openqa.selenium.support.events.EventFiringWebDriver.lambda$new$1(EventFiringWebDriver.java:108)
at jdk.proxy2/jdk.proxy2.$Proxy14.getScreenshotAs(Unknown Source)
at org.openqa.selenium.support.events.EventFiringWebDriver.getScreenshotAs(EventFiringWebDriver.java:303)
at com.qa.utils.TestUtil.takeScreenshotAtEndOfTest(TestUtil.java:179)
at com.qa.utils.WebEventListener.onException(WebEventListener.java:59)
at jdk.internal.reflect.GeneratedMethodAccessor7.invoke(Unknown Source)
at java.base/jdk.internal.reflect.DelegatingMethodAccessorImpl.invoke(DelegatingMethodAccessorImpl.java:43)
at java.base/java.lang.reflect.Method.invoke(Method.java:568)
at org.openqa.selenium.support.events.EventFiringWebDriver.lambda$new$0(EventFiringWebDriver.java:85)
at jdk.proxy2/jdk.proxy2.$Proxy13.onException(Unknown Source)
at org.openqa.selenium.support.events.EventFiringWebDriver.lambda$new$1(EventFiringWebDriver.java:108)
at jdk.proxy2/jdk.proxy2.$Proxy14.getScreenshotAs(Unknown Source)
at org.openqa.selenium.support.events.EventFiringWebDriver.getScreenshotAs(EventFiringWebDriver.java:303)
at com.qa.utils.TestUtil.takeScreenshotAtEndOfTest(TestUtil.java:179)
at com.qa.utils.WebEventListener.onException(WebEventListener.java:59)
at jdk.internal.reflect.GeneratedMethodAccessor7.invoke(Unknown Source)
at java.base/jdk.internal.reflect.DelegatingMethodAccessorImpl.invoke(DelegatingMethodAccessorImpl.java:43)
at java.base/java.lang.reflect.Method.invoke(Method.java:568)
at org.openqa.selenium.support.events.EventFiringWebDriver.lambda$new$0(EventFiringWebDriver.java:85)
at jdk.proxy2/jdk.proxy2.$Proxy13.onException(Unknown Source)
at org.openqa.selenium.support.events.EventFiringWebDriver.lambda$new$1(EventFiringWebDriver.java:108)
at jdk.proxy2/jdk.proxy2.$Proxy14.getScreenshotAs(Unknown Source)
at org.openqa.selenium.support.events.EventFiringWebDriver.getScreenshotAs(EventFiringWebDriver.java:303)
at com.qa.utils.TestUtil.takeScreenshotAtEndOfTest(TestUtil.java:179)
at com.qa.utils.WebEventListener.onException(WebEventListener.java:59)
at jdk.internal.reflect.GeneratedMethodAccessor7.invoke(Unknown Source)
at java.base/jdk.internal.reflect.DelegatingMethodAccessorImpl.invoke(DelegatingMethodAccessorImpl.java:43)
at java.base/java.lang.reflect.Method.invoke(Method.java:568)
at org.openqa.selenium.support.events.EventFiringWebDriver.lambda$new$0(EventFiringWebDriver.java:85)
at jdk.proxy2/jdk.proxy2.$Proxy13.onException(Unknown Source)
at org.openqa.selenium.support.events.EventFiringWebDriver.lambda$new$1(EventFiringWebDriver.java:108)
at jdk.proxy2/jdk.proxy2.$Proxy14.getScreenshotAs(Unknown Source)
at org.openqa.selenium.support.events.EventFiringWebDriver.getScreenshotAs(EventFiringWebDriver.java:303)
at com.qa.utils.TestUtil.takeScreenshotAtEndOfTest(TestUtil.java:179)
at com.qa.utils.WebEventListener.onException(WebEventListener.java:59)
at jdk.internal.reflect.GeneratedMethodAccessor7.invoke(Unknown Source)
at java.base/jdk.internal.reflect.DelegatingMethodAccessorImpl.invoke(DelegatingMethodAccessorImpl.java:43)
at java.base/java.lang.reflect.Method.invoke(Method.java:568)
at org.openqa.selenium.support.events.EventFiringWebDriver.lambda$new$0(EventFiringWebDriver.java:85)
at jdk.proxy2/jdk.proxy2.$Proxy13.onException(Unknown Source)
at org.openqa.selenium.support.events.EventFiringWebDriver.lambda$new$1(EventFiringWebDriver.java:108)
at jdk.proxy2/jdk.proxy2.$Proxy14.getScreenshotAs(Unknown Source)
at org.openqa.selenium.support.events.EventFiringWebDriver.getScreenshotAs(EventFiringWebDriver.java:303)
at com.qa.utils.TestUtil.takeScreenshotAtEndOfTest(TestUtil.java:179)
at com.qa.utils.WebEventListener.onException(WebEventListener.java:59)
at jdk.internal.reflect.GeneratedMethodAccessor7.invoke(Unknown Source)
at java.base/jdk.internal.reflect.DelegatingMethodAccessorImpl.invoke(DelegatingMethodAccessorImpl.java:43)
at java.base/java.lang.reflect.Method.invoke(Method.java:568)
at org.openqa.selenium.support.events.EventFiringWebDriver.lambda$new$0(EventFiringWebDriver.java:85)
at jdk.proxy2/jdk.proxy2.$Proxy13.onException(Unknown Source)
at org.openqa.selenium.support.events.EventFiringWebDriver.lambda$new$1(EventFiringWebDriver.java:108)
at jdk.proxy2/jdk.proxy2.$Proxy14.getScreenshotAs(Unknown Source)
at org.openqa.selenium.support.events.EventFiringWebDriver.getScreenshotAs(EventFiringWebDriver.java:303)
at com.qa.utils.TestUtil.takeScreenshotAtEndOfTest(TestUtil.java:179)
at com.qa.utils.WebEventListener.onException(WebEventListener.java:59)
at jdk.internal.reflect.GeneratedMethodAccessor7.invoke(Unknown Source)
at java.base/jdk.internal.reflect.DelegatingMethodAccessorImpl.invoke(DelegatingMethodAccessorImpl.java:43)
at java.base/java.lang.reflect.Method.invoke(Method.java:568)
at org.openqa.selenium.support.events.EventFiringWebDriver.lambda$new$0(EventFiringWebDriver.java:85)
at jdk.proxy2/jdk.proxy2.$Proxy13.onException(Unknown Source)
at org.openqa.selenium.support.events.EventFiringWebDriver.lambda$new$1(EventFiringWebDriver.java:108)
at jdk.proxy2/jdk.proxy2.$Proxy14.getScreenshotAs(Unknown Source)
at org.openqa.selenium.support.events.EventFiringWebDriver.getScreenshotAs(EventFiringWebDriver.java:303)
at com.qa.utils.TestUtil.takeScreenshotAtEndOfTest(TestUtil.java:179)
at com.qa.utils.WebEventListener.onException(WebEventListener.java:59)
at jdk.internal.reflect.GeneratedMethodAccessor7.invoke(Unknown Source)
at java.base/jdk.internal.reflect.DelegatingMethodAccessorImpl.invoke(DelegatingMethodAccessorImpl.java:43)
at java.base/java.lang.reflect.Method.invoke(Method.java:568)
at org.openqa.selenium.support.events.EventFiringWebDriver.lambda$new$0(EventFiringWebDriver.java:85)
at jdk.proxy2/jdk.proxy2.$Proxy13.onException(Unknown Source)
at org.openqa.selenium.support.events.EventFiringWebDriver.lambda$new$1(EventFiringWebDriver.java:108)
at jdk.proxy2/jdk.proxy2.$Proxy14.getScreenshotAs(Unknown Source)
at org.openqa.selenium.support.events.EventFiringWebDriver.getScreenshotAs(EventFiringWebDriver.java:303)
at com.qa.utils.TestUtil.takeScreenshotAtEndOfTest(TestUtil.java:179)
at com.qa.utils.WebEventListener.onException(WebEventListener.java:59)
at jdk.internal.reflect.GeneratedMethodAccessor7.invoke(Unknown Source)
at java.base/jdk.internal.reflect.DelegatingMethodAccessorImpl.invoke(DelegatingMethodAccessorImpl.java:43)
at java.base/java.lang.reflect.Method.invoke(Method.java:568)
at org.openqa.selenium.support.events.EventFiringWebDriver.lambda$new$0(EventFiringWebDriver.java:85)
at jdk.proxy2/jdk.proxy2.$Proxy13.onException(Unknown Source)
at org.openqa.selenium.support.events.EventFiringWebDriver.lambda$new$1(EventFiringWebDriver.java:108)
at jdk.proxy2/jdk.proxy2.$Proxy14.getScreenshotAs(Unknown Source)
at org.openqa.selenium.support.events.EventFiringWebDriver.getScreenshotAs(EventFiringWebDriver.java:303)
at com.qa.utils.TestUtil.takeScreenshotAtEndOfTest(TestUtil.java:179)
at com.qa.utils.WebEventListener.onException(WebEventListener.java:59)
at jdk.internal.reflect.GeneratedMethodAccessor7.invoke(Unknown Source)
]]>
    </error>
  </testcase> <!-- Verify_fill_data_MiningInformation -->
  <system-out/>
  <testcase classname="com.qa.testcases.inwardlist.JobWorkRoughListPageTest" name="Verify_fill_data_DocumentLines" time="1.239">
    <error type="java.lang.StackOverflowError">
      <![CDATA[java.lang.StackOverflowError
at java.base/java.lang.Exception.<init>(Exception.java:103)
at java.base/java.lang.ReflectiveOperationException.<init>(ReflectiveOperationException.java:90)
at java.base/java.lang.reflect.InvocationTargetException.<init>(InvocationTargetException.java:67)
at jdk.internal.reflect.GeneratedMethodAccessor7.invoke(Unknown Source)
at java.base/jdk.internal.reflect.DelegatingMethodAccessorImpl.invoke(DelegatingMethodAccessorImpl.java:43)
at java.base/java.lang.reflect.Method.invoke(Method.java:568)
at org.openqa.selenium.support.events.EventFiringWebDriver.lambda$new$0(EventFiringWebDriver.java:85)
at jdk.proxy2/jdk.proxy2.$Proxy13.onException(Unknown Source)
at org.openqa.selenium.support.events.EventFiringWebDriver.lambda$new$1(EventFiringWebDriver.java:108)
at jdk.proxy2/jdk.proxy2.$Proxy14.getScreenshotAs(Unknown Source)
at org.openqa.selenium.support.events.EventFiringWebDriver.getScreenshotAs(EventFiringWebDriver.java:303)
at com.qa.utils.TestUtil.takeScreenshotAtEndOfTest(TestUtil.java:179)
at com.qa.utils.WebEventListener.onException(WebEventListener.java:59)
at jdk.internal.reflect.GeneratedMethodAccessor7.invoke(Unknown Source)
at java.base/jdk.internal.reflect.DelegatingMethodAccessorImpl.invoke(DelegatingMethodAccessorImpl.java:43)
at java.base/java.lang.reflect.Method.invoke(Method.java:568)
at org.openqa.selenium.support.events.EventFiringWebDriver.lambda$new$0(EventFiringWebDriver.java:85)
at jdk.proxy2/jdk.proxy2.$Proxy13.onException(Unknown Source)
at org.openqa.selenium.support.events.EventFiringWebDriver.lambda$new$1(EventFiringWebDriver.java:108)
at jdk.proxy2/jdk.proxy2.$Proxy14.getScreenshotAs(Unknown Source)
at org.openqa.selenium.support.events.EventFiringWebDriver.getScreenshotAs(EventFiringWebDriver.java:303)
at com.qa.utils.TestUtil.takeScreenshotAtEndOfTest(TestUtil.java:179)
at com.qa.utils.WebEventListener.onException(WebEventListener.java:59)
at jdk.internal.reflect.GeneratedMethodAccessor7.invoke(Unknown Source)
at java.base/jdk.internal.reflect.DelegatingMethodAccessorImpl.invoke(DelegatingMethodAccessorImpl.java:43)
at java.base/java.lang.reflect.Method.invoke(Method.java:568)
at org.openqa.selenium.support.events.EventFiringWebDriver.lambda$new$0(EventFiringWebDriver.java:85)
at jdk.proxy2/jdk.proxy2.$Proxy13.onException(Unknown Source)
at org.openqa.selenium.support.events.EventFiringWebDriver.lambda$new$1(EventFiringWebDriver.java:108)
at jdk.proxy2/jdk.proxy2.$Proxy14.getScreenshotAs(Unknown Source)
at org.openqa.selenium.support.events.EventFiringWebDriver.getScreenshotAs(EventFiringWebDriver.java:303)
at com.qa.utils.TestUtil.takeScreenshotAtEndOfTest(TestUtil.java:179)
at com.qa.utils.WebEventListener.onException(WebEventListener.java:59)
at jdk.internal.reflect.GeneratedMethodAccessor7.invoke(Unknown Source)
at java.base/jdk.internal.reflect.DelegatingMethodAccessorImpl.invoke(DelegatingMethodAccessorImpl.java:43)
at java.base/java.lang.reflect.Method.invoke(Method.java:568)
at org.openqa.selenium.support.events.EventFiringWebDriver.lambda$new$0(EventFiringWebDriver.java:85)
at jdk.proxy2/jdk.proxy2.$Proxy13.onException(Unknown Source)
at org.openqa.selenium.support.events.EventFiringWebDriver.lambda$new$1(EventFiringWebDriver.java:108)
at jdk.proxy2/jdk.proxy2.$Proxy14.getScreenshotAs(Unknown Source)
at org.openqa.selenium.support.events.EventFiringWebDriver.getScreenshotAs(EventFiringWebDriver.java:303)
at com.qa.utils.TestUtil.takeScreenshotAtEndOfTest(TestUtil.java:179)
at com.qa.utils.WebEventListener.onException(WebEventListener.java:59)
at jdk.internal.reflect.GeneratedMethodAccessor7.invoke(Unknown Source)
at java.base/jdk.internal.reflect.DelegatingMethodAccessorImpl.invoke(DelegatingMethodAccessorImpl.java:43)
at java.base/java.lang.reflect.Method.invoke(Method.java:568)
at org.openqa.selenium.support.events.EventFiringWebDriver.lambda$new$0(EventFiringWebDriver.java:85)
at jdk.proxy2/jdk.proxy2.$Proxy13.onException(Unknown Source)
at org.openqa.selenium.support.events.EventFiringWebDriver.lambda$new$1(EventFiringWebDriver.java:108)
at jdk.proxy2/jdk.proxy2.$Proxy14.getScreenshotAs(Unknown Source)
at org.openqa.selenium.support.events.EventFiringWebDriver.getScreenshotAs(EventFiringWebDriver.java:303)
at com.qa.utils.TestUtil.takeScreenshotAtEndOfTest(TestUtil.java:179)
at com.qa.utils.WebEventListener.onException(WebEventListener.java:59)
at jdk.internal.reflect.GeneratedMethodAccessor7.invoke(Unknown Source)
at java.base/jdk.internal.reflect.DelegatingMethodAccessorImpl.invoke(DelegatingMethodAccessorImpl.java:43)
at java.base/java.lang.reflect.Method.invoke(Method.java:568)
at org.openqa.selenium.support.events.EventFiringWebDriver.lambda$new$0(EventFiringWebDriver.java:85)
at jdk.proxy2/jdk.proxy2.$Proxy13.onException(Unknown Source)
at org.openqa.selenium.support.events.EventFiringWebDriver.lambda$new$1(EventFiringWebDriver.java:108)
at jdk.proxy2/jdk.proxy2.$Proxy14.getScreenshotAs(Unknown Source)
at org.openqa.selenium.support.events.EventFiringWebDriver.getScreenshotAs(EventFiringWebDriver.java:303)
at com.qa.utils.TestUtil.takeScreenshotAtEndOfTest(TestUtil.java:179)
at com.qa.utils.WebEventListener.onException(WebEventListener.java:59)
at jdk.internal.reflect.GeneratedMethodAccessor7.invoke(Unknown Source)
at java.base/jdk.internal.reflect.DelegatingMethodAccessorImpl.invoke(DelegatingMethodAccessorImpl.java:43)
at java.base/java.lang.reflect.Method.invoke(Method.java:568)
at org.openqa.selenium.support.events.EventFiringWebDriver.lambda$new$0(EventFiringWebDriver.java:85)
at jdk.proxy2/jdk.proxy2.$Proxy13.onException(Unknown Source)
at org.openqa.selenium.support.events.EventFiringWebDriver.lambda$new$1(EventFiringWebDriver.java:108)
at jdk.proxy2/jdk.proxy2.$Proxy14.getScreenshotAs(Unknown Source)
at org.openqa.selenium.support.events.EventFiringWebDriver.getScreenshotAs(EventFiringWebDriver.java:303)
at com.qa.utils.TestUtil.takeScreenshotAtEndOfTest(TestUtil.java:179)
at com.qa.utils.WebEventListener.onException(WebEventListener.java:59)
at jdk.internal.reflect.GeneratedMethodAccessor7.invoke(Unknown Source)
at java.base/jdk.internal.reflect.DelegatingMethodAccessorImpl.invoke(DelegatingMethodAccessorImpl.java:43)
at java.base/java.lang.reflect.Method.invoke(Method.java:568)
at org.openqa.selenium.support.events.EventFiringWebDriver.lambda$new$0(EventFiringWebDriver.java:85)
at jdk.proxy2/jdk.proxy2.$Proxy13.onException(Unknown Source)
at org.openqa.selenium.support.events.EventFiringWebDriver.lambda$new$1(EventFiringWebDriver.java:108)
at jdk.proxy2/jdk.proxy2.$Proxy14.getScreenshotAs(Unknown Source)
at org.openqa.selenium.support.events.EventFiringWebDriver.getScreenshotAs(EventFiringWebDriver.java:303)
at com.qa.utils.TestUtil.takeScreenshotAtEndOfTest(TestUtil.java:179)
at com.qa.utils.WebEventListener.onException(WebEventListener.java:59)
at jdk.internal.reflect.GeneratedMethodAccessor7.invoke(Unknown Source)
at java.base/jdk.internal.reflect.DelegatingMethodAccessorImpl.invoke(DelegatingMethodAccessorImpl.java:43)
at java.base/java.lang.reflect.Method.invoke(Method.java:568)
at org.openqa.selenium.support.events.EventFiringWebDriver.lambda$new$0(EventFiringWebDriver.java:85)
at jdk.proxy2/jdk.proxy2.$Proxy13.onException(Unknown Source)
at org.openqa.selenium.support.events.EventFiringWebDriver.lambda$new$1(EventFiringWebDriver.java:108)
at jdk.proxy2/jdk.proxy2.$Proxy14.getScreenshotAs(Unknown Source)
at org.openqa.selenium.support.events.EventFiringWebDriver.getScreenshotAs(EventFiringWebDriver.java:303)
at com.qa.utils.TestUtil.takeScreenshotAtEndOfTest(TestUtil.java:179)
at com.qa.utils.WebEventListener.onException(WebEventListener.java:59)
at jdk.internal.reflect.GeneratedMethodAccessor7.invoke(Unknown Source)
at java.base/jdk.internal.reflect.DelegatingMethodAccessorImpl.invoke(DelegatingMethodAccessorImpl.java:43)
at java.base/java.lang.reflect.Method.invoke(Method.java:568)
at org.openqa.selenium.support.events.EventFiringWebDriver.lambda$new$0(EventFiringWebDriver.java:85)
at jdk.proxy2/jdk.proxy2.$Proxy13.onException(Unknown Source)
at org.openqa.selenium.support.events.EventFiringWebDriver.lambda$new$1(EventFiringWebDriver.java:108)
at jdk.proxy2/jdk.proxy2.$Proxy14.getScreenshotAs(Unknown Source)
at org.openqa.selenium.support.events.EventFiringWebDriver.getScreenshotAs(EventFiringWebDriver.java:303)
at com.qa.utils.TestUtil.takeScreenshotAtEndOfTest(TestUtil.java:179)
at com.qa.utils.WebEventListener.onException(WebEventListener.java:59)
at jdk.internal.reflect.GeneratedMethodAccessor7.invoke(Unknown Source)
at java.base/jdk.internal.reflect.DelegatingMethodAccessorImpl.invoke(DelegatingMethodAccessorImpl.java:43)
at java.base/java.lang.reflect.Method.invoke(Method.java:568)
at org.openqa.selenium.support.events.EventFiringWebDriver.lambda$new$0(EventFiringWebDriver.java:85)
at jdk.proxy2/jdk.proxy2.$Proxy13.onException(Unknown Source)
at org.openqa.selenium.support.events.EventFiringWebDriver.lambda$new$1(EventFiringWebDriver.java:108)
at jdk.proxy2/jdk.proxy2.$Proxy14.getScreenshotAs(Unknown Source)
at org.openqa.selenium.support.events.EventFiringWebDriver.getScreenshotAs(EventFiringWebDriver.java:303)
at com.qa.utils.TestUtil.takeScreenshotAtEndOfTest(TestUtil.java:179)
at com.qa.utils.WebEventListener.onException(WebEventListener.java:59)
at jdk.internal.reflect.GeneratedMethodAccessor7.invoke(Unknown Source)
at java.base/jdk.internal.reflect.DelegatingMethodAccessorImpl.invoke(DelegatingMethodAccessorImpl.java:43)
at java.base/java.lang.reflect.Method.invoke(Method.java:568)
at org.openqa.selenium.support.events.EventFiringWebDriver.lambda$new$0(EventFiringWebDriver.java:85)
at jdk.proxy2/jdk.proxy2.$Proxy13.onException(Unknown Source)
at org.openqa.selenium.support.events.EventFiringWebDriver.lambda$new$1(EventFiringWebDriver.java:108)
at jdk.proxy2/jdk.proxy2.$Proxy14.getScreenshotAs(Unknown Source)
at org.openqa.selenium.support.events.EventFiringWebDriver.getScreenshotAs(EventFiringWebDriver.java:303)
at com.qa.utils.TestUtil.takeScreenshotAtEndOfTest(TestUtil.java:179)
at com.qa.utils.WebEventListener.onException(WebEventListener.java:59)
at jdk.internal.reflect.GeneratedMethodAccessor7.invoke(Unknown Source)
at java.base/jdk.internal.reflect.DelegatingMethodAccessorImpl.invoke(DelegatingMethodAccessorImpl.java:43)
at java.base/java.lang.reflect.Method.invoke(Method.java:568)
at org.openqa.selenium.support.events.EventFiringWebDriver.lambda$new$0(EventFiringWebDriver.java:85)
at jdk.proxy2/jdk.proxy2.$Proxy13.onException(Unknown Source)
at org.openqa.selenium.support.events.EventFiringWebDriver.lambda$new$1(EventFiringWebDriver.java:108)
at jdk.proxy2/jdk.proxy2.$Proxy14.getScreenshotAs(Unknown Source)
at org.openqa.selenium.support.events.EventFiringWebDriver.getScreenshotAs(EventFiringWebDriver.java:303)
at com.qa.utils.TestUtil.takeScreenshotAtEndOfTest(TestUtil.java:179)
at com.qa.utils.WebEventListener.onException(WebEventListener.java:59)
at jdk.internal.reflect.GeneratedMethodAccessor7.invoke(Unknown Source)
at java.base/jdk.internal.reflect.DelegatingMethodAccessorImpl.invoke(DelegatingMethodAccessorImpl.java:43)
at java.base/java.lang.reflect.Method.invoke(Method.java:568)
at org.openqa.selenium.support.events.EventFiringWebDriver.lambda$new$0(EventFiringWebDriver.java:85)
at jdk.proxy2/jdk.proxy2.$Proxy13.onException(Unknown Source)
at org.openqa.selenium.support.events.EventFiringWebDriver.lambda$new$1(EventFiringWebDriver.java:108)
at jdk.proxy2/jdk.proxy2.$Proxy14.getScreenshotAs(Unknown Source)
at org.openqa.selenium.support.events.EventFiringWebDriver.getScreenshotAs(EventFiringWebDriver.java:303)
at com.qa.utils.TestUtil.takeScreenshotAtEndOfTest(TestUtil.java:179)
at com.qa.utils.WebEventListener.onException(WebEventListener.java:59)
at jdk.internal.reflect.GeneratedMethodAccessor7.invoke(Unknown Source)
at java.base/jdk.internal.reflect.DelegatingMethodAccessorImpl.invoke(DelegatingMethodAccessorImpl.java:43)
at java.base/java.lang.reflect.Method.invoke(Method.java:568)
at org.openqa.selenium.support.events.EventFiringWebDriver.lambda$new$0(EventFiringWebDriver.java:85)
at jdk.proxy2/jdk.proxy2.$Proxy13.onException(Unknown Source)
at org.openqa.selenium.support.events.EventFiringWebDriver.lambda$new$1(EventFiringWebDriver.java:108)
at jdk.proxy2/jdk.proxy2.$Proxy14.getScreenshotAs(Unknown Source)
at org.openqa.selenium.support.events.EventFiringWebDriver.getScreenshotAs(EventFiringWebDriver.java:303)
at com.qa.utils.TestUtil.takeScreenshotAtEndOfTest(TestUtil.java:179)
at com.qa.utils.WebEventListener.onException(WebEventListener.java:59)
at jdk.internal.reflect.GeneratedMethodAccessor7.invoke(Unknown Source)
at java.base/jdk.internal.reflect.DelegatingMethodAccessorImpl.invoke(DelegatingMethodAccessorImpl.java:43)
at java.base/java.lang.reflect.Method.invoke(Method.java:568)
at org.openqa.selenium.support.events.EventFiringWebDriver.lambda$new$0(EventFiringWebDriver.java:85)
at jdk.proxy2/jdk.proxy2.$Proxy13.onException(Unknown Source)
at org.openqa.selenium.support.events.EventFiringWebDriver.lambda$new$1(EventFiringWebDriver.java:108)
at jdk.proxy2/jdk.proxy2.$Proxy14.getScreenshotAs(Unknown Source)
at org.openqa.selenium.support.events.EventFiringWebDriver.getScreenshotAs(EventFiringWebDriver.java:303)
at com.qa.utils.TestUtil.takeScreenshotAtEndOfTest(TestUtil.java:179)
at com.qa.utils.WebEventListener.onException(WebEventListener.java:59)
at jdk.internal.reflect.GeneratedMethodAccessor7.invoke(Unknown Source)
at java.base/jdk.internal.reflect.DelegatingMethodAccessorImpl.invoke(DelegatingMethodAccessorImpl.java:43)
at java.base/java.lang.reflect.Method.invoke(Method.java:568)
at org.openqa.selenium.support.events.EventFiringWebDriver.lambda$new$0(EventFiringWebDriver.java:85)
at jdk.proxy2/jdk.proxy2.$Proxy13.onException(Unknown Source)
at org.openqa.selenium.support.events.EventFiringWebDriver.lambda$new$1(EventFiringWebDriver.java:108)
at jdk.proxy2/jdk.proxy2.$Proxy14.getScreenshotAs(Unknown Source)
at org.openqa.selenium.support.events.EventFiringWebDriver.getScreenshotAs(EventFiringWebDriver.java:303)
at com.qa.utils.TestUtil.takeScreenshotAtEndOfTest(TestUtil.java:179)
at com.qa.utils.WebEventListener.onException(WebEventListener.java:59)
at jdk.internal.reflect.GeneratedMethodAccessor7.invoke(Unknown Source)
at java.base/jdk.internal.reflect.DelegatingMethodAccessorImpl.invoke(DelegatingMethodAccessorImpl.java:43)
at java.base/java.lang.reflect.Method.invoke(Method.java:568)
at org.openqa.selenium.support.events.EventFiringWebDriver.lambda$new$0(EventFiringWebDriver.java:85)
at jdk.proxy2/jdk.proxy2.$Proxy13.onException(Unknown Source)
at org.openqa.selenium.support.events.EventFiringWebDriver.lambda$new$1(EventFiringWebDriver.java:108)
at jdk.proxy2/jdk.proxy2.$Proxy14.getScreenshotAs(Unknown Source)
at org.openqa.selenium.support.events.EventFiringWebDriver.getScreenshotAs(EventFiringWebDriver.java:303)
at com.qa.utils.TestUtil.takeScreenshotAtEndOfTest(TestUtil.java:179)
at com.qa.utils.WebEventListener.onException(WebEventListener.java:59)
at jdk.internal.reflect.GeneratedMethodAccessor7.invoke(Unknown Source)
at java.base/jdk.internal.reflect.DelegatingMethodAccessorImpl.invoke(DelegatingMethodAccessorImpl.java:43)
at java.base/java.lang.reflect.Method.invoke(Method.java:568)
at org.openqa.selenium.support.events.EventFiringWebDriver.lambda$new$0(EventFiringWebDriver.java:85)
at jdk.proxy2/jdk.proxy2.$Proxy13.onException(Unknown Source)
at org.openqa.selenium.support.events.EventFiringWebDriver.lambda$new$1(EventFiringWebDriver.java:108)
at jdk.proxy2/jdk.proxy2.$Proxy14.getScreenshotAs(Unknown Source)
at org.openqa.selenium.support.events.EventFiringWebDriver.getScreenshotAs(EventFiringWebDriver.java:303)
at com.qa.utils.TestUtil.takeScreenshotAtEndOfTest(TestUtil.java:179)
at com.qa.utils.WebEventListener.onException(WebEventListener.java:59)
at jdk.internal.reflect.GeneratedMethodAccessor7.invoke(Unknown Source)
at java.base/jdk.internal.reflect.DelegatingMethodAccessorImpl.invoke(DelegatingMethodAccessorImpl.java:43)
at java.base/java.lang.reflect.Method.invoke(Method.java:568)
at org.openqa.selenium.support.events.EventFiringWebDriver.lambda$new$0(EventFiringWebDriver.java:85)
at jdk.proxy2/jdk.proxy2.$Proxy13.onException(Unknown Source)
at org.openqa.selenium.support.events.EventFiringWebDriver.lambda$new$1(EventFiringWebDriver.java:108)
at jdk.proxy2/jdk.proxy2.$Proxy14.getScreenshotAs(Unknown Source)
at org.openqa.selenium.support.events.EventFiringWebDriver.getScreenshotAs(EventFiringWebDriver.java:303)
at com.qa.utils.TestUtil.takeScreenshotAtEndOfTest(TestUtil.java:179)
at com.qa.utils.WebEventListener.onException(WebEventListener.java:59)
at jdk.internal.reflect.GeneratedMethodAccessor7.invoke(Unknown Source)
at java.base/jdk.internal.reflect.DelegatingMethodAccessorImpl.invoke(DelegatingMethodAccessorImpl.java:43)
at java.base/java.lang.reflect.Method.invoke(Method.java:568)
at org.openqa.selenium.support.events.EventFiringWebDriver.lambda$new$0(EventFiringWebDriver.java:85)
at jdk.proxy2/jdk.proxy2.$Proxy13.onException(Unknown Source)
at org.openqa.selenium.support.events.EventFiringWebDriver.lambda$new$1(EventFiringWebDriver.java:108)
at jdk.proxy2/jdk.proxy2.$Proxy14.getScreenshotAs(Unknown Source)
at org.openqa.selenium.support.events.EventFiringWebDriver.getScreenshotAs(EventFiringWebDriver.java:303)
at com.qa.utils.TestUtil.takeScreenshotAtEndOfTest(TestUtil.java:179)
at com.qa.utils.WebEventListener.onException(WebEventListener.java:59)
at jdk.internal.reflect.GeneratedMethodAccessor7.invoke(Unknown Source)
at java.base/jdk.internal.reflect.DelegatingMethodAccessorImpl.invoke(DelegatingMethodAccessorImpl.java:43)
at java.base/java.lang.reflect.Method.invoke(Method.java:568)
at org.openqa.selenium.support.events.EventFiringWebDriver.lambda$new$0(EventFiringWebDriver.java:85)
at jdk.proxy2/jdk.proxy2.$Proxy13.onException(Unknown Source)
at org.openqa.selenium.support.events.EventFiringWebDriver.lambda$new$1(EventFiringWebDriver.java:108)
at jdk.proxy2/jdk.proxy2.$Proxy14.getScreenshotAs(Unknown Source)
at org.openqa.selenium.support.events.EventFiringWebDriver.getScreenshotAs(EventFiringWebDriver.java:303)
at com.qa.utils.TestUtil.takeScreenshotAtEndOfTest(TestUtil.java:179)
at com.qa.utils.WebEventListener.onException(WebEventListener.java:59)
at jdk.internal.reflect.GeneratedMethodAccessor7.invoke(Unknown Source)
at java.base/jdk.internal.reflect.DelegatingMethodAccessorImpl.invoke(DelegatingMethodAccessorImpl.java:43)
at java.base/java.lang.reflect.Method.invoke(Method.java:568)
at org.openqa.selenium.support.events.EventFiringWebDriver.lambda$new$0(EventFiringWebDriver.java:85)
at jdk.proxy2/jdk.proxy2.$Proxy13.onException(Unknown Source)
at org.openqa.selenium.support.events.EventFiringWebDriver.lambda$new$1(EventFiringWebDriver.java:108)
at jdk.proxy2/jdk.proxy2.$Proxy14.getScreenshotAs(Unknown Source)
at org.openqa.selenium.support.events.EventFiringWebDriver.getScreenshotAs(EventFiringWebDriver.java:303)
at com.qa.utils.TestUtil.takeScreenshotAtEndOfTest(TestUtil.java:179)
at com.qa.utils.WebEventListener.onException(WebEventListener.java:59)
at jdk.internal.reflect.GeneratedMethodAccessor7.invoke(Unknown Source)
at java.base/jdk.internal.reflect.DelegatingMethodAccessorImpl.invoke(DelegatingMethodAccessorImpl.java:43)
at java.base/java.lang.reflect.Method.invoke(Method.java:568)
at org.openqa.selenium.support.events.EventFiringWebDriver.lambda$new$0(EventFiringWebDriver.java:85)
at jdk.proxy2/jdk.proxy2.$Proxy13.onException(Unknown Source)
at org.openqa.selenium.support.events.EventFiringWebDriver.lambda$new$1(EventFiringWebDriver.java:108)
at jdk.proxy2/jdk.proxy2.$Proxy14.getScreenshotAs(Unknown Source)
at org.openqa.selenium.support.events.EventFiringWebDriver.getScreenshotAs(EventFiringWebDriver.java:303)
at com.qa.utils.TestUtil.takeScreenshotAtEndOfTest(TestUtil.java:179)
at com.qa.utils.WebEventListener.onException(WebEventListener.java:59)
at jdk.internal.reflect.GeneratedMethodAccessor7.invoke(Unknown Source)
at java.base/jdk.internal.reflect.DelegatingMethodAccessorImpl.invoke(DelegatingMethodAccessorImpl.java:43)
at java.base/java.lang.reflect.Method.invoke(Method.java:568)
at org.openqa.selenium.support.events.EventFiringWebDriver.lambda$new$0(EventFiringWebDriver.java:85)
at jdk.proxy2/jdk.proxy2.$Proxy13.onException(Unknown Source)
at org.openqa.selenium.support.events.EventFiringWebDriver.lambda$new$1(EventFiringWebDriver.java:108)
at jdk.proxy2/jdk.proxy2.$Proxy14.getScreenshotAs(Unknown Source)
at org.openqa.selenium.support.events.EventFiringWebDriver.getScreenshotAs(EventFiringWebDriver.java:303)
at com.qa.utils.TestUtil.takeScreenshotAtEndOfTest(TestUtil.java:179)
at com.qa.utils.WebEventListener.onException(WebEventListener.java:59)
at jdk.internal.reflect.GeneratedMethodAccessor7.invoke(Unknown Source)
at java.base/jdk.internal.reflect.DelegatingMethodAccessorImpl.invoke(DelegatingMethodAccessorImpl.java:43)
at java.base/java.lang.reflect.Method.invoke(Method.java:568)
at org.openqa.selenium.support.events.EventFiringWebDriver.lambda$new$0(EventFiringWebDriver.java:85)
at jdk.proxy2/jdk.proxy2.$Proxy13.onException(Unknown Source)
at org.openqa.selenium.support.events.EventFiringWebDriver.lambda$new$1(EventFiringWebDriver.java:108)
at jdk.proxy2/jdk.proxy2.$Proxy14.getScreenshotAs(Unknown Source)
at org.openqa.selenium.support.events.EventFiringWebDriver.getScreenshotAs(EventFiringWebDriver.java:303)
at com.qa.utils.TestUtil.takeScreenshotAtEndOfTest(TestUtil.java:179)
at com.qa.utils.WebEventListener.onException(WebEventListener.java:59)
at jdk.internal.reflect.GeneratedMethodAccessor7.invoke(Unknown Source)
at java.base/jdk.internal.reflect.DelegatingMethodAccessorImpl.invoke(DelegatingMethodAccessorImpl.java:43)
at java.base/java.lang.reflect.Method.invoke(Method.java:568)
at org.openqa.selenium.support.events.EventFiringWebDriver.lambda$new$0(EventFiringWebDriver.java:85)
at jdk.proxy2/jdk.proxy2.$Proxy13.onException(Unknown Source)
at org.openqa.selenium.support.events.EventFiringWebDriver.lambda$new$1(EventFiringWebDriver.java:108)
at jdk.proxy2/jdk.proxy2.$Proxy14.getScreenshotAs(Unknown Source)
at org.openqa.selenium.support.events.EventFiringWebDriver.getScreenshotAs(EventFiringWebDriver.java:303)
at com.qa.utils.TestUtil.takeScreenshotAtEndOfTest(TestUtil.java:179)
at com.qa.utils.WebEventListener.onException(WebEventListener.java:59)
at jdk.internal.reflect.GeneratedMethodAccessor7.invoke(Unknown Source)
at java.base/jdk.internal.reflect.DelegatingMethodAccessorImpl.invoke(DelegatingMethodAccessorImpl.java:43)
at java.base/java.lang.reflect.Method.invoke(Method.java:568)
at org.openqa.selenium.support.events.EventFiringWebDriver.lambda$new$0(EventFiringWebDriver.java:85)
at jdk.proxy2/jdk.proxy2.$Proxy13.onException(Unknown Source)
at org.openqa.selenium.support.events.EventFiringWebDriver.lambda$new$1(EventFiringWebDriver.java:108)
at jdk.proxy2/jdk.proxy2.$Proxy14.getScreenshotAs(Unknown Source)
at org.openqa.selenium.support.events.EventFiringWebDriver.getScreenshotAs(EventFiringWebDriver.java:303)
at com.qa.utils.TestUtil.takeScreenshotAtEndOfTest(TestUtil.java:179)
at com.qa.utils.WebEventListener.onException(WebEventListener.java:59)
at jdk.internal.reflect.GeneratedMethodAccessor7.invoke(Unknown Source)
at java.base/jdk.internal.reflect.DelegatingMethodAccessorImpl.invoke(DelegatingMethodAccessorImpl.java:43)
at java.base/java.lang.reflect.Method.invoke(Method.java:568)
at org.openqa.selenium.support.events.EventFiringWebDriver.lambda$new$0(EventFiringWebDriver.java:85)
at jdk.proxy2/jdk.proxy2.$Proxy13.onException(Unknown Source)
at org.openqa.selenium.support.events.EventFiringWebDriver.lambda$new$1(EventFiringWebDriver.java:108)
at jdk.proxy2/jdk.proxy2.$Proxy14.getScreenshotAs(Unknown Source)
at org.openqa.selenium.support.events.EventFiringWebDriver.getScreenshotAs(EventFiringWebDriver.java:303)
at com.qa.utils.TestUtil.takeScreenshotAtEndOfTest(TestUtil.java:179)
at com.qa.utils.WebEventListener.onException(WebEventListener.java:59)
at jdk.internal.reflect.GeneratedMethodAccessor7.invoke(Unknown Source)
at java.base/jdk.internal.reflect.DelegatingMethodAccessorImpl.invoke(DelegatingMethodAccessorImpl.java:43)
at java.base/java.lang.reflect.Method.invoke(Method.java:568)
at org.openqa.selenium.support.events.EventFiringWebDriver.lambda$new$0(EventFiringWebDriver.java:85)
at jdk.proxy2/jdk.proxy2.$Proxy13.onException(Unknown Source)
at org.openqa.selenium.support.events.EventFiringWebDriver.lambda$new$1(EventFiringWebDriver.java:108)
at jdk.proxy2/jdk.proxy2.$Proxy14.getScreenshotAs(Unknown Source)
at org.openqa.selenium.support.events.EventFiringWebDriver.getScreenshotAs(EventFiringWebDriver.java:303)
at com.qa.utils.TestUtil.takeScreenshotAtEndOfTest(TestUtil.java:179)
at com.qa.utils.WebEventListener.onException(WebEventListener.java:59)
at jdk.internal.reflect.GeneratedMethodAccessor7.invoke(Unknown Source)
at java.base/jdk.internal.reflect.DelegatingMethodAccessorImpl.invoke(DelegatingMethodAccessorImpl.java:43)
at java.base/java.lang.reflect.Method.invoke(Method.java:568)
at org.openqa.selenium.support.events.EventFiringWebDriver.lambda$new$0(EventFiringWebDriver.java:85)
at jdk.proxy2/jdk.proxy2.$Proxy13.onException(Unknown Source)
at org.openqa.selenium.support.events.EventFiringWebDriver.lambda$new$1(EventFiringWebDriver.java:108)
at jdk.proxy2/jdk.proxy2.$Proxy14.getScreenshotAs(Unknown Source)
at org.openqa.selenium.support.events.EventFiringWebDriver.getScreenshotAs(EventFiringWebDriver.java:303)
at com.qa.utils.TestUtil.takeScreenshotAtEndOfTest(TestUtil.java:179)
at com.qa.utils.WebEventListener.onException(WebEventListener.java:59)
at jdk.internal.reflect.GeneratedMethodAccessor7.invoke(Unknown Source)
at java.base/jdk.internal.reflect.DelegatingMethodAccessorImpl.invoke(DelegatingMethodAccessorImpl.java:43)
at java.base/java.lang.reflect.Method.invoke(Method.java:568)
at org.openqa.selenium.support.events.EventFiringWebDriver.lambda$new$0(EventFiringWebDriver.java:85)
at jdk.proxy2/jdk.proxy2.$Proxy13.onException(Unknown Source)
at org.openqa.selenium.support.events.EventFiringWebDriver.lambda$new$1(EventFiringWebDriver.java:108)
at jdk.proxy2/jdk.proxy2.$Proxy14.getScreenshotAs(Unknown Source)
at org.openqa.selenium.support.events.EventFiringWebDriver.getScreenshotAs(EventFiringWebDriver.java:303)
at com.qa.utils.TestUtil.takeScreenshotAtEndOfTest(TestUtil.java:179)
at com.qa.utils.WebEventListener.onException(WebEventListener.java:59)
at jdk.internal.reflect.GeneratedMethodAccessor7.invoke(Unknown Source)
at java.base/jdk.internal.reflect.DelegatingMethodAccessorImpl.invoke(DelegatingMethodAccessorImpl.java:43)
at java.base/java.lang.reflect.Method.invoke(Method.java:568)
at org.openqa.selenium.support.events.EventFiringWebDriver.lambda$new$0(EventFiringWebDriver.java:85)
at jdk.proxy2/jdk.proxy2.$Proxy13.onException(Unknown Source)
at org.openqa.selenium.support.events.EventFiringWebDriver.lambda$new$1(EventFiringWebDriver.java:108)
at jdk.proxy2/jdk.proxy2.$Proxy14.getScreenshotAs(Unknown Source)
at org.openqa.selenium.support.events.EventFiringWebDriver.getScreenshotAs(EventFiringWebDriver.java:303)
at com.qa.utils.TestUtil.takeScreenshotAtEndOfTest(TestUtil.java:179)
at com.qa.utils.WebEventListener.onException(WebEventListener.java:59)
at jdk.internal.reflect.GeneratedMethodAccessor7.invoke(Unknown Source)
at java.base/jdk.internal.reflect.DelegatingMethodAccessorImpl.invoke(DelegatingMethodAccessorImpl.java:43)
at java.base/java.lang.reflect.Method.invoke(Method.java:568)
at org.openqa.selenium.support.events.EventFiringWebDriver.lambda$new$0(EventFiringWebDriver.java:85)
at jdk.proxy2/jdk.proxy2.$Proxy13.onException(Unknown Source)
at org.openqa.selenium.support.events.EventFiringWebDriver.lambda$new$1(EventFiringWebDriver.java:108)
at jdk.proxy2/jdk.proxy2.$Proxy14.getScreenshotAs(Unknown Source)
at org.openqa.selenium.support.events.EventFiringWebDriver.getScreenshotAs(EventFiringWebDriver.java:303)
at com.qa.utils.TestUtil.takeScreenshotAtEndOfTest(TestUtil.java:179)
at com.qa.utils.WebEventListener.onException(WebEventListener.java:59)
at jdk.internal.reflect.GeneratedMethodAccessor7.invoke(Unknown Source)
at java.base/jdk.internal.reflect.DelegatingMethodAccessorImpl.invoke(DelegatingMethodAccessorImpl.java:43)
at java.base/java.lang.reflect.Method.invoke(Method.java:568)
at org.openqa.selenium.support.events.EventFiringWebDriver.lambda$new$0(EventFiringWebDriver.java:85)
at jdk.proxy2/jdk.proxy2.$Proxy13.onException(Unknown Source)
at org.openqa.selenium.support.events.EventFiringWebDriver.lambda$new$1(EventFiringWebDriver.java:108)
at jdk.proxy2/jdk.proxy2.$Proxy14.getScreenshotAs(Unknown Source)
at org.openqa.selenium.support.events.EventFiringWebDriver.getScreenshotAs(EventFiringWebDriver.java:303)
at com.qa.utils.TestUtil.takeScreenshotAtEndOfTest(TestUtil.java:179)
at com.qa.utils.WebEventListener.onException(WebEventListener.java:59)
at jdk.internal.reflect.GeneratedMethodAccessor7.invoke(Unknown Source)
at java.base/jdk.internal.reflect.DelegatingMethodAccessorImpl.invoke(DelegatingMethodAccessorImpl.java:43)
at java.base/java.lang.reflect.Method.invoke(Method.java:568)
at org.openqa.selenium.support.events.EventFiringWebDriver.lambda$new$0(EventFiringWebDriver.java:85)
at jdk.proxy2/jdk.proxy2.$Proxy13.onException(Unknown Source)
at org.openqa.selenium.support.events.EventFiringWebDriver.lambda$new$1(EventFiringWebDriver.java:108)
at jdk.proxy2/jdk.proxy2.$Proxy14.getScreenshotAs(Unknown Source)
at org.openqa.selenium.support.events.EventFiringWebDriver.getScreenshotAs(EventFiringWebDriver.java:303)
at com.qa.utils.TestUtil.takeScreenshotAtEndOfTest(TestUtil.java:179)
at com.qa.utils.WebEventListener.onException(WebEventListener.java:59)
at jdk.internal.reflect.GeneratedMethodAccessor7.invoke(Unknown Source)
at java.base/jdk.internal.reflect.DelegatingMethodAccessorImpl.invoke(DelegatingMethodAccessorImpl.java:43)
at java.base/java.lang.reflect.Method.invoke(Method.java:568)
at org.openqa.selenium.support.events.EventFiringWebDriver.lambda$new$0(EventFiringWebDriver.java:85)
at jdk.proxy2/jdk.proxy2.$Proxy13.onException(Unknown Source)
at org.openqa.selenium.support.events.EventFiringWebDriver.lambda$new$1(EventFiringWebDriver.java:108)
at jdk.proxy2/jdk.proxy2.$Proxy14.getScreenshotAs(Unknown Source)
at org.openqa.selenium.support.events.EventFiringWebDriver.getScreenshotAs(EventFiringWebDriver.java:303)
at com.qa.utils.TestUtil.takeScreenshotAtEndOfTest(TestUtil.java:179)
at com.qa.utils.WebEventListener.onException(WebEventListener.java:59)
at jdk.internal.reflect.GeneratedMethodAccessor7.invoke(Unknown Source)
at java.base/jdk.internal.reflect.DelegatingMethodAccessorImpl.invoke(DelegatingMethodAccessorImpl.java:43)
at java.base/java.lang.reflect.Method.invoke(Method.java:568)
at org.openqa.selenium.support.events.EventFiringWebDriver.lambda$new$0(EventFiringWebDriver.java:85)
at jdk.proxy2/jdk.proxy2.$Proxy13.onException(Unknown Source)
at org.openqa.selenium.support.events.EventFiringWebDriver.lambda$new$1(EventFiringWebDriver.java:108)
at jdk.proxy2/jdk.proxy2.$Proxy14.getScreenshotAs(Unknown Source)
at org.openqa.selenium.support.events.EventFiringWebDriver.getScreenshotAs(EventFiringWebDriver.java:303)
at com.qa.utils.TestUtil.takeScreenshotAtEndOfTest(TestUtil.java:179)
at com.qa.utils.WebEventListener.onException(WebEventListener.java:59)
at jdk.internal.reflect.GeneratedMethodAccessor7.invoke(Unknown Source)
at java.base/jdk.internal.reflect.DelegatingMethodAccessorImpl.invoke(DelegatingMethodAccessorImpl.java:43)
at java.base/java.lang.reflect.Method.invoke(Method.java:568)
at org.openqa.selenium.support.events.EventFiringWebDriver.lambda$new$0(EventFiringWebDriver.java:85)
at jdk.proxy2/jdk.proxy2.$Proxy13.onException(Unknown Source)
at org.openqa.selenium.support.events.EventFiringWebDriver.lambda$new$1(EventFiringWebDriver.java:108)
at jdk.proxy2/jdk.proxy2.$Proxy14.getScreenshotAs(Unknown Source)
at org.openqa.selenium.support.events.EventFiringWebDriver.getScreenshotAs(EventFiringWebDriver.java:303)
at com.qa.utils.TestUtil.takeScreenshotAtEndOfTest(TestUtil.java:179)
at com.qa.utils.WebEventListener.onException(WebEventListener.java:59)
at jdk.internal.reflect.GeneratedMethodAccessor7.invoke(Unknown Source)
at java.base/jdk.internal.reflect.DelegatingMethodAccessorImpl.invoke(DelegatingMethodAccessorImpl.java:43)
at java.base/java.lang.reflect.Method.invoke(Method.java:568)
at org.openqa.selenium.support.events.EventFiringWebDriver.lambda$new$0(EventFiringWebDriver.java:85)
at jdk.proxy2/jdk.proxy2.$Proxy13.onException(Unknown Source)
at org.openqa.selenium.support.events.EventFiringWebDriver.lambda$new$1(EventFiringWebDriver.java:108)
at jdk.proxy2/jdk.proxy2.$Proxy14.getScreenshotAs(Unknown Source)
at org.openqa.selenium.support.events.EventFiringWebDriver.getScreenshotAs(EventFiringWebDriver.java:303)
at com.qa.utils.TestUtil.takeScreenshotAtEndOfTest(TestUtil.java:179)
at com.qa.utils.WebEventListener.onException(WebEventListener.java:59)
at jdk.internal.reflect.GeneratedMethodAccessor7.invoke(Unknown Source)
at java.base/jdk.internal.reflect.DelegatingMethodAccessorImpl.invoke(DelegatingMethodAccessorImpl.java:43)
at java.base/java.lang.reflect.Method.invoke(Method.java:568)
at org.openqa.selenium.support.events.EventFiringWebDriver.lambda$new$0(EventFiringWebDriver.java:85)
at jdk.proxy2/jdk.proxy2.$Proxy13.onException(Unknown Source)
at org.openqa.selenium.support.events.EventFiringWebDriver.lambda$new$1(EventFiringWebDriver.java:108)
at jdk.proxy2/jdk.proxy2.$Proxy14.getScreenshotAs(Unknown Source)
at org.openqa.selenium.support.events.EventFiringWebDriver.getScreenshotAs(EventFiringWebDriver.java:303)
at com.qa.utils.TestUtil.takeScreenshotAtEndOfTest(TestUtil.java:179)
at com.qa.utils.WebEventListener.onException(WebEventListener.java:59)
at jdk.internal.reflect.GeneratedMethodAccessor7.invoke(Unknown Source)
at java.base/jdk.internal.reflect.DelegatingMethodAccessorImpl.invoke(DelegatingMethodAccessorImpl.java:43)
at java.base/java.lang.reflect.Method.invoke(Method.java:568)
at org.openqa.selenium.support.events.EventFiringWebDriver.lambda$new$0(EventFiringWebDriver.java:85)
at jdk.proxy2/jdk.proxy2.$Proxy13.onException(Unknown Source)
at org.openqa.selenium.support.events.EventFiringWebDriver.lambda$new$1(EventFiringWebDriver.java:108)
at jdk.proxy2/jdk.proxy2.$Proxy14.getScreenshotAs(Unknown Source)
at org.openqa.selenium.support.events.EventFiringWebDriver.getScreenshotAs(EventFiringWebDriver.java:303)
at com.qa.utils.TestUtil.takeScreenshotAtEndOfTest(TestUtil.java:179)
at com.qa.utils.WebEventListener.onException(WebEventListener.java:59)
at jdk.internal.reflect.GeneratedMethodAccessor7.invoke(Unknown Source)
at java.base/jdk.internal.reflect.DelegatingMethodAccessorImpl.invoke(DelegatingMethodAccessorImpl.java:43)
at java.base/java.lang.reflect.Method.invoke(Method.java:568)
at org.openqa.selenium.support.events.EventFiringWebDriver.lambda$new$0(EventFiringWebDriver.java:85)
at jdk.proxy2/jdk.proxy2.$Proxy13.onException(Unknown Source)
at org.openqa.selenium.support.events.EventFiringWebDriver.lambda$new$1(EventFiringWebDriver.java:108)
at jdk.proxy2/jdk.proxy2.$Proxy14.getScreenshotAs(Unknown Source)
at org.openqa.selenium.support.events.EventFiringWebDriver.getScreenshotAs(EventFiringWebDriver.java:303)
at com.qa.utils.TestUtil.takeScreenshotAtEndOfTest(TestUtil.java:179)
at com.qa.utils.WebEventListener.onException(WebEventListener.java:59)
at jdk.internal.reflect.GeneratedMethodAccessor7.invoke(Unknown Source)
at java.base/jdk.internal.reflect.DelegatingMethodAccessorImpl.invoke(DelegatingMethodAccessorImpl.java:43)
at java.base/java.lang.reflect.Method.invoke(Method.java:568)
at org.openqa.selenium.support.events.EventFiringWebDriver.lambda$new$0(EventFiringWebDriver.java:85)
at jdk.proxy2/jdk.proxy2.$Proxy13.onException(Unknown Source)
at org.openqa.selenium.support.events.EventFiringWebDriver.lambda$new$1(EventFiringWebDriver.java:108)
at jdk.proxy2/jdk.proxy2.$Proxy14.getScreenshotAs(Unknown Source)
at org.openqa.selenium.support.events.EventFiringWebDriver.getScreenshotAs(EventFiringWebDriver.java:303)
at com.qa.utils.TestUtil.takeScreenshotAtEndOfTest(TestUtil.java:179)
at com.qa.utils.WebEventListener.onException(WebEventListener.java:59)
at jdk.internal.reflect.GeneratedMethodAccessor7.invoke(Unknown Source)
at java.base/jdk.internal.reflect.DelegatingMethodAccessorImpl.invoke(DelegatingMethodAccessorImpl.java:43)
at java.base/java.lang.reflect.Method.invoke(Method.java:568)
at org.openqa.selenium.support.events.EventFiringWebDriver.lambda$new$0(EventFiringWebDriver.java:85)
at jdk.proxy2/jdk.proxy2.$Proxy13.onException(Unknown Source)
at org.openqa.selenium.support.events.EventFiringWebDriver.lambda$new$1(EventFiringWebDriver.java:108)
at jdk.proxy2/jdk.proxy2.$Proxy14.getScreenshotAs(Unknown Source)
at org.openqa.selenium.support.events.EventFiringWebDriver.getScreenshotAs(EventFiringWebDriver.java:303)
at com.qa.utils.TestUtil.takeScreenshotAtEndOfTest(TestUtil.java:179)
at com.qa.utils.WebEventListener.onException(WebEventListener.java:59)
at jdk.internal.reflect.GeneratedMethodAccessor7.invoke(Unknown Source)
at java.base/jdk.internal.reflect.DelegatingMethodAccessorImpl.invoke(DelegatingMethodAccessorImpl.java:43)
at java.base/java.lang.reflect.Method.invoke(Method.java:568)
at org.openqa.selenium.support.events.EventFiringWebDriver.lambda$new$0(EventFiringWebDriver.java:85)
at jdk.proxy2/jdk.proxy2.$Proxy13.onException(Unknown Source)
at org.openqa.selenium.support.events.EventFiringWebDriver.lambda$new$1(EventFiringWebDriver.java:108)
at jdk.proxy2/jdk.proxy2.$Proxy14.getScreenshotAs(Unknown Source)
at org.openqa.selenium.support.events.EventFiringWebDriver.getScreenshotAs(EventFiringWebDriver.java:303)
at com.qa.utils.TestUtil.takeScreenshotAtEndOfTest(TestUtil.java:179)
at com.qa.utils.WebEventListener.onException(WebEventListener.java:59)
at jdk.internal.reflect.GeneratedMethodAccessor7.invoke(Unknown Source)
at java.base/jdk.internal.reflect.DelegatingMethodAccessorImpl.invoke(DelegatingMethodAccessorImpl.java:43)
at java.base/java.lang.reflect.Method.invoke(Method.java:568)
at org.openqa.selenium.support.events.EventFiringWebDriver.lambda$new$0(EventFiringWebDriver.java:85)
at jdk.proxy2/jdk.proxy2.$Proxy13.onException(Unknown Source)
at org.openqa.selenium.support.events.EventFiringWebDriver.lambda$new$1(EventFiringWebDriver.java:108)
at jdk.proxy2/jdk.proxy2.$Proxy14.getScreenshotAs(Unknown Source)
at org.openqa.selenium.support.events.EventFiringWebDriver.getScreenshotAs(EventFiringWebDriver.java:303)
at com.qa.utils.TestUtil.takeScreenshotAtEndOfTest(TestUtil.java:179)
at com.qa.utils.WebEventListener.onException(WebEventListener.java:59)
at jdk.internal.reflect.GeneratedMethodAccessor7.invoke(Unknown Source)
at java.base/jdk.internal.reflect.DelegatingMethodAccessorImpl.invoke(DelegatingMethodAccessorImpl.java:43)
at java.base/java.lang.reflect.Method.invoke(Method.java:568)
at org.openqa.selenium.support.events.EventFiringWebDriver.lambda$new$0(EventFiringWebDriver.java:85)
at jdk.proxy2/jdk.proxy2.$Proxy13.onException(Unknown Source)
at org.openqa.selenium.support.events.EventFiringWebDriver.lambda$new$1(EventFiringWebDriver.java:108)
at jdk.proxy2/jdk.proxy2.$Proxy14.getScreenshotAs(Unknown Source)
at org.openqa.selenium.support.events.EventFiringWebDriver.getScreenshotAs(EventFiringWebDriver.java:303)
at com.qa.utils.TestUtil.takeScreenshotAtEndOfTest(TestUtil.java:179)
at com.qa.utils.WebEventListener.onException(WebEventListener.java:59)
at jdk.internal.reflect.GeneratedMethodAccessor7.invoke(Unknown Source)
at java.base/jdk.internal.reflect.DelegatingMethodAccessorImpl.invoke(DelegatingMethodAccessorImpl.java:43)
at java.base/java.lang.reflect.Method.invoke(Method.java:568)
at org.openqa.selenium.support.events.EventFiringWebDriver.lambda$new$0(EventFiringWebDriver.java:85)
at jdk.proxy2/jdk.proxy2.$Proxy13.onException(Unknown Source)
at org.openqa.selenium.support.events.EventFiringWebDriver.lambda$new$1(EventFiringWebDriver.java:108)
at jdk.proxy2/jdk.proxy2.$Proxy14.getScreenshotAs(Unknown Source)
at org.openqa.selenium.support.events.EventFiringWebDriver.getScreenshotAs(EventFiringWebDriver.java:303)
at com.qa.utils.TestUtil.takeScreenshotAtEndOfTest(TestUtil.java:179)
at com.qa.utils.WebEventListener.onException(WebEventListener.java:59)
at jdk.internal.reflect.GeneratedMethodAccessor7.invoke(Unknown Source)
at java.base/jdk.internal.reflect.DelegatingMethodAccessorImpl.invoke(DelegatingMethodAccessorImpl.java:43)
at java.base/java.lang.reflect.Method.invoke(Method.java:568)
at org.openqa.selenium.support.events.EventFiringWebDriver.lambda$new$0(EventFiringWebDriver.java:85)
at jdk.proxy2/jdk.proxy2.$Proxy13.onException(Unknown Source)
at org.openqa.selenium.support.events.EventFiringWebDriver.lambda$new$1(EventFiringWebDriver.java:108)
at jdk.proxy2/jdk.proxy2.$Proxy14.getScreenshotAs(Unknown Source)
at org.openqa.selenium.support.events.EventFiringWebDriver.getScreenshotAs(EventFiringWebDriver.java:303)
at com.qa.utils.TestUtil.takeScreenshotAtEndOfTest(TestUtil.java:179)
at com.qa.utils.WebEventListener.onException(WebEventListener.java:59)
at jdk.internal.reflect.GeneratedMethodAccessor7.invoke(Unknown Source)
at java.base/jdk.internal.reflect.DelegatingMethodAccessorImpl.invoke(DelegatingMethodAccessorImpl.java:43)
at java.base/java.lang.reflect.Method.invoke(Method.java:568)
at org.openqa.selenium.support.events.EventFiringWebDriver.lambda$new$0(EventFiringWebDriver.java:85)
at jdk.proxy2/jdk.proxy2.$Proxy13.onException(Unknown Source)
at org.openqa.selenium.support.events.EventFiringWebDriver.lambda$new$1(EventFiringWebDriver.java:108)
at jdk.proxy2/jdk.proxy2.$Proxy14.getScreenshotAs(Unknown Source)
at org.openqa.selenium.support.events.EventFiringWebDriver.getScreenshotAs(EventFiringWebDriver.java:303)
at com.qa.utils.TestUtil.takeScreenshotAtEndOfTest(TestUtil.java:179)
at com.qa.utils.WebEventListener.onException(WebEventListener.java:59)
at jdk.internal.reflect.GeneratedMethodAccessor7.invoke(Unknown Source)
at java.base/jdk.internal.reflect.DelegatingMethodAccessorImpl.invoke(DelegatingMethodAccessorImpl.java:43)
at java.base/java.lang.reflect.Method.invoke(Method.java:568)
at org.openqa.selenium.support.events.EventFiringWebDriver.lambda$new$0(EventFiringWebDriver.java:85)
at jdk.proxy2/jdk.proxy2.$Proxy13.onException(Unknown Source)
at org.openqa.selenium.support.events.EventFiringWebDriver.lambda$new$1(EventFiringWebDriver.java:108)
at jdk.proxy2/jdk.proxy2.$Proxy14.getScreenshotAs(Unknown Source)
at org.openqa.selenium.support.events.EventFiringWebDriver.getScreenshotAs(EventFiringWebDriver.java:303)
at com.qa.utils.TestUtil.takeScreenshotAtEndOfTest(TestUtil.java:179)
at com.qa.utils.WebEventListener.onException(WebEventListener.java:59)
at jdk.internal.reflect.GeneratedMethodAccessor7.invoke(Unknown Source)
at java.base/jdk.internal.reflect.DelegatingMethodAccessorImpl.invoke(DelegatingMethodAccessorImpl.java:43)
at java.base/java.lang.reflect.Method.invoke(Method.java:568)
at org.openqa.selenium.support.events.EventFiringWebDriver.lambda$new$0(EventFiringWebDriver.java:85)
at jdk.proxy2/jdk.proxy2.$Proxy13.onException(Unknown Source)
at org.openqa.selenium.support.events.EventFiringWebDriver.lambda$new$1(EventFiringWebDriver.java:108)
at jdk.proxy2/jdk.proxy2.$Proxy14.getScreenshotAs(Unknown Source)
at org.openqa.selenium.support.events.EventFiringWebDriver.getScreenshotAs(EventFiringWebDriver.java:303)
at com.qa.utils.TestUtil.takeScreenshotAtEndOfTest(TestUtil.java:179)
at com.qa.utils.WebEventListener.onException(WebEventListener.java:59)
at jdk.internal.reflect.GeneratedMethodAccessor7.invoke(Unknown Source)
at java.base/jdk.internal.reflect.DelegatingMethodAccessorImpl.invoke(DelegatingMethodAccessorImpl.java:43)
at java.base/java.lang.reflect.Method.invoke(Method.java:568)
at org.openqa.selenium.support.events.EventFiringWebDriver.lambda$new$0(EventFiringWebDriver.java:85)
at jdk.proxy2/jdk.proxy2.$Proxy13.onException(Unknown Source)
at org.openqa.selenium.support.events.EventFiringWebDriver.lambda$new$1(EventFiringWebDriver.java:108)
at jdk.proxy2/jdk.proxy2.$Proxy14.getScreenshotAs(Unknown Source)
at org.openqa.selenium.support.events.EventFiringWebDriver.getScreenshotAs(EventFiringWebDriver.java:303)
at com.qa.utils.TestUtil.takeScreenshotAtEndOfTest(TestUtil.java:179)
at com.qa.utils.WebEventListener.onException(WebEventListener.java:59)
at jdk.internal.reflect.GeneratedMethodAccessor7.invoke(Unknown Source)
at java.base/jdk.internal.reflect.DelegatingMethodAccessorImpl.invoke(DelegatingMethodAccessorImpl.java:43)
at java.base/java.lang.reflect.Method.invoke(Method.java:568)
at org.openqa.selenium.support.events.EventFiringWebDriver.lambda$new$0(EventFiringWebDriver.java:85)
at jdk.proxy2/jdk.proxy2.$Proxy13.onException(Unknown Source)
at org.openqa.selenium.support.events.EventFiringWebDriver.lambda$new$1(EventFiringWebDriver.java:108)
at jdk.proxy2/jdk.proxy2.$Proxy14.getScreenshotAs(Unknown Source)
at org.openqa.selenium.support.events.EventFiringWebDriver.getScreenshotAs(EventFiringWebDriver.java:303)
at com.qa.utils.TestUtil.takeScreenshotAtEndOfTest(TestUtil.java:179)
at com.qa.utils.WebEventListener.onException(WebEventListener.java:59)
at jdk.internal.reflect.GeneratedMethodAccessor7.invoke(Unknown Source)
at java.base/jdk.internal.reflect.DelegatingMethodAccessorImpl.invoke(DelegatingMethodAccessorImpl.java:43)
at java.base/java.lang.reflect.Method.invoke(Method.java:568)
at org.openqa.selenium.support.events.EventFiringWebDriver.lambda$new$0(EventFiringWebDriver.java:85)
at jdk.proxy2/jdk.proxy2.$Proxy13.onException(Unknown Source)
at org.openqa.selenium.support.events.EventFiringWebDriver.lambda$new$1(EventFiringWebDriver.java:108)
at jdk.proxy2/jdk.proxy2.$Proxy14.getScreenshotAs(Unknown Source)
at org.openqa.selenium.support.events.EventFiringWebDriver.getScreenshotAs(EventFiringWebDriver.java:303)
at com.qa.utils.TestUtil.takeScreenshotAtEndOfTest(TestUtil.java:179)
at com.qa.utils.WebEventListener.onException(WebEventListener.java:59)
at jdk.internal.reflect.GeneratedMethodAccessor7.invoke(Unknown Source)
at java.base/jdk.internal.reflect.DelegatingMethodAccessorImpl.invoke(DelegatingMethodAccessorImpl.java:43)
at java.base/java.lang.reflect.Method.invoke(Method.java:568)
at org.openqa.selenium.support.events.EventFiringWebDriver.lambda$new$0(EventFiringWebDriver.java:85)
at jdk.proxy2/jdk.proxy2.$Proxy13.onException(Unknown Source)
at org.openqa.selenium.support.events.EventFiringWebDriver.lambda$new$1(EventFiringWebDriver.java:108)
at jdk.proxy2/jdk.proxy2.$Proxy14.getScreenshotAs(Unknown Source)
at org.openqa.selenium.support.events.EventFiringWebDriver.getScreenshotAs(EventFiringWebDriver.java:303)
at com.qa.utils.TestUtil.takeScreenshotAtEndOfTest(TestUtil.java:179)
at com.qa.utils.WebEventListener.onException(WebEventListener.java:59)
at jdk.internal.reflect.GeneratedMethodAccessor7.invoke(Unknown Source)
at java.base/jdk.internal.reflect.DelegatingMethodAccessorImpl.invoke(DelegatingMethodAccessorImpl.java:43)
at java.base/java.lang.reflect.Method.invoke(Method.java:568)
at org.openqa.selenium.support.events.EventFiringWebDriver.lambda$new$0(EventFiringWebDriver.java:85)
at jdk.proxy2/jdk.proxy2.$Proxy13.onException(Unknown Source)
at org.openqa.selenium.support.events.EventFiringWebDriver.lambda$new$1(EventFiringWebDriver.java:108)
at jdk.proxy2/jdk.proxy2.$Proxy14.getScreenshotAs(Unknown Source)
at org.openqa.selenium.support.events.EventFiringWebDriver.getScreenshotAs(EventFiringWebDriver.java:303)
at com.qa.utils.TestUtil.takeScreenshotAtEndOfTest(TestUtil.java:179)
at com.qa.utils.WebEventListener.onException(WebEventListener.java:59)
at jdk.internal.reflect.GeneratedMethodAccessor7.invoke(Unknown Source)
at java.base/jdk.internal.reflect.DelegatingMethodAccessorImpl.invoke(DelegatingMethodAccessorImpl.java:43)
at java.base/java.lang.reflect.Method.invoke(Method.java:568)
at org.openqa.selenium.support.events.EventFiringWebDriver.lambda$new$0(EventFiringWebDriver.java:85)
at jdk.proxy2/jdk.proxy2.$Proxy13.onException(Unknown Source)
at org.openqa.selenium.support.events.EventFiringWebDriver.lambda$new$1(EventFiringWebDriver.java:108)
at jdk.proxy2/jdk.proxy2.$Proxy14.getScreenshotAs(Unknown Source)
at org.openqa.selenium.support.events.EventFiringWebDriver.getScreenshotAs(EventFiringWebDriver.java:303)
at com.qa.utils.TestUtil.takeScreenshotAtEndOfTest(TestUtil.java:179)
at com.qa.utils.WebEventListener.onException(WebEventListener.java:59)
at jdk.internal.reflect.GeneratedMethodAccessor7.invoke(Unknown Source)
at java.base/jdk.internal.reflect.DelegatingMethodAccessorImpl.invoke(DelegatingMethodAccessorImpl.java:43)
at java.base/java.lang.reflect.Method.invoke(Method.java:568)
at org.openqa.selenium.support.events.EventFiringWebDriver.lambda$new$0(EventFiringWebDriver.java:85)
at jdk.proxy2/jdk.proxy2.$Proxy13.onException(Unknown Source)
at org.openqa.selenium.support.events.EventFiringWebDriver.lambda$new$1(EventFiringWebDriver.java:108)
at jdk.proxy2/jdk.proxy2.$Proxy14.getScreenshotAs(Unknown Source)
at org.openqa.selenium.support.events.EventFiringWebDriver.getScreenshotAs(EventFiringWebDriver.java:303)
at com.qa.utils.TestUtil.takeScreenshotAtEndOfTest(TestUtil.java:179)
at com.qa.utils.WebEventListener.onException(WebEventListener.java:59)
at jdk.internal.reflect.GeneratedMethodAccessor7.invoke(Unknown Source)
at java.base/jdk.internal.reflect.DelegatingMethodAccessorImpl.invoke(DelegatingMethodAccessorImpl.java:43)
at java.base/java.lang.reflect.Method.invoke(Method.java:568)
at org.openqa.selenium.support.events.EventFiringWebDriver.lambda$new$0(EventFiringWebDriver.java:85)
at jdk.proxy2/jdk.proxy2.$Proxy13.onException(Unknown Source)
at org.openqa.selenium.support.events.EventFiringWebDriver.lambda$new$1(EventFiringWebDriver.java:108)
at jdk.proxy2/jdk.proxy2.$Proxy14.getScreenshotAs(Unknown Source)
at org.openqa.selenium.support.events.EventFiringWebDriver.getScreenshotAs(EventFiringWebDriver.java:303)
at com.qa.utils.TestUtil.takeScreenshotAtEndOfTest(TestUtil.java:179)
at com.qa.utils.WebEventListener.onException(WebEventListener.java:59)
at jdk.internal.reflect.GeneratedMethodAccessor7.invoke(Unknown Source)
at java.base/jdk.internal.reflect.DelegatingMethodAccessorImpl.invoke(DelegatingMethodAccessorImpl.java:43)
at java.base/java.lang.reflect.Method.invoke(Method.java:568)
at org.openqa.selenium.support.events.EventFiringWebDriver.lambda$new$0(EventFiringWebDriver.java:85)
at jdk.proxy2/jdk.proxy2.$Proxy13.onException(Unknown Source)
at org.openqa.selenium.support.events.EventFiringWebDriver.lambda$new$1(EventFiringWebDriver.java:108)
at jdk.proxy2/jdk.proxy2.$Proxy14.getScreenshotAs(Unknown Source)
at org.openqa.selenium.support.events.EventFiringWebDriver.getScreenshotAs(EventFiringWebDriver.java:303)
at com.qa.utils.TestUtil.takeScreenshotAtEndOfTest(TestUtil.java:179)
at com.qa.utils.WebEventListener.onException(WebEventListener.java:59)
at jdk.internal.reflect.GeneratedMethodAccessor7.invoke(Unknown Source)
at java.base/jdk.internal.reflect.DelegatingMethodAccessorImpl.invoke(DelegatingMethodAccessorImpl.java:43)
at java.base/java.lang.reflect.Method.invoke(Method.java:568)
at org.openqa.selenium.support.events.EventFiringWebDriver.lambda$new$0(EventFiringWebDriver.java:85)
at jdk.proxy2/jdk.proxy2.$Proxy13.onException(Unknown Source)
at org.openqa.selenium.support.events.EventFiringWebDriver.lambda$new$1(EventFiringWebDriver.java:108)
at jdk.proxy2/jdk.proxy2.$Proxy14.getScreenshotAs(Unknown Source)
at org.openqa.selenium.support.events.EventFiringWebDriver.getScreenshotAs(EventFiringWebDriver.java:303)
at com.qa.utils.TestUtil.takeScreenshotAtEndOfTest(TestUtil.java:179)
at com.qa.utils.WebEventListener.onException(WebEventListener.java:59)
at jdk.internal.reflect.GeneratedMethodAccessor7.invoke(Unknown Source)
at java.base/jdk.internal.reflect.DelegatingMethodAccessorImpl.invoke(DelegatingMethodAccessorImpl.java:43)
at java.base/java.lang.reflect.Method.invoke(Method.java:568)
at org.openqa.selenium.support.events.EventFiringWebDriver.lambda$new$0(EventFiringWebDriver.java:85)
at jdk.proxy2/jdk.proxy2.$Proxy13.onException(Unknown Source)
at org.openqa.selenium.support.events.EventFiringWebDriver.lambda$new$1(EventFiringWebDriver.java:108)
at jdk.proxy2/jdk.proxy2.$Proxy14.getScreenshotAs(Unknown Source)
at org.openqa.selenium.support.events.EventFiringWebDriver.getScreenshotAs(EventFiringWebDriver.java:303)
at com.qa.utils.TestUtil.takeScreenshotAtEndOfTest(TestUtil.java:179)
at com.qa.utils.WebEventListener.onException(WebEventListener.java:59)
at jdk.internal.reflect.GeneratedMethodAccessor7.invoke(Unknown Source)
at java.base/jdk.internal.reflect.DelegatingMethodAccessorImpl.invoke(DelegatingMethodAccessorImpl.java:43)
at java.base/java.lang.reflect.Method.invoke(Method.java:568)
at org.openqa.selenium.support.events.EventFiringWebDriver.lambda$new$0(EventFiringWebDriver.java:85)
at jdk.proxy2/jdk.proxy2.$Proxy13.onException(Unknown Source)
at org.openqa.selenium.support.events.EventFiringWebDriver.lambda$new$1(EventFiringWebDriver.java:108)
at jdk.proxy2/jdk.proxy2.$Proxy14.getScreenshotAs(Unknown Source)
at org.openqa.selenium.support.events.EventFiringWebDriver.getScreenshotAs(EventFiringWebDriver.java:303)
at com.qa.utils.TestUtil.takeScreenshotAtEndOfTest(TestUtil.java:179)
at com.qa.utils.WebEventListener.onException(WebEventListener.java:59)
at jdk.internal.reflect.GeneratedMethodAccessor7.invoke(Unknown Source)
at java.base/jdk.internal.reflect.DelegatingMethodAccessorImpl.invoke(DelegatingMethodAccessorImpl.java:43)
at java.base/java.lang.reflect.Method.invoke(Method.java:568)
at org.openqa.selenium.support.events.EventFiringWebDriver.lambda$new$0(EventFiringWebDriver.java:85)
at jdk.proxy2/jdk.proxy2.$Proxy13.onException(Unknown Source)
at org.openqa.selenium.support.events.EventFiringWebDriver.lambda$new$1(EventFiringWebDriver.java:108)
at jdk.proxy2/jdk.proxy2.$Proxy14.getScreenshotAs(Unknown Source)
at org.openqa.selenium.support.events.EventFiringWebDriver.getScreenshotAs(EventFiringWebDriver.java:303)
at com.qa.utils.TestUtil.takeScreenshotAtEndOfTest(TestUtil.java:179)
at com.qa.utils.WebEventListener.onException(WebEventListener.java:59)
at jdk.internal.reflect.GeneratedMethodAccessor7.invoke(Unknown Source)
at java.base/jdk.internal.reflect.DelegatingMethodAccessorImpl.invoke(DelegatingMethodAccessorImpl.java:43)
at java.base/java.lang.reflect.Method.invoke(Method.java:568)
at org.openqa.selenium.support.events.EventFiringWebDriver.lambda$new$0(EventFiringWebDriver.java:85)
at jdk.proxy2/jdk.proxy2.$Proxy13.onException(Unknown Source)
at org.openqa.selenium.support.events.EventFiringWebDriver.lambda$new$1(EventFiringWebDriver.java:108)
at jdk.proxy2/jdk.proxy2.$Proxy14.getScreenshotAs(Unknown Source)
at org.openqa.selenium.support.events.EventFiringWebDriver.getScreenshotAs(EventFiringWebDriver.java:303)
at com.qa.utils.TestUtil.takeScreenshotAtEndOfTest(TestUtil.java:179)
at com.qa.utils.WebEventListener.onException(WebEventListener.java:59)
at jdk.internal.reflect.GeneratedMethodAccessor7.invoke(Unknown Source)
at java.base/jdk.internal.reflect.DelegatingMethodAccessorImpl.invoke(DelegatingMethodAccessorImpl.java:43)
at java.base/java.lang.reflect.Method.invoke(Method.java:568)
at org.openqa.selenium.support.events.EventFiringWebDriver.lambda$new$0(EventFiringWebDriver.java:85)
at jdk.proxy2/jdk.proxy2.$Proxy13.onException(Unknown Source)
at org.openqa.selenium.support.events.EventFiringWebDriver.lambda$new$1(EventFiringWebDriver.java:108)
at jdk.proxy2/jdk.proxy2.$Proxy14.getScreenshotAs(Unknown Source)
at org.openqa.selenium.support.events.EventFiringWebDriver.getScreenshotAs(EventFiringWebDriver.java:303)
at com.qa.utils.TestUtil.takeScreenshotAtEndOfTest(TestUtil.java:179)
at com.qa.utils.WebEventListener.onException(WebEventListener.java:59)
at jdk.internal.reflect.GeneratedMethodAccessor7.invoke(Unknown Source)
at java.base/jdk.internal.reflect.DelegatingMethodAccessorImpl.invoke(DelegatingMethodAccessorImpl.java:43)
at java.base/java.lang.reflect.Method.invoke(Method.java:568)
at org.openqa.selenium.support.events.EventFiringWebDriver.lambda$new$0(EventFiringWebDriver.java:85)
at jdk.proxy2/jdk.proxy2.$Proxy13.onException(Unknown Source)
at org.openqa.selenium.support.events.EventFiringWebDriver.lambda$new$1(EventFiringWebDriver.java:108)
at jdk.proxy2/jdk.proxy2.$Proxy14.getScreenshotAs(Unknown Source)
at org.openqa.selenium.support.events.EventFiringWebDriver.getScreenshotAs(EventFiringWebDriver.java:303)
at com.qa.utils.TestUtil.takeScreenshotAtEndOfTest(TestUtil.java:179)
at com.qa.utils.WebEventListener.onException(WebEventListener.java:59)
at jdk.internal.reflect.GeneratedMethodAccessor7.invoke(Unknown Source)
at java.base/jdk.internal.reflect.DelegatingMethodAccessorImpl.invoke(DelegatingMethodAccessorImpl.java:43)
at java.base/java.lang.reflect.Method.invoke(Method.java:568)
at org.openqa.selenium.support.events.EventFiringWebDriver.lambda$new$0(EventFiringWebDriver.java:85)
at jdk.proxy2/jdk.proxy2.$Proxy13.onException(Unknown Source)
at org.openqa.selenium.support.events.EventFiringWebDriver.lambda$new$1(EventFiringWebDriver.java:108)
at jdk.proxy2/jdk.proxy2.$Proxy14.getScreenshotAs(Unknown Source)
at org.openqa.selenium.support.events.EventFiringWebDriver.getScreenshotAs(EventFiringWebDriver.java:303)
at com.qa.utils.TestUtil.takeScreenshotAtEndOfTest(TestUtil.java:179)
at com.qa.utils.WebEventListener.onException(WebEventListener.java:59)
at jdk.internal.reflect.GeneratedMethodAccessor7.invoke(Unknown Source)
at java.base/jdk.internal.reflect.DelegatingMethodAccessorImpl.invoke(DelegatingMethodAccessorImpl.java:43)
at java.base/java.lang.reflect.Method.invoke(Method.java:568)
at org.openqa.selenium.support.events.EventFiringWebDriver.lambda$new$0(EventFiringWebDriver.java:85)
at jdk.proxy2/jdk.proxy2.$Proxy13.onException(Unknown Source)
at org.openqa.selenium.support.events.EventFiringWebDriver.lambda$new$1(EventFiringWebDriver.java:108)
at jdk.proxy2/jdk.proxy2.$Proxy14.getScreenshotAs(Unknown Source)
at org.openqa.selenium.support.events.EventFiringWebDriver.getScreenshotAs(EventFiringWebDriver.java:303)
at com.qa.utils.TestUtil.takeScreenshotAtEndOfTest(TestUtil.java:179)
at com.qa.utils.WebEventListener.onException(WebEventListener.java:59)
at jdk.internal.reflect.GeneratedMethodAccessor7.invoke(Unknown Source)
at java.base/jdk.internal.reflect.DelegatingMethodAccessorImpl.invoke(DelegatingMethodAccessorImpl.java:43)
at java.base/java.lang.reflect.Method.invoke(Method.java:568)
at org.openqa.selenium.support.events.EventFiringWebDriver.lambda$new$0(EventFiringWebDriver.java:85)
at jdk.proxy2/jdk.proxy2.$Proxy13.onException(Unknown Source)
at org.openqa.selenium.support.events.EventFiringWebDriver.lambda$new$1(EventFiringWebDriver.java:108)
at jdk.proxy2/jdk.proxy2.$Proxy14.getScreenshotAs(Unknown Source)
at org.openqa.selenium.support.events.EventFiringWebDriver.getScreenshotAs(EventFiringWebDriver.java:303)
at com.qa.utils.TestUtil.takeScreenshotAtEndOfTest(TestUtil.java:179)
at com.qa.utils.WebEventListener.onException(WebEventListener.java:59)
at jdk.internal.reflect.GeneratedMethodAccessor7.invoke(Unknown Source)
at java.base/jdk.internal.reflect.DelegatingMethodAccessorImpl.invoke(DelegatingMethodAccessorImpl.java:43)
at java.base/java.lang.reflect.Method.invoke(Method.java:568)
at org.openqa.selenium.support.events.EventFiringWebDriver.lambda$new$0(EventFiringWebDriver.java:85)
at jdk.proxy2/jdk.proxy2.$Proxy13.onException(Unknown Source)
at org.openqa.selenium.support.events.EventFiringWebDriver.lambda$new$1(EventFiringWebDriver.java:108)
at jdk.proxy2/jdk.proxy2.$Proxy14.getScreenshotAs(Unknown Source)
at org.openqa.selenium.support.events.EventFiringWebDriver.getScreenshotAs(EventFiringWebDriver.java:303)
at com.qa.utils.TestUtil.takeScreenshotAtEndOfTest(TestUtil.java:179)
at com.qa.utils.WebEventListener.onException(WebEventListener.java:59)
at jdk.internal.reflect.GeneratedMethodAccessor7.invoke(Unknown Source)
at java.base/jdk.internal.reflect.DelegatingMethodAccessorImpl.invoke(DelegatingMethodAccessorImpl.java:43)
at java.base/java.lang.reflect.Method.invoke(Method.java:568)
at org.openqa.selenium.support.events.EventFiringWebDriver.lambda$new$0(EventFiringWebDriver.java:85)
at jdk.proxy2/jdk.proxy2.$Proxy13.onException(Unknown Source)
at org.openqa.selenium.support.events.EventFiringWebDriver.lambda$new$1(EventFiringWebDriver.java:108)
at jdk.proxy2/jdk.proxy2.$Proxy14.getScreenshotAs(Unknown Source)
at org.openqa.selenium.support.events.EventFiringWebDriver.getScreenshotAs(EventFiringWebDriver.java:303)
at com.qa.utils.TestUtil.takeScreenshotAtEndOfTest(TestUtil.java:179)
at com.qa.utils.WebEventListener.onException(WebEventListener.java:59)
at jdk.internal.reflect.GeneratedMethodAccessor7.invoke(Unknown Source)
at java.base/jdk.internal.reflect.DelegatingMethodAccessorImpl.invoke(DelegatingMethodAccessorImpl.java:43)
at java.base/java.lang.reflect.Method.invoke(Method.java:568)
at org.openqa.selenium.support.events.EventFiringWebDriver.lambda$new$0(EventFiringWebDriver.java:85)
at jdk.proxy2/jdk.proxy2.$Proxy13.onException(Unknown Source)
at org.openqa.selenium.support.events.EventFiringWebDriver.lambda$new$1(EventFiringWebDriver.java:108)
at jdk.proxy2/jdk.proxy2.$Proxy14.getScreenshotAs(Unknown Source)
at org.openqa.selenium.support.events.EventFiringWebDriver.getScreenshotAs(EventFiringWebDriver.java:303)
at com.qa.utils.TestUtil.takeScreenshotAtEndOfTest(TestUtil.java:179)
at com.qa.utils.WebEventListener.onException(WebEventListener.java:59)
at jdk.internal.reflect.GeneratedMethodAccessor7.invoke(Unknown Source)
at java.base/jdk.internal.reflect.DelegatingMethodAccessorImpl.invoke(DelegatingMethodAccessorImpl.java:43)
at java.base/java.lang.reflect.Method.invoke(Method.java:568)
at org.openqa.selenium.support.events.EventFiringWebDriver.lambda$new$0(EventFiringWebDriver.java:85)
at jdk.proxy2/jdk.proxy2.$Proxy13.onException(Unknown Source)
at org.openqa.selenium.support.events.EventFiringWebDriver.lambda$new$1(EventFiringWebDriver.java:108)
at jdk.proxy2/jdk.proxy2.$Proxy14.getScreenshotAs(Unknown Source)
at org.openqa.selenium.support.events.EventFiringWebDriver.getScreenshotAs(EventFiringWebDriver.java:303)
at com.qa.utils.TestUtil.takeScreenshotAtEndOfTest(TestUtil.java:179)
at com.qa.utils.WebEventListener.onException(WebEventListener.java:59)
at jdk.internal.reflect.GeneratedMethodAccessor7.invoke(Unknown Source)
at java.base/jdk.internal.reflect.DelegatingMethodAccessorImpl.invoke(DelegatingMethodAccessorImpl.java:43)
at java.base/java.lang.reflect.Method.invoke(Method.java:568)
at org.openqa.selenium.support.events.EventFiringWebDriver.lambda$new$0(EventFiringWebDriver.java:85)
at jdk.proxy2/jdk.proxy2.$Proxy13.onException(Unknown Source)
at org.openqa.selenium.support.events.EventFiringWebDriver.lambda$new$1(EventFiringWebDriver.java:108)
at jdk.proxy2/jdk.proxy2.$Proxy14.getScreenshotAs(Unknown Source)
at org.openqa.selenium.support.events.EventFiringWebDriver.getScreenshotAs(EventFiringWebDriver.java:303)
at com.qa.utils.TestUtil.takeScreenshotAtEndOfTest(TestUtil.java:179)
at com.qa.utils.WebEventListener.onException(WebEventListener.java:59)
at jdk.internal.reflect.GeneratedMethodAccessor7.invoke(Unknown Source)
at java.base/jdk.internal.reflect.DelegatingMethodAccessorImpl.invoke(DelegatingMethodAccessorImpl.java:43)
at java.base/java.lang.reflect.Method.invoke(Method.java:568)
at org.openqa.selenium.support.events.EventFiringWebDriver.lambda$new$0(EventFiringWebDriver.java:85)
at jdk.proxy2/jdk.proxy2.$Proxy13.onException(Unknown Source)
at org.openqa.selenium.support.events.EventFiringWebDriver.lambda$new$1(EventFiringWebDriver.java:108)
at jdk.proxy2/jdk.proxy2.$Proxy14.getScreenshotAs(Unknown Source)
at org.openqa.selenium.support.events.EventFiringWebDriver.getScreenshotAs(EventFiringWebDriver.java:303)
at com.qa.utils.TestUtil.takeScreenshotAtEndOfTest(TestUtil.java:179)
at com.qa.utils.WebEventListener.onException(WebEventListener.java:59)
at jdk.internal.reflect.GeneratedMethodAccessor7.invoke(Unknown Source)
at java.base/jdk.internal.reflect.DelegatingMethodAccessorImpl.invoke(DelegatingMethodAccessorImpl.java:43)
at java.base/java.lang.reflect.Method.invoke(Method.java:568)
at org.openqa.selenium.support.events.EventFiringWebDriver.lambda$new$0(EventFiringWebDriver.java:85)
at jdk.proxy2/jdk.proxy2.$Proxy13.onException(Unknown Source)
at org.openqa.selenium.support.events.EventFiringWebDriver.lambda$new$1(EventFiringWebDriver.java:108)
at jdk.proxy2/jdk.proxy2.$Proxy14.getScreenshotAs(Unknown Source)
at org.openqa.selenium.support.events.EventFiringWebDriver.getScreenshotAs(EventFiringWebDriver.java:303)
at com.qa.utils.TestUtil.takeScreenshotAtEndOfTest(TestUtil.java:179)
at com.qa.utils.WebEventListener.onException(WebEventListener.java:59)
at jdk.internal.reflect.GeneratedMethodAccessor7.invoke(Unknown Source)
at java.base/jdk.internal.reflect.DelegatingMethodAccessorImpl.invoke(DelegatingMethodAccessorImpl.java:43)
at java.base/java.lang.reflect.Method.invoke(Method.java:568)
at org.openqa.selenium.support.events.EventFiringWebDriver.lambda$new$0(EventFiringWebDriver.java:85)
at jdk.proxy2/jdk.proxy2.$Proxy13.onException(Unknown Source)
at org.openqa.selenium.support.events.EventFiringWebDriver.lambda$new$1(EventFiringWebDriver.java:108)
at jdk.proxy2/jdk.proxy2.$Proxy14.getScreenshotAs(Unknown Source)
at org.openqa.selenium.support.events.EventFiringWebDriver.getScreenshotAs(EventFiringWebDriver.java:303)
at com.qa.utils.TestUtil.takeScreenshotAtEndOfTest(TestUtil.java:179)
at com.qa.utils.WebEventListener.onException(WebEventListener.java:59)
at jdk.internal.reflect.GeneratedMethodAccessor7.invoke(Unknown Source)
at java.base/jdk.internal.reflect.DelegatingMethodAccessorImpl.invoke(DelegatingMethodAccessorImpl.java:43)
at java.base/java.lang.reflect.Method.invoke(Method.java:568)
at org.openqa.selenium.support.events.EventFiringWebDriver.lambda$new$0(EventFiringWebDriver.java:85)
at jdk.proxy2/jdk.proxy2.$Proxy13.onException(Unknown Source)
at org.openqa.selenium.support.events.EventFiringWebDriver.lambda$new$1(EventFiringWebDriver.java:108)
at jdk.proxy2/jdk.proxy2.$Proxy14.getScreenshotAs(Unknown Source)
at org.openqa.selenium.support.events.EventFiringWebDriver.getScreenshotAs(EventFiringWebDriver.java:303)
at com.qa.utils.TestUtil.takeScreenshotAtEndOfTest(TestUtil.java:179)
at com.qa.utils.WebEventListener.onException(WebEventListener.java:59)
at jdk.internal.reflect.GeneratedMethodAccessor7.invoke(Unknown Source)
at java.base/jdk.internal.reflect.DelegatingMethodAccessorImpl.invoke(DelegatingMethodAccessorImpl.java:43)
at java.base/java.lang.reflect.Method.invoke(Method.java:568)
at org.openqa.selenium.support.events.EventFiringWebDriver.lambda$new$0(EventFiringWebDriver.java:85)
at jdk.proxy2/jdk.proxy2.$Proxy13.onException(Unknown Source)
at org.openqa.selenium.support.events.EventFiringWebDriver.lambda$new$1(EventFiringWebDriver.java:108)
at jdk.proxy2/jdk.proxy2.$Proxy14.getScreenshotAs(Unknown Source)
at org.openqa.selenium.support.events.EventFiringWebDriver.getScreenshotAs(EventFiringWebDriver.java:303)
at com.qa.utils.TestUtil.takeScreenshotAtEndOfTest(TestUtil.java:179)
at com.qa.utils.WebEventListener.onException(WebEventListener.java:59)
at jdk.internal.reflect.GeneratedMethodAccessor7.invoke(Unknown Source)
at java.base/jdk.internal.reflect.DelegatingMethodAccessorImpl.invoke(DelegatingMethodAccessorImpl.java:43)
at java.base/java.lang.reflect.Method.invoke(Method.java:568)
at org.openqa.selenium.support.events.EventFiringWebDriver.lambda$new$0(EventFiringWebDriver.java:85)
at jdk.proxy2/jdk.proxy2.$Proxy13.onException(Unknown Source)
at org.openqa.selenium.support.events.EventFiringWebDriver.lambda$new$1(EventFiringWebDriver.java:108)
at jdk.proxy2/jdk.proxy2.$Proxy14.getScreenshotAs(Unknown Source)
at org.openqa.selenium.support.events.EventFiringWebDriver.getScreenshotAs(EventFiringWebDriver.java:303)
at com.qa.utils.TestUtil.takeScreenshotAtEndOfTest(TestUtil.java:179)
at com.qa.utils.WebEventListener.onException(WebEventListener.java:59)
at jdk.internal.reflect.GeneratedMethodAccessor7.invoke(Unknown Source)
at java.base/jdk.internal.reflect.DelegatingMethodAccessorImpl.invoke(DelegatingMethodAccessorImpl.java:43)
at java.base/java.lang.reflect.Method.invoke(Method.java:568)
at org.openqa.selenium.support.events.EventFiringWebDriver.lambda$new$0(EventFiringWebDriver.java:85)
at jdk.proxy2/jdk.proxy2.$Proxy13.onException(Unknown Source)
at org.openqa.selenium.support.events.EventFiringWebDriver.lambda$new$1(EventFiringWebDriver.java:108)
at jdk.proxy2/jdk.proxy2.$Proxy14.getScreenshotAs(Unknown Source)
at org.openqa.selenium.support.events.EventFiringWebDriver.getScreenshotAs(EventFiringWebDriver.java:303)
at com.qa.utils.TestUtil.takeScreenshotAtEndOfTest(TestUtil.java:179)
at com.qa.utils.WebEventListener.onException(WebEventListener.java:59)
at jdk.internal.reflect.GeneratedMethodAccessor7.invoke(Unknown Source)
at java.base/jdk.internal.reflect.DelegatingMethodAccessorImpl.invoke(DelegatingMethodAccessorImpl.java:43)
at java.base/java.lang.reflect.Method.invoke(Method.java:568)
at org.openqa.selenium.support.events.EventFiringWebDriver.lambda$new$0(EventFiringWebDriver.java:85)
at jdk.proxy2/jdk.proxy2.$Proxy13.onException(Unknown Source)
at org.openqa.selenium.support.events.EventFiringWebDriver.lambda$new$1(EventFiringWebDriver.java:108)
at jdk.proxy2/jdk.proxy2.$Proxy14.getScreenshotAs(Unknown Source)
at org.openqa.selenium.support.events.EventFiringWebDriver.getScreenshotAs(EventFiringWebDriver.java:303)
at com.qa.utils.TestUtil.takeScreenshotAtEndOfTest(TestUtil.java:179)
at com.qa.utils.WebEventListener.onException(WebEventListener.java:59)
at jdk.internal.reflect.GeneratedMethodAccessor7.invoke(Unknown Source)
at java.base/jdk.internal.reflect.DelegatingMethodAccessorImpl.invoke(DelegatingMethodAccessorImpl.java:43)
at java.base/java.lang.reflect.Method.invoke(Method.java:568)
at org.openqa.selenium.support.events.EventFiringWebDriver.lambda$new$0(EventFiringWebDriver.java:85)
at jdk.proxy2/jdk.proxy2.$Proxy13.onException(Unknown Source)
at org.openqa.selenium.support.events.EventFiringWebDriver.lambda$new$1(EventFiringWebDriver.java:108)
at jdk.proxy2/jdk.proxy2.$Proxy14.getScreenshotAs(Unknown Source)
at org.openqa.selenium.support.events.EventFiringWebDriver.getScreenshotAs(EventFiringWebDriver.java:303)
at com.qa.utils.TestUtil.takeScreenshotAtEndOfTest(TestUtil.java:179)
at com.qa.utils.WebEventListener.onException(WebEventListener.java:59)
at jdk.internal.reflect.GeneratedMethodAccessor7.invoke(Unknown Source)
at java.base/jdk.internal.reflect.DelegatingMethodAccessorImpl.invoke(DelegatingMethodAccessorImpl.java:43)
at java.base/java.lang.reflect.Method.invoke(Method.java:568)
at org.openqa.selenium.support.events.EventFiringWebDriver.lambda$new$0(EventFiringWebDriver.java:85)
at jdk.proxy2/jdk.proxy2.$Proxy13.onException(Unknown Source)
at org.openqa.selenium.support.events.EventFiringWebDriver.lambda$new$1(EventFiringWebDriver.java:108)
at jdk.proxy2/jdk.proxy2.$Proxy14.getScreenshotAs(Unknown Source)
at org.openqa.selenium.support.events.EventFiringWebDriver.getScreenshotAs(EventFiringWebDriver.java:303)
at com.qa.utils.TestUtil.takeScreenshotAtEndOfTest(TestUtil.java:179)
at com.qa.utils.WebEventListener.onException(WebEventListener.java:59)
at jdk.internal.reflect.GeneratedMethodAccessor7.invoke(Unknown Source)
at java.base/jdk.internal.reflect.DelegatingMethodAccessorImpl.invoke(DelegatingMethodAccessorImpl.java:43)
at java.base/java.lang.reflect.Method.invoke(Method.java:568)
at org.openqa.selenium.support.events.EventFiringWebDriver.lambda$new$0(EventFiringWebDriver.java:85)
at jdk.proxy2/jdk.proxy2.$Proxy13.onException(Unknown Source)
at org.openqa.selenium.support.events.EventFiringWebDriver.lambda$new$1(EventFiringWebDriver.java:108)
at jdk.proxy2/jdk.proxy2.$Proxy14.getScreenshotAs(Unknown Source)
at org.openqa.selenium.support.events.EventFiringWebDriver.getScreenshotAs(EventFiringWebDriver.java:303)
at com.qa.utils.TestUtil.takeScreenshotAtEndOfTest(TestUtil.java:179)
at com.qa.utils.WebEventListener.onException(WebEventListener.java:59)
at jdk.internal.reflect.GeneratedMethodAccessor7.invoke(Unknown Source)
at java.base/jdk.internal.reflect.DelegatingMethodAccessorImpl.invoke(DelegatingMethodAccessorImpl.java:43)
at java.base/java.lang.reflect.Method.invoke(Method.java:568)
at org.openqa.selenium.support.events.EventFiringWebDriver.lambda$new$0(EventFiringWebDriver.java:85)
at jdk.proxy2/jdk.proxy2.$Proxy13.onException(Unknown Source)
at org.openqa.selenium.support.events.EventFiringWebDriver.lambda$new$1(EventFiringWebDriver.java:108)
at jdk.proxy2/jdk.proxy2.$Proxy14.getScreenshotAs(Unknown Source)
at org.openqa.selenium.support.events.EventFiringWebDriver.getScreenshotAs(EventFiringWebDriver.java:303)
at com.qa.utils.TestUtil.takeScreenshotAtEndOfTest(TestUtil.java:179)
at com.qa.utils.WebEventListener.onException(WebEventListener.java:59)
at jdk.internal.reflect.GeneratedMethodAccessor7.invoke(Unknown Source)
at java.base/jdk.internal.reflect.DelegatingMethodAccessorImpl.invoke(DelegatingMethodAccessorImpl.java:43)
at java.base/java.lang.reflect.Method.invoke(Method.java:568)
at org.openqa.selenium.support.events.EventFiringWebDriver.lambda$new$0(EventFiringWebDriver.java:85)
at jdk.proxy2/jdk.proxy2.$Proxy13.onException(Unknown Source)
at org.openqa.selenium.support.events.EventFiringWebDriver.lambda$new$1(EventFiringWebDriver.java:108)
at jdk.proxy2/jdk.proxy2.$Proxy14.getScreenshotAs(Unknown Source)
at org.openqa.selenium.support.events.EventFiringWebDriver.getScreenshotAs(EventFiringWebDriver.java:303)
at com.qa.utils.TestUtil.takeScreenshotAtEndOfTest(TestUtil.java:179)
at com.qa.utils.WebEventListener.onException(WebEventListener.java:59)
at jdk.internal.reflect.GeneratedMethodAccessor7.invoke(Unknown Source)
at java.base/jdk.internal.reflect.DelegatingMethodAccessorImpl.invoke(DelegatingMethodAccessorImpl.java:43)
at java.base/java.lang.reflect.Method.invoke(Method.java:568)
at org.openqa.selenium.support.events.EventFiringWebDriver.lambda$new$0(EventFiringWebDriver.java:85)
at jdk.proxy2/jdk.proxy2.$Proxy13.onException(Unknown Source)
at org.openqa.selenium.support.events.EventFiringWebDriver.lambda$new$1(EventFiringWebDriver.java:108)
at jdk.proxy2/jdk.proxy2.$Proxy14.getScreenshotAs(Unknown Source)
at org.openqa.selenium.support.events.EventFiringWebDriver.getScreenshotAs(EventFiringWebDriver.java:303)
at com.qa.utils.TestUtil.takeScreenshotAtEndOfTest(TestUtil.java:179)
at com.qa.utils.WebEventListener.onException(WebEventListener.java:59)
at jdk.internal.reflect.GeneratedMethodAccessor7.invoke(Unknown Source)
at java.base/jdk.internal.reflect.DelegatingMethodAccessorImpl.invoke(DelegatingMethodAccessorImpl.java:43)
at java.base/java.lang.reflect.Method.invoke(Method.java:568)
at org.openqa.selenium.support.events.EventFiringWebDriver.lambda$new$0(EventFiringWebDriver.java:85)
at jdk.proxy2/jdk.proxy2.$Proxy13.onException(Unknown Source)
at org.openqa.selenium.support.events.EventFiringWebDriver.lambda$new$1(EventFiringWebDriver.java:108)
at jdk.proxy2/jdk.proxy2.$Proxy14.getScreenshotAs(Unknown Source)
at org.openqa.selenium.support.events.EventFiringWebDriver.getScreenshotAs(EventFiringWebDriver.java:303)
at com.qa.utils.TestUtil.takeScreenshotAtEndOfTest(TestUtil.java:179)
at com.qa.utils.WebEventListener.onException(WebEventListener.java:59)
at jdk.internal.reflect.GeneratedMethodAccessor7.invoke(Unknown Source)
at java.base/jdk.internal.reflect.DelegatingMethodAccessorImpl.invoke(DelegatingMethodAccessorImpl.java:43)
at java.base/java.lang.reflect.Method.invoke(Method.java:568)
at org.openqa.selenium.support.events.EventFiringWebDriver.lambda$new$0(EventFiringWebDriver.java:85)
at jdk.proxy2/jdk.proxy2.$Proxy13.onException(Unknown Source)
at org.openqa.selenium.support.events.EventFiringWebDriver.lambda$new$1(EventFiringWebDriver.java:108)
at jdk.proxy2/jdk.proxy2.$Proxy14.getScreenshotAs(Unknown Source)
at org.openqa.selenium.support.events.EventFiringWebDriver.getScreenshotAs(EventFiringWebDriver.java:303)
at com.qa.utils.TestUtil.takeScreenshotAtEndOfTest(TestUtil.java:179)
at com.qa.utils.WebEventListener.onException(WebEventListener.java:59)
at jdk.internal.reflect.GeneratedMethodAccessor7.invoke(Unknown Source)
at java.base/jdk.internal.reflect.DelegatingMethodAccessorImpl.invoke(DelegatingMethodAccessorImpl.java:43)
at java.base/java.lang.reflect.Method.invoke(Method.java:568)
at org.openqa.selenium.support.events.EventFiringWebDriver.lambda$new$0(EventFiringWebDriver.java:85)
at jdk.proxy2/jdk.proxy2.$Proxy13.onException(Unknown Source)
at org.openqa.selenium.support.events.EventFiringWebDriver.lambda$new$1(EventFiringWebDriver.java:108)
at jdk.proxy2/jdk.proxy2.$Proxy14.getScreenshotAs(Unknown Source)
at org.openqa.selenium.support.events.EventFiringWebDriver.getScreenshotAs(EventFiringWebDriver.java:303)
at com.qa.utils.TestUtil.takeScreenshotAtEndOfTest(TestUtil.java:179)
at com.qa.utils.WebEventListener.onException(WebEventListener.java:59)
at jdk.internal.reflect.GeneratedMethodAccessor7.invoke(Unknown Source)
at java.base/jdk.internal.reflect.DelegatingMethodAccessorImpl.invoke(DelegatingMethodAccessorImpl.java:43)
at java.base/java.lang.reflect.Method.invoke(Method.java:568)
at org.openqa.selenium.support.events.EventFiringWebDriver.lambda$new$0(EventFiringWebDriver.java:85)
at jdk.proxy2/jdk.proxy2.$Proxy13.onException(Unknown Source)
at org.openqa.selenium.support.events.EventFiringWebDriver.lambda$new$1(EventFiringWebDriver.java:108)
at jdk.proxy2/jdk.proxy2.$Proxy14.getScreenshotAs(Unknown Source)
at org.openqa.selenium.support.events.EventFiringWebDriver.getScreenshotAs(EventFiringWebDriver.java:303)
at com.qa.utils.TestUtil.takeScreenshotAtEndOfTest(TestUtil.java:179)
at com.qa.utils.WebEventListener.onException(WebEventListener.java:59)
at jdk.internal.reflect.GeneratedMethodAccessor7.invoke(Unknown Source)
at java.base/jdk.internal.reflect.DelegatingMethodAccessorImpl.invoke(DelegatingMethodAccessorImpl.java:43)
at java.base/java.lang.reflect.Method.invoke(Method.java:568)
at org.openqa.selenium.support.events.EventFiringWebDriver.lambda$new$0(EventFiringWebDriver.java:85)
at jdk.proxy2/jdk.proxy2.$Proxy13.onException(Unknown Source)
at org.openqa.selenium.support.events.EventFiringWebDriver.lambda$new$1(EventFiringWebDriver.java:108)
at jdk.proxy2/jdk.proxy2.$Proxy14.getScreenshotAs(Unknown Source)
at org.openqa.selenium.support.events.EventFiringWebDriver.getScreenshotAs(EventFiringWebDriver.java:303)
at com.qa.utils.TestUtil.takeScreenshotAtEndOfTest(TestUtil.java:179)
at com.qa.utils.WebEventListener.onException(WebEventListener.java:59)
at jdk.internal.reflect.GeneratedMethodAccessor7.invoke(Unknown Source)
at java.base/jdk.internal.reflect.DelegatingMethodAccessorImpl.invoke(DelegatingMethodAccessorImpl.java:43)
at java.base/java.lang.reflect.Method.invoke(Method.java:568)
at org.openqa.selenium.support.events.EventFiringWebDriver.lambda$new$0(EventFiringWebDriver.java:85)
at jdk.proxy2/jdk.proxy2.$Proxy13.onException(Unknown Source)
at org.openqa.selenium.support.events.EventFiringWebDriver.lambda$new$1(EventFiringWebDriver.java:108)
at jdk.proxy2/jdk.proxy2.$Proxy14.getScreenshotAs(Unknown Source)
at org.openqa.selenium.support.events.EventFiringWebDriver.getScreenshotAs(EventFiringWebDriver.java:303)
at com.qa.utils.TestUtil.takeScreenshotAtEndOfTest(TestUtil.java:179)
at com.qa.utils.WebEventListener.onException(WebEventListener.java:59)
at jdk.internal.reflect.GeneratedMethodAccessor7.invoke(Unknown Source)
at java.base/jdk.internal.reflect.DelegatingMethodAccessorImpl.invoke(DelegatingMethodAccessorImpl.java:43)
at java.base/java.lang.reflect.Method.invoke(Method.java:568)
at org.openqa.selenium.support.events.EventFiringWebDriver.lambda$new$0(EventFiringWebDriver.java:85)
at jdk.proxy2/jdk.proxy2.$Proxy13.onException(Unknown Source)
at org.openqa.selenium.support.events.EventFiringWebDriver.lambda$new$1(EventFiringWebDriver.java:108)
at jdk.proxy2/jdk.proxy2.$Proxy14.getScreenshotAs(Unknown Source)
at org.openqa.selenium.support.events.EventFiringWebDriver.getScreenshotAs(EventFiringWebDriver.java:303)
at com.qa.utils.TestUtil.takeScreenshotAtEndOfTest(TestUtil.java:179)
at com.qa.utils.WebEventListener.onException(WebEventListener.java:59)
at jdk.internal.reflect.GeneratedMethodAccessor7.invoke(Unknown Source)
at java.base/jdk.internal.reflect.DelegatingMethodAccessorImpl.invoke(DelegatingMethodAccessorImpl.java:43)
at java.base/java.lang.reflect.Method.invoke(Method.java:568)
at org.openqa.selenium.support.events.EventFiringWebDriver.lambda$new$0(EventFiringWebDriver.java:85)
at jdk.proxy2/jdk.proxy2.$Proxy13.onException(Unknown Source)
at org.openqa.selenium.support.events.EventFiringWebDriver.lambda$new$1(EventFiringWebDriver.java:108)
at jdk.proxy2/jdk.proxy2.$Proxy14.getScreenshotAs(Unknown Source)
at org.openqa.selenium.support.events.EventFiringWebDriver.getScreenshotAs(EventFiringWebDriver.java:303)
at com.qa.utils.TestUtil.takeScreenshotAtEndOfTest(TestUtil.java:179)
at com.qa.utils.WebEventListener.onException(WebEventListener.java:59)
at jdk.internal.reflect.GeneratedMethodAccessor7.invoke(Unknown Source)
at java.base/jdk.internal.reflect.DelegatingMethodAccessorImpl.invoke(DelegatingMethodAccessorImpl.java:43)
at java.base/java.lang.reflect.Method.invoke(Method.java:568)
at org.openqa.selenium.support.events.EventFiringWebDriver.lambda$new$0(EventFiringWebDriver.java:85)
at jdk.proxy2/jdk.proxy2.$Proxy13.onException(Unknown Source)
at org.openqa.selenium.support.events.EventFiringWebDriver.lambda$new$1(EventFiringWebDriver.java:108)
at jdk.proxy2/jdk.proxy2.$Proxy14.getScreenshotAs(Unknown Source)
at org.openqa.selenium.support.events.EventFiringWebDriver.getScreenshotAs(EventFiringWebDriver.java:303)
at com.qa.utils.TestUtil.takeScreenshotAtEndOfTest(TestUtil.java:179)
at com.qa.utils.WebEventListener.onException(WebEventListener.java:59)
at jdk.internal.reflect.GeneratedMethodAccessor7.invoke(Unknown Source)
at java.base/jdk.internal.reflect.DelegatingMethodAccessorImpl.invoke(DelegatingMethodAccessorImpl.java:43)
at java.base/java.lang.reflect.Method.invoke(Method.java:568)
at org.openqa.selenium.support.events.EventFiringWebDriver.lambda$new$0(EventFiringWebDriver.java:85)
at jdk.proxy2/jdk.proxy2.$Proxy13.onException(Unknown Source)
at org.openqa.selenium.support.events.EventFiringWebDriver.lambda$new$1(EventFiringWebDriver.java:108)
at jdk.proxy2/jdk.proxy2.$Proxy14.getScreenshotAs(Unknown Source)
at org.openqa.selenium.support.events.EventFiringWebDriver.getScreenshotAs(EventFiringWebDriver.java:303)
at com.qa.utils.TestUtil.takeScreenshotAtEndOfTest(TestUtil.java:179)
at com.qa.utils.WebEventListener.onException(WebEventListener.java:59)
at jdk.internal.reflect.GeneratedMethodAccessor7.invoke(Unknown Source)
at java.base/jdk.internal.reflect.DelegatingMethodAccessorImpl.invoke(DelegatingMethodAccessorImpl.java:43)
at java.base/java.lang.reflect.Method.invoke(Method.java:568)
at org.openqa.selenium.support.events.EventFiringWebDriver.lambda$new$0(EventFiringWebDriver.java:85)
at jdk.proxy2/jdk.proxy2.$Proxy13.onException(Unknown Source)
at org.openqa.selenium.support.events.EventFiringWebDriver.lambda$new$1(EventFiringWebDriver.java:108)
at jdk.proxy2/jdk.proxy2.$Proxy14.getScreenshotAs(Unknown Source)
at org.openqa.selenium.support.events.EventFiringWebDriver.getScreenshotAs(EventFiringWebDriver.java:303)
at com.qa.utils.TestUtil.takeScreenshotAtEndOfTest(TestUtil.java:179)
at com.qa.utils.WebEventListener.onException(WebEventListener.java:59)
at jdk.internal.reflect.GeneratedMethodAccessor7.invoke(Unknown Source)
]]>
    </error>
  </testcase> <!-- Verify_fill_data_DocumentLines -->
  <system-out/>
  <testcase classname="com.qa.testcases.inwardlist.JobWorkRoughListPageTest" name="Verify_fill_data_JangadExpenseDetails" time="2.071">
    <error type="java.lang.StackOverflowError">
      <![CDATA[java.lang.StackOverflowError
at java.base/java.lang.Throwable.getLocalizedMessage(Throwable.java:397)
at java.base/java.lang.Throwable.toString(Throwable.java:496)
at java.base/java.lang.String.valueOf(String.java:4218)
at java.base/java.lang.StringBuilder.append(StringBuilder.java:173)
at com.qa.utils.WebEventListener.onException(WebEventListener.java:57)
at jdk.internal.reflect.GeneratedMethodAccessor7.invoke(Unknown Source)
at java.base/jdk.internal.reflect.DelegatingMethodAccessorImpl.invoke(DelegatingMethodAccessorImpl.java:43)
at java.base/java.lang.reflect.Method.invoke(Method.java:568)
at org.openqa.selenium.support.events.EventFiringWebDriver.lambda$new$0(EventFiringWebDriver.java:85)
at jdk.proxy2/jdk.proxy2.$Proxy13.onException(Unknown Source)
at org.openqa.selenium.support.events.EventFiringWebDriver.lambda$new$1(EventFiringWebDriver.java:108)
at jdk.proxy2/jdk.proxy2.$Proxy14.getScreenshotAs(Unknown Source)
at org.openqa.selenium.support.events.EventFiringWebDriver.getScreenshotAs(EventFiringWebDriver.java:303)
at com.qa.utils.TestUtil.takeScreenshotAtEndOfTest(TestUtil.java:179)
at com.qa.utils.WebEventListener.onException(WebEventListener.java:59)
at jdk.internal.reflect.GeneratedMethodAccessor7.invoke(Unknown Source)
at java.base/jdk.internal.reflect.DelegatingMethodAccessorImpl.invoke(DelegatingMethodAccessorImpl.java:43)
at java.base/java.lang.reflect.Method.invoke(Method.java:568)
at org.openqa.selenium.support.events.EventFiringWebDriver.lambda$new$0(EventFiringWebDriver.java:85)
at jdk.proxy2/jdk.proxy2.$Proxy13.onException(Unknown Source)
at org.openqa.selenium.support.events.EventFiringWebDriver.lambda$new$1(EventFiringWebDriver.java:108)
at jdk.proxy2/jdk.proxy2.$Proxy14.getScreenshotAs(Unknown Source)
at org.openqa.selenium.support.events.EventFiringWebDriver.getScreenshotAs(EventFiringWebDriver.java:303)
at com.qa.utils.TestUtil.takeScreenshotAtEndOfTest(TestUtil.java:179)
at com.qa.utils.WebEventListener.onException(WebEventListener.java:59)
at jdk.internal.reflect.GeneratedMethodAccessor7.invoke(Unknown Source)
at java.base/jdk.internal.reflect.DelegatingMethodAccessorImpl.invoke(DelegatingMethodAccessorImpl.java:43)
at java.base/java.lang.reflect.Method.invoke(Method.java:568)
at org.openqa.selenium.support.events.EventFiringWebDriver.lambda$new$0(EventFiringWebDriver.java:85)
at jdk.proxy2/jdk.proxy2.$Proxy13.onException(Unknown Source)
at org.openqa.selenium.support.events.EventFiringWebDriver.lambda$new$1(EventFiringWebDriver.java:108)
at jdk.proxy2/jdk.proxy2.$Proxy14.getScreenshotAs(Unknown Source)
at org.openqa.selenium.support.events.EventFiringWebDriver.getScreenshotAs(EventFiringWebDriver.java:303)
at com.qa.utils.TestUtil.takeScreenshotAtEndOfTest(TestUtil.java:179)
at com.qa.utils.WebEventListener.onException(WebEventListener.java:59)
at jdk.internal.reflect.GeneratedMethodAccessor7.invoke(Unknown Source)
at java.base/jdk.internal.reflect.DelegatingMethodAccessorImpl.invoke(DelegatingMethodAccessorImpl.java:43)
at java.base/java.lang.reflect.Method.invoke(Method.java:568)
at org.openqa.selenium.support.events.EventFiringWebDriver.lambda$new$0(EventFiringWebDriver.java:85)
at jdk.proxy2/jdk.proxy2.$Proxy13.onException(Unknown Source)
at org.openqa.selenium.support.events.EventFiringWebDriver.lambda$new$1(EventFiringWebDriver.java:108)
at jdk.proxy2/jdk.proxy2.$Proxy14.getScreenshotAs(Unknown Source)
at org.openqa.selenium.support.events.EventFiringWebDriver.getScreenshotAs(EventFiringWebDriver.java:303)
at com.qa.utils.TestUtil.takeScreenshotAtEndOfTest(TestUtil.java:179)
at com.qa.utils.WebEventListener.onException(WebEventListener.java:59)
at jdk.internal.reflect.GeneratedMethodAccessor7.invoke(Unknown Source)
at java.base/jdk.internal.reflect.DelegatingMethodAccessorImpl.invoke(DelegatingMethodAccessorImpl.java:43)
at java.base/java.lang.reflect.Method.invoke(Method.java:568)
at org.openqa.selenium.support.events.EventFiringWebDriver.lambda$new$0(EventFiringWebDriver.java:85)
at jdk.proxy2/jdk.proxy2.$Proxy13.onException(Unknown Source)
at org.openqa.selenium.support.events.EventFiringWebDriver.lambda$new$1(EventFiringWebDriver.java:108)
at jdk.proxy2/jdk.proxy2.$Proxy14.getScreenshotAs(Unknown Source)
at org.openqa.selenium.support.events.EventFiringWebDriver.getScreenshotAs(EventFiringWebDriver.java:303)
at com.qa.utils.TestUtil.takeScreenshotAtEndOfTest(TestUtil.java:179)
at com.qa.utils.WebEventListener.onException(WebEventListener.java:59)
at jdk.internal.reflect.GeneratedMethodAccessor7.invoke(Unknown Source)
at java.base/jdk.internal.reflect.DelegatingMethodAccessorImpl.invoke(DelegatingMethodAccessorImpl.java:43)
at java.base/java.lang.reflect.Method.invoke(Method.java:568)
at org.openqa.selenium.support.events.EventFiringWebDriver.lambda$new$0(EventFiringWebDriver.java:85)
at jdk.proxy2/jdk.proxy2.$Proxy13.onException(Unknown Source)
at org.openqa.selenium.support.events.EventFiringWebDriver.lambda$new$1(EventFiringWebDriver.java:108)
at jdk.proxy2/jdk.proxy2.$Proxy14.getScreenshotAs(Unknown Source)
at org.openqa.selenium.support.events.EventFiringWebDriver.getScreenshotAs(EventFiringWebDriver.java:303)
at com.qa.utils.TestUtil.takeScreenshotAtEndOfTest(TestUtil.java:179)
at com.qa.utils.WebEventListener.onException(WebEventListener.java:59)
at jdk.internal.reflect.GeneratedMethodAccessor7.invoke(Unknown Source)
at java.base/jdk.internal.reflect.DelegatingMethodAccessorImpl.invoke(DelegatingMethodAccessorImpl.java:43)
at java.base/java.lang.reflect.Method.invoke(Method.java:568)
at org.openqa.selenium.support.events.EventFiringWebDriver.lambda$new$0(EventFiringWebDriver.java:85)
at jdk.proxy2/jdk.proxy2.$Proxy13.onException(Unknown Source)
at org.openqa.selenium.support.events.EventFiringWebDriver.lambda$new$1(EventFiringWebDriver.java:108)
at jdk.proxy2/jdk.proxy2.$Proxy14.getScreenshotAs(Unknown Source)
at org.openqa.selenium.support.events.EventFiringWebDriver.getScreenshotAs(EventFiringWebDriver.java:303)
at com.qa.utils.TestUtil.takeScreenshotAtEndOfTest(TestUtil.java:179)
at com.qa.utils.WebEventListener.onException(WebEventListener.java:59)
at jdk.internal.reflect.GeneratedMethodAccessor7.invoke(Unknown Source)
at java.base/jdk.internal.reflect.DelegatingMethodAccessorImpl.invoke(DelegatingMethodAccessorImpl.java:43)
at java.base/java.lang.reflect.Method.invoke(Method.java:568)
at org.openqa.selenium.support.events.EventFiringWebDriver.lambda$new$0(EventFiringWebDriver.java:85)
at jdk.proxy2/jdk.proxy2.$Proxy13.onException(Unknown Source)
at org.openqa.selenium.support.events.EventFiringWebDriver.lambda$new$1(EventFiringWebDriver.java:108)
at jdk.proxy2/jdk.proxy2.$Proxy14.getScreenshotAs(Unknown Source)
at org.openqa.selenium.support.events.EventFiringWebDriver.getScreenshotAs(EventFiringWebDriver.java:303)
at com.qa.utils.TestUtil.takeScreenshotAtEndOfTest(TestUtil.java:179)
at com.qa.utils.WebEventListener.onException(WebEventListener.java:59)
at jdk.internal.reflect.GeneratedMethodAccessor7.invoke(Unknown Source)
at java.base/jdk.internal.reflect.DelegatingMethodAccessorImpl.invoke(DelegatingMethodAccessorImpl.java:43)
at java.base/java.lang.reflect.Method.invoke(Method.java:568)
at org.openqa.selenium.support.events.EventFiringWebDriver.lambda$new$0(EventFiringWebDriver.java:85)
at jdk.proxy2/jdk.proxy2.$Proxy13.onException(Unknown Source)
at org.openqa.selenium.support.events.EventFiringWebDriver.lambda$new$1(EventFiringWebDriver.java:108)
at jdk.proxy2/jdk.proxy2.$Proxy14.getScreenshotAs(Unknown Source)
at org.openqa.selenium.support.events.EventFiringWebDriver.getScreenshotAs(EventFiringWebDriver.java:303)
at com.qa.utils.TestUtil.takeScreenshotAtEndOfTest(TestUtil.java:179)
at com.qa.utils.WebEventListener.onException(WebEventListener.java:59)
at jdk.internal.reflect.GeneratedMethodAccessor7.invoke(Unknown Source)
at java.base/jdk.internal.reflect.DelegatingMethodAccessorImpl.invoke(DelegatingMethodAccessorImpl.java:43)
at java.base/java.lang.reflect.Method.invoke(Method.java:568)
at org.openqa.selenium.support.events.EventFiringWebDriver.lambda$new$0(EventFiringWebDriver.java:85)
at jdk.proxy2/jdk.proxy2.$Proxy13.onException(Unknown Source)
at org.openqa.selenium.support.events.EventFiringWebDriver.lambda$new$1(EventFiringWebDriver.java:108)
at jdk.proxy2/jdk.proxy2.$Proxy14.getScreenshotAs(Unknown Source)
at org.openqa.selenium.support.events.EventFiringWebDriver.getScreenshotAs(EventFiringWebDriver.java:303)
at com.qa.utils.TestUtil.takeScreenshotAtEndOfTest(TestUtil.java:179)
at com.qa.utils.WebEventListener.onException(WebEventListener.java:59)
at jdk.internal.reflect.GeneratedMethodAccessor7.invoke(Unknown Source)
at java.base/jdk.internal.reflect.DelegatingMethodAccessorImpl.invoke(DelegatingMethodAccessorImpl.java:43)
at java.base/java.lang.reflect.Method.invoke(Method.java:568)
at org.openqa.selenium.support.events.EventFiringWebDriver.lambda$new$0(EventFiringWebDriver.java:85)
at jdk.proxy2/jdk.proxy2.$Proxy13.onException(Unknown Source)
at org.openqa.selenium.support.events.EventFiringWebDriver.lambda$new$1(EventFiringWebDriver.java:108)
at jdk.proxy2/jdk.proxy2.$Proxy14.getScreenshotAs(Unknown Source)
at org.openqa.selenium.support.events.EventFiringWebDriver.getScreenshotAs(EventFiringWebDriver.java:303)
at com.qa.utils.TestUtil.takeScreenshotAtEndOfTest(TestUtil.java:179)
at com.qa.utils.WebEventListener.onException(WebEventListener.java:59)
at jdk.internal.reflect.GeneratedMethodAccessor7.invoke(Unknown Source)
at java.base/jdk.internal.reflect.DelegatingMethodAccessorImpl.invoke(DelegatingMethodAccessorImpl.java:43)
at java.base/java.lang.reflect.Method.invoke(Method.java:568)
at org.openqa.selenium.support.events.EventFiringWebDriver.lambda$new$0(EventFiringWebDriver.java:85)
at jdk.proxy2/jdk.proxy2.$Proxy13.onException(Unknown Source)
at org.openqa.selenium.support.events.EventFiringWebDriver.lambda$new$1(EventFiringWebDriver.java:108)
at jdk.proxy2/jdk.proxy2.$Proxy14.getScreenshotAs(Unknown Source)
at org.openqa.selenium.support.events.EventFiringWebDriver.getScreenshotAs(EventFiringWebDriver.java:303)
at com.qa.utils.TestUtil.takeScreenshotAtEndOfTest(TestUtil.java:179)
at com.qa.utils.WebEventListener.onException(WebEventListener.java:59)
at jdk.internal.reflect.GeneratedMethodAccessor7.invoke(Unknown Source)
at java.base/jdk.internal.reflect.DelegatingMethodAccessorImpl.invoke(DelegatingMethodAccessorImpl.java:43)
at java.base/java.lang.reflect.Method.invoke(Method.java:568)
at org.openqa.selenium.support.events.EventFiringWebDriver.lambda$new$0(EventFiringWebDriver.java:85)
at jdk.proxy2/jdk.proxy2.$Proxy13.onException(Unknown Source)
at org.openqa.selenium.support.events.EventFiringWebDriver.lambda$new$1(EventFiringWebDriver.java:108)
at jdk.proxy2/jdk.proxy2.$Proxy14.getScreenshotAs(Unknown Source)
at org.openqa.selenium.support.events.EventFiringWebDriver.getScreenshotAs(EventFiringWebDriver.java:303)
at com.qa.utils.TestUtil.takeScreenshotAtEndOfTest(TestUtil.java:179)
at com.qa.utils.WebEventListener.onException(WebEventListener.java:59)
at jdk.internal.reflect.GeneratedMethodAccessor7.invoke(Unknown Source)
at java.base/jdk.internal.reflect.DelegatingMethodAccessorImpl.invoke(DelegatingMethodAccessorImpl.java:43)
at java.base/java.lang.reflect.Method.invoke(Method.java:568)
at org.openqa.selenium.support.events.EventFiringWebDriver.lambda$new$0(EventFiringWebDriver.java:85)
at jdk.proxy2/jdk.proxy2.$Proxy13.onException(Unknown Source)
at org.openqa.selenium.support.events.EventFiringWebDriver.lambda$new$1(EventFiringWebDriver.java:108)
at jdk.proxy2/jdk.proxy2.$Proxy14.getScreenshotAs(Unknown Source)
at org.openqa.selenium.support.events.EventFiringWebDriver.getScreenshotAs(EventFiringWebDriver.java:303)
at com.qa.utils.TestUtil.takeScreenshotAtEndOfTest(TestUtil.java:179)
at com.qa.utils.WebEventListener.onException(WebEventListener.java:59)
at jdk.internal.reflect.GeneratedMethodAccessor7.invoke(Unknown Source)
at java.base/jdk.internal.reflect.DelegatingMethodAccessorImpl.invoke(DelegatingMethodAccessorImpl.java:43)
at java.base/java.lang.reflect.Method.invoke(Method.java:568)
at org.openqa.selenium.support.events.EventFiringWebDriver.lambda$new$0(EventFiringWebDriver.java:85)
at jdk.proxy2/jdk.proxy2.$Proxy13.onException(Unknown Source)
at org.openqa.selenium.support.events.EventFiringWebDriver.lambda$new$1(EventFiringWebDriver.java:108)
at jdk.proxy2/jdk.proxy2.$Proxy14.getScreenshotAs(Unknown Source)
at org.openqa.selenium.support.events.EventFiringWebDriver.getScreenshotAs(EventFiringWebDriver.java:303)
at com.qa.utils.TestUtil.takeScreenshotAtEndOfTest(TestUtil.java:179)
at com.qa.utils.WebEventListener.onException(WebEventListener.java:59)
at jdk.internal.reflect.GeneratedMethodAccessor7.invoke(Unknown Source)
at java.base/jdk.internal.reflect.DelegatingMethodAccessorImpl.invoke(DelegatingMethodAccessorImpl.java:43)
at java.base/java.lang.reflect.Method.invoke(Method.java:568)
at org.openqa.selenium.support.events.EventFiringWebDriver.lambda$new$0(EventFiringWebDriver.java:85)
at jdk.proxy2/jdk.proxy2.$Proxy13.onException(Unknown Source)
at org.openqa.selenium.support.events.EventFiringWebDriver.lambda$new$1(EventFiringWebDriver.java:108)
at jdk.proxy2/jdk.proxy2.$Proxy14.getScreenshotAs(Unknown Source)
at org.openqa.selenium.support.events.EventFiringWebDriver.getScreenshotAs(EventFiringWebDriver.java:303)
at com.qa.utils.TestUtil.takeScreenshotAtEndOfTest(TestUtil.java:179)
at com.qa.utils.WebEventListener.onException(WebEventListener.java:59)
at jdk.internal.reflect.GeneratedMethodAccessor7.invoke(Unknown Source)
at java.base/jdk.internal.reflect.DelegatingMethodAccessorImpl.invoke(DelegatingMethodAccessorImpl.java:43)
at java.base/java.lang.reflect.Method.invoke(Method.java:568)
at org.openqa.selenium.support.events.EventFiringWebDriver.lambda$new$0(EventFiringWebDriver.java:85)
at jdk.proxy2/jdk.proxy2.$Proxy13.onException(Unknown Source)
at org.openqa.selenium.support.events.EventFiringWebDriver.lambda$new$1(EventFiringWebDriver.java:108)
at jdk.proxy2/jdk.proxy2.$Proxy14.getScreenshotAs(Unknown Source)
at org.openqa.selenium.support.events.EventFiringWebDriver.getScreenshotAs(EventFiringWebDriver.java:303)
at com.qa.utils.TestUtil.takeScreenshotAtEndOfTest(TestUtil.java:179)
at com.qa.utils.WebEventListener.onException(WebEventListener.java:59)
at jdk.internal.reflect.GeneratedMethodAccessor7.invoke(Unknown Source)
at java.base/jdk.internal.reflect.DelegatingMethodAccessorImpl.invoke(DelegatingMethodAccessorImpl.java:43)
at java.base/java.lang.reflect.Method.invoke(Method.java:568)
at org.openqa.selenium.support.events.EventFiringWebDriver.lambda$new$0(EventFiringWebDriver.java:85)
at jdk.proxy2/jdk.proxy2.$Proxy13.onException(Unknown Source)
at org.openqa.selenium.support.events.EventFiringWebDriver.lambda$new$1(EventFiringWebDriver.java:108)
at jdk.proxy2/jdk.proxy2.$Proxy14.getScreenshotAs(Unknown Source)
at org.openqa.selenium.support.events.EventFiringWebDriver.getScreenshotAs(EventFiringWebDriver.java:303)
at com.qa.utils.TestUtil.takeScreenshotAtEndOfTest(TestUtil.java:179)
at com.qa.utils.WebEventListener.onException(WebEventListener.java:59)
at jdk.internal.reflect.GeneratedMethodAccessor7.invoke(Unknown Source)
at java.base/jdk.internal.reflect.DelegatingMethodAccessorImpl.invoke(DelegatingMethodAccessorImpl.java:43)
at java.base/java.lang.reflect.Method.invoke(Method.java:568)
at org.openqa.selenium.support.events.EventFiringWebDriver.lambda$new$0(EventFiringWebDriver.java:85)
at jdk.proxy2/jdk.proxy2.$Proxy13.onException(Unknown Source)
at org.openqa.selenium.support.events.EventFiringWebDriver.lambda$new$1(EventFiringWebDriver.java:108)
at jdk.proxy2/jdk.proxy2.$Proxy14.getScreenshotAs(Unknown Source)
at org.openqa.selenium.support.events.EventFiringWebDriver.getScreenshotAs(EventFiringWebDriver.java:303)
at com.qa.utils.TestUtil.takeScreenshotAtEndOfTest(TestUtil.java:179)
at com.qa.utils.WebEventListener.onException(WebEventListener.java:59)
at jdk.internal.reflect.GeneratedMethodAccessor7.invoke(Unknown Source)
at java.base/jdk.internal.reflect.DelegatingMethodAccessorImpl.invoke(DelegatingMethodAccessorImpl.java:43)
at java.base/java.lang.reflect.Method.invoke(Method.java:568)
at org.openqa.selenium.support.events.EventFiringWebDriver.lambda$new$0(EventFiringWebDriver.java:85)
at jdk.proxy2/jdk.proxy2.$Proxy13.onException(Unknown Source)
at org.openqa.selenium.support.events.EventFiringWebDriver.lambda$new$1(EventFiringWebDriver.java:108)
at jdk.proxy2/jdk.proxy2.$Proxy14.getScreenshotAs(Unknown Source)
at org.openqa.selenium.support.events.EventFiringWebDriver.getScreenshotAs(EventFiringWebDriver.java:303)
at com.qa.utils.TestUtil.takeScreenshotAtEndOfTest(TestUtil.java:179)
at com.qa.utils.WebEventListener.onException(WebEventListener.java:59)
at jdk.internal.reflect.GeneratedMethodAccessor7.invoke(Unknown Source)
at java.base/jdk.internal.reflect.DelegatingMethodAccessorImpl.invoke(DelegatingMethodAccessorImpl.java:43)
at java.base/java.lang.reflect.Method.invoke(Method.java:568)
at org.openqa.selenium.support.events.EventFiringWebDriver.lambda$new$0(EventFiringWebDriver.java:85)
at jdk.proxy2/jdk.proxy2.$Proxy13.onException(Unknown Source)
at org.openqa.selenium.support.events.EventFiringWebDriver.lambda$new$1(EventFiringWebDriver.java:108)
at jdk.proxy2/jdk.proxy2.$Proxy14.getScreenshotAs(Unknown Source)
at org.openqa.selenium.support.events.EventFiringWebDriver.getScreenshotAs(EventFiringWebDriver.java:303)
at com.qa.utils.TestUtil.takeScreenshotAtEndOfTest(TestUtil.java:179)
at com.qa.utils.WebEventListener.onException(WebEventListener.java:59)
at jdk.internal.reflect.GeneratedMethodAccessor7.invoke(Unknown Source)
at java.base/jdk.internal.reflect.DelegatingMethodAccessorImpl.invoke(DelegatingMethodAccessorImpl.java:43)
at java.base/java.lang.reflect.Method.invoke(Method.java:568)
at org.openqa.selenium.support.events.EventFiringWebDriver.lambda$new$0(EventFiringWebDriver.java:85)
at jdk.proxy2/jdk.proxy2.$Proxy13.onException(Unknown Source)
at org.openqa.selenium.support.events.EventFiringWebDriver.lambda$new$1(EventFiringWebDriver.java:108)
at jdk.proxy2/jdk.proxy2.$Proxy14.getScreenshotAs(Unknown Source)
at org.openqa.selenium.support.events.EventFiringWebDriver.getScreenshotAs(EventFiringWebDriver.java:303)
at com.qa.utils.TestUtil.takeScreenshotAtEndOfTest(TestUtil.java:179)
at com.qa.utils.WebEventListener.onException(WebEventListener.java:59)
at jdk.internal.reflect.GeneratedMethodAccessor7.invoke(Unknown Source)
at java.base/jdk.internal.reflect.DelegatingMethodAccessorImpl.invoke(DelegatingMethodAccessorImpl.java:43)
at java.base/java.lang.reflect.Method.invoke(Method.java:568)
at org.openqa.selenium.support.events.EventFiringWebDriver.lambda$new$0(EventFiringWebDriver.java:85)
at jdk.proxy2/jdk.proxy2.$Proxy13.onException(Unknown Source)
at org.openqa.selenium.support.events.EventFiringWebDriver.lambda$new$1(EventFiringWebDriver.java:108)
at jdk.proxy2/jdk.proxy2.$Proxy14.getScreenshotAs(Unknown Source)
at org.openqa.selenium.support.events.EventFiringWebDriver.getScreenshotAs(EventFiringWebDriver.java:303)
at com.qa.utils.TestUtil.takeScreenshotAtEndOfTest(TestUtil.java:179)
at com.qa.utils.WebEventListener.onException(WebEventListener.java:59)
at jdk.internal.reflect.GeneratedMethodAccessor7.invoke(Unknown Source)
at java.base/jdk.internal.reflect.DelegatingMethodAccessorImpl.invoke(DelegatingMethodAccessorImpl.java:43)
at java.base/java.lang.reflect.Method.invoke(Method.java:568)
at org.openqa.selenium.support.events.EventFiringWebDriver.lambda$new$0(EventFiringWebDriver.java:85)
at jdk.proxy2/jdk.proxy2.$Proxy13.onException(Unknown Source)
at org.openqa.selenium.support.events.EventFiringWebDriver.lambda$new$1(EventFiringWebDriver.java:108)
at jdk.proxy2/jdk.proxy2.$Proxy14.getScreenshotAs(Unknown Source)
at org.openqa.selenium.support.events.EventFiringWebDriver.getScreenshotAs(EventFiringWebDriver.java:303)
at com.qa.utils.TestUtil.takeScreenshotAtEndOfTest(TestUtil.java:179)
at com.qa.utils.WebEventListener.onException(WebEventListener.java:59)
at jdk.internal.reflect.GeneratedMethodAccessor7.invoke(Unknown Source)
at java.base/jdk.internal.reflect.DelegatingMethodAccessorImpl.invoke(DelegatingMethodAccessorImpl.java:43)
at java.base/java.lang.reflect.Method.invoke(Method.java:568)
at org.openqa.selenium.support.events.EventFiringWebDriver.lambda$new$0(EventFiringWebDriver.java:85)
at jdk.proxy2/jdk.proxy2.$Proxy13.onException(Unknown Source)
at org.openqa.selenium.support.events.EventFiringWebDriver.lambda$new$1(EventFiringWebDriver.java:108)
at jdk.proxy2/jdk.proxy2.$Proxy14.getScreenshotAs(Unknown Source)
at org.openqa.selenium.support.events.EventFiringWebDriver.getScreenshotAs(EventFiringWebDriver.java:303)
at com.qa.utils.TestUtil.takeScreenshotAtEndOfTest(TestUtil.java:179)
at com.qa.utils.WebEventListener.onException(WebEventListener.java:59)
at jdk.internal.reflect.GeneratedMethodAccessor7.invoke(Unknown Source)
at java.base/jdk.internal.reflect.DelegatingMethodAccessorImpl.invoke(DelegatingMethodAccessorImpl.java:43)
at java.base/java.lang.reflect.Method.invoke(Method.java:568)
at org.openqa.selenium.support.events.EventFiringWebDriver.lambda$new$0(EventFiringWebDriver.java:85)
at jdk.proxy2/jdk.proxy2.$Proxy13.onException(Unknown Source)
at org.openqa.selenium.support.events.EventFiringWebDriver.lambda$new$1(EventFiringWebDriver.java:108)
at jdk.proxy2/jdk.proxy2.$Proxy14.getScreenshotAs(Unknown Source)
at org.openqa.selenium.support.events.EventFiringWebDriver.getScreenshotAs(EventFiringWebDriver.java:303)
at com.qa.utils.TestUtil.takeScreenshotAtEndOfTest(TestUtil.java:179)
at com.qa.utils.WebEventListener.onException(WebEventListener.java:59)
at jdk.internal.reflect.GeneratedMethodAccessor7.invoke(Unknown Source)
at java.base/jdk.internal.reflect.DelegatingMethodAccessorImpl.invoke(DelegatingMethodAccessorImpl.java:43)
at java.base/java.lang.reflect.Method.invoke(Method.java:568)
at org.openqa.selenium.support.events.EventFiringWebDriver.lambda$new$0(EventFiringWebDriver.java:85)
at jdk.proxy2/jdk.proxy2.$Proxy13.onException(Unknown Source)
at org.openqa.selenium.support.events.EventFiringWebDriver.lambda$new$1(EventFiringWebDriver.java:108)
at jdk.proxy2/jdk.proxy2.$Proxy14.getScreenshotAs(Unknown Source)
at org.openqa.selenium.support.events.EventFiringWebDriver.getScreenshotAs(EventFiringWebDriver.java:303)
at com.qa.utils.TestUtil.takeScreenshotAtEndOfTest(TestUtil.java:179)
at com.qa.utils.WebEventListener.onException(WebEventListener.java:59)
at jdk.internal.reflect.GeneratedMethodAccessor7.invoke(Unknown Source)
at java.base/jdk.internal.reflect.DelegatingMethodAccessorImpl.invoke(DelegatingMethodAccessorImpl.java:43)
at java.base/java.lang.reflect.Method.invoke(Method.java:568)
at org.openqa.selenium.support.events.EventFiringWebDriver.lambda$new$0(EventFiringWebDriver.java:85)
at jdk.proxy2/jdk.proxy2.$Proxy13.onException(Unknown Source)
at org.openqa.selenium.support.events.EventFiringWebDriver.lambda$new$1(EventFiringWebDriver.java:108)
at jdk.proxy2/jdk.proxy2.$Proxy14.getScreenshotAs(Unknown Source)
at org.openqa.selenium.support.events.EventFiringWebDriver.getScreenshotAs(EventFiringWebDriver.java:303)
at com.qa.utils.TestUtil.takeScreenshotAtEndOfTest(TestUtil.java:179)
at com.qa.utils.WebEventListener.onException(WebEventListener.java:59)
at jdk.internal.reflect.GeneratedMethodAccessor7.invoke(Unknown Source)
at java.base/jdk.internal.reflect.DelegatingMethodAccessorImpl.invoke(DelegatingMethodAccessorImpl.java:43)
at java.base/java.lang.reflect.Method.invoke(Method.java:568)
at org.openqa.selenium.support.events.EventFiringWebDriver.lambda$new$0(EventFiringWebDriver.java:85)
at jdk.proxy2/jdk.proxy2.$Proxy13.onException(Unknown Source)
at org.openqa.selenium.support.events.EventFiringWebDriver.lambda$new$1(EventFiringWebDriver.java:108)
at jdk.proxy2/jdk.proxy2.$Proxy14.getScreenshotAs(Unknown Source)
at org.openqa.selenium.support.events.EventFiringWebDriver.getScreenshotAs(EventFiringWebDriver.java:303)
at com.qa.utils.TestUtil.takeScreenshotAtEndOfTest(TestUtil.java:179)
at com.qa.utils.WebEventListener.onException(WebEventListener.java:59)
at jdk.internal.reflect.GeneratedMethodAccessor7.invoke(Unknown Source)
at java.base/jdk.internal.reflect.DelegatingMethodAccessorImpl.invoke(DelegatingMethodAccessorImpl.java:43)
at java.base/java.lang.reflect.Method.invoke(Method.java:568)
at org.openqa.selenium.support.events.EventFiringWebDriver.lambda$new$0(EventFiringWebDriver.java:85)
at jdk.proxy2/jdk.proxy2.$Proxy13.onException(Unknown Source)
at org.openqa.selenium.support.events.EventFiringWebDriver.lambda$new$1(EventFiringWebDriver.java:108)
at jdk.proxy2/jdk.proxy2.$Proxy14.getScreenshotAs(Unknown Source)
at org.openqa.selenium.support.events.EventFiringWebDriver.getScreenshotAs(EventFiringWebDriver.java:303)
at com.qa.utils.TestUtil.takeScreenshotAtEndOfTest(TestUtil.java:179)
at com.qa.utils.WebEventListener.onException(WebEventListener.java:59)
at jdk.internal.reflect.GeneratedMethodAccessor7.invoke(Unknown Source)
at java.base/jdk.internal.reflect.DelegatingMethodAccessorImpl.invoke(DelegatingMethodAccessorImpl.java:43)
at java.base/java.lang.reflect.Method.invoke(Method.java:568)
at org.openqa.selenium.support.events.EventFiringWebDriver.lambda$new$0(EventFiringWebDriver.java:85)
at jdk.proxy2/jdk.proxy2.$Proxy13.onException(Unknown Source)
at org.openqa.selenium.support.events.EventFiringWebDriver.lambda$new$1(EventFiringWebDriver.java:108)
at jdk.proxy2/jdk.proxy2.$Proxy14.getScreenshotAs(Unknown Source)
at org.openqa.selenium.support.events.EventFiringWebDriver.getScreenshotAs(EventFiringWebDriver.java:303)
at com.qa.utils.TestUtil.takeScreenshotAtEndOfTest(TestUtil.java:179)
at com.qa.utils.WebEventListener.onException(WebEventListener.java:59)
at jdk.internal.reflect.GeneratedMethodAccessor7.invoke(Unknown Source)
at java.base/jdk.internal.reflect.DelegatingMethodAccessorImpl.invoke(DelegatingMethodAccessorImpl.java:43)
at java.base/java.lang.reflect.Method.invoke(Method.java:568)
at org.openqa.selenium.support.events.EventFiringWebDriver.lambda$new$0(EventFiringWebDriver.java:85)
at jdk.proxy2/jdk.proxy2.$Proxy13.onException(Unknown Source)
at org.openqa.selenium.support.events.EventFiringWebDriver.lambda$new$1(EventFiringWebDriver.java:108)
at jdk.proxy2/jdk.proxy2.$Proxy14.getScreenshotAs(Unknown Source)
at org.openqa.selenium.support.events.EventFiringWebDriver.getScreenshotAs(EventFiringWebDriver.java:303)
at com.qa.utils.TestUtil.takeScreenshotAtEndOfTest(TestUtil.java:179)
at com.qa.utils.WebEventListener.onException(WebEventListener.java:59)
at jdk.internal.reflect.GeneratedMethodAccessor7.invoke(Unknown Source)
at java.base/jdk.internal.reflect.DelegatingMethodAccessorImpl.invoke(DelegatingMethodAccessorImpl.java:43)
at java.base/java.lang.reflect.Method.invoke(Method.java:568)
at org.openqa.selenium.support.events.EventFiringWebDriver.lambda$new$0(EventFiringWebDriver.java:85)
at jdk.proxy2/jdk.proxy2.$Proxy13.onException(Unknown Source)
at org.openqa.selenium.support.events.EventFiringWebDriver.lambda$new$1(EventFiringWebDriver.java:108)
at jdk.proxy2/jdk.proxy2.$Proxy14.getScreenshotAs(Unknown Source)
at org.openqa.selenium.support.events.EventFiringWebDriver.getScreenshotAs(EventFiringWebDriver.java:303)
at com.qa.utils.TestUtil.takeScreenshotAtEndOfTest(TestUtil.java:179)
at com.qa.utils.WebEventListener.onException(WebEventListener.java:59)
at jdk.internal.reflect.GeneratedMethodAccessor7.invoke(Unknown Source)
at java.base/jdk.internal.reflect.DelegatingMethodAccessorImpl.invoke(DelegatingMethodAccessorImpl.java:43)
at java.base/java.lang.reflect.Method.invoke(Method.java:568)
at org.openqa.selenium.support.events.EventFiringWebDriver.lambda$new$0(EventFiringWebDriver.java:85)
at jdk.proxy2/jdk.proxy2.$Proxy13.onException(Unknown Source)
at org.openqa.selenium.support.events.EventFiringWebDriver.lambda$new$1(EventFiringWebDriver.java:108)
at jdk.proxy2/jdk.proxy2.$Proxy14.getScreenshotAs(Unknown Source)
at org.openqa.selenium.support.events.EventFiringWebDriver.getScreenshotAs(EventFiringWebDriver.java:303)
at com.qa.utils.TestUtil.takeScreenshotAtEndOfTest(TestUtil.java:179)
at com.qa.utils.WebEventListener.onException(WebEventListener.java:59)
at jdk.internal.reflect.GeneratedMethodAccessor7.invoke(Unknown Source)
at java.base/jdk.internal.reflect.DelegatingMethodAccessorImpl.invoke(DelegatingMethodAccessorImpl.java:43)
at java.base/java.lang.reflect.Method.invoke(Method.java:568)
at org.openqa.selenium.support.events.EventFiringWebDriver.lambda$new$0(EventFiringWebDriver.java:85)
at jdk.proxy2/jdk.proxy2.$Proxy13.onException(Unknown Source)
at org.openqa.selenium.support.events.EventFiringWebDriver.lambda$new$1(EventFiringWebDriver.java:108)
at jdk.proxy2/jdk.proxy2.$Proxy14.getScreenshotAs(Unknown Source)
at org.openqa.selenium.support.events.EventFiringWebDriver.getScreenshotAs(EventFiringWebDriver.java:303)
at com.qa.utils.TestUtil.takeScreenshotAtEndOfTest(TestUtil.java:179)
at com.qa.utils.WebEventListener.onException(WebEventListener.java:59)
at jdk.internal.reflect.GeneratedMethodAccessor7.invoke(Unknown Source)
at java.base/jdk.internal.reflect.DelegatingMethodAccessorImpl.invoke(DelegatingMethodAccessorImpl.java:43)
at java.base/java.lang.reflect.Method.invoke(Method.java:568)
at org.openqa.selenium.support.events.EventFiringWebDriver.lambda$new$0(EventFiringWebDriver.java:85)
at jdk.proxy2/jdk.proxy2.$Proxy13.onException(Unknown Source)
at org.openqa.selenium.support.events.EventFiringWebDriver.lambda$new$1(EventFiringWebDriver.java:108)
at jdk.proxy2/jdk.proxy2.$Proxy14.getScreenshotAs(Unknown Source)
at org.openqa.selenium.support.events.EventFiringWebDriver.getScreenshotAs(EventFiringWebDriver.java:303)
at com.qa.utils.TestUtil.takeScreenshotAtEndOfTest(TestUtil.java:179)
at com.qa.utils.WebEventListener.onException(WebEventListener.java:59)
at jdk.internal.reflect.GeneratedMethodAccessor7.invoke(Unknown Source)
at java.base/jdk.internal.reflect.DelegatingMethodAccessorImpl.invoke(DelegatingMethodAccessorImpl.java:43)
at java.base/java.lang.reflect.Method.invoke(Method.java:568)
at org.openqa.selenium.support.events.EventFiringWebDriver.lambda$new$0(EventFiringWebDriver.java:85)
at jdk.proxy2/jdk.proxy2.$Proxy13.onException(Unknown Source)
at org.openqa.selenium.support.events.EventFiringWebDriver.lambda$new$1(EventFiringWebDriver.java:108)
at jdk.proxy2/jdk.proxy2.$Proxy14.getScreenshotAs(Unknown Source)
at org.openqa.selenium.support.events.EventFiringWebDriver.getScreenshotAs(EventFiringWebDriver.java:303)
at com.qa.utils.TestUtil.takeScreenshotAtEndOfTest(TestUtil.java:179)
at com.qa.utils.WebEventListener.onException(WebEventListener.java:59)
at jdk.internal.reflect.GeneratedMethodAccessor7.invoke(Unknown Source)
at java.base/jdk.internal.reflect.DelegatingMethodAccessorImpl.invoke(DelegatingMethodAccessorImpl.java:43)
at java.base/java.lang.reflect.Method.invoke(Method.java:568)
at org.openqa.selenium.support.events.EventFiringWebDriver.lambda$new$0(EventFiringWebDriver.java:85)
at jdk.proxy2/jdk.proxy2.$Proxy13.onException(Unknown Source)
at org.openqa.selenium.support.events.EventFiringWebDriver.lambda$new$1(EventFiringWebDriver.java:108)
at jdk.proxy2/jdk.proxy2.$Proxy14.getScreenshotAs(Unknown Source)
at org.openqa.selenium.support.events.EventFiringWebDriver.getScreenshotAs(EventFiringWebDriver.java:303)
at com.qa.utils.TestUtil.takeScreenshotAtEndOfTest(TestUtil.java:179)
at com.qa.utils.WebEventListener.onException(WebEventListener.java:59)
at jdk.internal.reflect.GeneratedMethodAccessor7.invoke(Unknown Source)
at java.base/jdk.internal.reflect.DelegatingMethodAccessorImpl.invoke(DelegatingMethodAccessorImpl.java:43)
at java.base/java.lang.reflect.Method.invoke(Method.java:568)
at org.openqa.selenium.support.events.EventFiringWebDriver.lambda$new$0(EventFiringWebDriver.java:85)
at jdk.proxy2/jdk.proxy2.$Proxy13.onException(Unknown Source)
at org.openqa.selenium.support.events.EventFiringWebDriver.lambda$new$1(EventFiringWebDriver.java:108)
at jdk.proxy2/jdk.proxy2.$Proxy14.getScreenshotAs(Unknown Source)
at org.openqa.selenium.support.events.EventFiringWebDriver.getScreenshotAs(EventFiringWebDriver.java:303)
at com.qa.utils.TestUtil.takeScreenshotAtEndOfTest(TestUtil.java:179)
at com.qa.utils.WebEventListener.onException(WebEventListener.java:59)
at jdk.internal.reflect.GeneratedMethodAccessor7.invoke(Unknown Source)
at java.base/jdk.internal.reflect.DelegatingMethodAccessorImpl.invoke(DelegatingMethodAccessorImpl.java:43)
at java.base/java.lang.reflect.Method.invoke(Method.java:568)
at org.openqa.selenium.support.events.EventFiringWebDriver.lambda$new$0(EventFiringWebDriver.java:85)
at jdk.proxy2/jdk.proxy2.$Proxy13.onException(Unknown Source)
at org.openqa.selenium.support.events.EventFiringWebDriver.lambda$new$1(EventFiringWebDriver.java:108)
at jdk.proxy2/jdk.proxy2.$Proxy14.getScreenshotAs(Unknown Source)
at org.openqa.selenium.support.events.EventFiringWebDriver.getScreenshotAs(EventFiringWebDriver.java:303)
at com.qa.utils.TestUtil.takeScreenshotAtEndOfTest(TestUtil.java:179)
at com.qa.utils.WebEventListener.onException(WebEventListener.java:59)
at jdk.internal.reflect.GeneratedMethodAccessor7.invoke(Unknown Source)
at java.base/jdk.internal.reflect.DelegatingMethodAccessorImpl.invoke(DelegatingMethodAccessorImpl.java:43)
at java.base/java.lang.reflect.Method.invoke(Method.java:568)
at org.openqa.selenium.support.events.EventFiringWebDriver.lambda$new$0(EventFiringWebDriver.java:85)
at jdk.proxy2/jdk.proxy2.$Proxy13.onException(Unknown Source)
at org.openqa.selenium.support.events.EventFiringWebDriver.lambda$new$1(EventFiringWebDriver.java:108)
at jdk.proxy2/jdk.proxy2.$Proxy14.getScreenshotAs(Unknown Source)
at org.openqa.selenium.support.events.EventFiringWebDriver.getScreenshotAs(EventFiringWebDriver.java:303)
at com.qa.utils.TestUtil.takeScreenshotAtEndOfTest(TestUtil.java:179)
at com.qa.utils.WebEventListener.onException(WebEventListener.java:59)
at jdk.internal.reflect.GeneratedMethodAccessor7.invoke(Unknown Source)
at java.base/jdk.internal.reflect.DelegatingMethodAccessorImpl.invoke(DelegatingMethodAccessorImpl.java:43)
at java.base/java.lang.reflect.Method.invoke(Method.java:568)
at org.openqa.selenium.support.events.EventFiringWebDriver.lambda$new$0(EventFiringWebDriver.java:85)
at jdk.proxy2/jdk.proxy2.$Proxy13.onException(Unknown Source)
at org.openqa.selenium.support.events.EventFiringWebDriver.lambda$new$1(EventFiringWebDriver.java:108)
at jdk.proxy2/jdk.proxy2.$Proxy14.getScreenshotAs(Unknown Source)
at org.openqa.selenium.support.events.EventFiringWebDriver.getScreenshotAs(EventFiringWebDriver.java:303)
at com.qa.utils.TestUtil.takeScreenshotAtEndOfTest(TestUtil.java:179)
at com.qa.utils.WebEventListener.onException(WebEventListener.java:59)
at jdk.internal.reflect.GeneratedMethodAccessor7.invoke(Unknown Source)
at java.base/jdk.internal.reflect.DelegatingMethodAccessorImpl.invoke(DelegatingMethodAccessorImpl.java:43)
at java.base/java.lang.reflect.Method.invoke(Method.java:568)
at org.openqa.selenium.support.events.EventFiringWebDriver.lambda$new$0(EventFiringWebDriver.java:85)
at jdk.proxy2/jdk.proxy2.$Proxy13.onException(Unknown Source)
at org.openqa.selenium.support.events.EventFiringWebDriver.lambda$new$1(EventFiringWebDriver.java:108)
at jdk.proxy2/jdk.proxy2.$Proxy14.getScreenshotAs(Unknown Source)
at org.openqa.selenium.support.events.EventFiringWebDriver.getScreenshotAs(EventFiringWebDriver.java:303)
at com.qa.utils.TestUtil.takeScreenshotAtEndOfTest(TestUtil.java:179)
at com.qa.utils.WebEventListener.onException(WebEventListener.java:59)
at jdk.internal.reflect.GeneratedMethodAccessor7.invoke(Unknown Source)
at java.base/jdk.internal.reflect.DelegatingMethodAccessorImpl.invoke(DelegatingMethodAccessorImpl.java:43)
at java.base/java.lang.reflect.Method.invoke(Method.java:568)
at org.openqa.selenium.support.events.EventFiringWebDriver.lambda$new$0(EventFiringWebDriver.java:85)
at jdk.proxy2/jdk.proxy2.$Proxy13.onException(Unknown Source)
at org.openqa.selenium.support.events.EventFiringWebDriver.lambda$new$1(EventFiringWebDriver.java:108)
at jdk.proxy2/jdk.proxy2.$Proxy14.getScreenshotAs(Unknown Source)
at org.openqa.selenium.support.events.EventFiringWebDriver.getScreenshotAs(EventFiringWebDriver.java:303)
at com.qa.utils.TestUtil.takeScreenshotAtEndOfTest(TestUtil.java:179)
at com.qa.utils.WebEventListener.onException(WebEventListener.java:59)
at jdk.internal.reflect.GeneratedMethodAccessor7.invoke(Unknown Source)
at java.base/jdk.internal.reflect.DelegatingMethodAccessorImpl.invoke(DelegatingMethodAccessorImpl.java:43)
at java.base/java.lang.reflect.Method.invoke(Method.java:568)
at org.openqa.selenium.support.events.EventFiringWebDriver.lambda$new$0(EventFiringWebDriver.java:85)
at jdk.proxy2/jdk.proxy2.$Proxy13.onException(Unknown Source)
at org.openqa.selenium.support.events.EventFiringWebDriver.lambda$new$1(EventFiringWebDriver.java:108)
at jdk.proxy2/jdk.proxy2.$Proxy14.getScreenshotAs(Unknown Source)
at org.openqa.selenium.support.events.EventFiringWebDriver.getScreenshotAs(EventFiringWebDriver.java:303)
at com.qa.utils.TestUtil.takeScreenshotAtEndOfTest(TestUtil.java:179)
at com.qa.utils.WebEventListener.onException(WebEventListener.java:59)
at jdk.internal.reflect.GeneratedMethodAccessor7.invoke(Unknown Source)
at java.base/jdk.internal.reflect.DelegatingMethodAccessorImpl.invoke(DelegatingMethodAccessorImpl.java:43)
at java.base/java.lang.reflect.Method.invoke(Method.java:568)
at org.openqa.selenium.support.events.EventFiringWebDriver.lambda$new$0(EventFiringWebDriver.java:85)
at jdk.proxy2/jdk.proxy2.$Proxy13.onException(Unknown Source)
at org.openqa.selenium.support.events.EventFiringWebDriver.lambda$new$1(EventFiringWebDriver.java:108)
at jdk.proxy2/jdk.proxy2.$Proxy14.getScreenshotAs(Unknown Source)
at org.openqa.selenium.support.events.EventFiringWebDriver.getScreenshotAs(EventFiringWebDriver.java:303)
at com.qa.utils.TestUtil.takeScreenshotAtEndOfTest(TestUtil.java:179)
at com.qa.utils.WebEventListener.onException(WebEventListener.java:59)
at jdk.internal.reflect.GeneratedMethodAccessor7.invoke(Unknown Source)
at java.base/jdk.internal.reflect.DelegatingMethodAccessorImpl.invoke(DelegatingMethodAccessorImpl.java:43)
at java.base/java.lang.reflect.Method.invoke(Method.java:568)
at org.openqa.selenium.support.events.EventFiringWebDriver.lambda$new$0(EventFiringWebDriver.java:85)
at jdk.proxy2/jdk.proxy2.$Proxy13.onException(Unknown Source)
at org.openqa.selenium.support.events.EventFiringWebDriver.lambda$new$1(EventFiringWebDriver.java:108)
at jdk.proxy2/jdk.proxy2.$Proxy14.getScreenshotAs(Unknown Source)
at org.openqa.selenium.support.events.EventFiringWebDriver.getScreenshotAs(EventFiringWebDriver.java:303)
at com.qa.utils.TestUtil.takeScreenshotAtEndOfTest(TestUtil.java:179)
at com.qa.utils.WebEventListener.onException(WebEventListener.java:59)
at jdk.internal.reflect.GeneratedMethodAccessor7.invoke(Unknown Source)
at java.base/jdk.internal.reflect.DelegatingMethodAccessorImpl.invoke(DelegatingMethodAccessorImpl.java:43)
at java.base/java.lang.reflect.Method.invoke(Method.java:568)
at org.openqa.selenium.support.events.EventFiringWebDriver.lambda$new$0(EventFiringWebDriver.java:85)
at jdk.proxy2/jdk.proxy2.$Proxy13.onException(Unknown Source)
at org.openqa.selenium.support.events.EventFiringWebDriver.lambda$new$1(EventFiringWebDriver.java:108)
at jdk.proxy2/jdk.proxy2.$Proxy14.getScreenshotAs(Unknown Source)
at org.openqa.selenium.support.events.EventFiringWebDriver.getScreenshotAs(EventFiringWebDriver.java:303)
at com.qa.utils.TestUtil.takeScreenshotAtEndOfTest(TestUtil.java:179)
at com.qa.utils.WebEventListener.onException(WebEventListener.java:59)
at jdk.internal.reflect.GeneratedMethodAccessor7.invoke(Unknown Source)
at java.base/jdk.internal.reflect.DelegatingMethodAccessorImpl.invoke(DelegatingMethodAccessorImpl.java:43)
at java.base/java.lang.reflect.Method.invoke(Method.java:568)
at org.openqa.selenium.support.events.EventFiringWebDriver.lambda$new$0(EventFiringWebDriver.java:85)
at jdk.proxy2/jdk.proxy2.$Proxy13.onException(Unknown Source)
at org.openqa.selenium.support.events.EventFiringWebDriver.lambda$new$1(EventFiringWebDriver.java:108)
at jdk.proxy2/jdk.proxy2.$Proxy14.getScreenshotAs(Unknown Source)
at org.openqa.selenium.support.events.EventFiringWebDriver.getScreenshotAs(EventFiringWebDriver.java:303)
at com.qa.utils.TestUtil.takeScreenshotAtEndOfTest(TestUtil.java:179)
at com.qa.utils.WebEventListener.onException(WebEventListener.java:59)
at jdk.internal.reflect.GeneratedMethodAccessor7.invoke(Unknown Source)
at java.base/jdk.internal.reflect.DelegatingMethodAccessorImpl.invoke(DelegatingMethodAccessorImpl.java:43)
at java.base/java.lang.reflect.Method.invoke(Method.java:568)
at org.openqa.selenium.support.events.EventFiringWebDriver.lambda$new$0(EventFiringWebDriver.java:85)
at jdk.proxy2/jdk.proxy2.$Proxy13.onException(Unknown Source)
at org.openqa.selenium.support.events.EventFiringWebDriver.lambda$new$1(EventFiringWebDriver.java:108)
at jdk.proxy2/jdk.proxy2.$Proxy14.getScreenshotAs(Unknown Source)
at org.openqa.selenium.support.events.EventFiringWebDriver.getScreenshotAs(EventFiringWebDriver.java:303)
at com.qa.utils.TestUtil.takeScreenshotAtEndOfTest(TestUtil.java:179)
at com.qa.utils.WebEventListener.onException(WebEventListener.java:59)
at jdk.internal.reflect.GeneratedMethodAccessor7.invoke(Unknown Source)
at java.base/jdk.internal.reflect.DelegatingMethodAccessorImpl.invoke(DelegatingMethodAccessorImpl.java:43)
at java.base/java.lang.reflect.Method.invoke(Method.java:568)
at org.openqa.selenium.support.events.EventFiringWebDriver.lambda$new$0(EventFiringWebDriver.java:85)
at jdk.proxy2/jdk.proxy2.$Proxy13.onException(Unknown Source)
at org.openqa.selenium.support.events.EventFiringWebDriver.lambda$new$1(EventFiringWebDriver.java:108)
at jdk.proxy2/jdk.proxy2.$Proxy14.getScreenshotAs(Unknown Source)
at org.openqa.selenium.support.events.EventFiringWebDriver.getScreenshotAs(EventFiringWebDriver.java:303)
at com.qa.utils.TestUtil.takeScreenshotAtEndOfTest(TestUtil.java:179)
at com.qa.utils.WebEventListener.onException(WebEventListener.java:59)
at jdk.internal.reflect.GeneratedMethodAccessor7.invoke(Unknown Source)
at java.base/jdk.internal.reflect.DelegatingMethodAccessorImpl.invoke(DelegatingMethodAccessorImpl.java:43)
at java.base/java.lang.reflect.Method.invoke(Method.java:568)
at org.openqa.selenium.support.events.EventFiringWebDriver.lambda$new$0(EventFiringWebDriver.java:85)
at jdk.proxy2/jdk.proxy2.$Proxy13.onException(Unknown Source)
at org.openqa.selenium.support.events.EventFiringWebDriver.lambda$new$1(EventFiringWebDriver.java:108)
at jdk.proxy2/jdk.proxy2.$Proxy14.getScreenshotAs(Unknown Source)
at org.openqa.selenium.support.events.EventFiringWebDriver.getScreenshotAs(EventFiringWebDriver.java:303)
at com.qa.utils.TestUtil.takeScreenshotAtEndOfTest(TestUtil.java:179)
at com.qa.utils.WebEventListener.onException(WebEventListener.java:59)
at jdk.internal.reflect.GeneratedMethodAccessor7.invoke(Unknown Source)
at java.base/jdk.internal.reflect.DelegatingMethodAccessorImpl.invoke(DelegatingMethodAccessorImpl.java:43)
at java.base/java.lang.reflect.Method.invoke(Method.java:568)
at org.openqa.selenium.support.events.EventFiringWebDriver.lambda$new$0(EventFiringWebDriver.java:85)
at jdk.proxy2/jdk.proxy2.$Proxy13.onException(Unknown Source)
at org.openqa.selenium.support.events.EventFiringWebDriver.lambda$new$1(EventFiringWebDriver.java:108)
at jdk.proxy2/jdk.proxy2.$Proxy14.getScreenshotAs(Unknown Source)
at org.openqa.selenium.support.events.EventFiringWebDriver.getScreenshotAs(EventFiringWebDriver.java:303)
at com.qa.utils.TestUtil.takeScreenshotAtEndOfTest(TestUtil.java:179)
at com.qa.utils.WebEventListener.onException(WebEventListener.java:59)
at jdk.internal.reflect.GeneratedMethodAccessor7.invoke(Unknown Source)
at java.base/jdk.internal.reflect.DelegatingMethodAccessorImpl.invoke(DelegatingMethodAccessorImpl.java:43)
at java.base/java.lang.reflect.Method.invoke(Method.java:568)
at org.openqa.selenium.support.events.EventFiringWebDriver.lambda$new$0(EventFiringWebDriver.java:85)
at jdk.proxy2/jdk.proxy2.$Proxy13.onException(Unknown Source)
at org.openqa.selenium.support.events.EventFiringWebDriver.lambda$new$1(EventFiringWebDriver.java:108)
at jdk.proxy2/jdk.proxy2.$Proxy14.getScreenshotAs(Unknown Source)
at org.openqa.selenium.support.events.EventFiringWebDriver.getScreenshotAs(EventFiringWebDriver.java:303)
at com.qa.utils.TestUtil.takeScreenshotAtEndOfTest(TestUtil.java:179)
at com.qa.utils.WebEventListener.onException(WebEventListener.java:59)
at jdk.internal.reflect.GeneratedMethodAccessor7.invoke(Unknown Source)
at java.base/jdk.internal.reflect.DelegatingMethodAccessorImpl.invoke(DelegatingMethodAccessorImpl.java:43)
at java.base/java.lang.reflect.Method.invoke(Method.java:568)
at org.openqa.selenium.support.events.EventFiringWebDriver.lambda$new$0(EventFiringWebDriver.java:85)
at jdk.proxy2/jdk.proxy2.$Proxy13.onException(Unknown Source)
at org.openqa.selenium.support.events.EventFiringWebDriver.lambda$new$1(EventFiringWebDriver.java:108)
at jdk.proxy2/jdk.proxy2.$Proxy14.getScreenshotAs(Unknown Source)
at org.openqa.selenium.support.events.EventFiringWebDriver.getScreenshotAs(EventFiringWebDriver.java:303)
at com.qa.utils.TestUtil.takeScreenshotAtEndOfTest(TestUtil.java:179)
at com.qa.utils.WebEventListener.onException(WebEventListener.java:59)
at jdk.internal.reflect.GeneratedMethodAccessor7.invoke(Unknown Source)
at java.base/jdk.internal.reflect.DelegatingMethodAccessorImpl.invoke(DelegatingMethodAccessorImpl.java:43)
at java.base/java.lang.reflect.Method.invoke(Method.java:568)
at org.openqa.selenium.support.events.EventFiringWebDriver.lambda$new$0(EventFiringWebDriver.java:85)
at jdk.proxy2/jdk.proxy2.$Proxy13.onException(Unknown Source)
at org.openqa.selenium.support.events.EventFiringWebDriver.lambda$new$1(EventFiringWebDriver.java:108)
at jdk.proxy2/jdk.proxy2.$Proxy14.getScreenshotAs(Unknown Source)
at org.openqa.selenium.support.events.EventFiringWebDriver.getScreenshotAs(EventFiringWebDriver.java:303)
at com.qa.utils.TestUtil.takeScreenshotAtEndOfTest(TestUtil.java:179)
at com.qa.utils.WebEventListener.onException(WebEventListener.java:59)
at jdk.internal.reflect.GeneratedMethodAccessor7.invoke(Unknown Source)
at java.base/jdk.internal.reflect.DelegatingMethodAccessorImpl.invoke(DelegatingMethodAccessorImpl.java:43)
at java.base/java.lang.reflect.Method.invoke(Method.java:568)
at org.openqa.selenium.support.events.EventFiringWebDriver.lambda$new$0(EventFiringWebDriver.java:85)
at jdk.proxy2/jdk.proxy2.$Proxy13.onException(Unknown Source)
at org.openqa.selenium.support.events.EventFiringWebDriver.lambda$new$1(EventFiringWebDriver.java:108)
at jdk.proxy2/jdk.proxy2.$Proxy14.getScreenshotAs(Unknown Source)
at org.openqa.selenium.support.events.EventFiringWebDriver.getScreenshotAs(EventFiringWebDriver.java:303)
at com.qa.utils.TestUtil.takeScreenshotAtEndOfTest(TestUtil.java:179)
at com.qa.utils.WebEventListener.onException(WebEventListener.java:59)
at jdk.internal.reflect.GeneratedMethodAccessor7.invoke(Unknown Source)
at java.base/jdk.internal.reflect.DelegatingMethodAccessorImpl.invoke(DelegatingMethodAccessorImpl.java:43)
at java.base/java.lang.reflect.Method.invoke(Method.java:568)
at org.openqa.selenium.support.events.EventFiringWebDriver.lambda$new$0(EventFiringWebDriver.java:85)
at jdk.proxy2/jdk.proxy2.$Proxy13.onException(Unknown Source)
at org.openqa.selenium.support.events.EventFiringWebDriver.lambda$new$1(EventFiringWebDriver.java:108)
at jdk.proxy2/jdk.proxy2.$Proxy14.getScreenshotAs(Unknown Source)
at org.openqa.selenium.support.events.EventFiringWebDriver.getScreenshotAs(EventFiringWebDriver.java:303)
at com.qa.utils.TestUtil.takeScreenshotAtEndOfTest(TestUtil.java:179)
at com.qa.utils.WebEventListener.onException(WebEventListener.java:59)
at jdk.internal.reflect.GeneratedMethodAccessor7.invoke(Unknown Source)
at java.base/jdk.internal.reflect.DelegatingMethodAccessorImpl.invoke(DelegatingMethodAccessorImpl.java:43)
at java.base/java.lang.reflect.Method.invoke(Method.java:568)
at org.openqa.selenium.support.events.EventFiringWebDriver.lambda$new$0(EventFiringWebDriver.java:85)
at jdk.proxy2/jdk.proxy2.$Proxy13.onException(Unknown Source)
at org.openqa.selenium.support.events.EventFiringWebDriver.lambda$new$1(EventFiringWebDriver.java:108)
at jdk.proxy2/jdk.proxy2.$Proxy14.getScreenshotAs(Unknown Source)
at org.openqa.selenium.support.events.EventFiringWebDriver.getScreenshotAs(EventFiringWebDriver.java:303)
at com.qa.utils.TestUtil.takeScreenshotAtEndOfTest(TestUtil.java:179)
at com.qa.utils.WebEventListener.onException(WebEventListener.java:59)
at jdk.internal.reflect.GeneratedMethodAccessor7.invoke(Unknown Source)
at java.base/jdk.internal.reflect.DelegatingMethodAccessorImpl.invoke(DelegatingMethodAccessorImpl.java:43)
at java.base/java.lang.reflect.Method.invoke(Method.java:568)
at org.openqa.selenium.support.events.EventFiringWebDriver.lambda$new$0(EventFiringWebDriver.java:85)
at jdk.proxy2/jdk.proxy2.$Proxy13.onException(Unknown Source)
at org.openqa.selenium.support.events.EventFiringWebDriver.lambda$new$1(EventFiringWebDriver.java:108)
at jdk.proxy2/jdk.proxy2.$Proxy14.getScreenshotAs(Unknown Source)
at org.openqa.selenium.support.events.EventFiringWebDriver.getScreenshotAs(EventFiringWebDriver.java:303)
at com.qa.utils.TestUtil.takeScreenshotAtEndOfTest(TestUtil.java:179)
at com.qa.utils.WebEventListener.onException(WebEventListener.java:59)
at jdk.internal.reflect.GeneratedMethodAccessor7.invoke(Unknown Source)
at java.base/jdk.internal.reflect.DelegatingMethodAccessorImpl.invoke(DelegatingMethodAccessorImpl.java:43)
at java.base/java.lang.reflect.Method.invoke(Method.java:568)
at org.openqa.selenium.support.events.EventFiringWebDriver.lambda$new$0(EventFiringWebDriver.java:85)
at jdk.proxy2/jdk.proxy2.$Proxy13.onException(Unknown Source)
at org.openqa.selenium.support.events.EventFiringWebDriver.lambda$new$1(EventFiringWebDriver.java:108)
at jdk.proxy2/jdk.proxy2.$Proxy14.getScreenshotAs(Unknown Source)
at org.openqa.selenium.support.events.EventFiringWebDriver.getScreenshotAs(EventFiringWebDriver.java:303)
at com.qa.utils.TestUtil.takeScreenshotAtEndOfTest(TestUtil.java:179)
at com.qa.utils.WebEventListener.onException(WebEventListener.java:59)
at jdk.internal.reflect.GeneratedMethodAccessor7.invoke(Unknown Source)
at java.base/jdk.internal.reflect.DelegatingMethodAccessorImpl.invoke(DelegatingMethodAccessorImpl.java:43)
at java.base/java.lang.reflect.Method.invoke(Method.java:568)
at org.openqa.selenium.support.events.EventFiringWebDriver.lambda$new$0(EventFiringWebDriver.java:85)
at jdk.proxy2/jdk.proxy2.$Proxy13.onException(Unknown Source)
at org.openqa.selenium.support.events.EventFiringWebDriver.lambda$new$1(EventFiringWebDriver.java:108)
at jdk.proxy2/jdk.proxy2.$Proxy14.getScreenshotAs(Unknown Source)
at org.openqa.selenium.support.events.EventFiringWebDriver.getScreenshotAs(EventFiringWebDriver.java:303)
at com.qa.utils.TestUtil.takeScreenshotAtEndOfTest(TestUtil.java:179)
at com.qa.utils.WebEventListener.onException(WebEventListener.java:59)
at jdk.internal.reflect.GeneratedMethodAccessor7.invoke(Unknown Source)
at java.base/jdk.internal.reflect.DelegatingMethodAccessorImpl.invoke(DelegatingMethodAccessorImpl.java:43)
at java.base/java.lang.reflect.Method.invoke(Method.java:568)
at org.openqa.selenium.support.events.EventFiringWebDriver.lambda$new$0(EventFiringWebDriver.java:85)
at jdk.proxy2/jdk.proxy2.$Proxy13.onException(Unknown Source)
at org.openqa.selenium.support.events.EventFiringWebDriver.lambda$new$1(EventFiringWebDriver.java:108)
at jdk.proxy2/jdk.proxy2.$Proxy14.getScreenshotAs(Unknown Source)
at org.openqa.selenium.support.events.EventFiringWebDriver.getScreenshotAs(EventFiringWebDriver.java:303)
at com.qa.utils.TestUtil.takeScreenshotAtEndOfTest(TestUtil.java:179)
at com.qa.utils.WebEventListener.onException(WebEventListener.java:59)
at jdk.internal.reflect.GeneratedMethodAccessor7.invoke(Unknown Source)
at java.base/jdk.internal.reflect.DelegatingMethodAccessorImpl.invoke(DelegatingMethodAccessorImpl.java:43)
at java.base/java.lang.reflect.Method.invoke(Method.java:568)
at org.openqa.selenium.support.events.EventFiringWebDriver.lambda$new$0(EventFiringWebDriver.java:85)
at jdk.proxy2/jdk.proxy2.$Proxy13.onException(Unknown Source)
at org.openqa.selenium.support.events.EventFiringWebDriver.lambda$new$1(EventFiringWebDriver.java:108)
at jdk.proxy2/jdk.proxy2.$Proxy14.getScreenshotAs(Unknown Source)
at org.openqa.selenium.support.events.EventFiringWebDriver.getScreenshotAs(EventFiringWebDriver.java:303)
at com.qa.utils.TestUtil.takeScreenshotAtEndOfTest(TestUtil.java:179)
at com.qa.utils.WebEventListener.onException(WebEventListener.java:59)
at jdk.internal.reflect.GeneratedMethodAccessor7.invoke(Unknown Source)
at java.base/jdk.internal.reflect.DelegatingMethodAccessorImpl.invoke(DelegatingMethodAccessorImpl.java:43)
at java.base/java.lang.reflect.Method.invoke(Method.java:568)
at org.openqa.selenium.support.events.EventFiringWebDriver.lambda$new$0(EventFiringWebDriver.java:85)
at jdk.proxy2/jdk.proxy2.$Proxy13.onException(Unknown Source)
at org.openqa.selenium.support.events.EventFiringWebDriver.lambda$new$1(EventFiringWebDriver.java:108)
at jdk.proxy2/jdk.proxy2.$Proxy14.getScreenshotAs(Unknown Source)
at org.openqa.selenium.support.events.EventFiringWebDriver.getScreenshotAs(EventFiringWebDriver.java:303)
at com.qa.utils.TestUtil.takeScreenshotAtEndOfTest(TestUtil.java:179)
at com.qa.utils.WebEventListener.onException(WebEventListener.java:59)
at jdk.internal.reflect.GeneratedMethodAccessor7.invoke(Unknown Source)
at java.base/jdk.internal.reflect.DelegatingMethodAccessorImpl.invoke(DelegatingMethodAccessorImpl.java:43)
at java.base/java.lang.reflect.Method.invoke(Method.java:568)
at org.openqa.selenium.support.events.EventFiringWebDriver.lambda$new$0(EventFiringWebDriver.java:85)
at jdk.proxy2/jdk.proxy2.$Proxy13.onException(Unknown Source)
at org.openqa.selenium.support.events.EventFiringWebDriver.lambda$new$1(EventFiringWebDriver.java:108)
at jdk.proxy2/jdk.proxy2.$Proxy14.getScreenshotAs(Unknown Source)
at org.openqa.selenium.support.events.EventFiringWebDriver.getScreenshotAs(EventFiringWebDriver.java:303)
at com.qa.utils.TestUtil.takeScreenshotAtEndOfTest(TestUtil.java:179)
at com.qa.utils.WebEventListener.onException(WebEventListener.java:59)
at jdk.internal.reflect.GeneratedMethodAccessor7.invoke(Unknown Source)
at java.base/jdk.internal.reflect.DelegatingMethodAccessorImpl.invoke(DelegatingMethodAccessorImpl.java:43)
at java.base/java.lang.reflect.Method.invoke(Method.java:568)
at org.openqa.selenium.support.events.EventFiringWebDriver.lambda$new$0(EventFiringWebDriver.java:85)
at jdk.proxy2/jdk.proxy2.$Proxy13.onException(Unknown Source)
at org.openqa.selenium.support.events.EventFiringWebDriver.lambda$new$1(EventFiringWebDriver.java:108)
at jdk.proxy2/jdk.proxy2.$Proxy14.getScreenshotAs(Unknown Source)
at org.openqa.selenium.support.events.EventFiringWebDriver.getScreenshotAs(EventFiringWebDriver.java:303)
at com.qa.utils.TestUtil.takeScreenshotAtEndOfTest(TestUtil.java:179)
at com.qa.utils.WebEventListener.onException(WebEventListener.java:59)
at jdk.internal.reflect.GeneratedMethodAccessor7.invoke(Unknown Source)
at java.base/jdk.internal.reflect.DelegatingMethodAccessorImpl.invoke(DelegatingMethodAccessorImpl.java:43)
at java.base/java.lang.reflect.Method.invoke(Method.java:568)
at org.openqa.selenium.support.events.EventFiringWebDriver.lambda$new$0(EventFiringWebDriver.java:85)
at jdk.proxy2/jdk.proxy2.$Proxy13.onException(Unknown Source)
at org.openqa.selenium.support.events.EventFiringWebDriver.lambda$new$1(EventFiringWebDriver.java:108)
at jdk.proxy2/jdk.proxy2.$Proxy14.getScreenshotAs(Unknown Source)
at org.openqa.selenium.support.events.EventFiringWebDriver.getScreenshotAs(EventFiringWebDriver.java:303)
at com.qa.utils.TestUtil.takeScreenshotAtEndOfTest(TestUtil.java:179)
at com.qa.utils.WebEventListener.onException(WebEventListener.java:59)
at jdk.internal.reflect.GeneratedMethodAccessor7.invoke(Unknown Source)
at java.base/jdk.internal.reflect.DelegatingMethodAccessorImpl.invoke(DelegatingMethodAccessorImpl.java:43)
at java.base/java.lang.reflect.Method.invoke(Method.java:568)
at org.openqa.selenium.support.events.EventFiringWebDriver.lambda$new$0(EventFiringWebDriver.java:85)
at jdk.proxy2/jdk.proxy2.$Proxy13.onException(Unknown Source)
at org.openqa.selenium.support.events.EventFiringWebDriver.lambda$new$1(EventFiringWebDriver.java:108)
at jdk.proxy2/jdk.proxy2.$Proxy14.getScreenshotAs(Unknown Source)
at org.openqa.selenium.support.events.EventFiringWebDriver.getScreenshotAs(EventFiringWebDriver.java:303)
at com.qa.utils.TestUtil.takeScreenshotAtEndOfTest(TestUtil.java:179)
at com.qa.utils.WebEventListener.onException(WebEventListener.java:59)
at jdk.internal.reflect.GeneratedMethodAccessor7.invoke(Unknown Source)
at java.base/jdk.internal.reflect.DelegatingMethodAccessorImpl.invoke(DelegatingMethodAccessorImpl.java:43)
at java.base/java.lang.reflect.Method.invoke(Method.java:568)
at org.openqa.selenium.support.events.EventFiringWebDriver.lambda$new$0(EventFiringWebDriver.java:85)
at jdk.proxy2/jdk.proxy2.$Proxy13.onException(Unknown Source)
at org.openqa.selenium.support.events.EventFiringWebDriver.lambda$new$1(EventFiringWebDriver.java:108)
at jdk.proxy2/jdk.proxy2.$Proxy14.getScreenshotAs(Unknown Source)
at org.openqa.selenium.support.events.EventFiringWebDriver.getScreenshotAs(EventFiringWebDriver.java:303)
at com.qa.utils.TestUtil.takeScreenshotAtEndOfTest(TestUtil.java:179)
at com.qa.utils.WebEventListener.onException(WebEventListener.java:59)
at jdk.internal.reflect.GeneratedMethodAccessor7.invoke(Unknown Source)
at java.base/jdk.internal.reflect.DelegatingMethodAccessorImpl.invoke(DelegatingMethodAccessorImpl.java:43)
at java.base/java.lang.reflect.Method.invoke(Method.java:568)
at org.openqa.selenium.support.events.EventFiringWebDriver.lambda$new$0(EventFiringWebDriver.java:85)
at jdk.proxy2/jdk.proxy2.$Proxy13.onException(Unknown Source)
at org.openqa.selenium.support.events.EventFiringWebDriver.lambda$new$1(EventFiringWebDriver.java:108)
at jdk.proxy2/jdk.proxy2.$Proxy14.getScreenshotAs(Unknown Source)
at org.openqa.selenium.support.events.EventFiringWebDriver.getScreenshotAs(EventFiringWebDriver.java:303)
at com.qa.utils.TestUtil.takeScreenshotAtEndOfTest(TestUtil.java:179)
at com.qa.utils.WebEventListener.onException(WebEventListener.java:59)
at jdk.internal.reflect.GeneratedMethodAccessor7.invoke(Unknown Source)
at java.base/jdk.internal.reflect.DelegatingMethodAccessorImpl.invoke(DelegatingMethodAccessorImpl.java:43)
at java.base/java.lang.reflect.Method.invoke(Method.java:568)
at org.openqa.selenium.support.events.EventFiringWebDriver.lambda$new$0(EventFiringWebDriver.java:85)
at jdk.proxy2/jdk.proxy2.$Proxy13.onException(Unknown Source)
at org.openqa.selenium.support.events.EventFiringWebDriver.lambda$new$1(EventFiringWebDriver.java:108)
at jdk.proxy2/jdk.proxy2.$Proxy14.getScreenshotAs(Unknown Source)
at org.openqa.selenium.support.events.EventFiringWebDriver.getScreenshotAs(EventFiringWebDriver.java:303)
at com.qa.utils.TestUtil.takeScreenshotAtEndOfTest(TestUtil.java:179)
at com.qa.utils.WebEventListener.onException(WebEventListener.java:59)
at jdk.internal.reflect.GeneratedMethodAccessor7.invoke(Unknown Source)
at java.base/jdk.internal.reflect.DelegatingMethodAccessorImpl.invoke(DelegatingMethodAccessorImpl.java:43)
at java.base/java.lang.reflect.Method.invoke(Method.java:568)
at org.openqa.selenium.support.events.EventFiringWebDriver.lambda$new$0(EventFiringWebDriver.java:85)
at jdk.proxy2/jdk.proxy2.$Proxy13.onException(Unknown Source)
at org.openqa.selenium.support.events.EventFiringWebDriver.lambda$new$1(EventFiringWebDriver.java:108)
at jdk.proxy2/jdk.proxy2.$Proxy14.getScreenshotAs(Unknown Source)
at org.openqa.selenium.support.events.EventFiringWebDriver.getScreenshotAs(EventFiringWebDriver.java:303)
at com.qa.utils.TestUtil.takeScreenshotAtEndOfTest(TestUtil.java:179)
at com.qa.utils.WebEventListener.onException(WebEventListener.java:59)
at jdk.internal.reflect.GeneratedMethodAccessor7.invoke(Unknown Source)
at java.base/jdk.internal.reflect.DelegatingMethodAccessorImpl.invoke(DelegatingMethodAccessorImpl.java:43)
at java.base/java.lang.reflect.Method.invoke(Method.java:568)
at org.openqa.selenium.support.events.EventFiringWebDriver.lambda$new$0(EventFiringWebDriver.java:85)
at jdk.proxy2/jdk.proxy2.$Proxy13.onException(Unknown Source)
at org.openqa.selenium.support.events.EventFiringWebDriver.lambda$new$1(EventFiringWebDriver.java:108)
at jdk.proxy2/jdk.proxy2.$Proxy14.getScreenshotAs(Unknown Source)
at org.openqa.selenium.support.events.EventFiringWebDriver.getScreenshotAs(EventFiringWebDriver.java:303)
at com.qa.utils.TestUtil.takeScreenshotAtEndOfTest(TestUtil.java:179)
at com.qa.utils.WebEventListener.onException(WebEventListener.java:59)
at jdk.internal.reflect.GeneratedMethodAccessor7.invoke(Unknown Source)
at java.base/jdk.internal.reflect.DelegatingMethodAccessorImpl.invoke(DelegatingMethodAccessorImpl.java:43)
at java.base/java.lang.reflect.Method.invoke(Method.java:568)
at org.openqa.selenium.support.events.EventFiringWebDriver.lambda$new$0(EventFiringWebDriver.java:85)
at jdk.proxy2/jdk.proxy2.$Proxy13.onException(Unknown Source)
at org.openqa.selenium.support.events.EventFiringWebDriver.lambda$new$1(EventFiringWebDriver.java:108)
at jdk.proxy2/jdk.proxy2.$Proxy14.getScreenshotAs(Unknown Source)
at org.openqa.selenium.support.events.EventFiringWebDriver.getScreenshotAs(EventFiringWebDriver.java:303)
at com.qa.utils.TestUtil.takeScreenshotAtEndOfTest(TestUtil.java:179)
at com.qa.utils.WebEventListener.onException(WebEventListener.java:59)
at jdk.internal.reflect.GeneratedMethodAccessor7.invoke(Unknown Source)
at java.base/jdk.internal.reflect.DelegatingMethodAccessorImpl.invoke(DelegatingMethodAccessorImpl.java:43)
at java.base/java.lang.reflect.Method.invoke(Method.java:568)
at org.openqa.selenium.support.events.EventFiringWebDriver.lambda$new$0(EventFiringWebDriver.java:85)
at jdk.proxy2/jdk.proxy2.$Proxy13.onException(Unknown Source)
at org.openqa.selenium.support.events.EventFiringWebDriver.lambda$new$1(EventFiringWebDriver.java:108)
at jdk.proxy2/jdk.proxy2.$Proxy14.getScreenshotAs(Unknown Source)
at org.openqa.selenium.support.events.EventFiringWebDriver.getScreenshotAs(EventFiringWebDriver.java:303)
at com.qa.utils.TestUtil.takeScreenshotAtEndOfTest(TestUtil.java:179)
at com.qa.utils.WebEventListener.onException(WebEventListener.java:59)
at jdk.internal.reflect.GeneratedMethodAccessor7.invoke(Unknown Source)
at java.base/jdk.internal.reflect.DelegatingMethodAccessorImpl.invoke(DelegatingMethodAccessorImpl.java:43)
at java.base/java.lang.reflect.Method.invoke(Method.java:568)
at org.openqa.selenium.support.events.EventFiringWebDriver.lambda$new$0(EventFiringWebDriver.java:85)
at jdk.proxy2/jdk.proxy2.$Proxy13.onException(Unknown Source)
at org.openqa.selenium.support.events.EventFiringWebDriver.lambda$new$1(EventFiringWebDriver.java:108)
at jdk.proxy2/jdk.proxy2.$Proxy14.getScreenshotAs(Unknown Source)
at org.openqa.selenium.support.events.EventFiringWebDriver.getScreenshotAs(EventFiringWebDriver.java:303)
at com.qa.utils.TestUtil.takeScreenshotAtEndOfTest(TestUtil.java:179)
at com.qa.utils.WebEventListener.onException(WebEventListener.java:59)
at jdk.internal.reflect.GeneratedMethodAccessor7.invoke(Unknown Source)
at java.base/jdk.internal.reflect.DelegatingMethodAccessorImpl.invoke(DelegatingMethodAccessorImpl.java:43)
at java.base/java.lang.reflect.Method.invoke(Method.java:568)
at org.openqa.selenium.support.events.EventFiringWebDriver.lambda$new$0(EventFiringWebDriver.java:85)
at jdk.proxy2/jdk.proxy2.$Proxy13.onException(Unknown Source)
at org.openqa.selenium.support.events.EventFiringWebDriver.lambda$new$1(EventFiringWebDriver.java:108)
at jdk.proxy2/jdk.proxy2.$Proxy14.getScreenshotAs(Unknown Source)
at org.openqa.selenium.support.events.EventFiringWebDriver.getScreenshotAs(EventFiringWebDriver.java:303)
at com.qa.utils.TestUtil.takeScreenshotAtEndOfTest(TestUtil.java:179)
at com.qa.utils.WebEventListener.onException(WebEventListener.java:59)
at jdk.internal.reflect.GeneratedMethodAccessor7.invoke(Unknown Source)
at java.base/jdk.internal.reflect.DelegatingMethodAccessorImpl.invoke(DelegatingMethodAccessorImpl.java:43)
at java.base/java.lang.reflect.Method.invoke(Method.java:568)
at org.openqa.selenium.support.events.EventFiringWebDriver.lambda$new$0(EventFiringWebDriver.java:85)
at jdk.proxy2/jdk.proxy2.$Proxy13.onException(Unknown Source)
at org.openqa.selenium.support.events.EventFiringWebDriver.lambda$new$1(EventFiringWebDriver.java:108)
at jdk.proxy2/jdk.proxy2.$Proxy14.getScreenshotAs(Unknown Source)
at org.openqa.selenium.support.events.EventFiringWebDriver.getScreenshotAs(EventFiringWebDriver.java:303)
at com.qa.utils.TestUtil.takeScreenshotAtEndOfTest(TestUtil.java:179)
at com.qa.utils.WebEventListener.onException(WebEventListener.java:59)
at jdk.internal.reflect.GeneratedMethodAccessor7.invoke(Unknown Source)
at java.base/jdk.internal.reflect.DelegatingMethodAccessorImpl.invoke(DelegatingMethodAccessorImpl.java:43)
at java.base/java.lang.reflect.Method.invoke(Method.java:568)
at org.openqa.selenium.support.events.EventFiringWebDriver.lambda$new$0(EventFiringWebDriver.java:85)
at jdk.proxy2/jdk.proxy2.$Proxy13.onException(Unknown Source)
at org.openqa.selenium.support.events.EventFiringWebDriver.lambda$new$1(EventFiringWebDriver.java:108)
at jdk.proxy2/jdk.proxy2.$Proxy14.getScreenshotAs(Unknown Source)
at org.openqa.selenium.support.events.EventFiringWebDriver.getScreenshotAs(EventFiringWebDriver.java:303)
at com.qa.utils.TestUtil.takeScreenshotAtEndOfTest(TestUtil.java:179)
at com.qa.utils.WebEventListener.onException(WebEventListener.java:59)
at jdk.internal.reflect.GeneratedMethodAccessor7.invoke(Unknown Source)
at java.base/jdk.internal.reflect.DelegatingMethodAccessorImpl.invoke(DelegatingMethodAccessorImpl.java:43)
at java.base/java.lang.reflect.Method.invoke(Method.java:568)
at org.openqa.selenium.support.events.EventFiringWebDriver.lambda$new$0(EventFiringWebDriver.java:85)
at jdk.proxy2/jdk.proxy2.$Proxy13.onException(Unknown Source)
at org.openqa.selenium.support.events.EventFiringWebDriver.lambda$new$1(EventFiringWebDriver.java:108)
at jdk.proxy2/jdk.proxy2.$Proxy14.getScreenshotAs(Unknown Source)
at org.openqa.selenium.support.events.EventFiringWebDriver.getScreenshotAs(EventFiringWebDriver.java:303)
at com.qa.utils.TestUtil.takeScreenshotAtEndOfTest(TestUtil.java:179)
at com.qa.utils.WebEventListener.onException(WebEventListener.java:59)
at jdk.internal.reflect.GeneratedMethodAccessor7.invoke(Unknown Source)
at java.base/jdk.internal.reflect.DelegatingMethodAccessorImpl.invoke(DelegatingMethodAccessorImpl.java:43)
at java.base/java.lang.reflect.Method.invoke(Method.java:568)
at org.openqa.selenium.support.events.EventFiringWebDriver.lambda$new$0(EventFiringWebDriver.java:85)
at jdk.proxy2/jdk.proxy2.$Proxy13.onException(Unknown Source)
at org.openqa.selenium.support.events.EventFiringWebDriver.lambda$new$1(EventFiringWebDriver.java:108)
at jdk.proxy2/jdk.proxy2.$Proxy14.getScreenshotAs(Unknown Source)
at org.openqa.selenium.support.events.EventFiringWebDriver.getScreenshotAs(EventFiringWebDriver.java:303)
at com.qa.utils.TestUtil.takeScreenshotAtEndOfTest(TestUtil.java:179)
at com.qa.utils.WebEventListener.onException(WebEventListener.java:59)
at jdk.internal.reflect.GeneratedMethodAccessor7.invoke(Unknown Source)
at java.base/jdk.internal.reflect.DelegatingMethodAccessorImpl.invoke(DelegatingMethodAccessorImpl.java:43)
at java.base/java.lang.reflect.Method.invoke(Method.java:568)
at org.openqa.selenium.support.events.EventFiringWebDriver.lambda$new$0(EventFiringWebDriver.java:85)
at jdk.proxy2/jdk.proxy2.$Proxy13.onException(Unknown Source)
at org.openqa.selenium.support.events.EventFiringWebDriver.lambda$new$1(EventFiringWebDriver.java:108)
at jdk.proxy2/jdk.proxy2.$Proxy14.getScreenshotAs(Unknown Source)
at org.openqa.selenium.support.events.EventFiringWebDriver.getScreenshotAs(EventFiringWebDriver.java:303)
at com.qa.utils.TestUtil.takeScreenshotAtEndOfTest(TestUtil.java:179)
at com.qa.utils.WebEventListener.onException(WebEventListener.java:59)
at jdk.internal.reflect.GeneratedMethodAccessor7.invoke(Unknown Source)
at java.base/jdk.internal.reflect.DelegatingMethodAccessorImpl.invoke(DelegatingMethodAccessorImpl.java:43)
at java.base/java.lang.reflect.Method.invoke(Method.java:568)
at org.openqa.selenium.support.events.EventFiringWebDriver.lambda$new$0(EventFiringWebDriver.java:85)
at jdk.proxy2/jdk.proxy2.$Proxy13.onException(Unknown Source)
at org.openqa.selenium.support.events.EventFiringWebDriver.lambda$new$1(EventFiringWebDriver.java:108)
at jdk.proxy2/jdk.proxy2.$Proxy14.getScreenshotAs(Unknown Source)
at org.openqa.selenium.support.events.EventFiringWebDriver.getScreenshotAs(EventFiringWebDriver.java:303)
at com.qa.utils.TestUtil.takeScreenshotAtEndOfTest(TestUtil.java:179)
at com.qa.utils.WebEventListener.onException(WebEventListener.java:59)
at jdk.internal.reflect.GeneratedMethodAccessor7.invoke(Unknown Source)
at java.base/jdk.internal.reflect.DelegatingMethodAccessorImpl.invoke(DelegatingMethodAccessorImpl.java:43)
at java.base/java.lang.reflect.Method.invoke(Method.java:568)
at org.openqa.selenium.support.events.EventFiringWebDriver.lambda$new$0(EventFiringWebDriver.java:85)
at jdk.proxy2/jdk.proxy2.$Proxy13.onException(Unknown Source)
at org.openqa.selenium.support.events.EventFiringWebDriver.lambda$new$1(EventFiringWebDriver.java:108)
at jdk.proxy2/jdk.proxy2.$Proxy14.getScreenshotAs(Unknown Source)
at org.openqa.selenium.support.events.EventFiringWebDriver.getScreenshotAs(EventFiringWebDriver.java:303)
at com.qa.utils.TestUtil.takeScreenshotAtEndOfTest(TestUtil.java:179)
at com.qa.utils.WebEventListener.onException(WebEventListener.java:59)
at jdk.internal.reflect.GeneratedMethodAccessor7.invoke(Unknown Source)
at java.base/jdk.internal.reflect.DelegatingMethodAccessorImpl.invoke(DelegatingMethodAccessorImpl.java:43)
at java.base/java.lang.reflect.Method.invoke(Method.java:568)
at org.openqa.selenium.support.events.EventFiringWebDriver.lambda$new$0(EventFiringWebDriver.java:85)
at jdk.proxy2/jdk.proxy2.$Proxy13.onException(Unknown Source)
at org.openqa.selenium.support.events.EventFiringWebDriver.lambda$new$1(EventFiringWebDriver.java:108)
at jdk.proxy2/jdk.proxy2.$Proxy14.getScreenshotAs(Unknown Source)
at org.openqa.selenium.support.events.EventFiringWebDriver.getScreenshotAs(EventFiringWebDriver.java:303)
at com.qa.utils.TestUtil.takeScreenshotAtEndOfTest(TestUtil.java:179)
at com.qa.utils.WebEventListener.onException(WebEventListener.java:59)
at jdk.internal.reflect.GeneratedMethodAccessor7.invoke(Unknown Source)
at java.base/jdk.internal.reflect.DelegatingMethodAccessorImpl.invoke(DelegatingMethodAccessorImpl.java:43)
at java.base/java.lang.reflect.Method.invoke(Method.java:568)
at org.openqa.selenium.support.events.EventFiringWebDriver.lambda$new$0(EventFiringWebDriver.java:85)
at jdk.proxy2/jdk.proxy2.$Proxy13.onException(Unknown Source)
at org.openqa.selenium.support.events.EventFiringWebDriver.lambda$new$1(EventFiringWebDriver.java:108)
at jdk.proxy2/jdk.proxy2.$Proxy14.getScreenshotAs(Unknown Source)
at org.openqa.selenium.support.events.EventFiringWebDriver.getScreenshotAs(EventFiringWebDriver.java:303)
at com.qa.utils.TestUtil.takeScreenshotAtEndOfTest(TestUtil.java:179)
at com.qa.utils.WebEventListener.onException(WebEventListener.java:59)
at jdk.internal.reflect.GeneratedMethodAccessor7.invoke(Unknown Source)
at java.base/jdk.internal.reflect.DelegatingMethodAccessorImpl.invoke(DelegatingMethodAccessorImpl.java:43)
at java.base/java.lang.reflect.Method.invoke(Method.java:568)
at org.openqa.selenium.support.events.EventFiringWebDriver.lambda$new$0(EventFiringWebDriver.java:85)
at jdk.proxy2/jdk.proxy2.$Proxy13.onException(Unknown Source)
at org.openqa.selenium.support.events.EventFiringWebDriver.lambda$new$1(EventFiringWebDriver.java:108)
at jdk.proxy2/jdk.proxy2.$Proxy14.getScreenshotAs(Unknown Source)
at org.openqa.selenium.support.events.EventFiringWebDriver.getScreenshotAs(EventFiringWebDriver.java:303)
at com.qa.utils.TestUtil.takeScreenshotAtEndOfTest(TestUtil.java:179)
at com.qa.utils.WebEventListener.onException(WebEventListener.java:59)
at jdk.internal.reflect.GeneratedMethodAccessor7.invoke(Unknown Source)
at java.base/jdk.internal.reflect.DelegatingMethodAccessorImpl.invoke(DelegatingMethodAccessorImpl.java:43)
at java.base/java.lang.reflect.Method.invoke(Method.java:568)
at org.openqa.selenium.support.events.EventFiringWebDriver.lambda$new$0(EventFiringWebDriver.java:85)
at jdk.proxy2/jdk.proxy2.$Proxy13.onException(Unknown Source)
at org.openqa.selenium.support.events.EventFiringWebDriver.lambda$new$1(EventFiringWebDriver.java:108)
at jdk.proxy2/jdk.proxy2.$Proxy14.getScreenshotAs(Unknown Source)
at org.openqa.selenium.support.events.EventFiringWebDriver.getScreenshotAs(EventFiringWebDriver.java:303)
at com.qa.utils.TestUtil.takeScreenshotAtEndOfTest(TestUtil.java:179)
at com.qa.utils.WebEventListener.onException(WebEventListener.java:59)
at jdk.internal.reflect.GeneratedMethodAccessor7.invoke(Unknown Source)
at java.base/jdk.internal.reflect.DelegatingMethodAccessorImpl.invoke(DelegatingMethodAccessorImpl.java:43)
at java.base/java.lang.reflect.Method.invoke(Method.java:568)
at org.openqa.selenium.support.events.EventFiringWebDriver.lambda$new$0(EventFiringWebDriver.java:85)
at jdk.proxy2/jdk.proxy2.$Proxy13.onException(Unknown Source)
at org.openqa.selenium.support.events.EventFiringWebDriver.lambda$new$1(EventFiringWebDriver.java:108)
at jdk.proxy2/jdk.proxy2.$Proxy14.getScreenshotAs(Unknown Source)
at org.openqa.selenium.support.events.EventFiringWebDriver.getScreenshotAs(EventFiringWebDriver.java:303)
at com.qa.utils.TestUtil.takeScreenshotAtEndOfTest(TestUtil.java:179)
at com.qa.utils.WebEventListener.onException(WebEventListener.java:59)
at jdk.internal.reflect.GeneratedMethodAccessor7.invoke(Unknown Source)
at java.base/jdk.internal.reflect.DelegatingMethodAccessorImpl.invoke(DelegatingMethodAccessorImpl.java:43)
at java.base/java.lang.reflect.Method.invoke(Method.java:568)
at org.openqa.selenium.support.events.EventFiringWebDriver.lambda$new$0(EventFiringWebDriver.java:85)
at jdk.proxy2/jdk.proxy2.$Proxy13.onException(Unknown Source)
at org.openqa.selenium.support.events.EventFiringWebDriver.lambda$new$1(EventFiringWebDriver.java:108)
at jdk.proxy2/jdk.proxy2.$Proxy14.getScreenshotAs(Unknown Source)
at org.openqa.selenium.support.events.EventFiringWebDriver.getScreenshotAs(EventFiringWebDriver.java:303)
at com.qa.utils.TestUtil.takeScreenshotAtEndOfTest(TestUtil.java:179)
at com.qa.utils.WebEventListener.onException(WebEventListener.java:59)
at jdk.internal.reflect.GeneratedMethodAccessor7.invoke(Unknown Source)
at java.base/jdk.internal.reflect.DelegatingMethodAccessorImpl.invoke(DelegatingMethodAccessorImpl.java:43)
at java.base/java.lang.reflect.Method.invoke(Method.java:568)
at org.openqa.selenium.support.events.EventFiringWebDriver.lambda$new$0(EventFiringWebDriver.java:85)
at jdk.proxy2/jdk.proxy2.$Proxy13.onException(Unknown Source)
at org.openqa.selenium.support.events.EventFiringWebDriver.lambda$new$1(EventFiringWebDriver.java:108)
at jdk.proxy2/jdk.proxy2.$Proxy14.getScreenshotAs(Unknown Source)
at org.openqa.selenium.support.events.EventFiringWebDriver.getScreenshotAs(EventFiringWebDriver.java:303)
at com.qa.utils.TestUtil.takeScreenshotAtEndOfTest(TestUtil.java:179)
at com.qa.utils.WebEventListener.onException(WebEventListener.java:59)
at jdk.internal.reflect.GeneratedMethodAccessor7.invoke(Unknown Source)
at java.base/jdk.internal.reflect.DelegatingMethodAccessorImpl.invoke(DelegatingMethodAccessorImpl.java:43)
at java.base/java.lang.reflect.Method.invoke(Method.java:568)
at org.openqa.selenium.support.events.EventFiringWebDriver.lambda$new$0(EventFiringWebDriver.java:85)
at jdk.proxy2/jdk.proxy2.$Proxy13.onException(Unknown Source)
at org.openqa.selenium.support.events.EventFiringWebDriver.lambda$new$1(EventFiringWebDriver.java:108)
at jdk.proxy2/jdk.proxy2.$Proxy14.getScreenshotAs(Unknown Source)
at org.openqa.selenium.support.events.EventFiringWebDriver.getScreenshotAs(EventFiringWebDriver.java:303)
at com.qa.utils.TestUtil.takeScreenshotAtEndOfTest(TestUtil.java:179)
at com.qa.utils.WebEventListener.onException(WebEventListener.java:59)
at jdk.internal.reflect.GeneratedMethodAccessor7.invoke(Unknown Source)
at java.base/jdk.internal.reflect.DelegatingMethodAccessorImpl.invoke(DelegatingMethodAccessorImpl.java:43)
at java.base/java.lang.reflect.Method.invoke(Method.java:568)
at org.openqa.selenium.support.events.EventFiringWebDriver.lambda$new$0(EventFiringWebDriver.java:85)
at jdk.proxy2/jdk.proxy2.$Proxy13.onException(Unknown Source)
at org.openqa.selenium.support.events.EventFiringWebDriver.lambda$new$1(EventFiringWebDriver.java:108)
at jdk.proxy2/jdk.proxy2.$Proxy14.getScreenshotAs(Unknown Source)
at org.openqa.selenium.support.events.EventFiringWebDriver.getScreenshotAs(EventFiringWebDriver.java:303)
at com.qa.utils.TestUtil.takeScreenshotAtEndOfTest(TestUtil.java:179)
at com.qa.utils.WebEventListener.onException(WebEventListener.java:59)
at jdk.internal.reflect.GeneratedMethodAccessor7.invoke(Unknown Source)
at java.base/jdk.internal.reflect.DelegatingMethodAccessorImpl.invoke(DelegatingMethodAccessorImpl.java:43)
at java.base/java.lang.reflect.Method.invoke(Method.java:568)
at org.openqa.selenium.support.events.EventFiringWebDriver.lambda$new$0(EventFiringWebDriver.java:85)
at jdk.proxy2/jdk.proxy2.$Proxy13.onException(Unknown Source)
at org.openqa.selenium.support.events.EventFiringWebDriver.lambda$new$1(EventFiringWebDriver.java:108)
at jdk.proxy2/jdk.proxy2.$Proxy14.getScreenshotAs(Unknown Source)
at org.openqa.selenium.support.events.EventFiringWebDriver.getScreenshotAs(EventFiringWebDriver.java:303)
at com.qa.utils.TestUtil.takeScreenshotAtEndOfTest(TestUtil.java:179)
at com.qa.utils.WebEventListener.onException(WebEventListener.java:59)
at jdk.internal.reflect.GeneratedMethodAccessor7.invoke(Unknown Source)
at java.base/jdk.internal.reflect.DelegatingMethodAccessorImpl.invoke(DelegatingMethodAccessorImpl.java:43)
at java.base/java.lang.reflect.Method.invoke(Method.java:568)
at org.openqa.selenium.support.events.EventFiringWebDriver.lambda$new$0(EventFiringWebDriver.java:85)
at jdk.proxy2/jdk.proxy2.$Proxy13.onException(Unknown Source)
at org.openqa.selenium.support.events.EventFiringWebDriver.lambda$new$1(EventFiringWebDriver.java:108)
at jdk.proxy2/jdk.proxy2.$Proxy14.getScreenshotAs(Unknown Source)
at org.openqa.selenium.support.events.EventFiringWebDriver.getScreenshotAs(EventFiringWebDriver.java:303)
at com.qa.utils.TestUtil.takeScreenshotAtEndOfTest(TestUtil.java:179)
at com.qa.utils.WebEventListener.onException(WebEventListener.java:59)
at jdk.internal.reflect.GeneratedMethodAccessor7.invoke(Unknown Source)
at java.base/jdk.internal.reflect.DelegatingMethodAccessorImpl.invoke(DelegatingMethodAccessorImpl.java:43)
at java.base/java.lang.reflect.Method.invoke(Method.java:568)
at org.openqa.selenium.support.events.EventFiringWebDriver.lambda$new$0(EventFiringWebDriver.java:85)
at jdk.proxy2/jdk.proxy2.$Proxy13.onException(Unknown Source)
at org.openqa.selenium.support.events.EventFiringWebDriver.lambda$new$1(EventFiringWebDriver.java:108)
at jdk.proxy2/jdk.proxy2.$Proxy14.getScreenshotAs(Unknown Source)
at org.openqa.selenium.support.events.EventFiringWebDriver.getScreenshotAs(EventFiringWebDriver.java:303)
at com.qa.utils.TestUtil.takeScreenshotAtEndOfTest(TestUtil.java:179)
at com.qa.utils.WebEventListener.onException(WebEventListener.java:59)
at jdk.internal.reflect.GeneratedMethodAccessor7.invoke(Unknown Source)
at java.base/jdk.internal.reflect.DelegatingMethodAccessorImpl.invoke(DelegatingMethodAccessorImpl.java:43)
at java.base/java.lang.reflect.Method.invoke(Method.java:568)
at org.openqa.selenium.support.events.EventFiringWebDriver.lambda$new$0(EventFiringWebDriver.java:85)
at jdk.proxy2/jdk.proxy2.$Proxy13.onException(Unknown Source)
at org.openqa.selenium.support.events.EventFiringWebDriver.lambda$new$1(EventFiringWebDriver.java:108)
at jdk.proxy2/jdk.proxy2.$Proxy14.getScreenshotAs(Unknown Source)
at org.openqa.selenium.support.events.EventFiringWebDriver.getScreenshotAs(EventFiringWebDriver.java:303)
at com.qa.utils.TestUtil.takeScreenshotAtEndOfTest(TestUtil.java:179)
at com.qa.utils.WebEventListener.onException(WebEventListener.java:59)
at jdk.internal.reflect.GeneratedMethodAccessor7.invoke(Unknown Source)
at java.base/jdk.internal.reflect.DelegatingMethodAccessorImpl.invoke(DelegatingMethodAccessorImpl.java:43)
at java.base/java.lang.reflect.Method.invoke(Method.java:568)
at org.openqa.selenium.support.events.EventFiringWebDriver.lambda$new$0(EventFiringWebDriver.java:85)
at jdk.proxy2/jdk.proxy2.$Proxy13.onException(Unknown Source)
at org.openqa.selenium.support.events.EventFiringWebDriver.lambda$new$1(EventFiringWebDriver.java:108)
at jdk.proxy2/jdk.proxy2.$Proxy14.getScreenshotAs(Unknown Source)
at org.openqa.selenium.support.events.EventFiringWebDriver.getScreenshotAs(EventFiringWebDriver.java:303)
at com.qa.utils.TestUtil.takeScreenshotAtEndOfTest(TestUtil.java:179)
at com.qa.utils.WebEventListener.onException(WebEventListener.java:59)
at jdk.internal.reflect.GeneratedMethodAccessor7.invoke(Unknown Source)
at java.base/jdk.internal.reflect.DelegatingMethodAccessorImpl.invoke(DelegatingMethodAccessorImpl.java:43)
at java.base/java.lang.reflect.Method.invoke(Method.java:568)
at org.openqa.selenium.support.events.EventFiringWebDriver.lambda$new$0(EventFiringWebDriver.java:85)
at jdk.proxy2/jdk.proxy2.$Proxy13.onException(Unknown Source)
at org.openqa.selenium.support.events.EventFiringWebDriver.lambda$new$1(EventFiringWebDriver.java:108)
at jdk.proxy2/jdk.proxy2.$Proxy14.getScreenshotAs(Unknown Source)
at org.openqa.selenium.support.events.EventFiringWebDriver.getScreenshotAs(EventFiringWebDriver.java:303)
at com.qa.utils.TestUtil.takeScreenshotAtEndOfTest(TestUtil.java:179)
at com.qa.utils.WebEventListener.onException(WebEventListener.java:59)
at jdk.internal.reflect.GeneratedMethodAccessor7.invoke(Unknown Source)
at java.base/jdk.internal.reflect.DelegatingMethodAccessorImpl.invoke(DelegatingMethodAccessorImpl.java:43)
at java.base/java.lang.reflect.Method.invoke(Method.java:568)
at org.openqa.selenium.support.events.EventFiringWebDriver.lambda$new$0(EventFiringWebDriver.java:85)
at jdk.proxy2/jdk.proxy2.$Proxy13.onException(Unknown Source)
at org.openqa.selenium.support.events.EventFiringWebDriver.lambda$new$1(EventFiringWebDriver.java:108)
at jdk.proxy2/jdk.proxy2.$Proxy14.getScreenshotAs(Unknown Source)
at org.openqa.selenium.support.events.EventFiringWebDriver.getScreenshotAs(EventFiringWebDriver.java:303)
at com.qa.utils.TestUtil.takeScreenshotAtEndOfTest(TestUtil.java:179)
at com.qa.utils.WebEventListener.onException(WebEventListener.java:59)
at jdk.internal.reflect.GeneratedMethodAccessor7.invoke(Unknown Source)
at java.base/jdk.internal.reflect.DelegatingMethodAccessorImpl.invoke(DelegatingMethodAccessorImpl.java:43)
at java.base/java.lang.reflect.Method.invoke(Method.java:568)
at org.openqa.selenium.support.events.EventFiringWebDriver.lambda$new$0(EventFiringWebDriver.java:85)
at jdk.proxy2/jdk.proxy2.$Proxy13.onException(Unknown Source)
at org.openqa.selenium.support.events.EventFiringWebDriver.lambda$new$1(EventFiringWebDriver.java:108)
at jdk.proxy2/jdk.proxy2.$Proxy14.getScreenshotAs(Unknown Source)
at org.openqa.selenium.support.events.EventFiringWebDriver.getScreenshotAs(EventFiringWebDriver.java:303)
at com.qa.utils.TestUtil.takeScreenshotAtEndOfTest(TestUtil.java:179)
]]>
    </error>
  </testcase> <!-- Verify_fill_data_JangadExpenseDetails -->
  <system-out/>
  <testcase classname="com.qa.testcases.inwardlist.JobWorkRoughListPageTest" name="Verify_ValidateConfirmationRecord" time="2.072">
    <error type="java.lang.StackOverflowError">
      <![CDATA[java.lang.StackOverflowError
at java.base/java.lang.StringBuilder.<init>(StringBuilder.java:131)
at com.qa.utils.WebEventListener.onException(WebEventListener.java:57)
at jdk.internal.reflect.GeneratedMethodAccessor7.invoke(Unknown Source)
at java.base/jdk.internal.reflect.DelegatingMethodAccessorImpl.invoke(DelegatingMethodAccessorImpl.java:43)
at java.base/java.lang.reflect.Method.invoke(Method.java:568)
at org.openqa.selenium.support.events.EventFiringWebDriver.lambda$new$0(EventFiringWebDriver.java:85)
at jdk.proxy2/jdk.proxy2.$Proxy13.onException(Unknown Source)
at org.openqa.selenium.support.events.EventFiringWebDriver.lambda$new$1(EventFiringWebDriver.java:108)
at jdk.proxy2/jdk.proxy2.$Proxy14.getScreenshotAs(Unknown Source)
at org.openqa.selenium.support.events.EventFiringWebDriver.getScreenshotAs(EventFiringWebDriver.java:303)
at com.qa.utils.TestUtil.takeScreenshotAtEndOfTest(TestUtil.java:179)
at com.qa.utils.WebEventListener.onException(WebEventListener.java:59)
at jdk.internal.reflect.GeneratedMethodAccessor7.invoke(Unknown Source)
at java.base/jdk.internal.reflect.DelegatingMethodAccessorImpl.invoke(DelegatingMethodAccessorImpl.java:43)
at java.base/java.lang.reflect.Method.invoke(Method.java:568)
at org.openqa.selenium.support.events.EventFiringWebDriver.lambda$new$0(EventFiringWebDriver.java:85)
at jdk.proxy2/jdk.proxy2.$Proxy13.onException(Unknown Source)
at org.openqa.selenium.support.events.EventFiringWebDriver.lambda$new$1(EventFiringWebDriver.java:108)
at jdk.proxy2/jdk.proxy2.$Proxy14.getScreenshotAs(Unknown Source)
at org.openqa.selenium.support.events.EventFiringWebDriver.getScreenshotAs(EventFiringWebDriver.java:303)
at com.qa.utils.TestUtil.takeScreenshotAtEndOfTest(TestUtil.java:179)
at com.qa.utils.WebEventListener.onException(WebEventListener.java:59)
at jdk.internal.reflect.GeneratedMethodAccessor7.invoke(Unknown Source)
at java.base/jdk.internal.reflect.DelegatingMethodAccessorImpl.invoke(DelegatingMethodAccessorImpl.java:43)
at java.base/java.lang.reflect.Method.invoke(Method.java:568)
at org.openqa.selenium.support.events.EventFiringWebDriver.lambda$new$0(EventFiringWebDriver.java:85)
at jdk.proxy2/jdk.proxy2.$Proxy13.onException(Unknown Source)
at org.openqa.selenium.support.events.EventFiringWebDriver.lambda$new$1(EventFiringWebDriver.java:108)
at jdk.proxy2/jdk.proxy2.$Proxy14.getScreenshotAs(Unknown Source)
at org.openqa.selenium.support.events.EventFiringWebDriver.getScreenshotAs(EventFiringWebDriver.java:303)
at com.qa.utils.TestUtil.takeScreenshotAtEndOfTest(TestUtil.java:179)
at com.qa.utils.WebEventListener.onException(WebEventListener.java:59)
at jdk.internal.reflect.GeneratedMethodAccessor7.invoke(Unknown Source)
at java.base/jdk.internal.reflect.DelegatingMethodAccessorImpl.invoke(DelegatingMethodAccessorImpl.java:43)
at java.base/java.lang.reflect.Method.invoke(Method.java:568)
at org.openqa.selenium.support.events.EventFiringWebDriver.lambda$new$0(EventFiringWebDriver.java:85)
at jdk.proxy2/jdk.proxy2.$Proxy13.onException(Unknown Source)
at org.openqa.selenium.support.events.EventFiringWebDriver.lambda$new$1(EventFiringWebDriver.java:108)
at jdk.proxy2/jdk.proxy2.$Proxy14.getScreenshotAs(Unknown Source)
at org.openqa.selenium.support.events.EventFiringWebDriver.getScreenshotAs(EventFiringWebDriver.java:303)
at com.qa.utils.TestUtil.takeScreenshotAtEndOfTest(TestUtil.java:179)
at com.qa.utils.WebEventListener.onException(WebEventListener.java:59)
at jdk.internal.reflect.GeneratedMethodAccessor7.invoke(Unknown Source)
at java.base/jdk.internal.reflect.DelegatingMethodAccessorImpl.invoke(DelegatingMethodAccessorImpl.java:43)
at java.base/java.lang.reflect.Method.invoke(Method.java:568)
at org.openqa.selenium.support.events.EventFiringWebDriver.lambda$new$0(EventFiringWebDriver.java:85)
at jdk.proxy2/jdk.proxy2.$Proxy13.onException(Unknown Source)
at org.openqa.selenium.support.events.EventFiringWebDriver.lambda$new$1(EventFiringWebDriver.java:108)
at jdk.proxy2/jdk.proxy2.$Proxy14.getScreenshotAs(Unknown Source)
at org.openqa.selenium.support.events.EventFiringWebDriver.getScreenshotAs(EventFiringWebDriver.java:303)
at com.qa.utils.TestUtil.takeScreenshotAtEndOfTest(TestUtil.java:179)
at com.qa.utils.WebEventListener.onException(WebEventListener.java:59)
at jdk.internal.reflect.GeneratedMethodAccessor7.invoke(Unknown Source)
at java.base/jdk.internal.reflect.DelegatingMethodAccessorImpl.invoke(DelegatingMethodAccessorImpl.java:43)
at java.base/java.lang.reflect.Method.invoke(Method.java:568)
at org.openqa.selenium.support.events.EventFiringWebDriver.lambda$new$0(EventFiringWebDriver.java:85)
at jdk.proxy2/jdk.proxy2.$Proxy13.onException(Unknown Source)
at org.openqa.selenium.support.events.EventFiringWebDriver.lambda$new$1(EventFiringWebDriver.java:108)
at jdk.proxy2/jdk.proxy2.$Proxy14.getScreenshotAs(Unknown Source)
at org.openqa.selenium.support.events.EventFiringWebDriver.getScreenshotAs(EventFiringWebDriver.java:303)
at com.qa.utils.TestUtil.takeScreenshotAtEndOfTest(TestUtil.java:179)
at com.qa.utils.WebEventListener.onException(WebEventListener.java:59)
at jdk.internal.reflect.GeneratedMethodAccessor7.invoke(Unknown Source)
at java.base/jdk.internal.reflect.DelegatingMethodAccessorImpl.invoke(DelegatingMethodAccessorImpl.java:43)
at java.base/java.lang.reflect.Method.invoke(Method.java:568)
at org.openqa.selenium.support.events.EventFiringWebDriver.lambda$new$0(EventFiringWebDriver.java:85)
at jdk.proxy2/jdk.proxy2.$Proxy13.onException(Unknown Source)
at org.openqa.selenium.support.events.EventFiringWebDriver.lambda$new$1(EventFiringWebDriver.java:108)
at jdk.proxy2/jdk.proxy2.$Proxy14.getScreenshotAs(Unknown Source)
at org.openqa.selenium.support.events.EventFiringWebDriver.getScreenshotAs(EventFiringWebDriver.java:303)
at com.qa.utils.TestUtil.takeScreenshotAtEndOfTest(TestUtil.java:179)
at com.qa.utils.WebEventListener.onException(WebEventListener.java:59)
at jdk.internal.reflect.GeneratedMethodAccessor7.invoke(Unknown Source)
at java.base/jdk.internal.reflect.DelegatingMethodAccessorImpl.invoke(DelegatingMethodAccessorImpl.java:43)
at java.base/java.lang.reflect.Method.invoke(Method.java:568)
at org.openqa.selenium.support.events.EventFiringWebDriver.lambda$new$0(EventFiringWebDriver.java:85)
at jdk.proxy2/jdk.proxy2.$Proxy13.onException(Unknown Source)
at org.openqa.selenium.support.events.EventFiringWebDriver.lambda$new$1(EventFiringWebDriver.java:108)
at jdk.proxy2/jdk.proxy2.$Proxy14.getScreenshotAs(Unknown Source)
at org.openqa.selenium.support.events.EventFiringWebDriver.getScreenshotAs(EventFiringWebDriver.java:303)
at com.qa.utils.TestUtil.takeScreenshotAtEndOfTest(TestUtil.java:179)
at com.qa.utils.WebEventListener.onException(WebEventListener.java:59)
at jdk.internal.reflect.GeneratedMethodAccessor7.invoke(Unknown Source)
at java.base/jdk.internal.reflect.DelegatingMethodAccessorImpl.invoke(DelegatingMethodAccessorImpl.java:43)
at java.base/java.lang.reflect.Method.invoke(Method.java:568)
at org.openqa.selenium.support.events.EventFiringWebDriver.lambda$new$0(EventFiringWebDriver.java:85)
at jdk.proxy2/jdk.proxy2.$Proxy13.onException(Unknown Source)
at org.openqa.selenium.support.events.EventFiringWebDriver.lambda$new$1(EventFiringWebDriver.java:108)
at jdk.proxy2/jdk.proxy2.$Proxy14.getScreenshotAs(Unknown Source)
at org.openqa.selenium.support.events.EventFiringWebDriver.getScreenshotAs(EventFiringWebDriver.java:303)
at com.qa.utils.TestUtil.takeScreenshotAtEndOfTest(TestUtil.java:179)
at com.qa.utils.WebEventListener.onException(WebEventListener.java:59)
at jdk.internal.reflect.GeneratedMethodAccessor7.invoke(Unknown Source)
at java.base/jdk.internal.reflect.DelegatingMethodAccessorImpl.invoke(DelegatingMethodAccessorImpl.java:43)
at java.base/java.lang.reflect.Method.invoke(Method.java:568)
at org.openqa.selenium.support.events.EventFiringWebDriver.lambda$new$0(EventFiringWebDriver.java:85)
at jdk.proxy2/jdk.proxy2.$Proxy13.onException(Unknown Source)
at org.openqa.selenium.support.events.EventFiringWebDriver.lambda$new$1(EventFiringWebDriver.java:108)
at jdk.proxy2/jdk.proxy2.$Proxy14.getScreenshotAs(Unknown Source)
at org.openqa.selenium.support.events.EventFiringWebDriver.getScreenshotAs(EventFiringWebDriver.java:303)
at com.qa.utils.TestUtil.takeScreenshotAtEndOfTest(TestUtil.java:179)
at com.qa.utils.WebEventListener.onException(WebEventListener.java:59)
at jdk.internal.reflect.GeneratedMethodAccessor7.invoke(Unknown Source)
at java.base/jdk.internal.reflect.DelegatingMethodAccessorImpl.invoke(DelegatingMethodAccessorImpl.java:43)
at java.base/java.lang.reflect.Method.invoke(Method.java:568)
at org.openqa.selenium.support.events.EventFiringWebDriver.lambda$new$0(EventFiringWebDriver.java:85)
at jdk.proxy2/jdk.proxy2.$Proxy13.onException(Unknown Source)
at org.openqa.selenium.support.events.EventFiringWebDriver.lambda$new$1(EventFiringWebDriver.java:108)
at jdk.proxy2/jdk.proxy2.$Proxy14.getScreenshotAs(Unknown Source)
at org.openqa.selenium.support.events.EventFiringWebDriver.getScreenshotAs(EventFiringWebDriver.java:303)
at com.qa.utils.TestUtil.takeScreenshotAtEndOfTest(TestUtil.java:179)
at com.qa.utils.WebEventListener.onException(WebEventListener.java:59)
at jdk.internal.reflect.GeneratedMethodAccessor7.invoke(Unknown Source)
at java.base/jdk.internal.reflect.DelegatingMethodAccessorImpl.invoke(DelegatingMethodAccessorImpl.java:43)
at java.base/java.lang.reflect.Method.invoke(Method.java:568)
at org.openqa.selenium.support.events.EventFiringWebDriver.lambda$new$0(EventFiringWebDriver.java:85)
at jdk.proxy2/jdk.proxy2.$Proxy13.onException(Unknown Source)
at org.openqa.selenium.support.events.EventFiringWebDriver.lambda$new$1(EventFiringWebDriver.java:108)
at jdk.proxy2/jdk.proxy2.$Proxy14.getScreenshotAs(Unknown Source)
at org.openqa.selenium.support.events.EventFiringWebDriver.getScreenshotAs(EventFiringWebDriver.java:303)
at com.qa.utils.TestUtil.takeScreenshotAtEndOfTest(TestUtil.java:179)
at com.qa.utils.WebEventListener.onException(WebEventListener.java:59)
at jdk.internal.reflect.GeneratedMethodAccessor7.invoke(Unknown Source)
at java.base/jdk.internal.reflect.DelegatingMethodAccessorImpl.invoke(DelegatingMethodAccessorImpl.java:43)
at java.base/java.lang.reflect.Method.invoke(Method.java:568)
at org.openqa.selenium.support.events.EventFiringWebDriver.lambda$new$0(EventFiringWebDriver.java:85)
at jdk.proxy2/jdk.proxy2.$Proxy13.onException(Unknown Source)
at org.openqa.selenium.support.events.EventFiringWebDriver.lambda$new$1(EventFiringWebDriver.java:108)
at jdk.proxy2/jdk.proxy2.$Proxy14.getScreenshotAs(Unknown Source)
at org.openqa.selenium.support.events.EventFiringWebDriver.getScreenshotAs(EventFiringWebDriver.java:303)
at com.qa.utils.TestUtil.takeScreenshotAtEndOfTest(TestUtil.java:179)
at com.qa.utils.WebEventListener.onException(WebEventListener.java:59)
at jdk.internal.reflect.GeneratedMethodAccessor7.invoke(Unknown Source)
at java.base/jdk.internal.reflect.DelegatingMethodAccessorImpl.invoke(DelegatingMethodAccessorImpl.java:43)
at java.base/java.lang.reflect.Method.invoke(Method.java:568)
at org.openqa.selenium.support.events.EventFiringWebDriver.lambda$new$0(EventFiringWebDriver.java:85)
at jdk.proxy2/jdk.proxy2.$Proxy13.onException(Unknown Source)
at org.openqa.selenium.support.events.EventFiringWebDriver.lambda$new$1(EventFiringWebDriver.java:108)
at jdk.proxy2/jdk.proxy2.$Proxy14.getScreenshotAs(Unknown Source)
at org.openqa.selenium.support.events.EventFiringWebDriver.getScreenshotAs(EventFiringWebDriver.java:303)
at com.qa.utils.TestUtil.takeScreenshotAtEndOfTest(TestUtil.java:179)
at com.qa.utils.WebEventListener.onException(WebEventListener.java:59)
at jdk.internal.reflect.GeneratedMethodAccessor7.invoke(Unknown Source)
at java.base/jdk.internal.reflect.DelegatingMethodAccessorImpl.invoke(DelegatingMethodAccessorImpl.java:43)
at java.base/java.lang.reflect.Method.invoke(Method.java:568)
at org.openqa.selenium.support.events.EventFiringWebDriver.lambda$new$0(EventFiringWebDriver.java:85)
at jdk.proxy2/jdk.proxy2.$Proxy13.onException(Unknown Source)
at org.openqa.selenium.support.events.EventFiringWebDriver.lambda$new$1(EventFiringWebDriver.java:108)
at jdk.proxy2/jdk.proxy2.$Proxy14.getScreenshotAs(Unknown Source)
at org.openqa.selenium.support.events.EventFiringWebDriver.getScreenshotAs(EventFiringWebDriver.java:303)
at com.qa.utils.TestUtil.takeScreenshotAtEndOfTest(TestUtil.java:179)
at com.qa.utils.WebEventListener.onException(WebEventListener.java:59)
at jdk.internal.reflect.GeneratedMethodAccessor7.invoke(Unknown Source)
at java.base/jdk.internal.reflect.DelegatingMethodAccessorImpl.invoke(DelegatingMethodAccessorImpl.java:43)
at java.base/java.lang.reflect.Method.invoke(Method.java:568)
at org.openqa.selenium.support.events.EventFiringWebDriver.lambda$new$0(EventFiringWebDriver.java:85)
at jdk.proxy2/jdk.proxy2.$Proxy13.onException(Unknown Source)
at org.openqa.selenium.support.events.EventFiringWebDriver.lambda$new$1(EventFiringWebDriver.java:108)
at jdk.proxy2/jdk.proxy2.$Proxy14.getScreenshotAs(Unknown Source)
at org.openqa.selenium.support.events.EventFiringWebDriver.getScreenshotAs(EventFiringWebDriver.java:303)
at com.qa.utils.TestUtil.takeScreenshotAtEndOfTest(TestUtil.java:179)
at com.qa.utils.WebEventListener.onException(WebEventListener.java:59)
at jdk.internal.reflect.GeneratedMethodAccessor7.invoke(Unknown Source)
at java.base/jdk.internal.reflect.DelegatingMethodAccessorImpl.invoke(DelegatingMethodAccessorImpl.java:43)
at java.base/java.lang.reflect.Method.invoke(Method.java:568)
at org.openqa.selenium.support.events.EventFiringWebDriver.lambda$new$0(EventFiringWebDriver.java:85)
at jdk.proxy2/jdk.proxy2.$Proxy13.onException(Unknown Source)
at org.openqa.selenium.support.events.EventFiringWebDriver.lambda$new$1(EventFiringWebDriver.java:108)
at jdk.proxy2/jdk.proxy2.$Proxy14.getScreenshotAs(Unknown Source)
at org.openqa.selenium.support.events.EventFiringWebDriver.getScreenshotAs(EventFiringWebDriver.java:303)
at com.qa.utils.TestUtil.takeScreenshotAtEndOfTest(TestUtil.java:179)
at com.qa.utils.WebEventListener.onException(WebEventListener.java:59)
at jdk.internal.reflect.GeneratedMethodAccessor7.invoke(Unknown Source)
at java.base/jdk.internal.reflect.DelegatingMethodAccessorImpl.invoke(DelegatingMethodAccessorImpl.java:43)
at java.base/java.lang.reflect.Method.invoke(Method.java:568)
at org.openqa.selenium.support.events.EventFiringWebDriver.lambda$new$0(EventFiringWebDriver.java:85)
at jdk.proxy2/jdk.proxy2.$Proxy13.onException(Unknown Source)
at org.openqa.selenium.support.events.EventFiringWebDriver.lambda$new$1(EventFiringWebDriver.java:108)
at jdk.proxy2/jdk.proxy2.$Proxy14.getScreenshotAs(Unknown Source)
at org.openqa.selenium.support.events.EventFiringWebDriver.getScreenshotAs(EventFiringWebDriver.java:303)
at com.qa.utils.TestUtil.takeScreenshotAtEndOfTest(TestUtil.java:179)
at com.qa.utils.WebEventListener.onException(WebEventListener.java:59)
at jdk.internal.reflect.GeneratedMethodAccessor7.invoke(Unknown Source)
at java.base/jdk.internal.reflect.DelegatingMethodAccessorImpl.invoke(DelegatingMethodAccessorImpl.java:43)
at java.base/java.lang.reflect.Method.invoke(Method.java:568)
at org.openqa.selenium.support.events.EventFiringWebDriver.lambda$new$0(EventFiringWebDriver.java:85)
at jdk.proxy2/jdk.proxy2.$Proxy13.onException(Unknown Source)
at org.openqa.selenium.support.events.EventFiringWebDriver.lambda$new$1(EventFiringWebDriver.java:108)
at jdk.proxy2/jdk.proxy2.$Proxy14.getScreenshotAs(Unknown Source)
at org.openqa.selenium.support.events.EventFiringWebDriver.getScreenshotAs(EventFiringWebDriver.java:303)
at com.qa.utils.TestUtil.takeScreenshotAtEndOfTest(TestUtil.java:179)
at com.qa.utils.WebEventListener.onException(WebEventListener.java:59)
at jdk.internal.reflect.GeneratedMethodAccessor7.invoke(Unknown Source)
at java.base/jdk.internal.reflect.DelegatingMethodAccessorImpl.invoke(DelegatingMethodAccessorImpl.java:43)
at java.base/java.lang.reflect.Method.invoke(Method.java:568)
at org.openqa.selenium.support.events.EventFiringWebDriver.lambda$new$0(EventFiringWebDriver.java:85)
at jdk.proxy2/jdk.proxy2.$Proxy13.onException(Unknown Source)
at org.openqa.selenium.support.events.EventFiringWebDriver.lambda$new$1(EventFiringWebDriver.java:108)
at jdk.proxy2/jdk.proxy2.$Proxy14.getScreenshotAs(Unknown Source)
at org.openqa.selenium.support.events.EventFiringWebDriver.getScreenshotAs(EventFiringWebDriver.java:303)
at com.qa.utils.TestUtil.takeScreenshotAtEndOfTest(TestUtil.java:179)
at com.qa.utils.WebEventListener.onException(WebEventListener.java:59)
at jdk.internal.reflect.GeneratedMethodAccessor7.invoke(Unknown Source)
at java.base/jdk.internal.reflect.DelegatingMethodAccessorImpl.invoke(DelegatingMethodAccessorImpl.java:43)
at java.base/java.lang.reflect.Method.invoke(Method.java:568)
at org.openqa.selenium.support.events.EventFiringWebDriver.lambda$new$0(EventFiringWebDriver.java:85)
at jdk.proxy2/jdk.proxy2.$Proxy13.onException(Unknown Source)
at org.openqa.selenium.support.events.EventFiringWebDriver.lambda$new$1(EventFiringWebDriver.java:108)
at jdk.proxy2/jdk.proxy2.$Proxy14.getScreenshotAs(Unknown Source)
at org.openqa.selenium.support.events.EventFiringWebDriver.getScreenshotAs(EventFiringWebDriver.java:303)
at com.qa.utils.TestUtil.takeScreenshotAtEndOfTest(TestUtil.java:179)
at com.qa.utils.WebEventListener.onException(WebEventListener.java:59)
at jdk.internal.reflect.GeneratedMethodAccessor7.invoke(Unknown Source)
at java.base/jdk.internal.reflect.DelegatingMethodAccessorImpl.invoke(DelegatingMethodAccessorImpl.java:43)
at java.base/java.lang.reflect.Method.invoke(Method.java:568)
at org.openqa.selenium.support.events.EventFiringWebDriver.lambda$new$0(EventFiringWebDriver.java:85)
at jdk.proxy2/jdk.proxy2.$Proxy13.onException(Unknown Source)
at org.openqa.selenium.support.events.EventFiringWebDriver.lambda$new$1(EventFiringWebDriver.java:108)
at jdk.proxy2/jdk.proxy2.$Proxy14.getScreenshotAs(Unknown Source)
at org.openqa.selenium.support.events.EventFiringWebDriver.getScreenshotAs(EventFiringWebDriver.java:303)
at com.qa.utils.TestUtil.takeScreenshotAtEndOfTest(TestUtil.java:179)
at com.qa.utils.WebEventListener.onException(WebEventListener.java:59)
at jdk.internal.reflect.GeneratedMethodAccessor7.invoke(Unknown Source)
at java.base/jdk.internal.reflect.DelegatingMethodAccessorImpl.invoke(DelegatingMethodAccessorImpl.java:43)
at java.base/java.lang.reflect.Method.invoke(Method.java:568)
at org.openqa.selenium.support.events.EventFiringWebDriver.lambda$new$0(EventFiringWebDriver.java:85)
at jdk.proxy2/jdk.proxy2.$Proxy13.onException(Unknown Source)
at org.openqa.selenium.support.events.EventFiringWebDriver.lambda$new$1(EventFiringWebDriver.java:108)
at jdk.proxy2/jdk.proxy2.$Proxy14.getScreenshotAs(Unknown Source)
at org.openqa.selenium.support.events.EventFiringWebDriver.getScreenshotAs(EventFiringWebDriver.java:303)
at com.qa.utils.TestUtil.takeScreenshotAtEndOfTest(TestUtil.java:179)
at com.qa.utils.WebEventListener.onException(WebEventListener.java:59)
at jdk.internal.reflect.GeneratedMethodAccessor7.invoke(Unknown Source)
at java.base/jdk.internal.reflect.DelegatingMethodAccessorImpl.invoke(DelegatingMethodAccessorImpl.java:43)
at java.base/java.lang.reflect.Method.invoke(Method.java:568)
at org.openqa.selenium.support.events.EventFiringWebDriver.lambda$new$0(EventFiringWebDriver.java:85)
at jdk.proxy2/jdk.proxy2.$Proxy13.onException(Unknown Source)
at org.openqa.selenium.support.events.EventFiringWebDriver.lambda$new$1(EventFiringWebDriver.java:108)
at jdk.proxy2/jdk.proxy2.$Proxy14.getScreenshotAs(Unknown Source)
at org.openqa.selenium.support.events.EventFiringWebDriver.getScreenshotAs(EventFiringWebDriver.java:303)
at com.qa.utils.TestUtil.takeScreenshotAtEndOfTest(TestUtil.java:179)
at com.qa.utils.WebEventListener.onException(WebEventListener.java:59)
at jdk.internal.reflect.GeneratedMethodAccessor7.invoke(Unknown Source)
at java.base/jdk.internal.reflect.DelegatingMethodAccessorImpl.invoke(DelegatingMethodAccessorImpl.java:43)
at java.base/java.lang.reflect.Method.invoke(Method.java:568)
at org.openqa.selenium.support.events.EventFiringWebDriver.lambda$new$0(EventFiringWebDriver.java:85)
at jdk.proxy2/jdk.proxy2.$Proxy13.onException(Unknown Source)
at org.openqa.selenium.support.events.EventFiringWebDriver.lambda$new$1(EventFiringWebDriver.java:108)
at jdk.proxy2/jdk.proxy2.$Proxy14.getScreenshotAs(Unknown Source)
at org.openqa.selenium.support.events.EventFiringWebDriver.getScreenshotAs(EventFiringWebDriver.java:303)
at com.qa.utils.TestUtil.takeScreenshotAtEndOfTest(TestUtil.java:179)
at com.qa.utils.WebEventListener.onException(WebEventListener.java:59)
at jdk.internal.reflect.GeneratedMethodAccessor7.invoke(Unknown Source)
at java.base/jdk.internal.reflect.DelegatingMethodAccessorImpl.invoke(DelegatingMethodAccessorImpl.java:43)
at java.base/java.lang.reflect.Method.invoke(Method.java:568)
at org.openqa.selenium.support.events.EventFiringWebDriver.lambda$new$0(EventFiringWebDriver.java:85)
at jdk.proxy2/jdk.proxy2.$Proxy13.onException(Unknown Source)
at org.openqa.selenium.support.events.EventFiringWebDriver.lambda$new$1(EventFiringWebDriver.java:108)
at jdk.proxy2/jdk.proxy2.$Proxy14.getScreenshotAs(Unknown Source)
at org.openqa.selenium.support.events.EventFiringWebDriver.getScreenshotAs(EventFiringWebDriver.java:303)
at com.qa.utils.TestUtil.takeScreenshotAtEndOfTest(TestUtil.java:179)
at com.qa.utils.WebEventListener.onException(WebEventListener.java:59)
at jdk.internal.reflect.GeneratedMethodAccessor7.invoke(Unknown Source)
at java.base/jdk.internal.reflect.DelegatingMethodAccessorImpl.invoke(DelegatingMethodAccessorImpl.java:43)
at java.base/java.lang.reflect.Method.invoke(Method.java:568)
at org.openqa.selenium.support.events.EventFiringWebDriver.lambda$new$0(EventFiringWebDriver.java:85)
at jdk.proxy2/jdk.proxy2.$Proxy13.onException(Unknown Source)
at org.openqa.selenium.support.events.EventFiringWebDriver.lambda$new$1(EventFiringWebDriver.java:108)
at jdk.proxy2/jdk.proxy2.$Proxy14.getScreenshotAs(Unknown Source)
at org.openqa.selenium.support.events.EventFiringWebDriver.getScreenshotAs(EventFiringWebDriver.java:303)
at com.qa.utils.TestUtil.takeScreenshotAtEndOfTest(TestUtil.java:179)
at com.qa.utils.WebEventListener.onException(WebEventListener.java:59)
at jdk.internal.reflect.GeneratedMethodAccessor7.invoke(Unknown Source)
at java.base/jdk.internal.reflect.DelegatingMethodAccessorImpl.invoke(DelegatingMethodAccessorImpl.java:43)
at java.base/java.lang.reflect.Method.invoke(Method.java:568)
at org.openqa.selenium.support.events.EventFiringWebDriver.lambda$new$0(EventFiringWebDriver.java:85)
at jdk.proxy2/jdk.proxy2.$Proxy13.onException(Unknown Source)
at org.openqa.selenium.support.events.EventFiringWebDriver.lambda$new$1(EventFiringWebDriver.java:108)
at jdk.proxy2/jdk.proxy2.$Proxy14.getScreenshotAs(Unknown Source)
at org.openqa.selenium.support.events.EventFiringWebDriver.getScreenshotAs(EventFiringWebDriver.java:303)
at com.qa.utils.TestUtil.takeScreenshotAtEndOfTest(TestUtil.java:179)
at com.qa.utils.WebEventListener.onException(WebEventListener.java:59)
at jdk.internal.reflect.GeneratedMethodAccessor7.invoke(Unknown Source)
at java.base/jdk.internal.reflect.DelegatingMethodAccessorImpl.invoke(DelegatingMethodAccessorImpl.java:43)
at java.base/java.lang.reflect.Method.invoke(Method.java:568)
at org.openqa.selenium.support.events.EventFiringWebDriver.lambda$new$0(EventFiringWebDriver.java:85)
at jdk.proxy2/jdk.proxy2.$Proxy13.onException(Unknown Source)
at org.openqa.selenium.support.events.EventFiringWebDriver.lambda$new$1(EventFiringWebDriver.java:108)
at jdk.proxy2/jdk.proxy2.$Proxy14.getScreenshotAs(Unknown Source)
at org.openqa.selenium.support.events.EventFiringWebDriver.getScreenshotAs(EventFiringWebDriver.java:303)
at com.qa.utils.TestUtil.takeScreenshotAtEndOfTest(TestUtil.java:179)
at com.qa.utils.WebEventListener.onException(WebEventListener.java:59)
at jdk.internal.reflect.GeneratedMethodAccessor7.invoke(Unknown Source)
at java.base/jdk.internal.reflect.DelegatingMethodAccessorImpl.invoke(DelegatingMethodAccessorImpl.java:43)
at java.base/java.lang.reflect.Method.invoke(Method.java:568)
at org.openqa.selenium.support.events.EventFiringWebDriver.lambda$new$0(EventFiringWebDriver.java:85)
at jdk.proxy2/jdk.proxy2.$Proxy13.onException(Unknown Source)
at org.openqa.selenium.support.events.EventFiringWebDriver.lambda$new$1(EventFiringWebDriver.java:108)
at jdk.proxy2/jdk.proxy2.$Proxy14.getScreenshotAs(Unknown Source)
at org.openqa.selenium.support.events.EventFiringWebDriver.getScreenshotAs(EventFiringWebDriver.java:303)
at com.qa.utils.TestUtil.takeScreenshotAtEndOfTest(TestUtil.java:179)
at com.qa.utils.WebEventListener.onException(WebEventListener.java:59)
at jdk.internal.reflect.GeneratedMethodAccessor7.invoke(Unknown Source)
at java.base/jdk.internal.reflect.DelegatingMethodAccessorImpl.invoke(DelegatingMethodAccessorImpl.java:43)
at java.base/java.lang.reflect.Method.invoke(Method.java:568)
at org.openqa.selenium.support.events.EventFiringWebDriver.lambda$new$0(EventFiringWebDriver.java:85)
at jdk.proxy2/jdk.proxy2.$Proxy13.onException(Unknown Source)
at org.openqa.selenium.support.events.EventFiringWebDriver.lambda$new$1(EventFiringWebDriver.java:108)
at jdk.proxy2/jdk.proxy2.$Proxy14.getScreenshotAs(Unknown Source)
at org.openqa.selenium.support.events.EventFiringWebDriver.getScreenshotAs(EventFiringWebDriver.java:303)
at com.qa.utils.TestUtil.takeScreenshotAtEndOfTest(TestUtil.java:179)
at com.qa.utils.WebEventListener.onException(WebEventListener.java:59)
at jdk.internal.reflect.GeneratedMethodAccessor7.invoke(Unknown Source)
at java.base/jdk.internal.reflect.DelegatingMethodAccessorImpl.invoke(DelegatingMethodAccessorImpl.java:43)
at java.base/java.lang.reflect.Method.invoke(Method.java:568)
at org.openqa.selenium.support.events.EventFiringWebDriver.lambda$new$0(EventFiringWebDriver.java:85)
at jdk.proxy2/jdk.proxy2.$Proxy13.onException(Unknown Source)
at org.openqa.selenium.support.events.EventFiringWebDriver.lambda$new$1(EventFiringWebDriver.java:108)
at jdk.proxy2/jdk.proxy2.$Proxy14.getScreenshotAs(Unknown Source)
at org.openqa.selenium.support.events.EventFiringWebDriver.getScreenshotAs(EventFiringWebDriver.java:303)
at com.qa.utils.TestUtil.takeScreenshotAtEndOfTest(TestUtil.java:179)
at com.qa.utils.WebEventListener.onException(WebEventListener.java:59)
at jdk.internal.reflect.GeneratedMethodAccessor7.invoke(Unknown Source)
at java.base/jdk.internal.reflect.DelegatingMethodAccessorImpl.invoke(DelegatingMethodAccessorImpl.java:43)
at java.base/java.lang.reflect.Method.invoke(Method.java:568)
at org.openqa.selenium.support.events.EventFiringWebDriver.lambda$new$0(EventFiringWebDriver.java:85)
at jdk.proxy2/jdk.proxy2.$Proxy13.onException(Unknown Source)
at org.openqa.selenium.support.events.EventFiringWebDriver.lambda$new$1(EventFiringWebDriver.java:108)
at jdk.proxy2/jdk.proxy2.$Proxy14.getScreenshotAs(Unknown Source)
at org.openqa.selenium.support.events.EventFiringWebDriver.getScreenshotAs(EventFiringWebDriver.java:303)
at com.qa.utils.TestUtil.takeScreenshotAtEndOfTest(TestUtil.java:179)
at com.qa.utils.WebEventListener.onException(WebEventListener.java:59)
at jdk.internal.reflect.GeneratedMethodAccessor7.invoke(Unknown Source)
at java.base/jdk.internal.reflect.DelegatingMethodAccessorImpl.invoke(DelegatingMethodAccessorImpl.java:43)
at java.base/java.lang.reflect.Method.invoke(Method.java:568)
at org.openqa.selenium.support.events.EventFiringWebDriver.lambda$new$0(EventFiringWebDriver.java:85)
at jdk.proxy2/jdk.proxy2.$Proxy13.onException(Unknown Source)
at org.openqa.selenium.support.events.EventFiringWebDriver.lambda$new$1(EventFiringWebDriver.java:108)
at jdk.proxy2/jdk.proxy2.$Proxy14.getScreenshotAs(Unknown Source)
at org.openqa.selenium.support.events.EventFiringWebDriver.getScreenshotAs(EventFiringWebDriver.java:303)
at com.qa.utils.TestUtil.takeScreenshotAtEndOfTest(TestUtil.java:179)
at com.qa.utils.WebEventListener.onException(WebEventListener.java:59)
at jdk.internal.reflect.GeneratedMethodAccessor7.invoke(Unknown Source)
at java.base/jdk.internal.reflect.DelegatingMethodAccessorImpl.invoke(DelegatingMethodAccessorImpl.java:43)
at java.base/java.lang.reflect.Method.invoke(Method.java:568)
at org.openqa.selenium.support.events.EventFiringWebDriver.lambda$new$0(EventFiringWebDriver.java:85)
at jdk.proxy2/jdk.proxy2.$Proxy13.onException(Unknown Source)
at org.openqa.selenium.support.events.EventFiringWebDriver.lambda$new$1(EventFiringWebDriver.java:108)
at jdk.proxy2/jdk.proxy2.$Proxy14.getScreenshotAs(Unknown Source)
at org.openqa.selenium.support.events.EventFiringWebDriver.getScreenshotAs(EventFiringWebDriver.java:303)
at com.qa.utils.TestUtil.takeScreenshotAtEndOfTest(TestUtil.java:179)
at com.qa.utils.WebEventListener.onException(WebEventListener.java:59)
at jdk.internal.reflect.GeneratedMethodAccessor7.invoke(Unknown Source)
at java.base/jdk.internal.reflect.DelegatingMethodAccessorImpl.invoke(DelegatingMethodAccessorImpl.java:43)
at java.base/java.lang.reflect.Method.invoke(Method.java:568)
at org.openqa.selenium.support.events.EventFiringWebDriver.lambda$new$0(EventFiringWebDriver.java:85)
at jdk.proxy2/jdk.proxy2.$Proxy13.onException(Unknown Source)
at org.openqa.selenium.support.events.EventFiringWebDriver.lambda$new$1(EventFiringWebDriver.java:108)
at jdk.proxy2/jdk.proxy2.$Proxy14.getScreenshotAs(Unknown Source)
at org.openqa.selenium.support.events.EventFiringWebDriver.getScreenshotAs(EventFiringWebDriver.java:303)
at com.qa.utils.TestUtil.takeScreenshotAtEndOfTest(TestUtil.java:179)
at com.qa.utils.WebEventListener.onException(WebEventListener.java:59)
at jdk.internal.reflect.GeneratedMethodAccessor7.invoke(Unknown Source)
at java.base/jdk.internal.reflect.DelegatingMethodAccessorImpl.invoke(DelegatingMethodAccessorImpl.java:43)
at java.base/java.lang.reflect.Method.invoke(Method.java:568)
at org.openqa.selenium.support.events.EventFiringWebDriver.lambda$new$0(EventFiringWebDriver.java:85)
at jdk.proxy2/jdk.proxy2.$Proxy13.onException(Unknown Source)
at org.openqa.selenium.support.events.EventFiringWebDriver.lambda$new$1(EventFiringWebDriver.java:108)
at jdk.proxy2/jdk.proxy2.$Proxy14.getScreenshotAs(Unknown Source)
at org.openqa.selenium.support.events.EventFiringWebDriver.getScreenshotAs(EventFiringWebDriver.java:303)
at com.qa.utils.TestUtil.takeScreenshotAtEndOfTest(TestUtil.java:179)
at com.qa.utils.WebEventListener.onException(WebEventListener.java:59)
at jdk.internal.reflect.GeneratedMethodAccessor7.invoke(Unknown Source)
at java.base/jdk.internal.reflect.DelegatingMethodAccessorImpl.invoke(DelegatingMethodAccessorImpl.java:43)
at java.base/java.lang.reflect.Method.invoke(Method.java:568)
at org.openqa.selenium.support.events.EventFiringWebDriver.lambda$new$0(EventFiringWebDriver.java:85)
at jdk.proxy2/jdk.proxy2.$Proxy13.onException(Unknown Source)
at org.openqa.selenium.support.events.EventFiringWebDriver.lambda$new$1(EventFiringWebDriver.java:108)
at jdk.proxy2/jdk.proxy2.$Proxy14.getScreenshotAs(Unknown Source)
at org.openqa.selenium.support.events.EventFiringWebDriver.getScreenshotAs(EventFiringWebDriver.java:303)
at com.qa.utils.TestUtil.takeScreenshotAtEndOfTest(TestUtil.java:179)
at com.qa.utils.WebEventListener.onException(WebEventListener.java:59)
at jdk.internal.reflect.GeneratedMethodAccessor7.invoke(Unknown Source)
at java.base/jdk.internal.reflect.DelegatingMethodAccessorImpl.invoke(DelegatingMethodAccessorImpl.java:43)
at java.base/java.lang.reflect.Method.invoke(Method.java:568)
at org.openqa.selenium.support.events.EventFiringWebDriver.lambda$new$0(EventFiringWebDriver.java:85)
at jdk.proxy2/jdk.proxy2.$Proxy13.onException(Unknown Source)
at org.openqa.selenium.support.events.EventFiringWebDriver.lambda$new$1(EventFiringWebDriver.java:108)
at jdk.proxy2/jdk.proxy2.$Proxy14.getScreenshotAs(Unknown Source)
at org.openqa.selenium.support.events.EventFiringWebDriver.getScreenshotAs(EventFiringWebDriver.java:303)
at com.qa.utils.TestUtil.takeScreenshotAtEndOfTest(TestUtil.java:179)
at com.qa.utils.WebEventListener.onException(WebEventListener.java:59)
at jdk.internal.reflect.GeneratedMethodAccessor7.invoke(Unknown Source)
at java.base/jdk.internal.reflect.DelegatingMethodAccessorImpl.invoke(DelegatingMethodAccessorImpl.java:43)
at java.base/java.lang.reflect.Method.invoke(Method.java:568)
at org.openqa.selenium.support.events.EventFiringWebDriver.lambda$new$0(EventFiringWebDriver.java:85)
at jdk.proxy2/jdk.proxy2.$Proxy13.onException(Unknown Source)
at org.openqa.selenium.support.events.EventFiringWebDriver.lambda$new$1(EventFiringWebDriver.java:108)
at jdk.proxy2/jdk.proxy2.$Proxy14.getScreenshotAs(Unknown Source)
at org.openqa.selenium.support.events.EventFiringWebDriver.getScreenshotAs(EventFiringWebDriver.java:303)
at com.qa.utils.TestUtil.takeScreenshotAtEndOfTest(TestUtil.java:179)
at com.qa.utils.WebEventListener.onException(WebEventListener.java:59)
at jdk.internal.reflect.GeneratedMethodAccessor7.invoke(Unknown Source)
at java.base/jdk.internal.reflect.DelegatingMethodAccessorImpl.invoke(DelegatingMethodAccessorImpl.java:43)
at java.base/java.lang.reflect.Method.invoke(Method.java:568)
at org.openqa.selenium.support.events.EventFiringWebDriver.lambda$new$0(EventFiringWebDriver.java:85)
at jdk.proxy2/jdk.proxy2.$Proxy13.onException(Unknown Source)
at org.openqa.selenium.support.events.EventFiringWebDriver.lambda$new$1(EventFiringWebDriver.java:108)
at jdk.proxy2/jdk.proxy2.$Proxy14.getScreenshotAs(Unknown Source)
at org.openqa.selenium.support.events.EventFiringWebDriver.getScreenshotAs(EventFiringWebDriver.java:303)
at com.qa.utils.TestUtil.takeScreenshotAtEndOfTest(TestUtil.java:179)
at com.qa.utils.WebEventListener.onException(WebEventListener.java:59)
at jdk.internal.reflect.GeneratedMethodAccessor7.invoke(Unknown Source)
at java.base/jdk.internal.reflect.DelegatingMethodAccessorImpl.invoke(DelegatingMethodAccessorImpl.java:43)
at java.base/java.lang.reflect.Method.invoke(Method.java:568)
at org.openqa.selenium.support.events.EventFiringWebDriver.lambda$new$0(EventFiringWebDriver.java:85)
at jdk.proxy2/jdk.proxy2.$Proxy13.onException(Unknown Source)
at org.openqa.selenium.support.events.EventFiringWebDriver.lambda$new$1(EventFiringWebDriver.java:108)
at jdk.proxy2/jdk.proxy2.$Proxy14.getScreenshotAs(Unknown Source)
at org.openqa.selenium.support.events.EventFiringWebDriver.getScreenshotAs(EventFiringWebDriver.java:303)
at com.qa.utils.TestUtil.takeScreenshotAtEndOfTest(TestUtil.java:179)
at com.qa.utils.WebEventListener.onException(WebEventListener.java:59)
at jdk.internal.reflect.GeneratedMethodAccessor7.invoke(Unknown Source)
at java.base/jdk.internal.reflect.DelegatingMethodAccessorImpl.invoke(DelegatingMethodAccessorImpl.java:43)
at java.base/java.lang.reflect.Method.invoke(Method.java:568)
at org.openqa.selenium.support.events.EventFiringWebDriver.lambda$new$0(EventFiringWebDriver.java:85)
at jdk.proxy2/jdk.proxy2.$Proxy13.onException(Unknown Source)
at org.openqa.selenium.support.events.EventFiringWebDriver.lambda$new$1(EventFiringWebDriver.java:108)
at jdk.proxy2/jdk.proxy2.$Proxy14.getScreenshotAs(Unknown Source)
at org.openqa.selenium.support.events.EventFiringWebDriver.getScreenshotAs(EventFiringWebDriver.java:303)
at com.qa.utils.TestUtil.takeScreenshotAtEndOfTest(TestUtil.java:179)
at com.qa.utils.WebEventListener.onException(WebEventListener.java:59)
at jdk.internal.reflect.GeneratedMethodAccessor7.invoke(Unknown Source)
at java.base/jdk.internal.reflect.DelegatingMethodAccessorImpl.invoke(DelegatingMethodAccessorImpl.java:43)
at java.base/java.lang.reflect.Method.invoke(Method.java:568)
at org.openqa.selenium.support.events.EventFiringWebDriver.lambda$new$0(EventFiringWebDriver.java:85)
at jdk.proxy2/jdk.proxy2.$Proxy13.onException(Unknown Source)
at org.openqa.selenium.support.events.EventFiringWebDriver.lambda$new$1(EventFiringWebDriver.java:108)
at jdk.proxy2/jdk.proxy2.$Proxy14.getScreenshotAs(Unknown Source)
at org.openqa.selenium.support.events.EventFiringWebDriver.getScreenshotAs(EventFiringWebDriver.java:303)
at com.qa.utils.TestUtil.takeScreenshotAtEndOfTest(TestUtil.java:179)
at com.qa.utils.WebEventListener.onException(WebEventListener.java:59)
at jdk.internal.reflect.GeneratedMethodAccessor7.invoke(Unknown Source)
at java.base/jdk.internal.reflect.DelegatingMethodAccessorImpl.invoke(DelegatingMethodAccessorImpl.java:43)
at java.base/java.lang.reflect.Method.invoke(Method.java:568)
at org.openqa.selenium.support.events.EventFiringWebDriver.lambda$new$0(EventFiringWebDriver.java:85)
at jdk.proxy2/jdk.proxy2.$Proxy13.onException(Unknown Source)
at org.openqa.selenium.support.events.EventFiringWebDriver.lambda$new$1(EventFiringWebDriver.java:108)
at jdk.proxy2/jdk.proxy2.$Proxy14.getScreenshotAs(Unknown Source)
at org.openqa.selenium.support.events.EventFiringWebDriver.getScreenshotAs(EventFiringWebDriver.java:303)
at com.qa.utils.TestUtil.takeScreenshotAtEndOfTest(TestUtil.java:179)
at com.qa.utils.WebEventListener.onException(WebEventListener.java:59)
at jdk.internal.reflect.GeneratedMethodAccessor7.invoke(Unknown Source)
at java.base/jdk.internal.reflect.DelegatingMethodAccessorImpl.invoke(DelegatingMethodAccessorImpl.java:43)
at java.base/java.lang.reflect.Method.invoke(Method.java:568)
at org.openqa.selenium.support.events.EventFiringWebDriver.lambda$new$0(EventFiringWebDriver.java:85)
at jdk.proxy2/jdk.proxy2.$Proxy13.onException(Unknown Source)
at org.openqa.selenium.support.events.EventFiringWebDriver.lambda$new$1(EventFiringWebDriver.java:108)
at jdk.proxy2/jdk.proxy2.$Proxy14.getScreenshotAs(Unknown Source)
at org.openqa.selenium.support.events.EventFiringWebDriver.getScreenshotAs(EventFiringWebDriver.java:303)
at com.qa.utils.TestUtil.takeScreenshotAtEndOfTest(TestUtil.java:179)
at com.qa.utils.WebEventListener.onException(WebEventListener.java:59)
at jdk.internal.reflect.GeneratedMethodAccessor7.invoke(Unknown Source)
at java.base/jdk.internal.reflect.DelegatingMethodAccessorImpl.invoke(DelegatingMethodAccessorImpl.java:43)
at java.base/java.lang.reflect.Method.invoke(Method.java:568)
at org.openqa.selenium.support.events.EventFiringWebDriver.lambda$new$0(EventFiringWebDriver.java:85)
at jdk.proxy2/jdk.proxy2.$Proxy13.onException(Unknown Source)
at org.openqa.selenium.support.events.EventFiringWebDriver.lambda$new$1(EventFiringWebDriver.java:108)
at jdk.proxy2/jdk.proxy2.$Proxy14.getScreenshotAs(Unknown Source)
at org.openqa.selenium.support.events.EventFiringWebDriver.getScreenshotAs(EventFiringWebDriver.java:303)
at com.qa.utils.TestUtil.takeScreenshotAtEndOfTest(TestUtil.java:179)
at com.qa.utils.WebEventListener.onException(WebEventListener.java:59)
at jdk.internal.reflect.GeneratedMethodAccessor7.invoke(Unknown Source)
at java.base/jdk.internal.reflect.DelegatingMethodAccessorImpl.invoke(DelegatingMethodAccessorImpl.java:43)
at java.base/java.lang.reflect.Method.invoke(Method.java:568)
at org.openqa.selenium.support.events.EventFiringWebDriver.lambda$new$0(EventFiringWebDriver.java:85)
at jdk.proxy2/jdk.proxy2.$Proxy13.onException(Unknown Source)
at org.openqa.selenium.support.events.EventFiringWebDriver.lambda$new$1(EventFiringWebDriver.java:108)
at jdk.proxy2/jdk.proxy2.$Proxy14.getScreenshotAs(Unknown Source)
at org.openqa.selenium.support.events.EventFiringWebDriver.getScreenshotAs(EventFiringWebDriver.java:303)
at com.qa.utils.TestUtil.takeScreenshotAtEndOfTest(TestUtil.java:179)
at com.qa.utils.WebEventListener.onException(WebEventListener.java:59)
at jdk.internal.reflect.GeneratedMethodAccessor7.invoke(Unknown Source)
at java.base/jdk.internal.reflect.DelegatingMethodAccessorImpl.invoke(DelegatingMethodAccessorImpl.java:43)
at java.base/java.lang.reflect.Method.invoke(Method.java:568)
at org.openqa.selenium.support.events.EventFiringWebDriver.lambda$new$0(EventFiringWebDriver.java:85)
at jdk.proxy2/jdk.proxy2.$Proxy13.onException(Unknown Source)
at org.openqa.selenium.support.events.EventFiringWebDriver.lambda$new$1(EventFiringWebDriver.java:108)
at jdk.proxy2/jdk.proxy2.$Proxy14.getScreenshotAs(Unknown Source)
at org.openqa.selenium.support.events.EventFiringWebDriver.getScreenshotAs(EventFiringWebDriver.java:303)
at com.qa.utils.TestUtil.takeScreenshotAtEndOfTest(TestUtil.java:179)
at com.qa.utils.WebEventListener.onException(WebEventListener.java:59)
at jdk.internal.reflect.GeneratedMethodAccessor7.invoke(Unknown Source)
at java.base/jdk.internal.reflect.DelegatingMethodAccessorImpl.invoke(DelegatingMethodAccessorImpl.java:43)
at java.base/java.lang.reflect.Method.invoke(Method.java:568)
at org.openqa.selenium.support.events.EventFiringWebDriver.lambda$new$0(EventFiringWebDriver.java:85)
at jdk.proxy2/jdk.proxy2.$Proxy13.onException(Unknown Source)
at org.openqa.selenium.support.events.EventFiringWebDriver.lambda$new$1(EventFiringWebDriver.java:108)
at jdk.proxy2/jdk.proxy2.$Proxy14.getScreenshotAs(Unknown Source)
at org.openqa.selenium.support.events.EventFiringWebDriver.getScreenshotAs(EventFiringWebDriver.java:303)
at com.qa.utils.TestUtil.takeScreenshotAtEndOfTest(TestUtil.java:179)
at com.qa.utils.WebEventListener.onException(WebEventListener.java:59)
at jdk.internal.reflect.GeneratedMethodAccessor7.invoke(Unknown Source)
at java.base/jdk.internal.reflect.DelegatingMethodAccessorImpl.invoke(DelegatingMethodAccessorImpl.java:43)
at java.base/java.lang.reflect.Method.invoke(Method.java:568)
at org.openqa.selenium.support.events.EventFiringWebDriver.lambda$new$0(EventFiringWebDriver.java:85)
at jdk.proxy2/jdk.proxy2.$Proxy13.onException(Unknown Source)
at org.openqa.selenium.support.events.EventFiringWebDriver.lambda$new$1(EventFiringWebDriver.java:108)
at jdk.proxy2/jdk.proxy2.$Proxy14.getScreenshotAs(Unknown Source)
at org.openqa.selenium.support.events.EventFiringWebDriver.getScreenshotAs(EventFiringWebDriver.java:303)
at com.qa.utils.TestUtil.takeScreenshotAtEndOfTest(TestUtil.java:179)
at com.qa.utils.WebEventListener.onException(WebEventListener.java:59)
at jdk.internal.reflect.GeneratedMethodAccessor7.invoke(Unknown Source)
at java.base/jdk.internal.reflect.DelegatingMethodAccessorImpl.invoke(DelegatingMethodAccessorImpl.java:43)
at java.base/java.lang.reflect.Method.invoke(Method.java:568)
at org.openqa.selenium.support.events.EventFiringWebDriver.lambda$new$0(EventFiringWebDriver.java:85)
at jdk.proxy2/jdk.proxy2.$Proxy13.onException(Unknown Source)
at org.openqa.selenium.support.events.EventFiringWebDriver.lambda$new$1(EventFiringWebDriver.java:108)
at jdk.proxy2/jdk.proxy2.$Proxy14.getScreenshotAs(Unknown Source)
at org.openqa.selenium.support.events.EventFiringWebDriver.getScreenshotAs(EventFiringWebDriver.java:303)
at com.qa.utils.TestUtil.takeScreenshotAtEndOfTest(TestUtil.java:179)
at com.qa.utils.WebEventListener.onException(WebEventListener.java:59)
at jdk.internal.reflect.GeneratedMethodAccessor7.invoke(Unknown Source)
at java.base/jdk.internal.reflect.DelegatingMethodAccessorImpl.invoke(DelegatingMethodAccessorImpl.java:43)
at java.base/java.lang.reflect.Method.invoke(Method.java:568)
at org.openqa.selenium.support.events.EventFiringWebDriver.lambda$new$0(EventFiringWebDriver.java:85)
at jdk.proxy2/jdk.proxy2.$Proxy13.onException(Unknown Source)
at org.openqa.selenium.support.events.EventFiringWebDriver.lambda$new$1(EventFiringWebDriver.java:108)
at jdk.proxy2/jdk.proxy2.$Proxy14.getScreenshotAs(Unknown Source)
at org.openqa.selenium.support.events.EventFiringWebDriver.getScreenshotAs(EventFiringWebDriver.java:303)
at com.qa.utils.TestUtil.takeScreenshotAtEndOfTest(TestUtil.java:179)
at com.qa.utils.WebEventListener.onException(WebEventListener.java:59)
at jdk.internal.reflect.GeneratedMethodAccessor7.invoke(Unknown Source)
at java.base/jdk.internal.reflect.DelegatingMethodAccessorImpl.invoke(DelegatingMethodAccessorImpl.java:43)
at java.base/java.lang.reflect.Method.invoke(Method.java:568)
at org.openqa.selenium.support.events.EventFiringWebDriver.lambda$new$0(EventFiringWebDriver.java:85)
at jdk.proxy2/jdk.proxy2.$Proxy13.onException(Unknown Source)
at org.openqa.selenium.support.events.EventFiringWebDriver.lambda$new$1(EventFiringWebDriver.java:108)
at jdk.proxy2/jdk.proxy2.$Proxy14.getScreenshotAs(Unknown Source)
at org.openqa.selenium.support.events.EventFiringWebDriver.getScreenshotAs(EventFiringWebDriver.java:303)
at com.qa.utils.TestUtil.takeScreenshotAtEndOfTest(TestUtil.java:179)
at com.qa.utils.WebEventListener.onException(WebEventListener.java:59)
at jdk.internal.reflect.GeneratedMethodAccessor7.invoke(Unknown Source)
at java.base/jdk.internal.reflect.DelegatingMethodAccessorImpl.invoke(DelegatingMethodAccessorImpl.java:43)
at java.base/java.lang.reflect.Method.invoke(Method.java:568)
at org.openqa.selenium.support.events.EventFiringWebDriver.lambda$new$0(EventFiringWebDriver.java:85)
at jdk.proxy2/jdk.proxy2.$Proxy13.onException(Unknown Source)
at org.openqa.selenium.support.events.EventFiringWebDriver.lambda$new$1(EventFiringWebDriver.java:108)
at jdk.proxy2/jdk.proxy2.$Proxy14.getScreenshotAs(Unknown Source)
at org.openqa.selenium.support.events.EventFiringWebDriver.getScreenshotAs(EventFiringWebDriver.java:303)
at com.qa.utils.TestUtil.takeScreenshotAtEndOfTest(TestUtil.java:179)
at com.qa.utils.WebEventListener.onException(WebEventListener.java:59)
at jdk.internal.reflect.GeneratedMethodAccessor7.invoke(Unknown Source)
at java.base/jdk.internal.reflect.DelegatingMethodAccessorImpl.invoke(DelegatingMethodAccessorImpl.java:43)
at java.base/java.lang.reflect.Method.invoke(Method.java:568)
at org.openqa.selenium.support.events.EventFiringWebDriver.lambda$new$0(EventFiringWebDriver.java:85)
at jdk.proxy2/jdk.proxy2.$Proxy13.onException(Unknown Source)
at org.openqa.selenium.support.events.EventFiringWebDriver.lambda$new$1(EventFiringWebDriver.java:108)
at jdk.proxy2/jdk.proxy2.$Proxy14.getScreenshotAs(Unknown Source)
at org.openqa.selenium.support.events.EventFiringWebDriver.getScreenshotAs(EventFiringWebDriver.java:303)
at com.qa.utils.TestUtil.takeScreenshotAtEndOfTest(TestUtil.java:179)
at com.qa.utils.WebEventListener.onException(WebEventListener.java:59)
at jdk.internal.reflect.GeneratedMethodAccessor7.invoke(Unknown Source)
at java.base/jdk.internal.reflect.DelegatingMethodAccessorImpl.invoke(DelegatingMethodAccessorImpl.java:43)
at java.base/java.lang.reflect.Method.invoke(Method.java:568)
at org.openqa.selenium.support.events.EventFiringWebDriver.lambda$new$0(EventFiringWebDriver.java:85)
at jdk.proxy2/jdk.proxy2.$Proxy13.onException(Unknown Source)
at org.openqa.selenium.support.events.EventFiringWebDriver.lambda$new$1(EventFiringWebDriver.java:108)
at jdk.proxy2/jdk.proxy2.$Proxy14.getScreenshotAs(Unknown Source)
at org.openqa.selenium.support.events.EventFiringWebDriver.getScreenshotAs(EventFiringWebDriver.java:303)
at com.qa.utils.TestUtil.takeScreenshotAtEndOfTest(TestUtil.java:179)
at com.qa.utils.WebEventListener.onException(WebEventListener.java:59)
at jdk.internal.reflect.GeneratedMethodAccessor7.invoke(Unknown Source)
at java.base/jdk.internal.reflect.DelegatingMethodAccessorImpl.invoke(DelegatingMethodAccessorImpl.java:43)
at java.base/java.lang.reflect.Method.invoke(Method.java:568)
at org.openqa.selenium.support.events.EventFiringWebDriver.lambda$new$0(EventFiringWebDriver.java:85)
at jdk.proxy2/jdk.proxy2.$Proxy13.onException(Unknown Source)
at org.openqa.selenium.support.events.EventFiringWebDriver.lambda$new$1(EventFiringWebDriver.java:108)
at jdk.proxy2/jdk.proxy2.$Proxy14.getScreenshotAs(Unknown Source)
at org.openqa.selenium.support.events.EventFiringWebDriver.getScreenshotAs(EventFiringWebDriver.java:303)
at com.qa.utils.TestUtil.takeScreenshotAtEndOfTest(TestUtil.java:179)
at com.qa.utils.WebEventListener.onException(WebEventListener.java:59)
at jdk.internal.reflect.GeneratedMethodAccessor7.invoke(Unknown Source)
at java.base/jdk.internal.reflect.DelegatingMethodAccessorImpl.invoke(DelegatingMethodAccessorImpl.java:43)
at java.base/java.lang.reflect.Method.invoke(Method.java:568)
at org.openqa.selenium.support.events.EventFiringWebDriver.lambda$new$0(EventFiringWebDriver.java:85)
at jdk.proxy2/jdk.proxy2.$Proxy13.onException(Unknown Source)
at org.openqa.selenium.support.events.EventFiringWebDriver.lambda$new$1(EventFiringWebDriver.java:108)
at jdk.proxy2/jdk.proxy2.$Proxy14.getScreenshotAs(Unknown Source)
at org.openqa.selenium.support.events.EventFiringWebDriver.getScreenshotAs(EventFiringWebDriver.java:303)
at com.qa.utils.TestUtil.takeScreenshotAtEndOfTest(TestUtil.java:179)
at com.qa.utils.WebEventListener.onException(WebEventListener.java:59)
at jdk.internal.reflect.GeneratedMethodAccessor7.invoke(Unknown Source)
at java.base/jdk.internal.reflect.DelegatingMethodAccessorImpl.invoke(DelegatingMethodAccessorImpl.java:43)
at java.base/java.lang.reflect.Method.invoke(Method.java:568)
at org.openqa.selenium.support.events.EventFiringWebDriver.lambda$new$0(EventFiringWebDriver.java:85)
at jdk.proxy2/jdk.proxy2.$Proxy13.onException(Unknown Source)
at org.openqa.selenium.support.events.EventFiringWebDriver.lambda$new$1(EventFiringWebDriver.java:108)
at jdk.proxy2/jdk.proxy2.$Proxy14.getScreenshotAs(Unknown Source)
at org.openqa.selenium.support.events.EventFiringWebDriver.getScreenshotAs(EventFiringWebDriver.java:303)
at com.qa.utils.TestUtil.takeScreenshotAtEndOfTest(TestUtil.java:179)
at com.qa.utils.WebEventListener.onException(WebEventListener.java:59)
at jdk.internal.reflect.GeneratedMethodAccessor7.invoke(Unknown Source)
at java.base/jdk.internal.reflect.DelegatingMethodAccessorImpl.invoke(DelegatingMethodAccessorImpl.java:43)
at java.base/java.lang.reflect.Method.invoke(Method.java:568)
at org.openqa.selenium.support.events.EventFiringWebDriver.lambda$new$0(EventFiringWebDriver.java:85)
at jdk.proxy2/jdk.proxy2.$Proxy13.onException(Unknown Source)
at org.openqa.selenium.support.events.EventFiringWebDriver.lambda$new$1(EventFiringWebDriver.java:108)
at jdk.proxy2/jdk.proxy2.$Proxy14.getScreenshotAs(Unknown Source)
at org.openqa.selenium.support.events.EventFiringWebDriver.getScreenshotAs(EventFiringWebDriver.java:303)
at com.qa.utils.TestUtil.takeScreenshotAtEndOfTest(TestUtil.java:179)
at com.qa.utils.WebEventListener.onException(WebEventListener.java:59)
at jdk.internal.reflect.GeneratedMethodAccessor7.invoke(Unknown Source)
at java.base/jdk.internal.reflect.DelegatingMethodAccessorImpl.invoke(DelegatingMethodAccessorImpl.java:43)
at java.base/java.lang.reflect.Method.invoke(Method.java:568)
at org.openqa.selenium.support.events.EventFiringWebDriver.lambda$new$0(EventFiringWebDriver.java:85)
at jdk.proxy2/jdk.proxy2.$Proxy13.onException(Unknown Source)
at org.openqa.selenium.support.events.EventFiringWebDriver.lambda$new$1(EventFiringWebDriver.java:108)
at jdk.proxy2/jdk.proxy2.$Proxy14.getScreenshotAs(Unknown Source)
at org.openqa.selenium.support.events.EventFiringWebDriver.getScreenshotAs(EventFiringWebDriver.java:303)
at com.qa.utils.TestUtil.takeScreenshotAtEndOfTest(TestUtil.java:179)
at com.qa.utils.WebEventListener.onException(WebEventListener.java:59)
at jdk.internal.reflect.GeneratedMethodAccessor7.invoke(Unknown Source)
at java.base/jdk.internal.reflect.DelegatingMethodAccessorImpl.invoke(DelegatingMethodAccessorImpl.java:43)
at java.base/java.lang.reflect.Method.invoke(Method.java:568)
at org.openqa.selenium.support.events.EventFiringWebDriver.lambda$new$0(EventFiringWebDriver.java:85)
at jdk.proxy2/jdk.proxy2.$Proxy13.onException(Unknown Source)
at org.openqa.selenium.support.events.EventFiringWebDriver.lambda$new$1(EventFiringWebDriver.java:108)
at jdk.proxy2/jdk.proxy2.$Proxy14.getScreenshotAs(Unknown Source)
at org.openqa.selenium.support.events.EventFiringWebDriver.getScreenshotAs(EventFiringWebDriver.java:303)
at com.qa.utils.TestUtil.takeScreenshotAtEndOfTest(TestUtil.java:179)
at com.qa.utils.WebEventListener.onException(WebEventListener.java:59)
at jdk.internal.reflect.GeneratedMethodAccessor7.invoke(Unknown Source)
at java.base/jdk.internal.reflect.DelegatingMethodAccessorImpl.invoke(DelegatingMethodAccessorImpl.java:43)
at java.base/java.lang.reflect.Method.invoke(Method.java:568)
at org.openqa.selenium.support.events.EventFiringWebDriver.lambda$new$0(EventFiringWebDriver.java:85)
at jdk.proxy2/jdk.proxy2.$Proxy13.onException(Unknown Source)
at org.openqa.selenium.support.events.EventFiringWebDriver.lambda$new$1(EventFiringWebDriver.java:108)
at jdk.proxy2/jdk.proxy2.$Proxy14.getScreenshotAs(Unknown Source)
at org.openqa.selenium.support.events.EventFiringWebDriver.getScreenshotAs(EventFiringWebDriver.java:303)
at com.qa.utils.TestUtil.takeScreenshotAtEndOfTest(TestUtil.java:179)
at com.qa.utils.WebEventListener.onException(WebEventListener.java:59)
at jdk.internal.reflect.GeneratedMethodAccessor7.invoke(Unknown Source)
at java.base/jdk.internal.reflect.DelegatingMethodAccessorImpl.invoke(DelegatingMethodAccessorImpl.java:43)
at java.base/java.lang.reflect.Method.invoke(Method.java:568)
at org.openqa.selenium.support.events.EventFiringWebDriver.lambda$new$0(EventFiringWebDriver.java:85)
at jdk.proxy2/jdk.proxy2.$Proxy13.onException(Unknown Source)
at org.openqa.selenium.support.events.EventFiringWebDriver.lambda$new$1(EventFiringWebDriver.java:108)
at jdk.proxy2/jdk.proxy2.$Proxy14.getScreenshotAs(Unknown Source)
at org.openqa.selenium.support.events.EventFiringWebDriver.getScreenshotAs(EventFiringWebDriver.java:303)
at com.qa.utils.TestUtil.takeScreenshotAtEndOfTest(TestUtil.java:179)
at com.qa.utils.WebEventListener.onException(WebEventListener.java:59)
at jdk.internal.reflect.GeneratedMethodAccessor7.invoke(Unknown Source)
at java.base/jdk.internal.reflect.DelegatingMethodAccessorImpl.invoke(DelegatingMethodAccessorImpl.java:43)
at java.base/java.lang.reflect.Method.invoke(Method.java:568)
at org.openqa.selenium.support.events.EventFiringWebDriver.lambda$new$0(EventFiringWebDriver.java:85)
at jdk.proxy2/jdk.proxy2.$Proxy13.onException(Unknown Source)
at org.openqa.selenium.support.events.EventFiringWebDriver.lambda$new$1(EventFiringWebDriver.java:108)
at jdk.proxy2/jdk.proxy2.$Proxy14.getScreenshotAs(Unknown Source)
at org.openqa.selenium.support.events.EventFiringWebDriver.getScreenshotAs(EventFiringWebDriver.java:303)
at com.qa.utils.TestUtil.takeScreenshotAtEndOfTest(TestUtil.java:179)
at com.qa.utils.WebEventListener.onException(WebEventListener.java:59)
at jdk.internal.reflect.GeneratedMethodAccessor7.invoke(Unknown Source)
at java.base/jdk.internal.reflect.DelegatingMethodAccessorImpl.invoke(DelegatingMethodAccessorImpl.java:43)
at java.base/java.lang.reflect.Method.invoke(Method.java:568)
at org.openqa.selenium.support.events.EventFiringWebDriver.lambda$new$0(EventFiringWebDriver.java:85)
at jdk.proxy2/jdk.proxy2.$Proxy13.onException(Unknown Source)
at org.openqa.selenium.support.events.EventFiringWebDriver.lambda$new$1(EventFiringWebDriver.java:108)
at jdk.proxy2/jdk.proxy2.$Proxy14.getScreenshotAs(Unknown Source)
at org.openqa.selenium.support.events.EventFiringWebDriver.getScreenshotAs(EventFiringWebDriver.java:303)
at com.qa.utils.TestUtil.takeScreenshotAtEndOfTest(TestUtil.java:179)
at com.qa.utils.WebEventListener.onException(WebEventListener.java:59)
at jdk.internal.reflect.GeneratedMethodAccessor7.invoke(Unknown Source)
at java.base/jdk.internal.reflect.DelegatingMethodAccessorImpl.invoke(DelegatingMethodAccessorImpl.java:43)
at java.base/java.lang.reflect.Method.invoke(Method.java:568)
at org.openqa.selenium.support.events.EventFiringWebDriver.lambda$new$0(EventFiringWebDriver.java:85)
at jdk.proxy2/jdk.proxy2.$Proxy13.onException(Unknown Source)
at org.openqa.selenium.support.events.EventFiringWebDriver.lambda$new$1(EventFiringWebDriver.java:108)
at jdk.proxy2/jdk.proxy2.$Proxy14.getScreenshotAs(Unknown Source)
at org.openqa.selenium.support.events.EventFiringWebDriver.getScreenshotAs(EventFiringWebDriver.java:303)
at com.qa.utils.TestUtil.takeScreenshotAtEndOfTest(TestUtil.java:179)
at com.qa.utils.WebEventListener.onException(WebEventListener.java:59)
at jdk.internal.reflect.GeneratedMethodAccessor7.invoke(Unknown Source)
at java.base/jdk.internal.reflect.DelegatingMethodAccessorImpl.invoke(DelegatingMethodAccessorImpl.java:43)
at java.base/java.lang.reflect.Method.invoke(Method.java:568)
at org.openqa.selenium.support.events.EventFiringWebDriver.lambda$new$0(EventFiringWebDriver.java:85)
at jdk.proxy2/jdk.proxy2.$Proxy13.onException(Unknown Source)
at org.openqa.selenium.support.events.EventFiringWebDriver.lambda$new$1(EventFiringWebDriver.java:108)
at jdk.proxy2/jdk.proxy2.$Proxy14.getScreenshotAs(Unknown Source)
at org.openqa.selenium.support.events.EventFiringWebDriver.getScreenshotAs(EventFiringWebDriver.java:303)
at com.qa.utils.TestUtil.takeScreenshotAtEndOfTest(TestUtil.java:179)
at com.qa.utils.WebEventListener.onException(WebEventListener.java:59)
at jdk.internal.reflect.GeneratedMethodAccessor7.invoke(Unknown Source)
at java.base/jdk.internal.reflect.DelegatingMethodAccessorImpl.invoke(DelegatingMethodAccessorImpl.java:43)
at java.base/java.lang.reflect.Method.invoke(Method.java:568)
at org.openqa.selenium.support.events.EventFiringWebDriver.lambda$new$0(EventFiringWebDriver.java:85)
at jdk.proxy2/jdk.proxy2.$Proxy13.onException(Unknown Source)
at org.openqa.selenium.support.events.EventFiringWebDriver.lambda$new$1(EventFiringWebDriver.java:108)
at jdk.proxy2/jdk.proxy2.$Proxy14.getScreenshotAs(Unknown Source)
at org.openqa.selenium.support.events.EventFiringWebDriver.getScreenshotAs(EventFiringWebDriver.java:303)
at com.qa.utils.TestUtil.takeScreenshotAtEndOfTest(TestUtil.java:179)
at com.qa.utils.WebEventListener.onException(WebEventListener.java:59)
at jdk.internal.reflect.GeneratedMethodAccessor7.invoke(Unknown Source)
at java.base/jdk.internal.reflect.DelegatingMethodAccessorImpl.invoke(DelegatingMethodAccessorImpl.java:43)
at java.base/java.lang.reflect.Method.invoke(Method.java:568)
at org.openqa.selenium.support.events.EventFiringWebDriver.lambda$new$0(EventFiringWebDriver.java:85)
at jdk.proxy2/jdk.proxy2.$Proxy13.onException(Unknown Source)
at org.openqa.selenium.support.events.EventFiringWebDriver.lambda$new$1(EventFiringWebDriver.java:108)
at jdk.proxy2/jdk.proxy2.$Proxy14.getScreenshotAs(Unknown Source)
at org.openqa.selenium.support.events.EventFiringWebDriver.getScreenshotAs(EventFiringWebDriver.java:303)
at com.qa.utils.TestUtil.takeScreenshotAtEndOfTest(TestUtil.java:179)
at com.qa.utils.WebEventListener.onException(WebEventListener.java:59)
at jdk.internal.reflect.GeneratedMethodAccessor7.invoke(Unknown Source)
at java.base/jdk.internal.reflect.DelegatingMethodAccessorImpl.invoke(DelegatingMethodAccessorImpl.java:43)
at java.base/java.lang.reflect.Method.invoke(Method.java:568)
at org.openqa.selenium.support.events.EventFiringWebDriver.lambda$new$0(EventFiringWebDriver.java:85)
at jdk.proxy2/jdk.proxy2.$Proxy13.onException(Unknown Source)
at org.openqa.selenium.support.events.EventFiringWebDriver.lambda$new$1(EventFiringWebDriver.java:108)
at jdk.proxy2/jdk.proxy2.$Proxy14.getScreenshotAs(Unknown Source)
at org.openqa.selenium.support.events.EventFiringWebDriver.getScreenshotAs(EventFiringWebDriver.java:303)
at com.qa.utils.TestUtil.takeScreenshotAtEndOfTest(TestUtil.java:179)
at com.qa.utils.WebEventListener.onException(WebEventListener.java:59)
at jdk.internal.reflect.GeneratedMethodAccessor7.invoke(Unknown Source)
at java.base/jdk.internal.reflect.DelegatingMethodAccessorImpl.invoke(DelegatingMethodAccessorImpl.java:43)
at java.base/java.lang.reflect.Method.invoke(Method.java:568)
at org.openqa.selenium.support.events.EventFiringWebDriver.lambda$new$0(EventFiringWebDriver.java:85)
at jdk.proxy2/jdk.proxy2.$Proxy13.onException(Unknown Source)
at org.openqa.selenium.support.events.EventFiringWebDriver.lambda$new$1(EventFiringWebDriver.java:108)
at jdk.proxy2/jdk.proxy2.$Proxy14.getScreenshotAs(Unknown Source)
at org.openqa.selenium.support.events.EventFiringWebDriver.getScreenshotAs(EventFiringWebDriver.java:303)
at com.qa.utils.TestUtil.takeScreenshotAtEndOfTest(TestUtil.java:179)
at com.qa.utils.WebEventListener.onException(WebEventListener.java:59)
at jdk.internal.reflect.GeneratedMethodAccessor7.invoke(Unknown Source)
at java.base/jdk.internal.reflect.DelegatingMethodAccessorImpl.invoke(DelegatingMethodAccessorImpl.java:43)
at java.base/java.lang.reflect.Method.invoke(Method.java:568)
at org.openqa.selenium.support.events.EventFiringWebDriver.lambda$new$0(EventFiringWebDriver.java:85)
at jdk.proxy2/jdk.proxy2.$Proxy13.onException(Unknown Source)
at org.openqa.selenium.support.events.EventFiringWebDriver.lambda$new$1(EventFiringWebDriver.java:108)
at jdk.proxy2/jdk.proxy2.$Proxy14.getScreenshotAs(Unknown Source)
at org.openqa.selenium.support.events.EventFiringWebDriver.getScreenshotAs(EventFiringWebDriver.java:303)
at com.qa.utils.TestUtil.takeScreenshotAtEndOfTest(TestUtil.java:179)
at com.qa.utils.WebEventListener.onException(WebEventListener.java:59)
at jdk.internal.reflect.GeneratedMethodAccessor7.invoke(Unknown Source)
at java.base/jdk.internal.reflect.DelegatingMethodAccessorImpl.invoke(DelegatingMethodAccessorImpl.java:43)
at java.base/java.lang.reflect.Method.invoke(Method.java:568)
at org.openqa.selenium.support.events.EventFiringWebDriver.lambda$new$0(EventFiringWebDriver.java:85)
at jdk.proxy2/jdk.proxy2.$Proxy13.onException(Unknown Source)
at org.openqa.selenium.support.events.EventFiringWebDriver.lambda$new$1(EventFiringWebDriver.java:108)
at jdk.proxy2/jdk.proxy2.$Proxy14.getScreenshotAs(Unknown Source)
at org.openqa.selenium.support.events.EventFiringWebDriver.getScreenshotAs(EventFiringWebDriver.java:303)
at com.qa.utils.TestUtil.takeScreenshotAtEndOfTest(TestUtil.java:179)
at com.qa.utils.WebEventListener.onException(WebEventListener.java:59)
at jdk.internal.reflect.GeneratedMethodAccessor7.invoke(Unknown Source)
at java.base/jdk.internal.reflect.DelegatingMethodAccessorImpl.invoke(DelegatingMethodAccessorImpl.java:43)
at java.base/java.lang.reflect.Method.invoke(Method.java:568)
at org.openqa.selenium.support.events.EventFiringWebDriver.lambda$new$0(EventFiringWebDriver.java:85)
at jdk.proxy2/jdk.proxy2.$Proxy13.onException(Unknown Source)
at org.openqa.selenium.support.events.EventFiringWebDriver.lambda$new$1(EventFiringWebDriver.java:108)
at jdk.proxy2/jdk.proxy2.$Proxy14.getScreenshotAs(Unknown Source)
at org.openqa.selenium.support.events.EventFiringWebDriver.getScreenshotAs(EventFiringWebDriver.java:303)
at com.qa.utils.TestUtil.takeScreenshotAtEndOfTest(TestUtil.java:179)
at com.qa.utils.WebEventListener.onException(WebEventListener.java:59)
at jdk.internal.reflect.GeneratedMethodAccessor7.invoke(Unknown Source)
at java.base/jdk.internal.reflect.DelegatingMethodAccessorImpl.invoke(DelegatingMethodAccessorImpl.java:43)
at java.base/java.lang.reflect.Method.invoke(Method.java:568)
at org.openqa.selenium.support.events.EventFiringWebDriver.lambda$new$0(EventFiringWebDriver.java:85)
at jdk.proxy2/jdk.proxy2.$Proxy13.onException(Unknown Source)
at org.openqa.selenium.support.events.EventFiringWebDriver.lambda$new$1(EventFiringWebDriver.java:108)
at jdk.proxy2/jdk.proxy2.$Proxy14.getScreenshotAs(Unknown Source)
at org.openqa.selenium.support.events.EventFiringWebDriver.getScreenshotAs(EventFiringWebDriver.java:303)
at com.qa.utils.TestUtil.takeScreenshotAtEndOfTest(TestUtil.java:179)
at com.qa.utils.WebEventListener.onException(WebEventListener.java:59)
at jdk.internal.reflect.GeneratedMethodAccessor7.invoke(Unknown Source)
at java.base/jdk.internal.reflect.DelegatingMethodAccessorImpl.invoke(DelegatingMethodAccessorImpl.java:43)
at java.base/java.lang.reflect.Method.invoke(Method.java:568)
at org.openqa.selenium.support.events.EventFiringWebDriver.lambda$new$0(EventFiringWebDriver.java:85)
at jdk.proxy2/jdk.proxy2.$Proxy13.onException(Unknown Source)
at org.openqa.selenium.support.events.EventFiringWebDriver.lambda$new$1(EventFiringWebDriver.java:108)
at jdk.proxy2/jdk.proxy2.$Proxy14.getScreenshotAs(Unknown Source)
at org.openqa.selenium.support.events.EventFiringWebDriver.getScreenshotAs(EventFiringWebDriver.java:303)
at com.qa.utils.TestUtil.takeScreenshotAtEndOfTest(TestUtil.java:179)
at com.qa.utils.WebEventListener.onException(WebEventListener.java:59)
at jdk.internal.reflect.GeneratedMethodAccessor7.invoke(Unknown Source)
at java.base/jdk.internal.reflect.DelegatingMethodAccessorImpl.invoke(DelegatingMethodAccessorImpl.java:43)
at java.base/java.lang.reflect.Method.invoke(Method.java:568)
at org.openqa.selenium.support.events.EventFiringWebDriver.lambda$new$0(EventFiringWebDriver.java:85)
at jdk.proxy2/jdk.proxy2.$Proxy13.onException(Unknown Source)
at org.openqa.selenium.support.events.EventFiringWebDriver.lambda$new$1(EventFiringWebDriver.java:108)
at jdk.proxy2/jdk.proxy2.$Proxy14.getScreenshotAs(Unknown Source)
at org.openqa.selenium.support.events.EventFiringWebDriver.getScreenshotAs(EventFiringWebDriver.java:303)
at com.qa.utils.TestUtil.takeScreenshotAtEndOfTest(TestUtil.java:179)
at com.qa.utils.WebEventListener.onException(WebEventListener.java:59)
at jdk.internal.reflect.GeneratedMethodAccessor7.invoke(Unknown Source)
at java.base/jdk.internal.reflect.DelegatingMethodAccessorImpl.invoke(DelegatingMethodAccessorImpl.java:43)
at java.base/java.lang.reflect.Method.invoke(Method.java:568)
at org.openqa.selenium.support.events.EventFiringWebDriver.lambda$new$0(EventFiringWebDriver.java:85)
at jdk.proxy2/jdk.proxy2.$Proxy13.onException(Unknown Source)
at org.openqa.selenium.support.events.EventFiringWebDriver.lambda$new$1(EventFiringWebDriver.java:108)
at jdk.proxy2/jdk.proxy2.$Proxy14.getScreenshotAs(Unknown Source)
at org.openqa.selenium.support.events.EventFiringWebDriver.getScreenshotAs(EventFiringWebDriver.java:303)
at com.qa.utils.TestUtil.takeScreenshotAtEndOfTest(TestUtil.java:179)
at com.qa.utils.WebEventListener.onException(WebEventListener.java:59)
at jdk.internal.reflect.GeneratedMethodAccessor7.invoke(Unknown Source)
at java.base/jdk.internal.reflect.DelegatingMethodAccessorImpl.invoke(DelegatingMethodAccessorImpl.java:43)
at java.base/java.lang.reflect.Method.invoke(Method.java:568)
at org.openqa.selenium.support.events.EventFiringWebDriver.lambda$new$0(EventFiringWebDriver.java:85)
at jdk.proxy2/jdk.proxy2.$Proxy13.onException(Unknown Source)
at org.openqa.selenium.support.events.EventFiringWebDriver.lambda$new$1(EventFiringWebDriver.java:108)
at jdk.proxy2/jdk.proxy2.$Proxy14.getScreenshotAs(Unknown Source)
at org.openqa.selenium.support.events.EventFiringWebDriver.getScreenshotAs(EventFiringWebDriver.java:303)
at com.qa.utils.TestUtil.takeScreenshotAtEndOfTest(TestUtil.java:179)
at com.qa.utils.WebEventListener.onException(WebEventListener.java:59)
at jdk.internal.reflect.GeneratedMethodAccessor7.invoke(Unknown Source)
at java.base/jdk.internal.reflect.DelegatingMethodAccessorImpl.invoke(DelegatingMethodAccessorImpl.java:43)
at java.base/java.lang.reflect.Method.invoke(Method.java:568)
at org.openqa.selenium.support.events.EventFiringWebDriver.lambda$new$0(EventFiringWebDriver.java:85)
at jdk.proxy2/jdk.proxy2.$Proxy13.onException(Unknown Source)
at org.openqa.selenium.support.events.EventFiringWebDriver.lambda$new$1(EventFiringWebDriver.java:108)
at jdk.proxy2/jdk.proxy2.$Proxy14.getScreenshotAs(Unknown Source)
at org.openqa.selenium.support.events.EventFiringWebDriver.getScreenshotAs(EventFiringWebDriver.java:303)
at com.qa.utils.TestUtil.takeScreenshotAtEndOfTest(TestUtil.java:179)
at com.qa.utils.WebEventListener.onException(WebEventListener.java:59)
at jdk.internal.reflect.GeneratedMethodAccessor7.invoke(Unknown Source)
at java.base/jdk.internal.reflect.DelegatingMethodAccessorImpl.invoke(DelegatingMethodAccessorImpl.java:43)
at java.base/java.lang.reflect.Method.invoke(Method.java:568)
at org.openqa.selenium.support.events.EventFiringWebDriver.lambda$new$0(EventFiringWebDriver.java:85)
at jdk.proxy2/jdk.proxy2.$Proxy13.onException(Unknown Source)
at org.openqa.selenium.support.events.EventFiringWebDriver.lambda$new$1(EventFiringWebDriver.java:108)
at jdk.proxy2/jdk.proxy2.$Proxy14.getScreenshotAs(Unknown Source)
at org.openqa.selenium.support.events.EventFiringWebDriver.getScreenshotAs(EventFiringWebDriver.java:303)
at com.qa.utils.TestUtil.takeScreenshotAtEndOfTest(TestUtil.java:179)
at com.qa.utils.WebEventListener.onException(WebEventListener.java:59)
at jdk.internal.reflect.GeneratedMethodAccessor7.invoke(Unknown Source)
at java.base/jdk.internal.reflect.DelegatingMethodAccessorImpl.invoke(DelegatingMethodAccessorImpl.java:43)
at java.base/java.lang.reflect.Method.invoke(Method.java:568)
at org.openqa.selenium.support.events.EventFiringWebDriver.lambda$new$0(EventFiringWebDriver.java:85)
at jdk.proxy2/jdk.proxy2.$Proxy13.onException(Unknown Source)
at org.openqa.selenium.support.events.EventFiringWebDriver.lambda$new$1(EventFiringWebDriver.java:108)
at jdk.proxy2/jdk.proxy2.$Proxy14.getScreenshotAs(Unknown Source)
at org.openqa.selenium.support.events.EventFiringWebDriver.getScreenshotAs(EventFiringWebDriver.java:303)
at com.qa.utils.TestUtil.takeScreenshotAtEndOfTest(TestUtil.java:179)
at com.qa.utils.WebEventListener.onException(WebEventListener.java:59)
at jdk.internal.reflect.GeneratedMethodAccessor7.invoke(Unknown Source)
at java.base/jdk.internal.reflect.DelegatingMethodAccessorImpl.invoke(DelegatingMethodAccessorImpl.java:43)
at java.base/java.lang.reflect.Method.invoke(Method.java:568)
at org.openqa.selenium.support.events.EventFiringWebDriver.lambda$new$0(EventFiringWebDriver.java:85)
at jdk.proxy2/jdk.proxy2.$Proxy13.onException(Unknown Source)
at org.openqa.selenium.support.events.EventFiringWebDriver.lambda$new$1(EventFiringWebDriver.java:108)
at jdk.proxy2/jdk.proxy2.$Proxy14.getScreenshotAs(Unknown Source)
at org.openqa.selenium.support.events.EventFiringWebDriver.getScreenshotAs(EventFiringWebDriver.java:303)
at com.qa.utils.TestUtil.takeScreenshotAtEndOfTest(TestUtil.java:179)
at com.qa.utils.WebEventListener.onException(WebEventListener.java:59)
at jdk.internal.reflect.GeneratedMethodAccessor7.invoke(Unknown Source)
at java.base/jdk.internal.reflect.DelegatingMethodAccessorImpl.invoke(DelegatingMethodAccessorImpl.java:43)
at java.base/java.lang.reflect.Method.invoke(Method.java:568)
at org.openqa.selenium.support.events.EventFiringWebDriver.lambda$new$0(EventFiringWebDriver.java:85)
at jdk.proxy2/jdk.proxy2.$Proxy13.onException(Unknown Source)
at org.openqa.selenium.support.events.EventFiringWebDriver.lambda$new$1(EventFiringWebDriver.java:108)
at jdk.proxy2/jdk.proxy2.$Proxy14.getScreenshotAs(Unknown Source)
at org.openqa.selenium.support.events.EventFiringWebDriver.getScreenshotAs(EventFiringWebDriver.java:303)
at com.qa.utils.TestUtil.takeScreenshotAtEndOfTest(TestUtil.java:179)
at com.qa.utils.WebEventListener.onException(WebEventListener.java:59)
at jdk.internal.reflect.GeneratedMethodAccessor7.invoke(Unknown Source)
at java.base/jdk.internal.reflect.DelegatingMethodAccessorImpl.invoke(DelegatingMethodAccessorImpl.java:43)
at java.base/java.lang.reflect.Method.invoke(Method.java:568)
at org.openqa.selenium.support.events.EventFiringWebDriver.lambda$new$0(EventFiringWebDriver.java:85)
at jdk.proxy2/jdk.proxy2.$Proxy13.onException(Unknown Source)
at org.openqa.selenium.support.events.EventFiringWebDriver.lambda$new$1(EventFiringWebDriver.java:108)
at jdk.proxy2/jdk.proxy2.$Proxy14.getScreenshotAs(Unknown Source)
at org.openqa.selenium.support.events.EventFiringWebDriver.getScreenshotAs(EventFiringWebDriver.java:303)
at com.qa.utils.TestUtil.takeScreenshotAtEndOfTest(TestUtil.java:179)
at com.qa.utils.WebEventListener.onException(WebEventListener.java:59)
at jdk.internal.reflect.GeneratedMethodAccessor7.invoke(Unknown Source)
at java.base/jdk.internal.reflect.DelegatingMethodAccessorImpl.invoke(DelegatingMethodAccessorImpl.java:43)
at java.base/java.lang.reflect.Method.invoke(Method.java:568)
at org.openqa.selenium.support.events.EventFiringWebDriver.lambda$new$0(EventFiringWebDriver.java:85)
at jdk.proxy2/jdk.proxy2.$Proxy13.onException(Unknown Source)
at org.openqa.selenium.support.events.EventFiringWebDriver.lambda$new$1(EventFiringWebDriver.java:108)
at jdk.proxy2/jdk.proxy2.$Proxy14.getScreenshotAs(Unknown Source)
at org.openqa.selenium.support.events.EventFiringWebDriver.getScreenshotAs(EventFiringWebDriver.java:303)
at com.qa.utils.TestUtil.takeScreenshotAtEndOfTest(TestUtil.java:179)
at com.qa.utils.WebEventListener.onException(WebEventListener.java:59)
at jdk.internal.reflect.GeneratedMethodAccessor7.invoke(Unknown Source)
at java.base/jdk.internal.reflect.DelegatingMethodAccessorImpl.invoke(DelegatingMethodAccessorImpl.java:43)
at java.base/java.lang.reflect.Method.invoke(Method.java:568)
at org.openqa.selenium.support.events.EventFiringWebDriver.lambda$new$0(EventFiringWebDriver.java:85)
at jdk.proxy2/jdk.proxy2.$Proxy13.onException(Unknown Source)
at org.openqa.selenium.support.events.EventFiringWebDriver.lambda$new$1(EventFiringWebDriver.java:108)
at jdk.proxy2/jdk.proxy2.$Proxy14.getScreenshotAs(Unknown Source)
at org.openqa.selenium.support.events.EventFiringWebDriver.getScreenshotAs(EventFiringWebDriver.java:303)
at com.qa.utils.TestUtil.takeScreenshotAtEndOfTest(TestUtil.java:179)
at com.qa.utils.WebEventListener.onException(WebEventListener.java:59)
at jdk.internal.reflect.GeneratedMethodAccessor7.invoke(Unknown Source)
at java.base/jdk.internal.reflect.DelegatingMethodAccessorImpl.invoke(DelegatingMethodAccessorImpl.java:43)
at java.base/java.lang.reflect.Method.invoke(Method.java:568)
at org.openqa.selenium.support.events.EventFiringWebDriver.lambda$new$0(EventFiringWebDriver.java:85)
at jdk.proxy2/jdk.proxy2.$Proxy13.onException(Unknown Source)
at org.openqa.selenium.support.events.EventFiringWebDriver.lambda$new$1(EventFiringWebDriver.java:108)
at jdk.proxy2/jdk.proxy2.$Proxy14.getScreenshotAs(Unknown Source)
at org.openqa.selenium.support.events.EventFiringWebDriver.getScreenshotAs(EventFiringWebDriver.java:303)
at com.qa.utils.TestUtil.takeScreenshotAtEndOfTest(TestUtil.java:179)
at com.qa.utils.WebEventListener.onException(WebEventListener.java:59)
at jdk.internal.reflect.GeneratedMethodAccessor7.invoke(Unknown Source)
at java.base/jdk.internal.reflect.DelegatingMethodAccessorImpl.invoke(DelegatingMethodAccessorImpl.java:43)
at java.base/java.lang.reflect.Method.invoke(Method.java:568)
at org.openqa.selenium.support.events.EventFiringWebDriver.lambda$new$0(EventFiringWebDriver.java:85)
at jdk.proxy2/jdk.proxy2.$Proxy13.onException(Unknown Source)
at org.openqa.selenium.support.events.EventFiringWebDriver.lambda$new$1(EventFiringWebDriver.java:108)
at jdk.proxy2/jdk.proxy2.$Proxy14.getScreenshotAs(Unknown Source)
at org.openqa.selenium.support.events.EventFiringWebDriver.getScreenshotAs(EventFiringWebDriver.java:303)
at com.qa.utils.TestUtil.takeScreenshotAtEndOfTest(TestUtil.java:179)
at com.qa.utils.WebEventListener.onException(WebEventListener.java:59)
at jdk.internal.reflect.GeneratedMethodAccessor7.invoke(Unknown Source)
at java.base/jdk.internal.reflect.DelegatingMethodAccessorImpl.invoke(DelegatingMethodAccessorImpl.java:43)
at java.base/java.lang.reflect.Method.invoke(Method.java:568)
at org.openqa.selenium.support.events.EventFiringWebDriver.lambda$new$0(EventFiringWebDriver.java:85)
at jdk.proxy2/jdk.proxy2.$Proxy13.onException(Unknown Source)
at org.openqa.selenium.support.events.EventFiringWebDriver.lambda$new$1(EventFiringWebDriver.java:108)
at jdk.proxy2/jdk.proxy2.$Proxy14.getScreenshotAs(Unknown Source)
at org.openqa.selenium.support.events.EventFiringWebDriver.getScreenshotAs(EventFiringWebDriver.java:303)
at com.qa.utils.TestUtil.takeScreenshotAtEndOfTest(TestUtil.java:179)
at com.qa.utils.WebEventListener.onException(WebEventListener.java:59)
at jdk.internal.reflect.GeneratedMethodAccessor7.invoke(Unknown Source)
at java.base/jdk.internal.reflect.DelegatingMethodAccessorImpl.invoke(DelegatingMethodAccessorImpl.java:43)
at java.base/java.lang.reflect.Method.invoke(Method.java:568)
at org.openqa.selenium.support.events.EventFiringWebDriver.lambda$new$0(EventFiringWebDriver.java:85)
at jdk.proxy2/jdk.proxy2.$Proxy13.onException(Unknown Source)
at org.openqa.selenium.support.events.EventFiringWebDriver.lambda$new$1(EventFiringWebDriver.java:108)
at jdk.proxy2/jdk.proxy2.$Proxy14.getScreenshotAs(Unknown Source)
at org.openqa.selenium.support.events.EventFiringWebDriver.getScreenshotAs(EventFiringWebDriver.java:303)
at com.qa.utils.TestUtil.takeScreenshotAtEndOfTest(TestUtil.java:179)
at com.qa.utils.WebEventListener.onException(WebEventListener.java:59)
at jdk.internal.reflect.GeneratedMethodAccessor7.invoke(Unknown Source)
at java.base/jdk.internal.reflect.DelegatingMethodAccessorImpl.invoke(DelegatingMethodAccessorImpl.java:43)
at java.base/java.lang.reflect.Method.invoke(Method.java:568)
at org.openqa.selenium.support.events.EventFiringWebDriver.lambda$new$0(EventFiringWebDriver.java:85)
at jdk.proxy2/jdk.proxy2.$Proxy13.onException(Unknown Source)
at org.openqa.selenium.support.events.EventFiringWebDriver.lambda$new$1(EventFiringWebDriver.java:108)
at jdk.proxy2/jdk.proxy2.$Proxy14.getScreenshotAs(Unknown Source)
at org.openqa.selenium.support.events.EventFiringWebDriver.getScreenshotAs(EventFiringWebDriver.java:303)
at com.qa.utils.TestUtil.takeScreenshotAtEndOfTest(TestUtil.java:179)
at com.qa.utils.WebEventListener.onException(WebEventListener.java:59)
at jdk.internal.reflect.GeneratedMethodAccessor7.invoke(Unknown Source)
at java.base/jdk.internal.reflect.DelegatingMethodAccessorImpl.invoke(DelegatingMethodAccessorImpl.java:43)
at java.base/java.lang.reflect.Method.invoke(Method.java:568)
at org.openqa.selenium.support.events.EventFiringWebDriver.lambda$new$0(EventFiringWebDriver.java:85)
at jdk.proxy2/jdk.proxy2.$Proxy13.onException(Unknown Source)
at org.openqa.selenium.support.events.EventFiringWebDriver.lambda$new$1(EventFiringWebDriver.java:108)
at jdk.proxy2/jdk.proxy2.$Proxy14.getScreenshotAs(Unknown Source)
at org.openqa.selenium.support.events.EventFiringWebDriver.getScreenshotAs(EventFiringWebDriver.java:303)
at com.qa.utils.TestUtil.takeScreenshotAtEndOfTest(TestUtil.java:179)
at com.qa.utils.WebEventListener.onException(WebEventListener.java:59)
at jdk.internal.reflect.GeneratedMethodAccessor7.invoke(Unknown Source)
at java.base/jdk.internal.reflect.DelegatingMethodAccessorImpl.invoke(DelegatingMethodAccessorImpl.java:43)
at java.base/java.lang.reflect.Method.invoke(Method.java:568)
at org.openqa.selenium.support.events.EventFiringWebDriver.lambda$new$0(EventFiringWebDriver.java:85)
at jdk.proxy2/jdk.proxy2.$Proxy13.onException(Unknown Source)
at org.openqa.selenium.support.events.EventFiringWebDriver.lambda$new$1(EventFiringWebDriver.java:108)
at jdk.proxy2/jdk.proxy2.$Proxy14.getScreenshotAs(Unknown Source)
at org.openqa.selenium.support.events.EventFiringWebDriver.getScreenshotAs(EventFiringWebDriver.java:303)
at com.qa.utils.TestUtil.takeScreenshotAtEndOfTest(TestUtil.java:179)
at com.qa.utils.WebEventListener.onException(WebEventListener.java:59)
at jdk.internal.reflect.GeneratedMethodAccessor7.invoke(Unknown Source)
at java.base/jdk.internal.reflect.DelegatingMethodAccessorImpl.invoke(DelegatingMethodAccessorImpl.java:43)
at java.base/java.lang.reflect.Method.invoke(Method.java:568)
at org.openqa.selenium.support.events.EventFiringWebDriver.lambda$new$0(EventFiringWebDriver.java:85)
at jdk.proxy2/jdk.proxy2.$Proxy13.onException(Unknown Source)
at org.openqa.selenium.support.events.EventFiringWebDriver.lambda$new$1(EventFiringWebDriver.java:108)
at jdk.proxy2/jdk.proxy2.$Proxy14.getScreenshotAs(Unknown Source)
at org.openqa.selenium.support.events.EventFiringWebDriver.getScreenshotAs(EventFiringWebDriver.java:303)
at com.qa.utils.TestUtil.takeScreenshotAtEndOfTest(TestUtil.java:179)
at com.qa.utils.WebEventListener.onException(WebEventListener.java:59)
at jdk.internal.reflect.GeneratedMethodAccessor7.invoke(Unknown Source)
at java.base/jdk.internal.reflect.DelegatingMethodAccessorImpl.invoke(DelegatingMethodAccessorImpl.java:43)
at java.base/java.lang.reflect.Method.invoke(Method.java:568)
at org.openqa.selenium.support.events.EventFiringWebDriver.lambda$new$0(EventFiringWebDriver.java:85)
at jdk.proxy2/jdk.proxy2.$Proxy13.onException(Unknown Source)
at org.openqa.selenium.support.events.EventFiringWebDriver.lambda$new$1(EventFiringWebDriver.java:108)
at jdk.proxy2/jdk.proxy2.$Proxy14.getScreenshotAs(Unknown Source)
at org.openqa.selenium.support.events.EventFiringWebDriver.getScreenshotAs(EventFiringWebDriver.java:303)
at com.qa.utils.TestUtil.takeScreenshotAtEndOfTest(TestUtil.java:179)
at com.qa.utils.WebEventListener.onException(WebEventListener.java:59)
at jdk.internal.reflect.GeneratedMethodAccessor7.invoke(Unknown Source)
at java.base/jdk.internal.reflect.DelegatingMethodAccessorImpl.invoke(DelegatingMethodAccessorImpl.java:43)
at java.base/java.lang.reflect.Method.invoke(Method.java:568)
at org.openqa.selenium.support.events.EventFiringWebDriver.lambda$new$0(EventFiringWebDriver.java:85)
at jdk.proxy2/jdk.proxy2.$Proxy13.onException(Unknown Source)
at org.openqa.selenium.support.events.EventFiringWebDriver.lambda$new$1(EventFiringWebDriver.java:108)
at jdk.proxy2/jdk.proxy2.$Proxy14.getScreenshotAs(Unknown Source)
at org.openqa.selenium.support.events.EventFiringWebDriver.getScreenshotAs(EventFiringWebDriver.java:303)
at com.qa.utils.TestUtil.takeScreenshotAtEndOfTest(TestUtil.java:179)
at com.qa.utils.WebEventListener.onException(WebEventListener.java:59)
at jdk.internal.reflect.GeneratedMethodAccessor7.invoke(Unknown Source)
at java.base/jdk.internal.reflect.DelegatingMethodAccessorImpl.invoke(DelegatingMethodAccessorImpl.java:43)
at java.base/java.lang.reflect.Method.invoke(Method.java:568)
at org.openqa.selenium.support.events.EventFiringWebDriver.lambda$new$0(EventFiringWebDriver.java:85)
at jdk.proxy2/jdk.proxy2.$Proxy13.onException(Unknown Source)
at org.openqa.selenium.support.events.EventFiringWebDriver.lambda$new$1(EventFiringWebDriver.java:108)
at jdk.proxy2/jdk.proxy2.$Proxy14.getScreenshotAs(Unknown Source)
at org.openqa.selenium.support.events.EventFiringWebDriver.getScreenshotAs(EventFiringWebDriver.java:303)
at com.qa.utils.TestUtil.takeScreenshotAtEndOfTest(TestUtil.java:179)
at com.qa.utils.WebEventListener.onException(WebEventListener.java:59)
at jdk.internal.reflect.GeneratedMethodAccessor7.invoke(Unknown Source)
at java.base/jdk.internal.reflect.DelegatingMethodAccessorImpl.invoke(DelegatingMethodAccessorImpl.java:43)
at java.base/java.lang.reflect.Method.invoke(Method.java:568)
at org.openqa.selenium.support.events.EventFiringWebDriver.lambda$new$0(EventFiringWebDriver.java:85)
at jdk.proxy2/jdk.proxy2.$Proxy13.onException(Unknown Source)
at org.openqa.selenium.support.events.EventFiringWebDriver.lambda$new$1(EventFiringWebDriver.java:108)
at jdk.proxy2/jdk.proxy2.$Proxy14.getScreenshotAs(Unknown Source)
at org.openqa.selenium.support.events.EventFiringWebDriver.getScreenshotAs(EventFiringWebDriver.java:303)
at com.qa.utils.TestUtil.takeScreenshotAtEndOfTest(TestUtil.java:179)
at com.qa.utils.WebEventListener.onException(WebEventListener.java:59)
at jdk.internal.reflect.GeneratedMethodAccessor7.invoke(Unknown Source)
at java.base/jdk.internal.reflect.DelegatingMethodAccessorImpl.invoke(DelegatingMethodAccessorImpl.java:43)
at java.base/java.lang.reflect.Method.invoke(Method.java:568)
at org.openqa.selenium.support.events.EventFiringWebDriver.lambda$new$0(EventFiringWebDriver.java:85)
at jdk.proxy2/jdk.proxy2.$Proxy13.onException(Unknown Source)
at org.openqa.selenium.support.events.EventFiringWebDriver.lambda$new$1(EventFiringWebDriver.java:108)
at jdk.proxy2/jdk.proxy2.$Proxy14.getScreenshotAs(Unknown Source)
at org.openqa.selenium.support.events.EventFiringWebDriver.getScreenshotAs(EventFiringWebDriver.java:303)
at com.qa.utils.TestUtil.takeScreenshotAtEndOfTest(TestUtil.java:179)
at com.qa.utils.WebEventListener.onException(WebEventListener.java:59)
at jdk.internal.reflect.GeneratedMethodAccessor7.invoke(Unknown Source)
at java.base/jdk.internal.reflect.DelegatingMethodAccessorImpl.invoke(DelegatingMethodAccessorImpl.java:43)
]]>
    </error>
  </testcase> <!-- Verify_ValidateConfirmationRecord -->
  <system-out/>
  <testcase classname="com.qa.testcases.inwardlist.JobWorkRoughListPageTest" name="Verify_ValidateDisableFields" time="1.996">
    <error type="java.lang.StackOverflowError">
      <![CDATA[java.lang.StackOverflowError
at java.base/java.lang.Exception.<init>(Exception.java:103)
at java.base/java.lang.ReflectiveOperationException.<init>(ReflectiveOperationException.java:90)
at java.base/java.lang.reflect.InvocationTargetException.<init>(InvocationTargetException.java:67)
at jdk.internal.reflect.GeneratedMethodAccessor7.invoke(Unknown Source)
at java.base/jdk.internal.reflect.DelegatingMethodAccessorImpl.invoke(DelegatingMethodAccessorImpl.java:43)
at java.base/java.lang.reflect.Method.invoke(Method.java:568)
at org.openqa.selenium.support.events.EventFiringWebDriver.lambda$new$0(EventFiringWebDriver.java:85)
at jdk.proxy2/jdk.proxy2.$Proxy13.onException(Unknown Source)
at org.openqa.selenium.support.events.EventFiringWebDriver.lambda$new$1(EventFiringWebDriver.java:108)
at jdk.proxy2/jdk.proxy2.$Proxy14.getScreenshotAs(Unknown Source)
at org.openqa.selenium.support.events.EventFiringWebDriver.getScreenshotAs(EventFiringWebDriver.java:303)
at com.qa.utils.TestUtil.takeScreenshotAtEndOfTest(TestUtil.java:179)
at com.qa.utils.WebEventListener.onException(WebEventListener.java:59)
at jdk.internal.reflect.GeneratedMethodAccessor7.invoke(Unknown Source)
at java.base/jdk.internal.reflect.DelegatingMethodAccessorImpl.invoke(DelegatingMethodAccessorImpl.java:43)
at java.base/java.lang.reflect.Method.invoke(Method.java:568)
at org.openqa.selenium.support.events.EventFiringWebDriver.lambda$new$0(EventFiringWebDriver.java:85)
at jdk.proxy2/jdk.proxy2.$Proxy13.onException(Unknown Source)
at org.openqa.selenium.support.events.EventFiringWebDriver.lambda$new$1(EventFiringWebDriver.java:108)
at jdk.proxy2/jdk.proxy2.$Proxy14.getScreenshotAs(Unknown Source)
at org.openqa.selenium.support.events.EventFiringWebDriver.getScreenshotAs(EventFiringWebDriver.java:303)
at com.qa.utils.TestUtil.takeScreenshotAtEndOfTest(TestUtil.java:179)
at com.qa.utils.WebEventListener.onException(WebEventListener.java:59)
at jdk.internal.reflect.GeneratedMethodAccessor7.invoke(Unknown Source)
at java.base/jdk.internal.reflect.DelegatingMethodAccessorImpl.invoke(DelegatingMethodAccessorImpl.java:43)
at java.base/java.lang.reflect.Method.invoke(Method.java:568)
at org.openqa.selenium.support.events.EventFiringWebDriver.lambda$new$0(EventFiringWebDriver.java:85)
at jdk.proxy2/jdk.proxy2.$Proxy13.onException(Unknown Source)
at org.openqa.selenium.support.events.EventFiringWebDriver.lambda$new$1(EventFiringWebDriver.java:108)
at jdk.proxy2/jdk.proxy2.$Proxy14.getScreenshotAs(Unknown Source)
at org.openqa.selenium.support.events.EventFiringWebDriver.getScreenshotAs(EventFiringWebDriver.java:303)
at com.qa.utils.TestUtil.takeScreenshotAtEndOfTest(TestUtil.java:179)
at com.qa.utils.WebEventListener.onException(WebEventListener.java:59)
at jdk.internal.reflect.GeneratedMethodAccessor7.invoke(Unknown Source)
at java.base/jdk.internal.reflect.DelegatingMethodAccessorImpl.invoke(DelegatingMethodAccessorImpl.java:43)
at java.base/java.lang.reflect.Method.invoke(Method.java:568)
at org.openqa.selenium.support.events.EventFiringWebDriver.lambda$new$0(EventFiringWebDriver.java:85)
at jdk.proxy2/jdk.proxy2.$Proxy13.onException(Unknown Source)
at org.openqa.selenium.support.events.EventFiringWebDriver.lambda$new$1(EventFiringWebDriver.java:108)
at jdk.proxy2/jdk.proxy2.$Proxy14.getScreenshotAs(Unknown Source)
at org.openqa.selenium.support.events.EventFiringWebDriver.getScreenshotAs(EventFiringWebDriver.java:303)
at com.qa.utils.TestUtil.takeScreenshotAtEndOfTest(TestUtil.java:179)
at com.qa.utils.WebEventListener.onException(WebEventListener.java:59)
at jdk.internal.reflect.GeneratedMethodAccessor7.invoke(Unknown Source)
at java.base/jdk.internal.reflect.DelegatingMethodAccessorImpl.invoke(DelegatingMethodAccessorImpl.java:43)
at java.base/java.lang.reflect.Method.invoke(Method.java:568)
at org.openqa.selenium.support.events.EventFiringWebDriver.lambda$new$0(EventFiringWebDriver.java:85)
at jdk.proxy2/jdk.proxy2.$Proxy13.onException(Unknown Source)
at org.openqa.selenium.support.events.EventFiringWebDriver.lambda$new$1(EventFiringWebDriver.java:108)
at jdk.proxy2/jdk.proxy2.$Proxy14.getScreenshotAs(Unknown Source)
at org.openqa.selenium.support.events.EventFiringWebDriver.getScreenshotAs(EventFiringWebDriver.java:303)
at com.qa.utils.TestUtil.takeScreenshotAtEndOfTest(TestUtil.java:179)
at com.qa.utils.WebEventListener.onException(WebEventListener.java:59)
at jdk.internal.reflect.GeneratedMethodAccessor7.invoke(Unknown Source)
at java.base/jdk.internal.reflect.DelegatingMethodAccessorImpl.invoke(DelegatingMethodAccessorImpl.java:43)
at java.base/java.lang.reflect.Method.invoke(Method.java:568)
at org.openqa.selenium.support.events.EventFiringWebDriver.lambda$new$0(EventFiringWebDriver.java:85)
at jdk.proxy2/jdk.proxy2.$Proxy13.onException(Unknown Source)
at org.openqa.selenium.support.events.EventFiringWebDriver.lambda$new$1(EventFiringWebDriver.java:108)
at jdk.proxy2/jdk.proxy2.$Proxy14.getScreenshotAs(Unknown Source)
at org.openqa.selenium.support.events.EventFiringWebDriver.getScreenshotAs(EventFiringWebDriver.java:303)
at com.qa.utils.TestUtil.takeScreenshotAtEndOfTest(TestUtil.java:179)
at com.qa.utils.WebEventListener.onException(WebEventListener.java:59)
at jdk.internal.reflect.GeneratedMethodAccessor7.invoke(Unknown Source)
at java.base/jdk.internal.reflect.DelegatingMethodAccessorImpl.invoke(DelegatingMethodAccessorImpl.java:43)
at java.base/java.lang.reflect.Method.invoke(Method.java:568)
at org.openqa.selenium.support.events.EventFiringWebDriver.lambda$new$0(EventFiringWebDriver.java:85)
at jdk.proxy2/jdk.proxy2.$Proxy13.onException(Unknown Source)
at org.openqa.selenium.support.events.EventFiringWebDriver.lambda$new$1(EventFiringWebDriver.java:108)
at jdk.proxy2/jdk.proxy2.$Proxy14.getScreenshotAs(Unknown Source)
at org.openqa.selenium.support.events.EventFiringWebDriver.getScreenshotAs(EventFiringWebDriver.java:303)
at com.qa.utils.TestUtil.takeScreenshotAtEndOfTest(TestUtil.java:179)
at com.qa.utils.WebEventListener.onException(WebEventListener.java:59)
at jdk.internal.reflect.GeneratedMethodAccessor7.invoke(Unknown Source)
at java.base/jdk.internal.reflect.DelegatingMethodAccessorImpl.invoke(DelegatingMethodAccessorImpl.java:43)
at java.base/java.lang.reflect.Method.invoke(Method.java:568)
at org.openqa.selenium.support.events.EventFiringWebDriver.lambda$new$0(EventFiringWebDriver.java:85)
at jdk.proxy2/jdk.proxy2.$Proxy13.onException(Unknown Source)
at org.openqa.selenium.support.events.EventFiringWebDriver.lambda$new$1(EventFiringWebDriver.java:108)
at jdk.proxy2/jdk.proxy2.$Proxy14.getScreenshotAs(Unknown Source)
at org.openqa.selenium.support.events.EventFiringWebDriver.getScreenshotAs(EventFiringWebDriver.java:303)
at com.qa.utils.TestUtil.takeScreenshotAtEndOfTest(TestUtil.java:179)
at com.qa.utils.WebEventListener.onException(WebEventListener.java:59)
at jdk.internal.reflect.GeneratedMethodAccessor7.invoke(Unknown Source)
at java.base/jdk.internal.reflect.DelegatingMethodAccessorImpl.invoke(DelegatingMethodAccessorImpl.java:43)
at java.base/java.lang.reflect.Method.invoke(Method.java:568)
at org.openqa.selenium.support.events.EventFiringWebDriver.lambda$new$0(EventFiringWebDriver.java:85)
at jdk.proxy2/jdk.proxy2.$Proxy13.onException(Unknown Source)
at org.openqa.selenium.support.events.EventFiringWebDriver.lambda$new$1(EventFiringWebDriver.java:108)
at jdk.proxy2/jdk.proxy2.$Proxy14.getScreenshotAs(Unknown Source)
at org.openqa.selenium.support.events.EventFiringWebDriver.getScreenshotAs(EventFiringWebDriver.java:303)
at com.qa.utils.TestUtil.takeScreenshotAtEndOfTest(TestUtil.java:179)
at com.qa.utils.WebEventListener.onException(WebEventListener.java:59)
at jdk.internal.reflect.GeneratedMethodAccessor7.invoke(Unknown Source)
at java.base/jdk.internal.reflect.DelegatingMethodAccessorImpl.invoke(DelegatingMethodAccessorImpl.java:43)
at java.base/java.lang.reflect.Method.invoke(Method.java:568)
at org.openqa.selenium.support.events.EventFiringWebDriver.lambda$new$0(EventFiringWebDriver.java:85)
at jdk.proxy2/jdk.proxy2.$Proxy13.onException(Unknown Source)
at org.openqa.selenium.support.events.EventFiringWebDriver.lambda$new$1(EventFiringWebDriver.java:108)
at jdk.proxy2/jdk.proxy2.$Proxy14.getScreenshotAs(Unknown Source)
at org.openqa.selenium.support.events.EventFiringWebDriver.getScreenshotAs(EventFiringWebDriver.java:303)
at com.qa.utils.TestUtil.takeScreenshotAtEndOfTest(TestUtil.java:179)
at com.qa.utils.WebEventListener.onException(WebEventListener.java:59)
at jdk.internal.reflect.GeneratedMethodAccessor7.invoke(Unknown Source)
at java.base/jdk.internal.reflect.DelegatingMethodAccessorImpl.invoke(DelegatingMethodAccessorImpl.java:43)
at java.base/java.lang.reflect.Method.invoke(Method.java:568)
at org.openqa.selenium.support.events.EventFiringWebDriver.lambda$new$0(EventFiringWebDriver.java:85)
at jdk.proxy2/jdk.proxy2.$Proxy13.onException(Unknown Source)
at org.openqa.selenium.support.events.EventFiringWebDriver.lambda$new$1(EventFiringWebDriver.java:108)
at jdk.proxy2/jdk.proxy2.$Proxy14.getScreenshotAs(Unknown Source)
at org.openqa.selenium.support.events.EventFiringWebDriver.getScreenshotAs(EventFiringWebDriver.java:303)
at com.qa.utils.TestUtil.takeScreenshotAtEndOfTest(TestUtil.java:179)
at com.qa.utils.WebEventListener.onException(WebEventListener.java:59)
at jdk.internal.reflect.GeneratedMethodAccessor7.invoke(Unknown Source)
at java.base/jdk.internal.reflect.DelegatingMethodAccessorImpl.invoke(DelegatingMethodAccessorImpl.java:43)
at java.base/java.lang.reflect.Method.invoke(Method.java:568)
at org.openqa.selenium.support.events.EventFiringWebDriver.lambda$new$0(EventFiringWebDriver.java:85)
at jdk.proxy2/jdk.proxy2.$Proxy13.onException(Unknown Source)
at org.openqa.selenium.support.events.EventFiringWebDriver.lambda$new$1(EventFiringWebDriver.java:108)
at jdk.proxy2/jdk.proxy2.$Proxy14.getScreenshotAs(Unknown Source)
at org.openqa.selenium.support.events.EventFiringWebDriver.getScreenshotAs(EventFiringWebDriver.java:303)
at com.qa.utils.TestUtil.takeScreenshotAtEndOfTest(TestUtil.java:179)
at com.qa.utils.WebEventListener.onException(WebEventListener.java:59)
at jdk.internal.reflect.GeneratedMethodAccessor7.invoke(Unknown Source)
at java.base/jdk.internal.reflect.DelegatingMethodAccessorImpl.invoke(DelegatingMethodAccessorImpl.java:43)
at java.base/java.lang.reflect.Method.invoke(Method.java:568)
at org.openqa.selenium.support.events.EventFiringWebDriver.lambda$new$0(EventFiringWebDriver.java:85)
at jdk.proxy2/jdk.proxy2.$Proxy13.onException(Unknown Source)
at org.openqa.selenium.support.events.EventFiringWebDriver.lambda$new$1(EventFiringWebDriver.java:108)
at jdk.proxy2/jdk.proxy2.$Proxy14.getScreenshotAs(Unknown Source)
at org.openqa.selenium.support.events.EventFiringWebDriver.getScreenshotAs(EventFiringWebDriver.java:303)
at com.qa.utils.TestUtil.takeScreenshotAtEndOfTest(TestUtil.java:179)
at com.qa.utils.WebEventListener.onException(WebEventListener.java:59)
at jdk.internal.reflect.GeneratedMethodAccessor7.invoke(Unknown Source)
at java.base/jdk.internal.reflect.DelegatingMethodAccessorImpl.invoke(DelegatingMethodAccessorImpl.java:43)
at java.base/java.lang.reflect.Method.invoke(Method.java:568)
at org.openqa.selenium.support.events.EventFiringWebDriver.lambda$new$0(EventFiringWebDriver.java:85)
at jdk.proxy2/jdk.proxy2.$Proxy13.onException(Unknown Source)
at org.openqa.selenium.support.events.EventFiringWebDriver.lambda$new$1(EventFiringWebDriver.java:108)
at jdk.proxy2/jdk.proxy2.$Proxy14.getScreenshotAs(Unknown Source)
at org.openqa.selenium.support.events.EventFiringWebDriver.getScreenshotAs(EventFiringWebDriver.java:303)
at com.qa.utils.TestUtil.takeScreenshotAtEndOfTest(TestUtil.java:179)
at com.qa.utils.WebEventListener.onException(WebEventListener.java:59)
at jdk.internal.reflect.GeneratedMethodAccessor7.invoke(Unknown Source)
at java.base/jdk.internal.reflect.DelegatingMethodAccessorImpl.invoke(DelegatingMethodAccessorImpl.java:43)
at java.base/java.lang.reflect.Method.invoke(Method.java:568)
at org.openqa.selenium.support.events.EventFiringWebDriver.lambda$new$0(EventFiringWebDriver.java:85)
at jdk.proxy2/jdk.proxy2.$Proxy13.onException(Unknown Source)
at org.openqa.selenium.support.events.EventFiringWebDriver.lambda$new$1(EventFiringWebDriver.java:108)
at jdk.proxy2/jdk.proxy2.$Proxy14.getScreenshotAs(Unknown Source)
at org.openqa.selenium.support.events.EventFiringWebDriver.getScreenshotAs(EventFiringWebDriver.java:303)
at com.qa.utils.TestUtil.takeScreenshotAtEndOfTest(TestUtil.java:179)
at com.qa.utils.WebEventListener.onException(WebEventListener.java:59)
at jdk.internal.reflect.GeneratedMethodAccessor7.invoke(Unknown Source)
at java.base/jdk.internal.reflect.DelegatingMethodAccessorImpl.invoke(DelegatingMethodAccessorImpl.java:43)
at java.base/java.lang.reflect.Method.invoke(Method.java:568)
at org.openqa.selenium.support.events.EventFiringWebDriver.lambda$new$0(EventFiringWebDriver.java:85)
at jdk.proxy2/jdk.proxy2.$Proxy13.onException(Unknown Source)
at org.openqa.selenium.support.events.EventFiringWebDriver.lambda$new$1(EventFiringWebDriver.java:108)
at jdk.proxy2/jdk.proxy2.$Proxy14.getScreenshotAs(Unknown Source)
at org.openqa.selenium.support.events.EventFiringWebDriver.getScreenshotAs(EventFiringWebDriver.java:303)
at com.qa.utils.TestUtil.takeScreenshotAtEndOfTest(TestUtil.java:179)
at com.qa.utils.WebEventListener.onException(WebEventListener.java:59)
at jdk.internal.reflect.GeneratedMethodAccessor7.invoke(Unknown Source)
at java.base/jdk.internal.reflect.DelegatingMethodAccessorImpl.invoke(DelegatingMethodAccessorImpl.java:43)
at java.base/java.lang.reflect.Method.invoke(Method.java:568)
at org.openqa.selenium.support.events.EventFiringWebDriver.lambda$new$0(EventFiringWebDriver.java:85)
at jdk.proxy2/jdk.proxy2.$Proxy13.onException(Unknown Source)
at org.openqa.selenium.support.events.EventFiringWebDriver.lambda$new$1(EventFiringWebDriver.java:108)
at jdk.proxy2/jdk.proxy2.$Proxy14.getScreenshotAs(Unknown Source)
at org.openqa.selenium.support.events.EventFiringWebDriver.getScreenshotAs(EventFiringWebDriver.java:303)
at com.qa.utils.TestUtil.takeScreenshotAtEndOfTest(TestUtil.java:179)
at com.qa.utils.WebEventListener.onException(WebEventListener.java:59)
at jdk.internal.reflect.GeneratedMethodAccessor7.invoke(Unknown Source)
at java.base/jdk.internal.reflect.DelegatingMethodAccessorImpl.invoke(DelegatingMethodAccessorImpl.java:43)
at java.base/java.lang.reflect.Method.invoke(Method.java:568)
at org.openqa.selenium.support.events.EventFiringWebDriver.lambda$new$0(EventFiringWebDriver.java:85)
at jdk.proxy2/jdk.proxy2.$Proxy13.onException(Unknown Source)
at org.openqa.selenium.support.events.EventFiringWebDriver.lambda$new$1(EventFiringWebDriver.java:108)
at jdk.proxy2/jdk.proxy2.$Proxy14.getScreenshotAs(Unknown Source)
at org.openqa.selenium.support.events.EventFiringWebDriver.getScreenshotAs(EventFiringWebDriver.java:303)
at com.qa.utils.TestUtil.takeScreenshotAtEndOfTest(TestUtil.java:179)
at com.qa.utils.WebEventListener.onException(WebEventListener.java:59)
at jdk.internal.reflect.GeneratedMethodAccessor7.invoke(Unknown Source)
at java.base/jdk.internal.reflect.DelegatingMethodAccessorImpl.invoke(DelegatingMethodAccessorImpl.java:43)
at java.base/java.lang.reflect.Method.invoke(Method.java:568)
at org.openqa.selenium.support.events.EventFiringWebDriver.lambda$new$0(EventFiringWebDriver.java:85)
at jdk.proxy2/jdk.proxy2.$Proxy13.onException(Unknown Source)
at org.openqa.selenium.support.events.EventFiringWebDriver.lambda$new$1(EventFiringWebDriver.java:108)
at jdk.proxy2/jdk.proxy2.$Proxy14.getScreenshotAs(Unknown Source)
at org.openqa.selenium.support.events.EventFiringWebDriver.getScreenshotAs(EventFiringWebDriver.java:303)
at com.qa.utils.TestUtil.takeScreenshotAtEndOfTest(TestUtil.java:179)
at com.qa.utils.WebEventListener.onException(WebEventListener.java:59)
at jdk.internal.reflect.GeneratedMethodAccessor7.invoke(Unknown Source)
at java.base/jdk.internal.reflect.DelegatingMethodAccessorImpl.invoke(DelegatingMethodAccessorImpl.java:43)
at java.base/java.lang.reflect.Method.invoke(Method.java:568)
at org.openqa.selenium.support.events.EventFiringWebDriver.lambda$new$0(EventFiringWebDriver.java:85)
at jdk.proxy2/jdk.proxy2.$Proxy13.onException(Unknown Source)
at org.openqa.selenium.support.events.EventFiringWebDriver.lambda$new$1(EventFiringWebDriver.java:108)
at jdk.proxy2/jdk.proxy2.$Proxy14.getScreenshotAs(Unknown Source)
at org.openqa.selenium.support.events.EventFiringWebDriver.getScreenshotAs(EventFiringWebDriver.java:303)
at com.qa.utils.TestUtil.takeScreenshotAtEndOfTest(TestUtil.java:179)
at com.qa.utils.WebEventListener.onException(WebEventListener.java:59)
at jdk.internal.reflect.GeneratedMethodAccessor7.invoke(Unknown Source)
at java.base/jdk.internal.reflect.DelegatingMethodAccessorImpl.invoke(DelegatingMethodAccessorImpl.java:43)
at java.base/java.lang.reflect.Method.invoke(Method.java:568)
at org.openqa.selenium.support.events.EventFiringWebDriver.lambda$new$0(EventFiringWebDriver.java:85)
at jdk.proxy2/jdk.proxy2.$Proxy13.onException(Unknown Source)
at org.openqa.selenium.support.events.EventFiringWebDriver.lambda$new$1(EventFiringWebDriver.java:108)
at jdk.proxy2/jdk.proxy2.$Proxy14.getScreenshotAs(Unknown Source)
at org.openqa.selenium.support.events.EventFiringWebDriver.getScreenshotAs(EventFiringWebDriver.java:303)
at com.qa.utils.TestUtil.takeScreenshotAtEndOfTest(TestUtil.java:179)
at com.qa.utils.WebEventListener.onException(WebEventListener.java:59)
at jdk.internal.reflect.GeneratedMethodAccessor7.invoke(Unknown Source)
at java.base/jdk.internal.reflect.DelegatingMethodAccessorImpl.invoke(DelegatingMethodAccessorImpl.java:43)
at java.base/java.lang.reflect.Method.invoke(Method.java:568)
at org.openqa.selenium.support.events.EventFiringWebDriver.lambda$new$0(EventFiringWebDriver.java:85)
at jdk.proxy2/jdk.proxy2.$Proxy13.onException(Unknown Source)
at org.openqa.selenium.support.events.EventFiringWebDriver.lambda$new$1(EventFiringWebDriver.java:108)
at jdk.proxy2/jdk.proxy2.$Proxy14.getScreenshotAs(Unknown Source)
at org.openqa.selenium.support.events.EventFiringWebDriver.getScreenshotAs(EventFiringWebDriver.java:303)
at com.qa.utils.TestUtil.takeScreenshotAtEndOfTest(TestUtil.java:179)
at com.qa.utils.WebEventListener.onException(WebEventListener.java:59)
at jdk.internal.reflect.GeneratedMethodAccessor7.invoke(Unknown Source)
at java.base/jdk.internal.reflect.DelegatingMethodAccessorImpl.invoke(DelegatingMethodAccessorImpl.java:43)
at java.base/java.lang.reflect.Method.invoke(Method.java:568)
at org.openqa.selenium.support.events.EventFiringWebDriver.lambda$new$0(EventFiringWebDriver.java:85)
at jdk.proxy2/jdk.proxy2.$Proxy13.onException(Unknown Source)
at org.openqa.selenium.support.events.EventFiringWebDriver.lambda$new$1(EventFiringWebDriver.java:108)
at jdk.proxy2/jdk.proxy2.$Proxy14.getScreenshotAs(Unknown Source)
at org.openqa.selenium.support.events.EventFiringWebDriver.getScreenshotAs(EventFiringWebDriver.java:303)
at com.qa.utils.TestUtil.takeScreenshotAtEndOfTest(TestUtil.java:179)
at com.qa.utils.WebEventListener.onException(WebEventListener.java:59)
at jdk.internal.reflect.GeneratedMethodAccessor7.invoke(Unknown Source)
at java.base/jdk.internal.reflect.DelegatingMethodAccessorImpl.invoke(DelegatingMethodAccessorImpl.java:43)
at java.base/java.lang.reflect.Method.invoke(Method.java:568)
at org.openqa.selenium.support.events.EventFiringWebDriver.lambda$new$0(EventFiringWebDriver.java:85)
at jdk.proxy2/jdk.proxy2.$Proxy13.onException(Unknown Source)
at org.openqa.selenium.support.events.EventFiringWebDriver.lambda$new$1(EventFiringWebDriver.java:108)
at jdk.proxy2/jdk.proxy2.$Proxy14.getScreenshotAs(Unknown Source)
at org.openqa.selenium.support.events.EventFiringWebDriver.getScreenshotAs(EventFiringWebDriver.java:303)
at com.qa.utils.TestUtil.takeScreenshotAtEndOfTest(TestUtil.java:179)
at com.qa.utils.WebEventListener.onException(WebEventListener.java:59)
at jdk.internal.reflect.GeneratedMethodAccessor7.invoke(Unknown Source)
at java.base/jdk.internal.reflect.DelegatingMethodAccessorImpl.invoke(DelegatingMethodAccessorImpl.java:43)
at java.base/java.lang.reflect.Method.invoke(Method.java:568)
at org.openqa.selenium.support.events.EventFiringWebDriver.lambda$new$0(EventFiringWebDriver.java:85)
at jdk.proxy2/jdk.proxy2.$Proxy13.onException(Unknown Source)
at org.openqa.selenium.support.events.EventFiringWebDriver.lambda$new$1(EventFiringWebDriver.java:108)
at jdk.proxy2/jdk.proxy2.$Proxy14.getScreenshotAs(Unknown Source)
at org.openqa.selenium.support.events.EventFiringWebDriver.getScreenshotAs(EventFiringWebDriver.java:303)
at com.qa.utils.TestUtil.takeScreenshotAtEndOfTest(TestUtil.java:179)
at com.qa.utils.WebEventListener.onException(WebEventListener.java:59)
at jdk.internal.reflect.GeneratedMethodAccessor7.invoke(Unknown Source)
at java.base/jdk.internal.reflect.DelegatingMethodAccessorImpl.invoke(DelegatingMethodAccessorImpl.java:43)
at java.base/java.lang.reflect.Method.invoke(Method.java:568)
at org.openqa.selenium.support.events.EventFiringWebDriver.lambda$new$0(EventFiringWebDriver.java:85)
at jdk.proxy2/jdk.proxy2.$Proxy13.onException(Unknown Source)
at org.openqa.selenium.support.events.EventFiringWebDriver.lambda$new$1(EventFiringWebDriver.java:108)
at jdk.proxy2/jdk.proxy2.$Proxy14.getScreenshotAs(Unknown Source)
at org.openqa.selenium.support.events.EventFiringWebDriver.getScreenshotAs(EventFiringWebDriver.java:303)
at com.qa.utils.TestUtil.takeScreenshotAtEndOfTest(TestUtil.java:179)
at com.qa.utils.WebEventListener.onException(WebEventListener.java:59)
at jdk.internal.reflect.GeneratedMethodAccessor7.invoke(Unknown Source)
at java.base/jdk.internal.reflect.DelegatingMethodAccessorImpl.invoke(DelegatingMethodAccessorImpl.java:43)
at java.base/java.lang.reflect.Method.invoke(Method.java:568)
at org.openqa.selenium.support.events.EventFiringWebDriver.lambda$new$0(EventFiringWebDriver.java:85)
at jdk.proxy2/jdk.proxy2.$Proxy13.onException(Unknown Source)
at org.openqa.selenium.support.events.EventFiringWebDriver.lambda$new$1(EventFiringWebDriver.java:108)
at jdk.proxy2/jdk.proxy2.$Proxy14.getScreenshotAs(Unknown Source)
at org.openqa.selenium.support.events.EventFiringWebDriver.getScreenshotAs(EventFiringWebDriver.java:303)
at com.qa.utils.TestUtil.takeScreenshotAtEndOfTest(TestUtil.java:179)
at com.qa.utils.WebEventListener.onException(WebEventListener.java:59)
at jdk.internal.reflect.GeneratedMethodAccessor7.invoke(Unknown Source)
at java.base/jdk.internal.reflect.DelegatingMethodAccessorImpl.invoke(DelegatingMethodAccessorImpl.java:43)
at java.base/java.lang.reflect.Method.invoke(Method.java:568)
at org.openqa.selenium.support.events.EventFiringWebDriver.lambda$new$0(EventFiringWebDriver.java:85)
at jdk.proxy2/jdk.proxy2.$Proxy13.onException(Unknown Source)
at org.openqa.selenium.support.events.EventFiringWebDriver.lambda$new$1(EventFiringWebDriver.java:108)
at jdk.proxy2/jdk.proxy2.$Proxy14.getScreenshotAs(Unknown Source)
at org.openqa.selenium.support.events.EventFiringWebDriver.getScreenshotAs(EventFiringWebDriver.java:303)
at com.qa.utils.TestUtil.takeScreenshotAtEndOfTest(TestUtil.java:179)
at com.qa.utils.WebEventListener.onException(WebEventListener.java:59)
at jdk.internal.reflect.GeneratedMethodAccessor7.invoke(Unknown Source)
at java.base/jdk.internal.reflect.DelegatingMethodAccessorImpl.invoke(DelegatingMethodAccessorImpl.java:43)
at java.base/java.lang.reflect.Method.invoke(Method.java:568)
at org.openqa.selenium.support.events.EventFiringWebDriver.lambda$new$0(EventFiringWebDriver.java:85)
at jdk.proxy2/jdk.proxy2.$Proxy13.onException(Unknown Source)
at org.openqa.selenium.support.events.EventFiringWebDriver.lambda$new$1(EventFiringWebDriver.java:108)
at jdk.proxy2/jdk.proxy2.$Proxy14.getScreenshotAs(Unknown Source)
at org.openqa.selenium.support.events.EventFiringWebDriver.getScreenshotAs(EventFiringWebDriver.java:303)
at com.qa.utils.TestUtil.takeScreenshotAtEndOfTest(TestUtil.java:179)
at com.qa.utils.WebEventListener.onException(WebEventListener.java:59)
at jdk.internal.reflect.GeneratedMethodAccessor7.invoke(Unknown Source)
at java.base/jdk.internal.reflect.DelegatingMethodAccessorImpl.invoke(DelegatingMethodAccessorImpl.java:43)
at java.base/java.lang.reflect.Method.invoke(Method.java:568)
at org.openqa.selenium.support.events.EventFiringWebDriver.lambda$new$0(EventFiringWebDriver.java:85)
at jdk.proxy2/jdk.proxy2.$Proxy13.onException(Unknown Source)
at org.openqa.selenium.support.events.EventFiringWebDriver.lambda$new$1(EventFiringWebDriver.java:108)
at jdk.proxy2/jdk.proxy2.$Proxy14.getScreenshotAs(Unknown Source)
at org.openqa.selenium.support.events.EventFiringWebDriver.getScreenshotAs(EventFiringWebDriver.java:303)
at com.qa.utils.TestUtil.takeScreenshotAtEndOfTest(TestUtil.java:179)
at com.qa.utils.WebEventListener.onException(WebEventListener.java:59)
at jdk.internal.reflect.GeneratedMethodAccessor7.invoke(Unknown Source)
at java.base/jdk.internal.reflect.DelegatingMethodAccessorImpl.invoke(DelegatingMethodAccessorImpl.java:43)
at java.base/java.lang.reflect.Method.invoke(Method.java:568)
at org.openqa.selenium.support.events.EventFiringWebDriver.lambda$new$0(EventFiringWebDriver.java:85)
at jdk.proxy2/jdk.proxy2.$Proxy13.onException(Unknown Source)
at org.openqa.selenium.support.events.EventFiringWebDriver.lambda$new$1(EventFiringWebDriver.java:108)
at jdk.proxy2/jdk.proxy2.$Proxy14.getScreenshotAs(Unknown Source)
at org.openqa.selenium.support.events.EventFiringWebDriver.getScreenshotAs(EventFiringWebDriver.java:303)
at com.qa.utils.TestUtil.takeScreenshotAtEndOfTest(TestUtil.java:179)
at com.qa.utils.WebEventListener.onException(WebEventListener.java:59)
at jdk.internal.reflect.GeneratedMethodAccessor7.invoke(Unknown Source)
at java.base/jdk.internal.reflect.DelegatingMethodAccessorImpl.invoke(DelegatingMethodAccessorImpl.java:43)
at java.base/java.lang.reflect.Method.invoke(Method.java:568)
at org.openqa.selenium.support.events.EventFiringWebDriver.lambda$new$0(EventFiringWebDriver.java:85)
at jdk.proxy2/jdk.proxy2.$Proxy13.onException(Unknown Source)
at org.openqa.selenium.support.events.EventFiringWebDriver.lambda$new$1(EventFiringWebDriver.java:108)
at jdk.proxy2/jdk.proxy2.$Proxy14.getScreenshotAs(Unknown Source)
at org.openqa.selenium.support.events.EventFiringWebDriver.getScreenshotAs(EventFiringWebDriver.java:303)
at com.qa.utils.TestUtil.takeScreenshotAtEndOfTest(TestUtil.java:179)
at com.qa.utils.WebEventListener.onException(WebEventListener.java:59)
at jdk.internal.reflect.GeneratedMethodAccessor7.invoke(Unknown Source)
at java.base/jdk.internal.reflect.DelegatingMethodAccessorImpl.invoke(DelegatingMethodAccessorImpl.java:43)
at java.base/java.lang.reflect.Method.invoke(Method.java:568)
at org.openqa.selenium.support.events.EventFiringWebDriver.lambda$new$0(EventFiringWebDriver.java:85)
at jdk.proxy2/jdk.proxy2.$Proxy13.onException(Unknown Source)
at org.openqa.selenium.support.events.EventFiringWebDriver.lambda$new$1(EventFiringWebDriver.java:108)
at jdk.proxy2/jdk.proxy2.$Proxy14.getScreenshotAs(Unknown Source)
at org.openqa.selenium.support.events.EventFiringWebDriver.getScreenshotAs(EventFiringWebDriver.java:303)
at com.qa.utils.TestUtil.takeScreenshotAtEndOfTest(TestUtil.java:179)
at com.qa.utils.WebEventListener.onException(WebEventListener.java:59)
at jdk.internal.reflect.GeneratedMethodAccessor7.invoke(Unknown Source)
at java.base/jdk.internal.reflect.DelegatingMethodAccessorImpl.invoke(DelegatingMethodAccessorImpl.java:43)
at java.base/java.lang.reflect.Method.invoke(Method.java:568)
at org.openqa.selenium.support.events.EventFiringWebDriver.lambda$new$0(EventFiringWebDriver.java:85)
at jdk.proxy2/jdk.proxy2.$Proxy13.onException(Unknown Source)
at org.openqa.selenium.support.events.EventFiringWebDriver.lambda$new$1(EventFiringWebDriver.java:108)
at jdk.proxy2/jdk.proxy2.$Proxy14.getScreenshotAs(Unknown Source)
at org.openqa.selenium.support.events.EventFiringWebDriver.getScreenshotAs(EventFiringWebDriver.java:303)
at com.qa.utils.TestUtil.takeScreenshotAtEndOfTest(TestUtil.java:179)
at com.qa.utils.WebEventListener.onException(WebEventListener.java:59)
at jdk.internal.reflect.GeneratedMethodAccessor7.invoke(Unknown Source)
at java.base/jdk.internal.reflect.DelegatingMethodAccessorImpl.invoke(DelegatingMethodAccessorImpl.java:43)
at java.base/java.lang.reflect.Method.invoke(Method.java:568)
at org.openqa.selenium.support.events.EventFiringWebDriver.lambda$new$0(EventFiringWebDriver.java:85)
at jdk.proxy2/jdk.proxy2.$Proxy13.onException(Unknown Source)
at org.openqa.selenium.support.events.EventFiringWebDriver.lambda$new$1(EventFiringWebDriver.java:108)
at jdk.proxy2/jdk.proxy2.$Proxy14.getScreenshotAs(Unknown Source)
at org.openqa.selenium.support.events.EventFiringWebDriver.getScreenshotAs(EventFiringWebDriver.java:303)
at com.qa.utils.TestUtil.takeScreenshotAtEndOfTest(TestUtil.java:179)
at com.qa.utils.WebEventListener.onException(WebEventListener.java:59)
at jdk.internal.reflect.GeneratedMethodAccessor7.invoke(Unknown Source)
at java.base/jdk.internal.reflect.DelegatingMethodAccessorImpl.invoke(DelegatingMethodAccessorImpl.java:43)
at java.base/java.lang.reflect.Method.invoke(Method.java:568)
at org.openqa.selenium.support.events.EventFiringWebDriver.lambda$new$0(EventFiringWebDriver.java:85)
at jdk.proxy2/jdk.proxy2.$Proxy13.onException(Unknown Source)
at org.openqa.selenium.support.events.EventFiringWebDriver.lambda$new$1(EventFiringWebDriver.java:108)
at jdk.proxy2/jdk.proxy2.$Proxy14.getScreenshotAs(Unknown Source)
at org.openqa.selenium.support.events.EventFiringWebDriver.getScreenshotAs(EventFiringWebDriver.java:303)
at com.qa.utils.TestUtil.takeScreenshotAtEndOfTest(TestUtil.java:179)
at com.qa.utils.WebEventListener.onException(WebEventListener.java:59)
at jdk.internal.reflect.GeneratedMethodAccessor7.invoke(Unknown Source)
at java.base/jdk.internal.reflect.DelegatingMethodAccessorImpl.invoke(DelegatingMethodAccessorImpl.java:43)
at java.base/java.lang.reflect.Method.invoke(Method.java:568)
at org.openqa.selenium.support.events.EventFiringWebDriver.lambda$new$0(EventFiringWebDriver.java:85)
at jdk.proxy2/jdk.proxy2.$Proxy13.onException(Unknown Source)
at org.openqa.selenium.support.events.EventFiringWebDriver.lambda$new$1(EventFiringWebDriver.java:108)
at jdk.proxy2/jdk.proxy2.$Proxy14.getScreenshotAs(Unknown Source)
at org.openqa.selenium.support.events.EventFiringWebDriver.getScreenshotAs(EventFiringWebDriver.java:303)
at com.qa.utils.TestUtil.takeScreenshotAtEndOfTest(TestUtil.java:179)
at com.qa.utils.WebEventListener.onException(WebEventListener.java:59)
at jdk.internal.reflect.GeneratedMethodAccessor7.invoke(Unknown Source)
at java.base/jdk.internal.reflect.DelegatingMethodAccessorImpl.invoke(DelegatingMethodAccessorImpl.java:43)
at java.base/java.lang.reflect.Method.invoke(Method.java:568)
at org.openqa.selenium.support.events.EventFiringWebDriver.lambda$new$0(EventFiringWebDriver.java:85)
at jdk.proxy2/jdk.proxy2.$Proxy13.onException(Unknown Source)
at org.openqa.selenium.support.events.EventFiringWebDriver.lambda$new$1(EventFiringWebDriver.java:108)
at jdk.proxy2/jdk.proxy2.$Proxy14.getScreenshotAs(Unknown Source)
at org.openqa.selenium.support.events.EventFiringWebDriver.getScreenshotAs(EventFiringWebDriver.java:303)
at com.qa.utils.TestUtil.takeScreenshotAtEndOfTest(TestUtil.java:179)
at com.qa.utils.WebEventListener.onException(WebEventListener.java:59)
at jdk.internal.reflect.GeneratedMethodAccessor7.invoke(Unknown Source)
at java.base/jdk.internal.reflect.DelegatingMethodAccessorImpl.invoke(DelegatingMethodAccessorImpl.java:43)
at java.base/java.lang.reflect.Method.invoke(Method.java:568)
at org.openqa.selenium.support.events.EventFiringWebDriver.lambda$new$0(EventFiringWebDriver.java:85)
at jdk.proxy2/jdk.proxy2.$Proxy13.onException(Unknown Source)
at org.openqa.selenium.support.events.EventFiringWebDriver.lambda$new$1(EventFiringWebDriver.java:108)
at jdk.proxy2/jdk.proxy2.$Proxy14.getScreenshotAs(Unknown Source)
at org.openqa.selenium.support.events.EventFiringWebDriver.getScreenshotAs(EventFiringWebDriver.java:303)
at com.qa.utils.TestUtil.takeScreenshotAtEndOfTest(TestUtil.java:179)
at com.qa.utils.WebEventListener.onException(WebEventListener.java:59)
at jdk.internal.reflect.GeneratedMethodAccessor7.invoke(Unknown Source)
at java.base/jdk.internal.reflect.DelegatingMethodAccessorImpl.invoke(DelegatingMethodAccessorImpl.java:43)
at java.base/java.lang.reflect.Method.invoke(Method.java:568)
at org.openqa.selenium.support.events.EventFiringWebDriver.lambda$new$0(EventFiringWebDriver.java:85)
at jdk.proxy2/jdk.proxy2.$Proxy13.onException(Unknown Source)
at org.openqa.selenium.support.events.EventFiringWebDriver.lambda$new$1(EventFiringWebDriver.java:108)
at jdk.proxy2/jdk.proxy2.$Proxy14.getScreenshotAs(Unknown Source)
at org.openqa.selenium.support.events.EventFiringWebDriver.getScreenshotAs(EventFiringWebDriver.java:303)
at com.qa.utils.TestUtil.takeScreenshotAtEndOfTest(TestUtil.java:179)
at com.qa.utils.WebEventListener.onException(WebEventListener.java:59)
at jdk.internal.reflect.GeneratedMethodAccessor7.invoke(Unknown Source)
at java.base/jdk.internal.reflect.DelegatingMethodAccessorImpl.invoke(DelegatingMethodAccessorImpl.java:43)
at java.base/java.lang.reflect.Method.invoke(Method.java:568)
at org.openqa.selenium.support.events.EventFiringWebDriver.lambda$new$0(EventFiringWebDriver.java:85)
at jdk.proxy2/jdk.proxy2.$Proxy13.onException(Unknown Source)
at org.openqa.selenium.support.events.EventFiringWebDriver.lambda$new$1(EventFiringWebDriver.java:108)
at jdk.proxy2/jdk.proxy2.$Proxy14.getScreenshotAs(Unknown Source)
at org.openqa.selenium.support.events.EventFiringWebDriver.getScreenshotAs(EventFiringWebDriver.java:303)
at com.qa.utils.TestUtil.takeScreenshotAtEndOfTest(TestUtil.java:179)
at com.qa.utils.WebEventListener.onException(WebEventListener.java:59)
at jdk.internal.reflect.GeneratedMethodAccessor7.invoke(Unknown Source)
at java.base/jdk.internal.reflect.DelegatingMethodAccessorImpl.invoke(DelegatingMethodAccessorImpl.java:43)
at java.base/java.lang.reflect.Method.invoke(Method.java:568)
at org.openqa.selenium.support.events.EventFiringWebDriver.lambda$new$0(EventFiringWebDriver.java:85)
at jdk.proxy2/jdk.proxy2.$Proxy13.onException(Unknown Source)
at org.openqa.selenium.support.events.EventFiringWebDriver.lambda$new$1(EventFiringWebDriver.java:108)
at jdk.proxy2/jdk.proxy2.$Proxy14.getScreenshotAs(Unknown Source)
at org.openqa.selenium.support.events.EventFiringWebDriver.getScreenshotAs(EventFiringWebDriver.java:303)
at com.qa.utils.TestUtil.takeScreenshotAtEndOfTest(TestUtil.java:179)
at com.qa.utils.WebEventListener.onException(WebEventListener.java:59)
at jdk.internal.reflect.GeneratedMethodAccessor7.invoke(Unknown Source)
at java.base/jdk.internal.reflect.DelegatingMethodAccessorImpl.invoke(DelegatingMethodAccessorImpl.java:43)
at java.base/java.lang.reflect.Method.invoke(Method.java:568)
at org.openqa.selenium.support.events.EventFiringWebDriver.lambda$new$0(EventFiringWebDriver.java:85)
at jdk.proxy2/jdk.proxy2.$Proxy13.onException(Unknown Source)
at org.openqa.selenium.support.events.EventFiringWebDriver.lambda$new$1(EventFiringWebDriver.java:108)
at jdk.proxy2/jdk.proxy2.$Proxy14.getScreenshotAs(Unknown Source)
at org.openqa.selenium.support.events.EventFiringWebDriver.getScreenshotAs(EventFiringWebDriver.java:303)
at com.qa.utils.TestUtil.takeScreenshotAtEndOfTest(TestUtil.java:179)
at com.qa.utils.WebEventListener.onException(WebEventListener.java:59)
at jdk.internal.reflect.GeneratedMethodAccessor7.invoke(Unknown Source)
at java.base/jdk.internal.reflect.DelegatingMethodAccessorImpl.invoke(DelegatingMethodAccessorImpl.java:43)
at java.base/java.lang.reflect.Method.invoke(Method.java:568)
at org.openqa.selenium.support.events.EventFiringWebDriver.lambda$new$0(EventFiringWebDriver.java:85)
at jdk.proxy2/jdk.proxy2.$Proxy13.onException(Unknown Source)
at org.openqa.selenium.support.events.EventFiringWebDriver.lambda$new$1(EventFiringWebDriver.java:108)
at jdk.proxy2/jdk.proxy2.$Proxy14.getScreenshotAs(Unknown Source)
at org.openqa.selenium.support.events.EventFiringWebDriver.getScreenshotAs(EventFiringWebDriver.java:303)
at com.qa.utils.TestUtil.takeScreenshotAtEndOfTest(TestUtil.java:179)
at com.qa.utils.WebEventListener.onException(WebEventListener.java:59)
at jdk.internal.reflect.GeneratedMethodAccessor7.invoke(Unknown Source)
at java.base/jdk.internal.reflect.DelegatingMethodAccessorImpl.invoke(DelegatingMethodAccessorImpl.java:43)
at java.base/java.lang.reflect.Method.invoke(Method.java:568)
at org.openqa.selenium.support.events.EventFiringWebDriver.lambda$new$0(EventFiringWebDriver.java:85)
at jdk.proxy2/jdk.proxy2.$Proxy13.onException(Unknown Source)
at org.openqa.selenium.support.events.EventFiringWebDriver.lambda$new$1(EventFiringWebDriver.java:108)
at jdk.proxy2/jdk.proxy2.$Proxy14.getScreenshotAs(Unknown Source)
at org.openqa.selenium.support.events.EventFiringWebDriver.getScreenshotAs(EventFiringWebDriver.java:303)
at com.qa.utils.TestUtil.takeScreenshotAtEndOfTest(TestUtil.java:179)
at com.qa.utils.WebEventListener.onException(WebEventListener.java:59)
at jdk.internal.reflect.GeneratedMethodAccessor7.invoke(Unknown Source)
at java.base/jdk.internal.reflect.DelegatingMethodAccessorImpl.invoke(DelegatingMethodAccessorImpl.java:43)
at java.base/java.lang.reflect.Method.invoke(Method.java:568)
at org.openqa.selenium.support.events.EventFiringWebDriver.lambda$new$0(EventFiringWebDriver.java:85)
at jdk.proxy2/jdk.proxy2.$Proxy13.onException(Unknown Source)
at org.openqa.selenium.support.events.EventFiringWebDriver.lambda$new$1(EventFiringWebDriver.java:108)
at jdk.proxy2/jdk.proxy2.$Proxy14.getScreenshotAs(Unknown Source)
at org.openqa.selenium.support.events.EventFiringWebDriver.getScreenshotAs(EventFiringWebDriver.java:303)
at com.qa.utils.TestUtil.takeScreenshotAtEndOfTest(TestUtil.java:179)
at com.qa.utils.WebEventListener.onException(WebEventListener.java:59)
at jdk.internal.reflect.GeneratedMethodAccessor7.invoke(Unknown Source)
at java.base/jdk.internal.reflect.DelegatingMethodAccessorImpl.invoke(DelegatingMethodAccessorImpl.java:43)
at java.base/java.lang.reflect.Method.invoke(Method.java:568)
at org.openqa.selenium.support.events.EventFiringWebDriver.lambda$new$0(EventFiringWebDriver.java:85)
at jdk.proxy2/jdk.proxy2.$Proxy13.onException(Unknown Source)
at org.openqa.selenium.support.events.EventFiringWebDriver.lambda$new$1(EventFiringWebDriver.java:108)
at jdk.proxy2/jdk.proxy2.$Proxy14.getScreenshotAs(Unknown Source)
at org.openqa.selenium.support.events.EventFiringWebDriver.getScreenshotAs(EventFiringWebDriver.java:303)
at com.qa.utils.TestUtil.takeScreenshotAtEndOfTest(TestUtil.java:179)
at com.qa.utils.WebEventListener.onException(WebEventListener.java:59)
at jdk.internal.reflect.GeneratedMethodAccessor7.invoke(Unknown Source)
at java.base/jdk.internal.reflect.DelegatingMethodAccessorImpl.invoke(DelegatingMethodAccessorImpl.java:43)
at java.base/java.lang.reflect.Method.invoke(Method.java:568)
at org.openqa.selenium.support.events.EventFiringWebDriver.lambda$new$0(EventFiringWebDriver.java:85)
at jdk.proxy2/jdk.proxy2.$Proxy13.onException(Unknown Source)
at org.openqa.selenium.support.events.EventFiringWebDriver.lambda$new$1(EventFiringWebDriver.java:108)
at jdk.proxy2/jdk.proxy2.$Proxy14.getScreenshotAs(Unknown Source)
at org.openqa.selenium.support.events.EventFiringWebDriver.getScreenshotAs(EventFiringWebDriver.java:303)
at com.qa.utils.TestUtil.takeScreenshotAtEndOfTest(TestUtil.java:179)
at com.qa.utils.WebEventListener.onException(WebEventListener.java:59)
at jdk.internal.reflect.GeneratedMethodAccessor7.invoke(Unknown Source)
at java.base/jdk.internal.reflect.DelegatingMethodAccessorImpl.invoke(DelegatingMethodAccessorImpl.java:43)
at java.base/java.lang.reflect.Method.invoke(Method.java:568)
at org.openqa.selenium.support.events.EventFiringWebDriver.lambda$new$0(EventFiringWebDriver.java:85)
at jdk.proxy2/jdk.proxy2.$Proxy13.onException(Unknown Source)
at org.openqa.selenium.support.events.EventFiringWebDriver.lambda$new$1(EventFiringWebDriver.java:108)
at jdk.proxy2/jdk.proxy2.$Proxy14.getScreenshotAs(Unknown Source)
at org.openqa.selenium.support.events.EventFiringWebDriver.getScreenshotAs(EventFiringWebDriver.java:303)
at com.qa.utils.TestUtil.takeScreenshotAtEndOfTest(TestUtil.java:179)
at com.qa.utils.WebEventListener.onException(WebEventListener.java:59)
at jdk.internal.reflect.GeneratedMethodAccessor7.invoke(Unknown Source)
at java.base/jdk.internal.reflect.DelegatingMethodAccessorImpl.invoke(DelegatingMethodAccessorImpl.java:43)
at java.base/java.lang.reflect.Method.invoke(Method.java:568)
at org.openqa.selenium.support.events.EventFiringWebDriver.lambda$new$0(EventFiringWebDriver.java:85)
at jdk.proxy2/jdk.proxy2.$Proxy13.onException(Unknown Source)
at org.openqa.selenium.support.events.EventFiringWebDriver.lambda$new$1(EventFiringWebDriver.java:108)
at jdk.proxy2/jdk.proxy2.$Proxy14.getScreenshotAs(Unknown Source)
at org.openqa.selenium.support.events.EventFiringWebDriver.getScreenshotAs(EventFiringWebDriver.java:303)
at com.qa.utils.TestUtil.takeScreenshotAtEndOfTest(TestUtil.java:179)
at com.qa.utils.WebEventListener.onException(WebEventListener.java:59)
at jdk.internal.reflect.GeneratedMethodAccessor7.invoke(Unknown Source)
at java.base/jdk.internal.reflect.DelegatingMethodAccessorImpl.invoke(DelegatingMethodAccessorImpl.java:43)
at java.base/java.lang.reflect.Method.invoke(Method.java:568)
at org.openqa.selenium.support.events.EventFiringWebDriver.lambda$new$0(EventFiringWebDriver.java:85)
at jdk.proxy2/jdk.proxy2.$Proxy13.onException(Unknown Source)
at org.openqa.selenium.support.events.EventFiringWebDriver.lambda$new$1(EventFiringWebDriver.java:108)
at jdk.proxy2/jdk.proxy2.$Proxy14.getScreenshotAs(Unknown Source)
at org.openqa.selenium.support.events.EventFiringWebDriver.getScreenshotAs(EventFiringWebDriver.java:303)
at com.qa.utils.TestUtil.takeScreenshotAtEndOfTest(TestUtil.java:179)
at com.qa.utils.WebEventListener.onException(WebEventListener.java:59)
at jdk.internal.reflect.GeneratedMethodAccessor7.invoke(Unknown Source)
at java.base/jdk.internal.reflect.DelegatingMethodAccessorImpl.invoke(DelegatingMethodAccessorImpl.java:43)
at java.base/java.lang.reflect.Method.invoke(Method.java:568)
at org.openqa.selenium.support.events.EventFiringWebDriver.lambda$new$0(EventFiringWebDriver.java:85)
at jdk.proxy2/jdk.proxy2.$Proxy13.onException(Unknown Source)
at org.openqa.selenium.support.events.EventFiringWebDriver.lambda$new$1(EventFiringWebDriver.java:108)
at jdk.proxy2/jdk.proxy2.$Proxy14.getScreenshotAs(Unknown Source)
at org.openqa.selenium.support.events.EventFiringWebDriver.getScreenshotAs(EventFiringWebDriver.java:303)
at com.qa.utils.TestUtil.takeScreenshotAtEndOfTest(TestUtil.java:179)
at com.qa.utils.WebEventListener.onException(WebEventListener.java:59)
at jdk.internal.reflect.GeneratedMethodAccessor7.invoke(Unknown Source)
at java.base/jdk.internal.reflect.DelegatingMethodAccessorImpl.invoke(DelegatingMethodAccessorImpl.java:43)
at java.base/java.lang.reflect.Method.invoke(Method.java:568)
at org.openqa.selenium.support.events.EventFiringWebDriver.lambda$new$0(EventFiringWebDriver.java:85)
at jdk.proxy2/jdk.proxy2.$Proxy13.onException(Unknown Source)
at org.openqa.selenium.support.events.EventFiringWebDriver.lambda$new$1(EventFiringWebDriver.java:108)
at jdk.proxy2/jdk.proxy2.$Proxy14.getScreenshotAs(Unknown Source)
at org.openqa.selenium.support.events.EventFiringWebDriver.getScreenshotAs(EventFiringWebDriver.java:303)
at com.qa.utils.TestUtil.takeScreenshotAtEndOfTest(TestUtil.java:179)
at com.qa.utils.WebEventListener.onException(WebEventListener.java:59)
at jdk.internal.reflect.GeneratedMethodAccessor7.invoke(Unknown Source)
at java.base/jdk.internal.reflect.DelegatingMethodAccessorImpl.invoke(DelegatingMethodAccessorImpl.java:43)
at java.base/java.lang.reflect.Method.invoke(Method.java:568)
at org.openqa.selenium.support.events.EventFiringWebDriver.lambda$new$0(EventFiringWebDriver.java:85)
at jdk.proxy2/jdk.proxy2.$Proxy13.onException(Unknown Source)
at org.openqa.selenium.support.events.EventFiringWebDriver.lambda$new$1(EventFiringWebDriver.java:108)
at jdk.proxy2/jdk.proxy2.$Proxy14.getScreenshotAs(Unknown Source)
at org.openqa.selenium.support.events.EventFiringWebDriver.getScreenshotAs(EventFiringWebDriver.java:303)
at com.qa.utils.TestUtil.takeScreenshotAtEndOfTest(TestUtil.java:179)
at com.qa.utils.WebEventListener.onException(WebEventListener.java:59)
at jdk.internal.reflect.GeneratedMethodAccessor7.invoke(Unknown Source)
at java.base/jdk.internal.reflect.DelegatingMethodAccessorImpl.invoke(DelegatingMethodAccessorImpl.java:43)
at java.base/java.lang.reflect.Method.invoke(Method.java:568)
at org.openqa.selenium.support.events.EventFiringWebDriver.lambda$new$0(EventFiringWebDriver.java:85)
at jdk.proxy2/jdk.proxy2.$Proxy13.onException(Unknown Source)
at org.openqa.selenium.support.events.EventFiringWebDriver.lambda$new$1(EventFiringWebDriver.java:108)
at jdk.proxy2/jdk.proxy2.$Proxy14.getScreenshotAs(Unknown Source)
at org.openqa.selenium.support.events.EventFiringWebDriver.getScreenshotAs(EventFiringWebDriver.java:303)
at com.qa.utils.TestUtil.takeScreenshotAtEndOfTest(TestUtil.java:179)
at com.qa.utils.WebEventListener.onException(WebEventListener.java:59)
at jdk.internal.reflect.GeneratedMethodAccessor7.invoke(Unknown Source)
at java.base/jdk.internal.reflect.DelegatingMethodAccessorImpl.invoke(DelegatingMethodAccessorImpl.java:43)
at java.base/java.lang.reflect.Method.invoke(Method.java:568)
at org.openqa.selenium.support.events.EventFiringWebDriver.lambda$new$0(EventFiringWebDriver.java:85)
at jdk.proxy2/jdk.proxy2.$Proxy13.onException(Unknown Source)
at org.openqa.selenium.support.events.EventFiringWebDriver.lambda$new$1(EventFiringWebDriver.java:108)
at jdk.proxy2/jdk.proxy2.$Proxy14.getScreenshotAs(Unknown Source)
at org.openqa.selenium.support.events.EventFiringWebDriver.getScreenshotAs(EventFiringWebDriver.java:303)
at com.qa.utils.TestUtil.takeScreenshotAtEndOfTest(TestUtil.java:179)
at com.qa.utils.WebEventListener.onException(WebEventListener.java:59)
at jdk.internal.reflect.GeneratedMethodAccessor7.invoke(Unknown Source)
at java.base/jdk.internal.reflect.DelegatingMethodAccessorImpl.invoke(DelegatingMethodAccessorImpl.java:43)
at java.base/java.lang.reflect.Method.invoke(Method.java:568)
at org.openqa.selenium.support.events.EventFiringWebDriver.lambda$new$0(EventFiringWebDriver.java:85)
at jdk.proxy2/jdk.proxy2.$Proxy13.onException(Unknown Source)
at org.openqa.selenium.support.events.EventFiringWebDriver.lambda$new$1(EventFiringWebDriver.java:108)
at jdk.proxy2/jdk.proxy2.$Proxy14.getScreenshotAs(Unknown Source)
at org.openqa.selenium.support.events.EventFiringWebDriver.getScreenshotAs(EventFiringWebDriver.java:303)
at com.qa.utils.TestUtil.takeScreenshotAtEndOfTest(TestUtil.java:179)
at com.qa.utils.WebEventListener.onException(WebEventListener.java:59)
at jdk.internal.reflect.GeneratedMethodAccessor7.invoke(Unknown Source)
at java.base/jdk.internal.reflect.DelegatingMethodAccessorImpl.invoke(DelegatingMethodAccessorImpl.java:43)
at java.base/java.lang.reflect.Method.invoke(Method.java:568)
at org.openqa.selenium.support.events.EventFiringWebDriver.lambda$new$0(EventFiringWebDriver.java:85)
at jdk.proxy2/jdk.proxy2.$Proxy13.onException(Unknown Source)
at org.openqa.selenium.support.events.EventFiringWebDriver.lambda$new$1(EventFiringWebDriver.java:108)
at jdk.proxy2/jdk.proxy2.$Proxy14.getScreenshotAs(Unknown Source)
at org.openqa.selenium.support.events.EventFiringWebDriver.getScreenshotAs(EventFiringWebDriver.java:303)
at com.qa.utils.TestUtil.takeScreenshotAtEndOfTest(TestUtil.java:179)
at com.qa.utils.WebEventListener.onException(WebEventListener.java:59)
at jdk.internal.reflect.GeneratedMethodAccessor7.invoke(Unknown Source)
at java.base/jdk.internal.reflect.DelegatingMethodAccessorImpl.invoke(DelegatingMethodAccessorImpl.java:43)
at java.base/java.lang.reflect.Method.invoke(Method.java:568)
at org.openqa.selenium.support.events.EventFiringWebDriver.lambda$new$0(EventFiringWebDriver.java:85)
at jdk.proxy2/jdk.proxy2.$Proxy13.onException(Unknown Source)
at org.openqa.selenium.support.events.EventFiringWebDriver.lambda$new$1(EventFiringWebDriver.java:108)
at jdk.proxy2/jdk.proxy2.$Proxy14.getScreenshotAs(Unknown Source)
at org.openqa.selenium.support.events.EventFiringWebDriver.getScreenshotAs(EventFiringWebDriver.java:303)
at com.qa.utils.TestUtil.takeScreenshotAtEndOfTest(TestUtil.java:179)
at com.qa.utils.WebEventListener.onException(WebEventListener.java:59)
at jdk.internal.reflect.GeneratedMethodAccessor7.invoke(Unknown Source)
at java.base/jdk.internal.reflect.DelegatingMethodAccessorImpl.invoke(DelegatingMethodAccessorImpl.java:43)
at java.base/java.lang.reflect.Method.invoke(Method.java:568)
at org.openqa.selenium.support.events.EventFiringWebDriver.lambda$new$0(EventFiringWebDriver.java:85)
at jdk.proxy2/jdk.proxy2.$Proxy13.onException(Unknown Source)
at org.openqa.selenium.support.events.EventFiringWebDriver.lambda$new$1(EventFiringWebDriver.java:108)
at jdk.proxy2/jdk.proxy2.$Proxy14.getScreenshotAs(Unknown Source)
at org.openqa.selenium.support.events.EventFiringWebDriver.getScreenshotAs(EventFiringWebDriver.java:303)
at com.qa.utils.TestUtil.takeScreenshotAtEndOfTest(TestUtil.java:179)
at com.qa.utils.WebEventListener.onException(WebEventListener.java:59)
at jdk.internal.reflect.GeneratedMethodAccessor7.invoke(Unknown Source)
at java.base/jdk.internal.reflect.DelegatingMethodAccessorImpl.invoke(DelegatingMethodAccessorImpl.java:43)
at java.base/java.lang.reflect.Method.invoke(Method.java:568)
at org.openqa.selenium.support.events.EventFiringWebDriver.lambda$new$0(EventFiringWebDriver.java:85)
at jdk.proxy2/jdk.proxy2.$Proxy13.onException(Unknown Source)
at org.openqa.selenium.support.events.EventFiringWebDriver.lambda$new$1(EventFiringWebDriver.java:108)
at jdk.proxy2/jdk.proxy2.$Proxy14.getScreenshotAs(Unknown Source)
at org.openqa.selenium.support.events.EventFiringWebDriver.getScreenshotAs(EventFiringWebDriver.java:303)
at com.qa.utils.TestUtil.takeScreenshotAtEndOfTest(TestUtil.java:179)
at com.qa.utils.WebEventListener.onException(WebEventListener.java:59)
at jdk.internal.reflect.GeneratedMethodAccessor7.invoke(Unknown Source)
at java.base/jdk.internal.reflect.DelegatingMethodAccessorImpl.invoke(DelegatingMethodAccessorImpl.java:43)
at java.base/java.lang.reflect.Method.invoke(Method.java:568)
at org.openqa.selenium.support.events.EventFiringWebDriver.lambda$new$0(EventFiringWebDriver.java:85)
at jdk.proxy2/jdk.proxy2.$Proxy13.onException(Unknown Source)
at org.openqa.selenium.support.events.EventFiringWebDriver.lambda$new$1(EventFiringWebDriver.java:108)
at jdk.proxy2/jdk.proxy2.$Proxy14.getScreenshotAs(Unknown Source)
at org.openqa.selenium.support.events.EventFiringWebDriver.getScreenshotAs(EventFiringWebDriver.java:303)
at com.qa.utils.TestUtil.takeScreenshotAtEndOfTest(TestUtil.java:179)
at com.qa.utils.WebEventListener.onException(WebEventListener.java:59)
at jdk.internal.reflect.GeneratedMethodAccessor7.invoke(Unknown Source)
at java.base/jdk.internal.reflect.DelegatingMethodAccessorImpl.invoke(DelegatingMethodAccessorImpl.java:43)
at java.base/java.lang.reflect.Method.invoke(Method.java:568)
at org.openqa.selenium.support.events.EventFiringWebDriver.lambda$new$0(EventFiringWebDriver.java:85)
at jdk.proxy2/jdk.proxy2.$Proxy13.onException(Unknown Source)
at org.openqa.selenium.support.events.EventFiringWebDriver.lambda$new$1(EventFiringWebDriver.java:108)
at jdk.proxy2/jdk.proxy2.$Proxy14.getScreenshotAs(Unknown Source)
at org.openqa.selenium.support.events.EventFiringWebDriver.getScreenshotAs(EventFiringWebDriver.java:303)
at com.qa.utils.TestUtil.takeScreenshotAtEndOfTest(TestUtil.java:179)
at com.qa.utils.WebEventListener.onException(WebEventListener.java:59)
at jdk.internal.reflect.GeneratedMethodAccessor7.invoke(Unknown Source)
at java.base/jdk.internal.reflect.DelegatingMethodAccessorImpl.invoke(DelegatingMethodAccessorImpl.java:43)
at java.base/java.lang.reflect.Method.invoke(Method.java:568)
at org.openqa.selenium.support.events.EventFiringWebDriver.lambda$new$0(EventFiringWebDriver.java:85)
at jdk.proxy2/jdk.proxy2.$Proxy13.onException(Unknown Source)
at org.openqa.selenium.support.events.EventFiringWebDriver.lambda$new$1(EventFiringWebDriver.java:108)
at jdk.proxy2/jdk.proxy2.$Proxy14.getScreenshotAs(Unknown Source)
at org.openqa.selenium.support.events.EventFiringWebDriver.getScreenshotAs(EventFiringWebDriver.java:303)
at com.qa.utils.TestUtil.takeScreenshotAtEndOfTest(TestUtil.java:179)
at com.qa.utils.WebEventListener.onException(WebEventListener.java:59)
at jdk.internal.reflect.GeneratedMethodAccessor7.invoke(Unknown Source)
at java.base/jdk.internal.reflect.DelegatingMethodAccessorImpl.invoke(DelegatingMethodAccessorImpl.java:43)
at java.base/java.lang.reflect.Method.invoke(Method.java:568)
at org.openqa.selenium.support.events.EventFiringWebDriver.lambda$new$0(EventFiringWebDriver.java:85)
at jdk.proxy2/jdk.proxy2.$Proxy13.onException(Unknown Source)
at org.openqa.selenium.support.events.EventFiringWebDriver.lambda$new$1(EventFiringWebDriver.java:108)
at jdk.proxy2/jdk.proxy2.$Proxy14.getScreenshotAs(Unknown Source)
at org.openqa.selenium.support.events.EventFiringWebDriver.getScreenshotAs(EventFiringWebDriver.java:303)
at com.qa.utils.TestUtil.takeScreenshotAtEndOfTest(TestUtil.java:179)
at com.qa.utils.WebEventListener.onException(WebEventListener.java:59)
at jdk.internal.reflect.GeneratedMethodAccessor7.invoke(Unknown Source)
at java.base/jdk.internal.reflect.DelegatingMethodAccessorImpl.invoke(DelegatingMethodAccessorImpl.java:43)
at java.base/java.lang.reflect.Method.invoke(Method.java:568)
at org.openqa.selenium.support.events.EventFiringWebDriver.lambda$new$0(EventFiringWebDriver.java:85)
at jdk.proxy2/jdk.proxy2.$Proxy13.onException(Unknown Source)
at org.openqa.selenium.support.events.EventFiringWebDriver.lambda$new$1(EventFiringWebDriver.java:108)
at jdk.proxy2/jdk.proxy2.$Proxy14.getScreenshotAs(Unknown Source)
at org.openqa.selenium.support.events.EventFiringWebDriver.getScreenshotAs(EventFiringWebDriver.java:303)
at com.qa.utils.TestUtil.takeScreenshotAtEndOfTest(TestUtil.java:179)
at com.qa.utils.WebEventListener.onException(WebEventListener.java:59)
at jdk.internal.reflect.GeneratedMethodAccessor7.invoke(Unknown Source)
at java.base/jdk.internal.reflect.DelegatingMethodAccessorImpl.invoke(DelegatingMethodAccessorImpl.java:43)
at java.base/java.lang.reflect.Method.invoke(Method.java:568)
at org.openqa.selenium.support.events.EventFiringWebDriver.lambda$new$0(EventFiringWebDriver.java:85)
at jdk.proxy2/jdk.proxy2.$Proxy13.onException(Unknown Source)
at org.openqa.selenium.support.events.EventFiringWebDriver.lambda$new$1(EventFiringWebDriver.java:108)
at jdk.proxy2/jdk.proxy2.$Proxy14.getScreenshotAs(Unknown Source)
at org.openqa.selenium.support.events.EventFiringWebDriver.getScreenshotAs(EventFiringWebDriver.java:303)
at com.qa.utils.TestUtil.takeScreenshotAtEndOfTest(TestUtil.java:179)
at com.qa.utils.WebEventListener.onException(WebEventListener.java:59)
at jdk.internal.reflect.GeneratedMethodAccessor7.invoke(Unknown Source)
at java.base/jdk.internal.reflect.DelegatingMethodAccessorImpl.invoke(DelegatingMethodAccessorImpl.java:43)
at java.base/java.lang.reflect.Method.invoke(Method.java:568)
at org.openqa.selenium.support.events.EventFiringWebDriver.lambda$new$0(EventFiringWebDriver.java:85)
at jdk.proxy2/jdk.proxy2.$Proxy13.onException(Unknown Source)
at org.openqa.selenium.support.events.EventFiringWebDriver.lambda$new$1(EventFiringWebDriver.java:108)
at jdk.proxy2/jdk.proxy2.$Proxy14.getScreenshotAs(Unknown Source)
at org.openqa.selenium.support.events.EventFiringWebDriver.getScreenshotAs(EventFiringWebDriver.java:303)
at com.qa.utils.TestUtil.takeScreenshotAtEndOfTest(TestUtil.java:179)
at com.qa.utils.WebEventListener.onException(WebEventListener.java:59)
at jdk.internal.reflect.GeneratedMethodAccessor7.invoke(Unknown Source)
at java.base/jdk.internal.reflect.DelegatingMethodAccessorImpl.invoke(DelegatingMethodAccessorImpl.java:43)
at java.base/java.lang.reflect.Method.invoke(Method.java:568)
at org.openqa.selenium.support.events.EventFiringWebDriver.lambda$new$0(EventFiringWebDriver.java:85)
at jdk.proxy2/jdk.proxy2.$Proxy13.onException(Unknown Source)
at org.openqa.selenium.support.events.EventFiringWebDriver.lambda$new$1(EventFiringWebDriver.java:108)
at jdk.proxy2/jdk.proxy2.$Proxy14.getScreenshotAs(Unknown Source)
at org.openqa.selenium.support.events.EventFiringWebDriver.getScreenshotAs(EventFiringWebDriver.java:303)
at com.qa.utils.TestUtil.takeScreenshotAtEndOfTest(TestUtil.java:179)
at com.qa.utils.WebEventListener.onException(WebEventListener.java:59)
at jdk.internal.reflect.GeneratedMethodAccessor7.invoke(Unknown Source)
at java.base/jdk.internal.reflect.DelegatingMethodAccessorImpl.invoke(DelegatingMethodAccessorImpl.java:43)
at java.base/java.lang.reflect.Method.invoke(Method.java:568)
at org.openqa.selenium.support.events.EventFiringWebDriver.lambda$new$0(EventFiringWebDriver.java:85)
at jdk.proxy2/jdk.proxy2.$Proxy13.onException(Unknown Source)
at org.openqa.selenium.support.events.EventFiringWebDriver.lambda$new$1(EventFiringWebDriver.java:108)
at jdk.proxy2/jdk.proxy2.$Proxy14.getScreenshotAs(Unknown Source)
at org.openqa.selenium.support.events.EventFiringWebDriver.getScreenshotAs(EventFiringWebDriver.java:303)
at com.qa.utils.TestUtil.takeScreenshotAtEndOfTest(TestUtil.java:179)
at com.qa.utils.WebEventListener.onException(WebEventListener.java:59)
at jdk.internal.reflect.GeneratedMethodAccessor7.invoke(Unknown Source)
at java.base/jdk.internal.reflect.DelegatingMethodAccessorImpl.invoke(DelegatingMethodAccessorImpl.java:43)
at java.base/java.lang.reflect.Method.invoke(Method.java:568)
at org.openqa.selenium.support.events.EventFiringWebDriver.lambda$new$0(EventFiringWebDriver.java:85)
at jdk.proxy2/jdk.proxy2.$Proxy13.onException(Unknown Source)
at org.openqa.selenium.support.events.EventFiringWebDriver.lambda$new$1(EventFiringWebDriver.java:108)
at jdk.proxy2/jdk.proxy2.$Proxy14.getScreenshotAs(Unknown Source)
at org.openqa.selenium.support.events.EventFiringWebDriver.getScreenshotAs(EventFiringWebDriver.java:303)
at com.qa.utils.TestUtil.takeScreenshotAtEndOfTest(TestUtil.java:179)
at com.qa.utils.WebEventListener.onException(WebEventListener.java:59)
at jdk.internal.reflect.GeneratedMethodAccessor7.invoke(Unknown Source)
at java.base/jdk.internal.reflect.DelegatingMethodAccessorImpl.invoke(DelegatingMethodAccessorImpl.java:43)
at java.base/java.lang.reflect.Method.invoke(Method.java:568)
at org.openqa.selenium.support.events.EventFiringWebDriver.lambda$new$0(EventFiringWebDriver.java:85)
at jdk.proxy2/jdk.proxy2.$Proxy13.onException(Unknown Source)
at org.openqa.selenium.support.events.EventFiringWebDriver.lambda$new$1(EventFiringWebDriver.java:108)
at jdk.proxy2/jdk.proxy2.$Proxy14.getScreenshotAs(Unknown Source)
at org.openqa.selenium.support.events.EventFiringWebDriver.getScreenshotAs(EventFiringWebDriver.java:303)
at com.qa.utils.TestUtil.takeScreenshotAtEndOfTest(TestUtil.java:179)
at com.qa.utils.WebEventListener.onException(WebEventListener.java:59)
at jdk.internal.reflect.GeneratedMethodAccessor7.invoke(Unknown Source)
at java.base/jdk.internal.reflect.DelegatingMethodAccessorImpl.invoke(DelegatingMethodAccessorImpl.java:43)
at java.base/java.lang.reflect.Method.invoke(Method.java:568)
at org.openqa.selenium.support.events.EventFiringWebDriver.lambda$new$0(EventFiringWebDriver.java:85)
at jdk.proxy2/jdk.proxy2.$Proxy13.onException(Unknown Source)
at org.openqa.selenium.support.events.EventFiringWebDriver.lambda$new$1(EventFiringWebDriver.java:108)
at jdk.proxy2/jdk.proxy2.$Proxy14.getScreenshotAs(Unknown Source)
at org.openqa.selenium.support.events.EventFiringWebDriver.getScreenshotAs(EventFiringWebDriver.java:303)
at com.qa.utils.TestUtil.takeScreenshotAtEndOfTest(TestUtil.java:179)
at com.qa.utils.WebEventListener.onException(WebEventListener.java:59)
at jdk.internal.reflect.GeneratedMethodAccessor7.invoke(Unknown Source)
at java.base/jdk.internal.reflect.DelegatingMethodAccessorImpl.invoke(DelegatingMethodAccessorImpl.java:43)
at java.base/java.lang.reflect.Method.invoke(Method.java:568)
at org.openqa.selenium.support.events.EventFiringWebDriver.lambda$new$0(EventFiringWebDriver.java:85)
at jdk.proxy2/jdk.proxy2.$Proxy13.onException(Unknown Source)
at org.openqa.selenium.support.events.EventFiringWebDriver.lambda$new$1(EventFiringWebDriver.java:108)
at jdk.proxy2/jdk.proxy2.$Proxy14.getScreenshotAs(Unknown Source)
at org.openqa.selenium.support.events.EventFiringWebDriver.getScreenshotAs(EventFiringWebDriver.java:303)
at com.qa.utils.TestUtil.takeScreenshotAtEndOfTest(TestUtil.java:179)
at com.qa.utils.WebEventListener.onException(WebEventListener.java:59)
at jdk.internal.reflect.GeneratedMethodAccessor7.invoke(Unknown Source)
at java.base/jdk.internal.reflect.DelegatingMethodAccessorImpl.invoke(DelegatingMethodAccessorImpl.java:43)
at java.base/java.lang.reflect.Method.invoke(Method.java:568)
at org.openqa.selenium.support.events.EventFiringWebDriver.lambda$new$0(EventFiringWebDriver.java:85)
at jdk.proxy2/jdk.proxy2.$Proxy13.onException(Unknown Source)
at org.openqa.selenium.support.events.EventFiringWebDriver.lambda$new$1(EventFiringWebDriver.java:108)
at jdk.proxy2/jdk.proxy2.$Proxy14.getScreenshotAs(Unknown Source)
at org.openqa.selenium.support.events.EventFiringWebDriver.getScreenshotAs(EventFiringWebDriver.java:303)
at com.qa.utils.TestUtil.takeScreenshotAtEndOfTest(TestUtil.java:179)
at com.qa.utils.WebEventListener.onException(WebEventListener.java:59)
at jdk.internal.reflect.GeneratedMethodAccessor7.invoke(Unknown Source)
at java.base/jdk.internal.reflect.DelegatingMethodAccessorImpl.invoke(DelegatingMethodAccessorImpl.java:43)
at java.base/java.lang.reflect.Method.invoke(Method.java:568)
at org.openqa.selenium.support.events.EventFiringWebDriver.lambda$new$0(EventFiringWebDriver.java:85)
at jdk.proxy2/jdk.proxy2.$Proxy13.onException(Unknown Source)
at org.openqa.selenium.support.events.EventFiringWebDriver.lambda$new$1(EventFiringWebDriver.java:108)
at jdk.proxy2/jdk.proxy2.$Proxy14.getScreenshotAs(Unknown Source)
at org.openqa.selenium.support.events.EventFiringWebDriver.getScreenshotAs(EventFiringWebDriver.java:303)
at com.qa.utils.TestUtil.takeScreenshotAtEndOfTest(TestUtil.java:179)
at com.qa.utils.WebEventListener.onException(WebEventListener.java:59)
at jdk.internal.reflect.GeneratedMethodAccessor7.invoke(Unknown Source)
at java.base/jdk.internal.reflect.DelegatingMethodAccessorImpl.invoke(DelegatingMethodAccessorImpl.java:43)
at java.base/java.lang.reflect.Method.invoke(Method.java:568)
at org.openqa.selenium.support.events.EventFiringWebDriver.lambda$new$0(EventFiringWebDriver.java:85)
at jdk.proxy2/jdk.proxy2.$Proxy13.onException(Unknown Source)
at org.openqa.selenium.support.events.EventFiringWebDriver.lambda$new$1(EventFiringWebDriver.java:108)
at jdk.proxy2/jdk.proxy2.$Proxy14.getScreenshotAs(Unknown Source)
at org.openqa.selenium.support.events.EventFiringWebDriver.getScreenshotAs(EventFiringWebDriver.java:303)
at com.qa.utils.TestUtil.takeScreenshotAtEndOfTest(TestUtil.java:179)
at com.qa.utils.WebEventListener.onException(WebEventListener.java:59)
at jdk.internal.reflect.GeneratedMethodAccessor7.invoke(Unknown Source)
at java.base/jdk.internal.reflect.DelegatingMethodAccessorImpl.invoke(DelegatingMethodAccessorImpl.java:43)
at java.base/java.lang.reflect.Method.invoke(Method.java:568)
at org.openqa.selenium.support.events.EventFiringWebDriver.lambda$new$0(EventFiringWebDriver.java:85)
at jdk.proxy2/jdk.proxy2.$Proxy13.onException(Unknown Source)
at org.openqa.selenium.support.events.EventFiringWebDriver.lambda$new$1(EventFiringWebDriver.java:108)
at jdk.proxy2/jdk.proxy2.$Proxy14.getScreenshotAs(Unknown Source)
at org.openqa.selenium.support.events.EventFiringWebDriver.getScreenshotAs(EventFiringWebDriver.java:303)
at com.qa.utils.TestUtil.takeScreenshotAtEndOfTest(TestUtil.java:179)
at com.qa.utils.WebEventListener.onException(WebEventListener.java:59)
at jdk.internal.reflect.GeneratedMethodAccessor7.invoke(Unknown Source)
at java.base/jdk.internal.reflect.DelegatingMethodAccessorImpl.invoke(DelegatingMethodAccessorImpl.java:43)
at java.base/java.lang.reflect.Method.invoke(Method.java:568)
at org.openqa.selenium.support.events.EventFiringWebDriver.lambda$new$0(EventFiringWebDriver.java:85)
at jdk.proxy2/jdk.proxy2.$Proxy13.onException(Unknown Source)
at org.openqa.selenium.support.events.EventFiringWebDriver.lambda$new$1(EventFiringWebDriver.java:108)
at jdk.proxy2/jdk.proxy2.$Proxy14.getScreenshotAs(Unknown Source)
at org.openqa.selenium.support.events.EventFiringWebDriver.getScreenshotAs(EventFiringWebDriver.java:303)
at com.qa.utils.TestUtil.takeScreenshotAtEndOfTest(TestUtil.java:179)
at com.qa.utils.WebEventListener.onException(WebEventListener.java:59)
at jdk.internal.reflect.GeneratedMethodAccessor7.invoke(Unknown Source)
at java.base/jdk.internal.reflect.DelegatingMethodAccessorImpl.invoke(DelegatingMethodAccessorImpl.java:43)
at java.base/java.lang.reflect.Method.invoke(Method.java:568)
at org.openqa.selenium.support.events.EventFiringWebDriver.lambda$new$0(EventFiringWebDriver.java:85)
at jdk.proxy2/jdk.proxy2.$Proxy13.onException(Unknown Source)
at org.openqa.selenium.support.events.EventFiringWebDriver.lambda$new$1(EventFiringWebDriver.java:108)
at jdk.proxy2/jdk.proxy2.$Proxy14.getScreenshotAs(Unknown Source)
at org.openqa.selenium.support.events.EventFiringWebDriver.getScreenshotAs(EventFiringWebDriver.java:303)
at com.qa.utils.TestUtil.takeScreenshotAtEndOfTest(TestUtil.java:179)
at com.qa.utils.WebEventListener.onException(WebEventListener.java:59)
at jdk.internal.reflect.GeneratedMethodAccessor7.invoke(Unknown Source)
at java.base/jdk.internal.reflect.DelegatingMethodAccessorImpl.invoke(DelegatingMethodAccessorImpl.java:43)
at java.base/java.lang.reflect.Method.invoke(Method.java:568)
at org.openqa.selenium.support.events.EventFiringWebDriver.lambda$new$0(EventFiringWebDriver.java:85)
at jdk.proxy2/jdk.proxy2.$Proxy13.onException(Unknown Source)
at org.openqa.selenium.support.events.EventFiringWebDriver.lambda$new$1(EventFiringWebDriver.java:108)
at jdk.proxy2/jdk.proxy2.$Proxy14.getScreenshotAs(Unknown Source)
at org.openqa.selenium.support.events.EventFiringWebDriver.getScreenshotAs(EventFiringWebDriver.java:303)
at com.qa.utils.TestUtil.takeScreenshotAtEndOfTest(TestUtil.java:179)
at com.qa.utils.WebEventListener.onException(WebEventListener.java:59)
at jdk.internal.reflect.GeneratedMethodAccessor7.invoke(Unknown Source)
at java.base/jdk.internal.reflect.DelegatingMethodAccessorImpl.invoke(DelegatingMethodAccessorImpl.java:43)
at java.base/java.lang.reflect.Method.invoke(Method.java:568)
at org.openqa.selenium.support.events.EventFiringWebDriver.lambda$new$0(EventFiringWebDriver.java:85)
at jdk.proxy2/jdk.proxy2.$Proxy13.onException(Unknown Source)
at org.openqa.selenium.support.events.EventFiringWebDriver.lambda$new$1(EventFiringWebDriver.java:108)
at jdk.proxy2/jdk.proxy2.$Proxy14.getScreenshotAs(Unknown Source)
at org.openqa.selenium.support.events.EventFiringWebDriver.getScreenshotAs(EventFiringWebDriver.java:303)
at com.qa.utils.TestUtil.takeScreenshotAtEndOfTest(TestUtil.java:179)
at com.qa.utils.WebEventListener.onException(WebEventListener.java:59)
at jdk.internal.reflect.GeneratedMethodAccessor7.invoke(Unknown Source)
at java.base/jdk.internal.reflect.DelegatingMethodAccessorImpl.invoke(DelegatingMethodAccessorImpl.java:43)
at java.base/java.lang.reflect.Method.invoke(Method.java:568)
at org.openqa.selenium.support.events.EventFiringWebDriver.lambda$new$0(EventFiringWebDriver.java:85)
at jdk.proxy2/jdk.proxy2.$Proxy13.onException(Unknown Source)
at org.openqa.selenium.support.events.EventFiringWebDriver.lambda$new$1(EventFiringWebDriver.java:108)
at jdk.proxy2/jdk.proxy2.$Proxy14.getScreenshotAs(Unknown Source)
at org.openqa.selenium.support.events.EventFiringWebDriver.getScreenshotAs(EventFiringWebDriver.java:303)
at com.qa.utils.TestUtil.takeScreenshotAtEndOfTest(TestUtil.java:179)
at com.qa.utils.WebEventListener.onException(WebEventListener.java:59)
at jdk.internal.reflect.GeneratedMethodAccessor7.invoke(Unknown Source)
at java.base/jdk.internal.reflect.DelegatingMethodAccessorImpl.invoke(DelegatingMethodAccessorImpl.java:43)
at java.base/java.lang.reflect.Method.invoke(Method.java:568)
at org.openqa.selenium.support.events.EventFiringWebDriver.lambda$new$0(EventFiringWebDriver.java:85)
at jdk.proxy2/jdk.proxy2.$Proxy13.onException(Unknown Source)
at org.openqa.selenium.support.events.EventFiringWebDriver.lambda$new$1(EventFiringWebDriver.java:108)
at jdk.proxy2/jdk.proxy2.$Proxy14.getScreenshotAs(Unknown Source)
at org.openqa.selenium.support.events.EventFiringWebDriver.getScreenshotAs(EventFiringWebDriver.java:303)
at com.qa.utils.TestUtil.takeScreenshotAtEndOfTest(TestUtil.java:179)
at com.qa.utils.WebEventListener.onException(WebEventListener.java:59)
at jdk.internal.reflect.GeneratedMethodAccessor7.invoke(Unknown Source)
at java.base/jdk.internal.reflect.DelegatingMethodAccessorImpl.invoke(DelegatingMethodAccessorImpl.java:43)
at java.base/java.lang.reflect.Method.invoke(Method.java:568)
at org.openqa.selenium.support.events.EventFiringWebDriver.lambda$new$0(EventFiringWebDriver.java:85)
at jdk.proxy2/jdk.proxy2.$Proxy13.onException(Unknown Source)
at org.openqa.selenium.support.events.EventFiringWebDriver.lambda$new$1(EventFiringWebDriver.java:108)
at jdk.proxy2/jdk.proxy2.$Proxy14.getScreenshotAs(Unknown Source)
at org.openqa.selenium.support.events.EventFiringWebDriver.getScreenshotAs(EventFiringWebDriver.java:303)
at com.qa.utils.TestUtil.takeScreenshotAtEndOfTest(TestUtil.java:179)
at com.qa.utils.WebEventListener.onException(WebEventListener.java:59)
at jdk.internal.reflect.GeneratedMethodAccessor7.invoke(Unknown Source)
at java.base/jdk.internal.reflect.DelegatingMethodAccessorImpl.invoke(DelegatingMethodAccessorImpl.java:43)
at java.base/java.lang.reflect.Method.invoke(Method.java:568)
at org.openqa.selenium.support.events.EventFiringWebDriver.lambda$new$0(EventFiringWebDriver.java:85)
at jdk.proxy2/jdk.proxy2.$Proxy13.onException(Unknown Source)
at org.openqa.selenium.support.events.EventFiringWebDriver.lambda$new$1(EventFiringWebDriver.java:108)
at jdk.proxy2/jdk.proxy2.$Proxy14.getScreenshotAs(Unknown Source)
at org.openqa.selenium.support.events.EventFiringWebDriver.getScreenshotAs(EventFiringWebDriver.java:303)
at com.qa.utils.TestUtil.takeScreenshotAtEndOfTest(TestUtil.java:179)
at com.qa.utils.WebEventListener.onException(WebEventListener.java:59)
at jdk.internal.reflect.GeneratedMethodAccessor7.invoke(Unknown Source)
at java.base/jdk.internal.reflect.DelegatingMethodAccessorImpl.invoke(DelegatingMethodAccessorImpl.java:43)
at java.base/java.lang.reflect.Method.invoke(Method.java:568)
at org.openqa.selenium.support.events.EventFiringWebDriver.lambda$new$0(EventFiringWebDriver.java:85)
at jdk.proxy2/jdk.proxy2.$Proxy13.onException(Unknown Source)
at org.openqa.selenium.support.events.EventFiringWebDriver.lambda$new$1(EventFiringWebDriver.java:108)
at jdk.proxy2/jdk.proxy2.$Proxy14.getScreenshotAs(Unknown Source)
at org.openqa.selenium.support.events.EventFiringWebDriver.getScreenshotAs(EventFiringWebDriver.java:303)
at com.qa.utils.TestUtil.takeScreenshotAtEndOfTest(TestUtil.java:179)
at com.qa.utils.WebEventListener.onException(WebEventListener.java:59)
at jdk.internal.reflect.GeneratedMethodAccessor7.invoke(Unknown Source)
at java.base/jdk.internal.reflect.DelegatingMethodAccessorImpl.invoke(DelegatingMethodAccessorImpl.java:43)
at java.base/java.lang.reflect.Method.invoke(Method.java:568)
at org.openqa.selenium.support.events.EventFiringWebDriver.lambda$new$0(EventFiringWebDriver.java:85)
at jdk.proxy2/jdk.proxy2.$Proxy13.onException(Unknown Source)
at org.openqa.selenium.support.events.EventFiringWebDriver.lambda$new$1(EventFiringWebDriver.java:108)
at jdk.proxy2/jdk.proxy2.$Proxy14.getScreenshotAs(Unknown Source)
at org.openqa.selenium.support.events.EventFiringWebDriver.getScreenshotAs(EventFiringWebDriver.java:303)
at com.qa.utils.TestUtil.takeScreenshotAtEndOfTest(TestUtil.java:179)
at com.qa.utils.WebEventListener.onException(WebEventListener.java:59)
at jdk.internal.reflect.GeneratedMethodAccessor7.invoke(Unknown Source)
at java.base/jdk.internal.reflect.DelegatingMethodAccessorImpl.invoke(DelegatingMethodAccessorImpl.java:43)
at java.base/java.lang.reflect.Method.invoke(Method.java:568)
at org.openqa.selenium.support.events.EventFiringWebDriver.lambda$new$0(EventFiringWebDriver.java:85)
at jdk.proxy2/jdk.proxy2.$Proxy13.onException(Unknown Source)
at org.openqa.selenium.support.events.EventFiringWebDriver.lambda$new$1(EventFiringWebDriver.java:108)
at jdk.proxy2/jdk.proxy2.$Proxy14.getScreenshotAs(Unknown Source)
at org.openqa.selenium.support.events.EventFiringWebDriver.getScreenshotAs(EventFiringWebDriver.java:303)
at com.qa.utils.TestUtil.takeScreenshotAtEndOfTest(TestUtil.java:179)
at com.qa.utils.WebEventListener.onException(WebEventListener.java:59)
at jdk.internal.reflect.GeneratedMethodAccessor7.invoke(Unknown Source)
at java.base/jdk.internal.reflect.DelegatingMethodAccessorImpl.invoke(DelegatingMethodAccessorImpl.java:43)
at java.base/java.lang.reflect.Method.invoke(Method.java:568)
at org.openqa.selenium.support.events.EventFiringWebDriver.lambda$new$0(EventFiringWebDriver.java:85)
at jdk.proxy2/jdk.proxy2.$Proxy13.onException(Unknown Source)
at org.openqa.selenium.support.events.EventFiringWebDriver.lambda$new$1(EventFiringWebDriver.java:108)
at jdk.proxy2/jdk.proxy2.$Proxy14.getScreenshotAs(Unknown Source)
at org.openqa.selenium.support.events.EventFiringWebDriver.getScreenshotAs(EventFiringWebDriver.java:303)
at com.qa.utils.TestUtil.takeScreenshotAtEndOfTest(TestUtil.java:179)
at com.qa.utils.WebEventListener.onException(WebEventListener.java:59)
at jdk.internal.reflect.GeneratedMethodAccessor7.invoke(Unknown Source)
at java.base/jdk.internal.reflect.DelegatingMethodAccessorImpl.invoke(DelegatingMethodAccessorImpl.java:43)
at java.base/java.lang.reflect.Method.invoke(Method.java:568)
at org.openqa.selenium.support.events.EventFiringWebDriver.lambda$new$0(EventFiringWebDriver.java:85)
at jdk.proxy2/jdk.proxy2.$Proxy13.onException(Unknown Source)
at org.openqa.selenium.support.events.EventFiringWebDriver.lambda$new$1(EventFiringWebDriver.java:108)
at jdk.proxy2/jdk.proxy2.$Proxy14.getScreenshotAs(Unknown Source)
at org.openqa.selenium.support.events.EventFiringWebDriver.getScreenshotAs(EventFiringWebDriver.java:303)
at com.qa.utils.TestUtil.takeScreenshotAtEndOfTest(TestUtil.java:179)
at com.qa.utils.WebEventListener.onException(WebEventListener.java:59)
at jdk.internal.reflect.GeneratedMethodAccessor7.invoke(Unknown Source)
at java.base/jdk.internal.reflect.DelegatingMethodAccessorImpl.invoke(DelegatingMethodAccessorImpl.java:43)
at java.base/java.lang.reflect.Method.invoke(Method.java:568)
at org.openqa.selenium.support.events.EventFiringWebDriver.lambda$new$0(EventFiringWebDriver.java:85)
at jdk.proxy2/jdk.proxy2.$Proxy13.onException(Unknown Source)
at org.openqa.selenium.support.events.EventFiringWebDriver.lambda$new$1(EventFiringWebDriver.java:108)
at jdk.proxy2/jdk.proxy2.$Proxy14.getScreenshotAs(Unknown Source)
at org.openqa.selenium.support.events.EventFiringWebDriver.getScreenshotAs(EventFiringWebDriver.java:303)
at com.qa.utils.TestUtil.takeScreenshotAtEndOfTest(TestUtil.java:179)
at com.qa.utils.WebEventListener.onException(WebEventListener.java:59)
at jdk.internal.reflect.GeneratedMethodAccessor7.invoke(Unknown Source)
at java.base/jdk.internal.reflect.DelegatingMethodAccessorImpl.invoke(DelegatingMethodAccessorImpl.java:43)
at java.base/java.lang.reflect.Method.invoke(Method.java:568)
at org.openqa.selenium.support.events.EventFiringWebDriver.lambda$new$0(EventFiringWebDriver.java:85)
at jdk.proxy2/jdk.proxy2.$Proxy13.onException(Unknown Source)
at org.openqa.selenium.support.events.EventFiringWebDriver.lambda$new$1(EventFiringWebDriver.java:108)
at jdk.proxy2/jdk.proxy2.$Proxy14.getScreenshotAs(Unknown Source)
at org.openqa.selenium.support.events.EventFiringWebDriver.getScreenshotAs(EventFiringWebDriver.java:303)
at com.qa.utils.TestUtil.takeScreenshotAtEndOfTest(TestUtil.java:179)
at com.qa.utils.WebEventListener.onException(WebEventListener.java:59)
at jdk.internal.reflect.GeneratedMethodAccessor7.invoke(Unknown Source)
at java.base/jdk.internal.reflect.DelegatingMethodAccessorImpl.invoke(DelegatingMethodAccessorImpl.java:43)
at java.base/java.lang.reflect.Method.invoke(Method.java:568)
at org.openqa.selenium.support.events.EventFiringWebDriver.lambda$new$0(EventFiringWebDriver.java:85)
at jdk.proxy2/jdk.proxy2.$Proxy13.onException(Unknown Source)
at org.openqa.selenium.support.events.EventFiringWebDriver.lambda$new$1(EventFiringWebDriver.java:108)
at jdk.proxy2/jdk.proxy2.$Proxy14.getScreenshotAs(Unknown Source)
at org.openqa.selenium.support.events.EventFiringWebDriver.getScreenshotAs(EventFiringWebDriver.java:303)
at com.qa.utils.TestUtil.takeScreenshotAtEndOfTest(TestUtil.java:179)
at com.qa.utils.WebEventListener.onException(WebEventListener.java:59)
at jdk.internal.reflect.GeneratedMethodAccessor7.invoke(Unknown Source)
at java.base/jdk.internal.reflect.DelegatingMethodAccessorImpl.invoke(DelegatingMethodAccessorImpl.java:43)
at java.base/java.lang.reflect.Method.invoke(Method.java:568)
at org.openqa.selenium.support.events.EventFiringWebDriver.lambda$new$0(EventFiringWebDriver.java:85)
at jdk.proxy2/jdk.proxy2.$Proxy13.onException(Unknown Source)
at org.openqa.selenium.support.events.EventFiringWebDriver.lambda$new$1(EventFiringWebDriver.java:108)
at jdk.proxy2/jdk.proxy2.$Proxy14.getScreenshotAs(Unknown Source)
at org.openqa.selenium.support.events.EventFiringWebDriver.getScreenshotAs(EventFiringWebDriver.java:303)
at com.qa.utils.TestUtil.takeScreenshotAtEndOfTest(TestUtil.java:179)
at com.qa.utils.WebEventListener.onException(WebEventListener.java:59)
at jdk.internal.reflect.GeneratedMethodAccessor7.invoke(Unknown Source)
at java.base/jdk.internal.reflect.DelegatingMethodAccessorImpl.invoke(DelegatingMethodAccessorImpl.java:43)
at java.base/java.lang.reflect.Method.invoke(Method.java:568)
at org.openqa.selenium.support.events.EventFiringWebDriver.lambda$new$0(EventFiringWebDriver.java:85)
at jdk.proxy2/jdk.proxy2.$Proxy13.onException(Unknown Source)
at org.openqa.selenium.support.events.EventFiringWebDriver.lambda$new$1(EventFiringWebDriver.java:108)
at jdk.proxy2/jdk.proxy2.$Proxy14.getScreenshotAs(Unknown Source)
at org.openqa.selenium.support.events.EventFiringWebDriver.getScreenshotAs(EventFiringWebDriver.java:303)
at com.qa.utils.TestUtil.takeScreenshotAtEndOfTest(TestUtil.java:179)
at com.qa.utils.WebEventListener.onException(WebEventListener.java:59)
at jdk.internal.reflect.GeneratedMethodAccessor7.invoke(Unknown Source)
at java.base/jdk.internal.reflect.DelegatingMethodAccessorImpl.invoke(DelegatingMethodAccessorImpl.java:43)
at java.base/java.lang.reflect.Method.invoke(Method.java:568)
at org.openqa.selenium.support.events.EventFiringWebDriver.lambda$new$0(EventFiringWebDriver.java:85)
at jdk.proxy2/jdk.proxy2.$Proxy13.onException(Unknown Source)
at org.openqa.selenium.support.events.EventFiringWebDriver.lambda$new$1(EventFiringWebDriver.java:108)
at jdk.proxy2/jdk.proxy2.$Proxy14.getScreenshotAs(Unknown Source)
at org.openqa.selenium.support.events.EventFiringWebDriver.getScreenshotAs(EventFiringWebDriver.java:303)
at com.qa.utils.TestUtil.takeScreenshotAtEndOfTest(TestUtil.java:179)
at com.qa.utils.WebEventListener.onException(WebEventListener.java:59)
at jdk.internal.reflect.GeneratedMethodAccessor7.invoke(Unknown Source)
at java.base/jdk.internal.reflect.DelegatingMethodAccessorImpl.invoke(DelegatingMethodAccessorImpl.java:43)
at java.base/java.lang.reflect.Method.invoke(Method.java:568)
at org.openqa.selenium.support.events.EventFiringWebDriver.lambda$new$0(EventFiringWebDriver.java:85)
at jdk.proxy2/jdk.proxy2.$Proxy13.onException(Unknown Source)
at org.openqa.selenium.support.events.EventFiringWebDriver.lambda$new$1(EventFiringWebDriver.java:108)
at jdk.proxy2/jdk.proxy2.$Proxy14.getScreenshotAs(Unknown Source)
at org.openqa.selenium.support.events.EventFiringWebDriver.getScreenshotAs(EventFiringWebDriver.java:303)
at com.qa.utils.TestUtil.takeScreenshotAtEndOfTest(TestUtil.java:179)
at com.qa.utils.WebEventListener.onException(WebEventListener.java:59)
at jdk.internal.reflect.GeneratedMethodAccessor7.invoke(Unknown Source)
at java.base/jdk.internal.reflect.DelegatingMethodAccessorImpl.invoke(DelegatingMethodAccessorImpl.java:43)
at java.base/java.lang.reflect.Method.invoke(Method.java:568)
at org.openqa.selenium.support.events.EventFiringWebDriver.lambda$new$0(EventFiringWebDriver.java:85)
at jdk.proxy2/jdk.proxy2.$Proxy13.onException(Unknown Source)
at org.openqa.selenium.support.events.EventFiringWebDriver.lambda$new$1(EventFiringWebDriver.java:108)
at jdk.proxy2/jdk.proxy2.$Proxy14.getScreenshotAs(Unknown Source)
at org.openqa.selenium.support.events.EventFiringWebDriver.getScreenshotAs(EventFiringWebDriver.java:303)
at com.qa.utils.TestUtil.takeScreenshotAtEndOfTest(TestUtil.java:179)
at com.qa.utils.WebEventListener.onException(WebEventListener.java:59)
at jdk.internal.reflect.GeneratedMethodAccessor7.invoke(Unknown Source)
at java.base/jdk.internal.reflect.DelegatingMethodAccessorImpl.invoke(DelegatingMethodAccessorImpl.java:43)
at java.base/java.lang.reflect.Method.invoke(Method.java:568)
at org.openqa.selenium.support.events.EventFiringWebDriver.lambda$new$0(EventFiringWebDriver.java:85)
at jdk.proxy2/jdk.proxy2.$Proxy13.onException(Unknown Source)
at org.openqa.selenium.support.events.EventFiringWebDriver.lambda$new$1(EventFiringWebDriver.java:108)
at jdk.proxy2/jdk.proxy2.$Proxy14.getScreenshotAs(Unknown Source)
at org.openqa.selenium.support.events.EventFiringWebDriver.getScreenshotAs(EventFiringWebDriver.java:303)
at com.qa.utils.TestUtil.takeScreenshotAtEndOfTest(TestUtil.java:179)
at com.qa.utils.WebEventListener.onException(WebEventListener.java:59)
at jdk.internal.reflect.GeneratedMethodAccessor7.invoke(Unknown Source)
at java.base/jdk.internal.reflect.DelegatingMethodAccessorImpl.invoke(DelegatingMethodAccessorImpl.java:43)
at java.base/java.lang.reflect.Method.invoke(Method.java:568)
at org.openqa.selenium.support.events.EventFiringWebDriver.lambda$new$0(EventFiringWebDriver.java:85)
at jdk.proxy2/jdk.proxy2.$Proxy13.onException(Unknown Source)
at org.openqa.selenium.support.events.EventFiringWebDriver.lambda$new$1(EventFiringWebDriver.java:108)
at jdk.proxy2/jdk.proxy2.$Proxy14.getScreenshotAs(Unknown Source)
at org.openqa.selenium.support.events.EventFiringWebDriver.getScreenshotAs(EventFiringWebDriver.java:303)
at com.qa.utils.TestUtil.takeScreenshotAtEndOfTest(TestUtil.java:179)
at com.qa.utils.WebEventListener.onException(WebEventListener.java:59)
at jdk.internal.reflect.GeneratedMethodAccessor7.invoke(Unknown Source)
at java.base/jdk.internal.reflect.DelegatingMethodAccessorImpl.invoke(DelegatingMethodAccessorImpl.java:43)
at java.base/java.lang.reflect.Method.invoke(Method.java:568)
at org.openqa.selenium.support.events.EventFiringWebDriver.lambda$new$0(EventFiringWebDriver.java:85)
at jdk.proxy2/jdk.proxy2.$Proxy13.onException(Unknown Source)
at org.openqa.selenium.support.events.EventFiringWebDriver.lambda$new$1(EventFiringWebDriver.java:108)
at jdk.proxy2/jdk.proxy2.$Proxy14.getScreenshotAs(Unknown Source)
at org.openqa.selenium.support.events.EventFiringWebDriver.getScreenshotAs(EventFiringWebDriver.java:303)
at com.qa.utils.TestUtil.takeScreenshotAtEndOfTest(TestUtil.java:179)
at com.qa.utils.WebEventListener.onException(WebEventListener.java:59)
at jdk.internal.reflect.GeneratedMethodAccessor7.invoke(Unknown Source)
]]>
    </error>
  </testcase> <!-- Verify_ValidateDisableFields -->
  <system-out/>
  <testcase classname="com.qa.testcases.inwardlist.JobWorkRoughListPageTest" name="Verify_ValidateEditFunctionality" time="0.002">
    <error message="no such window: target window already closed
from unknown error: web view not found
  (Session info: chrome=109.0.5414.120)
Build info: version: &#039;4.6.0&#039;, revision: &#039;79f1c02ae20&#039;
System info: os.name: &#039;Windows 11&#039;, os.arch: &#039;amd64&#039;, os.version: &#039;10.0&#039;, java.version: &#039;17.0.5&#039;
Driver info: org.openqa.selenium.chrome.ChromeDriver
Command: [a1b220f6842cb63bb192bdaeac3351b3, goBack {}]
Capabilities {acceptInsecureCerts: false, browserName: chrome, browserVersion: 109.0.5414.120, chrome: {chromedriverVersion: 109.0.5414.74 (e7c5703604da..., userDataDir: C:\Users\KUSHAL~1\AppData\L...}, goog:chromeOptions: {debuggerAddress: localhost:59359}, networkConnectionEnabled: false, pageLoadStrategy: normal, platformName: WINDOWS, proxy: Proxy(), se:cdp: ws://localhost:59359/devtoo..., se:cdpVersion: 109.0.5414.120, setWindowRect: true, strictFileInteractability: false, timeouts: {implicit: 0, pageLoad: 300000, script: 30000}, unhandledPromptBehavior: dismiss and notify, webauthn:extension:credBlob: true, webauthn:extension:largeBlob: true, webauthn:virtualAuthenticators: true}
Session ID: a1b220f6842cb63bb192bdaeac3351b3" type="org.openqa.selenium.NoSuchWindowException">
      <![CDATA[org.openqa.selenium.NoSuchWindowException: no such window: target window already closed
from unknown error: web view not found
  (Session info: chrome=109.0.5414.120)
Build info: version: '4.6.0', revision: '79f1c02ae20'
System info: os.name: 'Windows 11', os.arch: 'amd64', os.version: '10.0', java.version: '17.0.5'
Driver info: org.openqa.selenium.chrome.ChromeDriver
Command: [a1b220f6842cb63bb192bdaeac3351b3, goBack {}]
Capabilities {acceptInsecureCerts: false, browserName: chrome, browserVersion: 109.0.5414.120, chrome: {chromedriverVersion: 109.0.5414.74 (e7c5703604da..., userDataDir: C:\Users\KUSHAL~1\AppData\L...}, goog:chromeOptions: {debuggerAddress: localhost:59359}, networkConnectionEnabled: false, pageLoadStrategy: normal, platformName: WINDOWS, proxy: Proxy(), se:cdp: ws://localhost:59359/devtoo..., se:cdpVersion: 109.0.5414.120, setWindowRect: true, strictFileInteractability: false, timeouts: {implicit: 0, pageLoad: 300000, script: 30000}, unhandledPromptBehavior: dismiss and notify, webauthn:extension:credBlob: true, webauthn:extension:largeBlob: true, webauthn:virtualAuthenticators: true}
Session ID: a1b220f6842cb63bb192bdaeac3351b3
at jdk.internal.reflect.GeneratedConstructorAccessor15.newInstance(Unknown Source)
at java.base/jdk.internal.reflect.DelegatingConstructorAccessorImpl.newInstance(DelegatingConstructorAccessorImpl.java:45)
at java.base/java.lang.reflect.Constructor.newInstanceWithCaller(Constructor.java:499)
at java.base/java.lang.reflect.Constructor.newInstance(Constructor.java:480)
at org.openqa.selenium.remote.codec.w3c.W3CHttpResponseCodec.createException(W3CHttpResponseCodec.java:200)
at org.openqa.selenium.remote.codec.w3c.W3CHttpResponseCodec.decode(W3CHttpResponseCodec.java:133)
at org.openqa.selenium.remote.codec.w3c.W3CHttpResponseCodec.decode(W3CHttpResponseCodec.java:53)
at org.openqa.selenium.remote.HttpCommandExecutor.execute(HttpCommandExecutor.java:184)
at org.openqa.selenium.remote.service.DriverCommandExecutor.invokeExecute(DriverCommandExecutor.java:167)
at org.openqa.selenium.remote.service.DriverCommandExecutor.execute(DriverCommandExecutor.java:142)
at org.openqa.selenium.remote.RemoteWebDriver.execute(RemoteWebDriver.java:541)
at org.openqa.selenium.remote.RemoteWebDriver.execute(RemoteWebDriver.java:596)
at org.openqa.selenium.remote.RemoteWebDriver.execute(RemoteWebDriver.java:600)
at org.openqa.selenium.remote.RemoteWebDriver$RemoteNavigation.back(RemoteWebDriver.java:971)
at org.openqa.selenium.support.events.EventFiringWebDriver$EventFiringNavigation.back(EventFiringWebDriver.java:580)
at com.qa.inwardlistpages.JobWorkRoughListPage.ValidateEditFunctionality(JobWorkRoughListPage.java:697)
at com.qa.testcases.inwardlist.JobWorkRoughListPageTest.Verify_ValidateEditFunctionality(JobWorkRoughListPageTest.java:125)
at java.base/jdk.internal.reflect.NativeMethodAccessorImpl.invoke0(Native Method)
at java.base/jdk.internal.reflect.NativeMethodAccessorImpl.invoke(NativeMethodAccessorImpl.java:77)
at java.base/jdk.internal.reflect.DelegatingMethodAccessorImpl.invoke(DelegatingMethodAccessorImpl.java:43)
at java.base/java.lang.reflect.Method.invoke(Method.java:568)
at org.testng.internal.invokers.MethodInvocationHelper.invokeMethod(MethodInvocationHelper.java:139)
at org.testng.internal.invokers.TestInvoker.invokeMethod(TestInvoker.java:677)
at org.testng.internal.invokers.TestInvoker.invokeTestMethod(TestInvoker.java:221)
at org.testng.internal.invokers.MethodRunner.runInSequence(MethodRunner.java:50)
at org.testng.internal.invokers.TestInvoker$MethodInvocationAgent.invoke(TestInvoker.java:962)
at org.testng.internal.invokers.TestInvoker.invokeTestMethods(TestInvoker.java:194)
at org.testng.internal.invokers.TestMethodWorker.invokeTestMethods(TestMethodWorker.java:148)
at org.testng.internal.invokers.TestMethodWorker.run(TestMethodWorker.java:128)
at java.base/java.util.ArrayList.forEach(ArrayList.java:1511)
at org.testng.TestRunner.privateRun(TestRunner.java:806)
at org.testng.TestRunner.run(TestRunner.java:601)
at org.testng.SuiteRunner.runTest(SuiteRunner.java:433)
at org.testng.SuiteRunner.runSequentially(SuiteRunner.java:427)
at org.testng.SuiteRunner.privateRun(SuiteRunner.java:387)
at org.testng.SuiteRunner.run(SuiteRunner.java:330)
at org.testng.SuiteRunnerWorker.runSuite(SuiteRunnerWorker.java:52)
at org.testng.SuiteRunnerWorker.run(SuiteRunnerWorker.java:95)
at org.testng.TestNG.runSuitesSequentially(TestNG.java:1256)
at org.testng.TestNG.runSuitesLocally(TestNG.java:1176)
at org.testng.TestNG.runSuites(TestNG.java:1099)
at org.testng.TestNG.run(TestNG.java:1067)
at org.testng.remote.AbstractRemoteTestNG.run(AbstractRemoteTestNG.java:115)
at org.testng.remote.RemoteTestNG.initAndRun(RemoteTestNG.java:251)
at org.testng.remote.RemoteTestNG.main(RemoteTestNG.java:77)
]]>
    </error>
  </testcase> <!-- Verify_ValidateEditFunctionality -->
  <system-out/>
</testsuite> <!-- com.qa.testcases.inwardlist.JobWorkRoughListPageTest -->
