<?xml version="1.0" encoding="UTF-8"?>
<!-- Generated by org.testng.reporters.JUnitReportReporter -->
<testsuite hostname="ER2301053" failures="0" tests="9" name="com.qa.testcases.masterpages.subpages_1.AccountTypePageTest" time="86.108" errors="0" timestamp="2023-03-29T15:21:44 IST" skipped="0">
  <testcase classname="com.qa.testcases.masterpages.subpages_1.AccountTypePageTest" name="Verify_Navigation_to_menupage" time="3.201"/>
  <system-out/>
  <testcase classname="com.qa.testcases.masterpages.subpages_1.AccountTypePageTest" name="Verify_Clicking_on_record_btn" time="2.089"/>
  <system-out/>
  <testcase classname="com.qa.testcases.masterpages.subpages_1.AccountTypePageTest" name="Verify_Record_Add" time="6.429"/>
  <system-out/>
  <testcase classname="com.qa.testcases.masterpages.subpages_1.AccountTypePageTest" name="Verify_Record_Already_exists" time="7.723"/>
  <system-out/>
  <testcase classname="com.qa.testcases.masterpages.subpages_1.AccountTypePageTest" name="Verify_Validation_with_no_data" time="4.263"/>
  <system-out/>
  <testcase classname="com.qa.testcases.masterpages.subpages_1.AccountTypePageTest" name="Verify_Record_Edited" time="5.369"/>
  <system-out/>
  <testcase classname="com.qa.testcases.masterpages.subpages_1.AccountTypePageTest" name="Verify_Record_ToggleStatus" time="11.665"/>
  <system-out/>
  <testcase classname="com.qa.testcases.masterpages.subpages_1.AccountTypePageTest" name="Verify_No_Record_found" time="2.140"/>
  <system-out/>
  <testcase classname="com.qa.testcases.masterpages.subpages_1.AccountTypePageTest" name="Verify_Pagination" time="43.229"/>
  <system-out/>
</testsuite> <!-- com.qa.testcases.masterpages.subpages_1.AccountTypePageTest -->
