<?xml version="1.0" encoding="UTF-8"?>
<!-- Generated by org.testng.reporters.JUnitReportReporter -->
<testsuite hostname="ER2301053" failures="0" tests="9" name="com.qa.testcases.inwardlist.JobWorkInspectionPageTest" time="86.867" errors="0" timestamp="2023-02-10T15:49:52 IST" skipped="0">
  <testcase classname="com.qa.testcases.inwardlist.JobWorkInspectionPageTest" name="Verify_Navigation" time="6.345"/>
  <system-out/>
  <testcase classname="com.qa.testcases.inwardlist.JobWorkInspectionPageTest" name="Verify_inwardbutton_click" time="0.120"/>
  <system-out/>
  <testcase classname="com.qa.testcases.inwardlist.JobWorkInspectionPageTest" name="Verify_filldata_DocumentDeatils" time="27.247"/>
  <system-out/>
  <testcase classname="com.qa.testcases.inwardlist.JobWorkInspectionPageTest" name="Verify_fill_data_DocumentLines" time="6.884"/>
  <system-out/>
  <testcase classname="com.qa.testcases.inwardlist.JobWorkInspectionPageTest" name="Verify_fill_data_JangadExpenseDetails" time="28.235"/>
  <system-out/>
  <testcase classname="com.qa.testcases.inwardlist.JobWorkInspectionPageTest" name="Verify_ValidateConfirmationRecord" time="1.061"/>
  <system-out/>
  <testcase classname="com.qa.testcases.inwardlist.JobWorkInspectionPageTest" name="Verify_ValidateDisableFields" time="2.123"/>
  <system-out/>
  <testcase classname="com.qa.testcases.inwardlist.JobWorkInspectionPageTest" name="Verify_ValidateEditFunctionality" time="10.657"/>
  <system-out/>
  <testcase classname="com.qa.testcases.inwardlist.JobWorkInspectionPageTest" name="Verify_search_functionality_test" time="4.195"/>
  <system-out/>
</testsuite> <!-- com.qa.testcases.inwardlist.JobWorkInspectionPageTest -->
