<?xml version="1.0" encoding="UTF-8"?>
<!-- Generated by org.testng.reporters.JUnitReportReporter -->
<testsuite hostname="ER2301053" failures="0" tests="12" name="com.qa.testcases.inwardlist.PurchaseListPageTest" time="133.846" errors="0" timestamp="2023-02-09T14:51:53 IST" skipped="0">
  <testcase classname="com.qa.testcases.inwardlist.PurchaseListPageTest" name="Verify_Navigation" time="6.354"/>
  <system-out/>
  <testcase classname="com.qa.testcases.inwardlist.PurchaseListPageTest" name="Verify_inwardbutton_click" time="0.209"/>
  <system-out/>
  <testcase classname="com.qa.testcases.inwardlist.PurchaseListPageTest" name="Verify_filldata_DocumentDeatils" time="34.569"/>
  <system-out/>
  <testcase classname="com.qa.testcases.inwardlist.PurchaseListPageTest" name="Verify_fill_data_KPCertificateDetails" time="9.430"/>
  <system-out/>
  <testcase classname="com.qa.testcases.inwardlist.PurchaseListPageTest" name="Verify_fill_data_BillEntryDetails" time="2.443"/>
  <system-out/>
  <testcase classname="com.qa.testcases.inwardlist.PurchaseListPageTest" name="Verify_fill_data_CorrespondingInvoice" time="13.378"/>
  <system-out/>
  <testcase classname="com.qa.testcases.inwardlist.PurchaseListPageTest" name="Verify_fill_data_MiningInformation" time="7.809"/>
  <system-out/>
  <testcase classname="com.qa.testcases.inwardlist.PurchaseListPageTest" name="Verify_fill_data_DocumentLines" time="4.981"/>
  <system-out/>
  <testcase classname="com.qa.testcases.inwardlist.PurchaseListPageTest" name="Verify_fill_data_JangadExpenseDetails" time="31.199"/>
  <system-out/>
  <testcase classname="com.qa.testcases.inwardlist.PurchaseListPageTest" name="Verify_ValidateConfirmationRecord" time="0.044"/>
  <system-out/>
  <testcase classname="com.qa.testcases.inwardlist.PurchaseListPageTest" name="Verify_ValidateDisableFields" time="2.319"/>
  <system-out/>
  <testcase classname="com.qa.testcases.inwardlist.PurchaseListPageTest" name="Verify_ValidateEditFunctionality" time="21.111"/>
  <system-out/>
</testsuite> <!-- com.qa.testcases.inwardlist.PurchaseListPageTest -->
