<?xml version="1.0" encoding="UTF-8"?>
<!-- Generated by org.testng.reporters.JUnitReportReporter -->
<testsuite hostname="ER2301053" failures="0" tests="9" name="com.qa.testcases.inwardlist.JobWorkRoughListPageTest" time="108.302" errors="0" timestamp="2023-02-07T13:14:06 IST" skipped="0">
  <testcase classname="com.qa.testcases.inwardlist.JobWorkRoughListPageTest" name="Verify_Navigation" time="6.348"/>
  <system-out/>
  <testcase classname="com.qa.testcases.inwardlist.JobWorkRoughListPageTest" name="Verify_inwardbutton_click" time="0.189"/>
  <system-out/>
  <testcase classname="com.qa.testcases.inwardlist.JobWorkRoughListPageTest" name="Verify_filldata_DocumentDeatils" time="35.060"/>
  <system-out/>
  <testcase classname="com.qa.testcases.inwardlist.JobWorkRoughListPageTest" name="Verify_fill_data_KPCertificateDetails" time="9.470"/>
  <system-out/>
  <testcase classname="com.qa.testcases.inwardlist.JobWorkRoughListPageTest" name="Verify_fill_data_BillEntryDetails" time="2.845"/>
  <system-out/>
  <testcase classname="com.qa.testcases.inwardlist.JobWorkRoughListPageTest" name="Verify_fill_data_CorrespondingInvoice" time="13.626"/>
  <system-out/>
  <testcase classname="com.qa.testcases.inwardlist.JobWorkRoughListPageTest" name="Verify_fill_data_MiningInformation" time="7.867"/>
  <system-out/>
  <testcase classname="com.qa.testcases.inwardlist.JobWorkRoughListPageTest" name="Verify_fill_data_DocumentLines" time="5.672"/>
  <system-out/>
  <testcase classname="com.qa.testcases.inwardlist.JobWorkRoughListPageTest" name="Verify_fill_data_JangadExpenseDetails" time="27.225"/>
  <system-out/>
</testsuite> <!-- com.qa.testcases.inwardlist.JobWorkRoughListPageTest -->
