<?xml version="1.0" encoding="UTF-8"?>
<!-- Generated by org.testng.reporters.JUnitReportReporter -->
<testsuite hostname="ER2301053" failures="0" tests="14" name="com.qa.testcases.inwardlist.JobWorkRoughListPageTest" time="155.965" errors="0" timestamp="2023-03-28T17:22:42 IST" skipped="0">
  <testcase classname="com.qa.testcases.inwardlist.JobWorkRoughListPageTest" name="Verify_Navigation" time="6.212"/>
  <system-out/>
  <testcase classname="com.qa.testcases.inwardlist.JobWorkRoughListPageTest" name="Verify_inwardbutton_click" time="0.121"/>
  <system-out/>
  <testcase classname="com.qa.testcases.inwardlist.JobWorkRoughListPageTest" name="Verify_filldata_DocumentDeatils" time="32.332"/>
  <system-out/>
  <testcase classname="com.qa.testcases.inwardlist.JobWorkRoughListPageTest" name="Verify_fill_data_KPCertificateDetails" time="8.917"/>
  <system-out/>
  <testcase classname="com.qa.testcases.inwardlist.JobWorkRoughListPageTest" name="Verify_fill_data_BillEntryDetails" time="4.801"/>
  <system-out/>
  <testcase classname="com.qa.testcases.inwardlist.JobWorkRoughListPageTest" name="Verify_fill_data_CorrespondingInvoice" time="11.022"/>
  <system-out/>
  <testcase classname="com.qa.testcases.inwardlist.JobWorkRoughListPageTest" name="Verify_fill_data_MiningInformation" time="7.773"/>
  <system-out/>
  <testcase classname="com.qa.testcases.inwardlist.JobWorkRoughListPageTest" name="Verify_fill_data_DocumentLines" time="6.194"/>
  <system-out/>
  <testcase classname="com.qa.testcases.inwardlist.JobWorkRoughListPageTest" name="Verify_fill_data_JangadExpenseDetails" time="50.699"/>
  <system-out/>
  <testcase classname="com.qa.testcases.inwardlist.JobWorkRoughListPageTest" name="Verify_ValidateConfirmationRecord" time="1.072"/>
  <system-out/>
  <testcase classname="com.qa.testcases.inwardlist.JobWorkRoughListPageTest" name="Verify_ValidateDisableFields" time="2.135"/>
  <system-out/>
  <testcase classname="com.qa.testcases.inwardlist.JobWorkRoughListPageTest" name="Verify_ValidateEditFunctionality" time="15.506"/>
  <system-out/>
  <testcase classname="com.qa.testcases.inwardlist.JobWorkRoughListPageTest" name="Verify_search_functionality_test" time="3.171"/>
  <system-out/>
  <testcase classname="com.qa.testcases.inwardlist.JobWorkRoughListPageTest" name="pagination_functionality" time="6.010"/>
  <system-out/>
</testsuite> <!-- com.qa.testcases.inwardlist.JobWorkRoughListPageTest -->
