<?xml version="1.0" encoding="UTF-8"?>
<!-- Generated by org.testng.reporters.JUnitReportReporter -->
<testsuite hostname="ER2301053" failures="0" tests="9" name="com.qa.testcases.inwardlist.JobWorkRepairListPageTest" time="93.654" errors="0" timestamp="2023-02-10T12:31:31 IST" skipped="0">
  <testcase classname="com.qa.testcases.inwardlist.JobWorkRepairListPageTest" name="Verify_Navigation" time="6.862"/>
  <system-out/>
  <testcase classname="com.qa.testcases.inwardlist.JobWorkRepairListPageTest" name="Verify_inwardbutton_click" time="0.188"/>
  <system-out/>
  <testcase classname="com.qa.testcases.inwardlist.JobWorkRepairListPageTest" name="Verify_filldata_DocumentDeatils" time="28.684"/>
  <system-out/>
  <testcase classname="com.qa.testcases.inwardlist.JobWorkRepairListPageTest" name="Verify_fill_data_DocumentLines" time="7.687"/>
  <system-out/>
  <testcase classname="com.qa.testcases.inwardlist.JobWorkRepairListPageTest" name="Verify_fill_data_JangadExpenseDetails" time="29.614"/>
  <system-out/>
  <testcase classname="com.qa.testcases.inwardlist.JobWorkRepairListPageTest" name="Verify_ValidateConfirmationRecord" time="1.111"/>
  <system-out/>
  <testcase classname="com.qa.testcases.inwardlist.JobWorkRepairListPageTest" name="Verify_ValidateDisableFields" time="2.218"/>
  <system-out/>
  <testcase classname="com.qa.testcases.inwardlist.JobWorkRepairListPageTest" name="Verify_ValidateEditFunctionality" time="12.974"/>
  <system-out/>
  <testcase classname="com.qa.testcases.inwardlist.JobWorkRepairListPageTest" name="Verify_search_functionality_test" time="4.316"/>
  <system-out/>
</testsuite> <!-- com.qa.testcases.inwardlist.JobWorkRepairListPageTest -->
