<?xml version="1.0" encoding="UTF-8"?>
<!-- Generated by org.testng.reporters.JUnitReportReporter -->
<testsuite hostname="ER2301053" failures="0" tests="9" name="com.qa.testcases.inwardlist.JobWorkRoughListPageTest" time="83.052" errors="0" timestamp="2023-02-06T18:51:46 IST" skipped="0">
  <testcase classname="com.qa.testcases.inwardlist.JobWorkRoughListPageTest" name="Verify_Navigation" time="6.220"/>
  <system-out/>
  <testcase classname="com.qa.testcases.inwardlist.JobWorkRoughListPageTest" name="Verify_inwardbutton_click" time="0.150"/>
  <system-out/>
  <testcase classname="com.qa.testcases.inwardlist.JobWorkRoughListPageTest" name="Verify_filldata_DocumentDeatils" time="32.220"/>
  <system-out/>
  <testcase classname="com.qa.testcases.inwardlist.JobWorkRoughListPageTest" name="Verify_fill_data_KPCertificateDetails" time="8.945"/>
  <system-out/>
  <testcase classname="com.qa.testcases.inwardlist.JobWorkRoughListPageTest" name="Verify_fill_data_BillEntryDetails" time="1.700"/>
  <system-out/>
  <testcase classname="com.qa.testcases.inwardlist.JobWorkRoughListPageTest" name="Verify_fill_data_CorrespondingInvoice" time="12.045"/>
  <system-out/>
  <testcase classname="com.qa.testcases.inwardlist.JobWorkRoughListPageTest" name="Verify_fill_data_MiningInformation" time="7.608"/>
  <system-out/>
  <testcase classname="com.qa.testcases.inwardlist.JobWorkRoughListPageTest" name="Verify_fill_data_DocumentLines" time="4.472"/>
  <system-out/>
  <testcase classname="com.qa.testcases.inwardlist.JobWorkRoughListPageTest" name="Verify_fill_data_JangadExpenseDetails" time="9.692"/>
  <system-out/>
</testsuite> <!-- com.qa.testcases.inwardlist.JobWorkRoughListPageTest -->
