<?xml version="1.0" encoding="UTF-8"?>
<!-- Generated by org.testng.reporters.JUnitReportReporter -->
<testsuite hostname="ER2301053" failures="0" tests="3" name="com.qa.testcases.inwardlist.ConsignmentListPageTest" time="41.232" errors="0" timestamp="2023-02-09T17:32:19 IST" skipped="0">
  <testcase classname="com.qa.testcases.inwardlist.ConsignmentListPageTest" name="Verify_Navigation" time="6.357"/>
  <system-out/>
  <testcase classname="com.qa.testcases.inwardlist.ConsignmentListPageTest" name="Verify_inwardbutton_click" time="0.153"/>
  <system-out/>
  <testcase classname="com.qa.testcases.inwardlist.ConsignmentListPageTest" name="Verify_filldata_DocumentDeatils" time="34.722"/>
  <system-out/>
</testsuite> <!-- com.qa.testcases.inwardlist.ConsignmentListPageTest -->
