<?xml version="1.0" encoding="UTF-8"?>
<!-- Generated by org.testng.reporters.JUnitReportReporter -->
<testsuite hostname="ER2301053" failures="0" tests="10" name="com.qa.testcases.inwardlist.ConsignmentListPageTest" time="116.270" errors="0" timestamp="2023-02-09T22:12:11 IST" skipped="0">
  <testcase classname="com.qa.testcases.inwardlist.ConsignmentListPageTest" name="Verify_Navigation" time="6.218"/>
  <system-out/>
  <testcase classname="com.qa.testcases.inwardlist.ConsignmentListPageTest" name="Verify_inwardbutton_click" time="0.178"/>
  <system-out/>
  <testcase classname="com.qa.testcases.inwardlist.ConsignmentListPageTest" name="Verify_filldata_DocumentDeatils" time="36.731"/>
  <system-out/>
  <testcase classname="com.qa.testcases.inwardlist.ConsignmentListPageTest" name="Verify_fill_data_KPCertificateDetails" time="11.356"/>
  <system-out/>
  <testcase classname="com.qa.testcases.inwardlist.ConsignmentListPageTest" name="Verify_fill_data_BillEntryDetails" time="6.897"/>
  <system-out/>
  <testcase classname="com.qa.testcases.inwardlist.ConsignmentListPageTest" name="Verify_fill_data_DocumentLines" time="6.123"/>
  <system-out/>
  <testcase classname="com.qa.testcases.inwardlist.ConsignmentListPageTest" name="Verify_fill_data_JangadExpenseDetails" time="30.342"/>
  <system-out/>
  <testcase classname="com.qa.testcases.inwardlist.ConsignmentListPageTest" name="Verify_ValidateConfirmationRecord" time="0.046"/>
  <system-out/>
  <testcase classname="com.qa.testcases.inwardlist.ConsignmentListPageTest" name="Verify_ValidateDisableFields" time="2.244"/>
  <system-out/>
  <testcase classname="com.qa.testcases.inwardlist.ConsignmentListPageTest" name="Verify_ValidateEditFunctionality" time="16.135"/>
  <system-out/>
</testsuite> <!-- com.qa.testcases.inwardlist.ConsignmentListPageTest -->
