<?xml version="1.0" encoding="UTF-8"?>
<!-- Generated by org.testng.reporters.JUnitReportReporter -->
<testsuite hostname="ER2301053" failures="0" tests="4" name="com.qa.testcases.inwardlist.JobWorkRoughListPageTest" time="47.984" errors="0" timestamp="2023-02-01T01:04:06 IST" skipped="0">
  <testcase classname="com.qa.testcases.inwardlist.JobWorkRoughListPageTest" name="Verify_Navigation" time="6.264"/>
  <system-out/>
  <testcase classname="com.qa.testcases.inwardlist.JobWorkRoughListPageTest" name="Verify_inwardbutton_click" time="0.198"/>
  <system-out/>
  <testcase classname="com.qa.testcases.inwardlist.JobWorkRoughListPageTest" name="Verify_filldata_DocumentDeatils" time="34.788"/>
  <system-out/>
  <testcase classname="com.qa.testcases.inwardlist.JobWorkRoughListPageTest" name="Verify_fill_data_KPCertificateDetails" time="6.734"/>
  <system-out/>
</testsuite> <!-- com.qa.testcases.inwardlist.JobWorkRoughListPageTest -->
