<?xml version="1.0" encoding="UTF-8"?>
<!-- Generated by org.testng.reporters.JUnitReportReporter -->
<testsuite hostname="ER2301053" failures="0" tests="8" name="com.qa.testcases.inwardlist.JobWorkInspectionPageTest" time="80.429" errors="0" timestamp="2023-02-08T16:24:23 IST" skipped="0">
  <testcase classname="com.qa.testcases.inwardlist.JobWorkInspectionPageTest" name="Verify_Navigation" time="6.086"/>
  <system-out/>
  <testcase classname="com.qa.testcases.inwardlist.JobWorkInspectionPageTest" name="Verify_inwardbutton_click" time="0.121"/>
  <system-out/>
  <testcase classname="com.qa.testcases.inwardlist.JobWorkInspectionPageTest" name="Verify_filldata_DocumentDeatils" time="27.038"/>
  <system-out/>
  <testcase classname="com.qa.testcases.inwardlist.JobWorkInspectionPageTest" name="Verify_fill_data_DocumentLines" time="6.168"/>
  <system-out/>
  <testcase classname="com.qa.testcases.inwardlist.JobWorkInspectionPageTest" name="Verify_fill_data_JangadExpenseDetails" time="28.261"/>
  <system-out/>
  <testcase classname="com.qa.testcases.inwardlist.JobWorkInspectionPageTest" name="Verify_ValidateConfirmationRecord" time="0.028"/>
  <system-out/>
  <testcase classname="com.qa.testcases.inwardlist.JobWorkInspectionPageTest" name="Verify_ValidateDisableFields" time="2.133"/>
  <system-out/>
  <testcase classname="com.qa.testcases.inwardlist.JobWorkInspectionPageTest" name="Verify_ValidateEditFunctionality" time="10.594"/>
  <system-out/>
</testsuite> <!-- com.qa.testcases.inwardlist.JobWorkInspectionPageTest -->
