<?xml version="1.0" encoding="UTF-8"?>
<!-- Generated by org.testng.reporters.JUnitReportReporter -->
<testsuite hostname="ER2301053" failures="0" tests="6" name="com.qa.testcases.masterpages.subpages_1.OccupationPageTest" time="37.407" errors="0" timestamp="2023-03-27T17:47:20 IST" skipped="0">
  <testcase classname="com.qa.testcases.masterpages.subpages_1.OccupationPageTest" name="Verify_Navigation" time="3.147"/>
  <system-out/>
  <testcase classname="com.qa.testcases.masterpages.subpages_1.OccupationPageTest" name="Verify_Clicking_on_record_btn" time="2.169"/>
  <system-out/>
  <testcase classname="com.qa.testcases.masterpages.subpages_1.OccupationPageTest" name="Verify_Record_Add" time="6.723"/>
  <system-out/>
  <testcase classname="com.qa.testcases.masterpages.subpages_1.OccupationPageTest" name="Verify_Record_Edited" time="10.821"/>
  <system-out/>
  <testcase classname="com.qa.testcases.masterpages.subpages_1.OccupationPageTest" name="Verify_Record_ToggleStatus" time="12.289"/>
  <system-out/>
  <testcase classname="com.qa.testcases.masterpages.subpages_1.OccupationPageTest" name="Verify_No_Record_found" time="2.258"/>
  <system-out/>
</testsuite> <!-- com.qa.testcases.masterpages.subpages_1.OccupationPageTest -->
