<?xml version="1.0" encoding="UTF-8"?>
<!-- Generated by org.testng.reporters.JUnitReportReporter -->
<testsuite hostname="ER2301053" failures="0" tests="5" name="com.qa.testcases.inwardlist.MemoListPageTest" time="92.376" errors="0" timestamp="2023-03-29T10:22:05 IST" skipped="0">
  <testcase classname="com.qa.testcases.inwardlist.MemoListPageTest" name="Verify_Navigation" time="6.430"/>
  <system-out/>
  <testcase classname="com.qa.testcases.inwardlist.MemoListPageTest" name="Verify_inwardbutton_click" time="0.139"/>
  <system-out/>
  <testcase classname="com.qa.testcases.inwardlist.MemoListPageTest" name="Verify_filldata_DocumentDeatils" time="27.328"/>
  <system-out/>
  <testcase classname="com.qa.testcases.inwardlist.MemoListPageTest" name="Verify_fill_data_DocumentLines" time="5.881"/>
  <system-out/>
  <testcase classname="com.qa.testcases.inwardlist.MemoListPageTest" name="Verify_fill_data_JangadExpenseDetails" time="52.598"/>
  <system-out/>
</testsuite> <!-- com.qa.testcases.inwardlist.MemoListPageTest -->
