<?xml version="1.0" encoding="UTF-8"?>
<!-- Generated by org.testng.reporters.JUnitReportReporter -->
<testsuite hostname="ER2301053" failures="0" tests="8" name="com.qa.testcases.inwardlist.JobWorkInspectionPageTest" time="84.962" errors="0" timestamp="2023-02-09T11:54:28 IST" skipped="0">
  <testcase classname="com.qa.testcases.inwardlist.JobWorkInspectionPageTest" name="Verify_Navigation" time="6.609"/>
  <system-out/>
  <testcase classname="com.qa.testcases.inwardlist.JobWorkInspectionPageTest" name="Verify_inwardbutton_click" time="0.218"/>
  <system-out/>
  <testcase classname="com.qa.testcases.inwardlist.JobWorkInspectionPageTest" name="Verify_filldata_DocumentDeatils" time="28.521"/>
  <system-out/>
  <testcase classname="com.qa.testcases.inwardlist.JobWorkInspectionPageTest" name="Verify_fill_data_DocumentLines" time="6.952"/>
  <system-out/>
  <testcase classname="com.qa.testcases.inwardlist.JobWorkInspectionPageTest" name="Verify_fill_data_JangadExpenseDetails" time="29.472"/>
  <system-out/>
  <testcase classname="com.qa.testcases.inwardlist.JobWorkInspectionPageTest" name="Verify_ValidateConfirmationRecord" time="0.045"/>
  <system-out/>
  <testcase classname="com.qa.testcases.inwardlist.JobWorkInspectionPageTest" name="Verify_ValidateDisableFields" time="2.179"/>
  <system-out/>
  <testcase classname="com.qa.testcases.inwardlist.JobWorkInspectionPageTest" name="Verify_ValidateEditFunctionality" time="10.966"/>
  <system-out/>
</testsuite> <!-- com.qa.testcases.inwardlist.JobWorkInspectionPageTest -->
