<?xml version="1.0" encoding="UTF-8"?>
<!-- Generated by org.testng.reporters.JUnitReportReporter -->
<testsuite hostname="ER2301053" failures="0" tests="1" name="com.qa.testcases.LoginPageTest" time="7.629" errors="0" timestamp="2023-01-30T17:59:32 IST" skipped="0">
  <testcase classname="com.qa.testcases.LoginPageTest" name="Verify_UserLogin" time="7.629"/>
  <system-out/>
</testsuite> <!-- com.qa.testcases.LoginPageTest -->
