<?xml version="1.0" encoding="UTF-8"?>
<!-- Generated by org.testng.reporters.JUnitReportReporter -->
<testsuite hostname="ER2301053" failures="0" tests="9" name="com.qa.testcases.masterpages.subpages_1.QualificationPageTest" time="66.077" errors="0" timestamp="2023-03-29T15:42:08 IST" skipped="0">
  <testcase classname="com.qa.testcases.masterpages.subpages_1.QualificationPageTest" name="Verify_Navigation_to_menupage" time="3.161"/>
  <system-out/>
  <testcase classname="com.qa.testcases.masterpages.subpages_1.QualificationPageTest" name="Verify_Clicking_on_record_btn" time="2.120"/>
  <system-out/>
  <testcase classname="com.qa.testcases.masterpages.subpages_1.QualificationPageTest" name="Verify_Record_Add" time="11.812"/>
  <system-out/>
  <testcase classname="com.qa.testcases.masterpages.subpages_1.QualificationPageTest" name="Verify_Record_Already_exists" time="7.907"/>
  <system-out/>
  <testcase classname="com.qa.testcases.masterpages.subpages_1.QualificationPageTest" name="Verify_Validation_with_no_data" time="4.253"/>
  <system-out/>
  <testcase classname="com.qa.testcases.masterpages.subpages_1.QualificationPageTest" name="Verify_Record_Edited" time="5.376"/>
  <system-out/>
  <testcase classname="com.qa.testcases.masterpages.subpages_1.QualificationPageTest" name="Verify_Record_ToggleStatus" time="11.677"/>
  <system-out/>
  <testcase classname="com.qa.testcases.masterpages.subpages_1.QualificationPageTest" name="Verify_No_Record_found" time="2.145"/>
  <system-out/>
  <testcase classname="com.qa.testcases.masterpages.subpages_1.QualificationPageTest" name="Verify_Pagination" time="17.626"/>
  <system-out/>
</testsuite> <!-- com.qa.testcases.masterpages.subpages_1.QualificationPageTest -->
