<?xml version="1.0" encoding="UTF-8"?>
<!-- Generated by org.testng.reporters.JUnitReportReporter -->
<testsuite hostname="ER2301053" failures="0" tests="5" name="com.qa.testcases.masterpages.subpages_1.OccupationPageTest" time="28.727" errors="0" timestamp="2023-03-27T17:10:41 IST" skipped="0">
  <testcase classname="com.qa.testcases.masterpages.subpages_1.OccupationPageTest" name="Verify_Navigation" time="3.092"/>
  <system-out/>
  <testcase classname="com.qa.testcases.masterpages.subpages_1.OccupationPageTest" name="Verify_Clicking_on_record_btn" time="2.109"/>
  <system-out/>
  <testcase classname="com.qa.testcases.masterpages.subpages_1.OccupationPageTest" name="Verify_Record_Add" time="6.443"/>
  <system-out/>
  <testcase classname="com.qa.testcases.masterpages.subpages_1.OccupationPageTest" name="Verify_Record_Edited" time="5.350"/>
  <system-out/>
  <testcase classname="com.qa.testcases.masterpages.subpages_1.OccupationPageTest" name="Verify_Record_ToggleStatus" time="11.733"/>
  <system-out/>
</testsuite> <!-- com.qa.testcases.masterpages.subpages_1.OccupationPageTest -->
