<?xml version="1.0" encoding="UTF-8"?>
<!-- Generated by org.testng.reporters.JUnitReportReporter -->
<testsuite hostname="ER2301053" failures="0" tests="2" name="com.qa.testcases.inwardlist.JobWorkRepairListPageTest" time="7.429" errors="0" timestamp="2023-02-09T11:12:00 IST" skipped="0">
  <testcase classname="com.qa.testcases.inwardlist.JobWorkRepairListPageTest" name="Verify_Navigation" time="6.525"/>
  <system-out/>
  <testcase classname="com.qa.testcases.inwardlist.JobWorkRepairListPageTest" name="Verify_inwardbutton_click" time="0.904"/>
  <system-out/>
</testsuite> <!-- com.qa.testcases.inwardlist.JobWorkRepairListPageTest -->
