<?xml version="1.0" encoding="UTF-8"?>
<!-- Generated by org.testng.reporters.JUnitReportReporter -->
<testsuite hostname="ER2301053" failures="0" tests="8" name="com.qa.testcases.inwardlist.MemoListPageTest" time="105.646" errors="0" timestamp="2023-02-09T12:45:43 IST" skipped="0">
  <testcase classname="com.qa.testcases.inwardlist.MemoListPageTest" name="Verify_Navigation" time="6.592"/>
  <system-out/>
  <testcase classname="com.qa.testcases.inwardlist.MemoListPageTest" name="Verify_inwardbutton_click" time="0.211"/>
  <system-out/>
  <testcase classname="com.qa.testcases.inwardlist.MemoListPageTest" name="Verify_filldata_DocumentDeatils" time="29.099"/>
  <system-out/>
  <testcase classname="com.qa.testcases.inwardlist.MemoListPageTest" name="Verify_fill_data_DocumentLines" time="7.127"/>
  <system-out/>
  <testcase classname="com.qa.testcases.inwardlist.MemoListPageTest" name="Verify_fill_data_JangadExpenseDetails" time="29.430"/>
  <system-out/>
  <testcase classname="com.qa.testcases.inwardlist.MemoListPageTest" name="Verify_ValidateConfirmationRecord" time="19.124"/>
  <system-out/>
  <testcase classname="com.qa.testcases.inwardlist.MemoListPageTest" name="Verify_ValidateDisableFields" time="2.147"/>
  <system-out/>
  <testcase classname="com.qa.testcases.inwardlist.MemoListPageTest" name="Verify_ValidateEditFunctionality" time="11.916"/>
  <system-out/>
</testsuite> <!-- com.qa.testcases.inwardlist.MemoListPageTest -->
