<?xml version="1.0" encoding="UTF-8"?>
<!-- Generated by org.testng.reporters.JUnitReportReporter -->
<testsuite hostname="ER2301053" failures="0" tests="1" name="com.qa.dummytest.Dummytest" time="13.050" errors="0" timestamp="2023-01-31T15:05:04 IST" skipped="0">
  <testcase classname="com.qa.dummytest.Dummytest" name="TestRun" time="13.050"/>
  <system-out/>
</testsuite> <!-- com.qa.dummytest.Dummytest -->
