<?xml version="1.0" encoding="UTF-8"?>
<!-- Generated by org.testng.reporters.JUnitReportReporter -->
<testsuite hostname="ER2301053" failures="0" tests="9" name="com.qa.testcases.masterpages.subpages_1.DocumentDetialsTypePageTest" time="82.468" errors="0" timestamp="2023-03-31T11:55:49 IST" skipped="0">
  <testcase classname="com.qa.testcases.masterpages.subpages_1.DocumentDetialsTypePageTest" name="Verify_Navigation_to_menupage" time="3.182"/>
  <system-out/>
  <testcase classname="com.qa.testcases.masterpages.subpages_1.DocumentDetialsTypePageTest" name="Verify_Clicking_on_record_btn" time="2.105"/>
  <system-out/>
  <testcase classname="com.qa.testcases.masterpages.subpages_1.DocumentDetialsTypePageTest" name="Verify_Record_Add" time="6.448"/>
  <system-out/>
  <testcase classname="com.qa.testcases.masterpages.subpages_1.DocumentDetialsTypePageTest" name="Verify_Record_Already_exists" time="7.784"/>
  <system-out/>
  <testcase classname="com.qa.testcases.masterpages.subpages_1.DocumentDetialsTypePageTest" name="Verify_Validation_with_no_data" time="4.249"/>
  <system-out/>
  <testcase classname="com.qa.testcases.masterpages.subpages_1.DocumentDetialsTypePageTest" name="Verify_Record_Edited" time="10.646"/>
  <system-out/>
  <testcase classname="com.qa.testcases.masterpages.subpages_1.DocumentDetialsTypePageTest" name="Verify_Record_ToggleStatus" time="12.972"/>
  <system-out/>
  <testcase classname="com.qa.testcases.masterpages.subpages_1.DocumentDetialsTypePageTest" name="Verify_No_Record_found" time="2.145"/>
  <system-out/>
  <testcase classname="com.qa.testcases.masterpages.subpages_1.DocumentDetialsTypePageTest" name="Verify_Pagination" time="32.937"/>
  <system-out/>
</testsuite> <!-- com.qa.testcases.masterpages.subpages_1.DocumentDetialsTypePageTest -->
